Added Component: Designator=C1(C1206)
Added Component: Designator=C2(C1206)
Added Component: Designator=C3(C1206)
Added Component: Designator=C4(1206)
Added Component: Designator=C5(1206)
Added Component: Designator=C6(C1206)
Added Component: Designator=C7(C1206)
Added Component: Designator=C8(1206)
Added Component: Designator=C9(1206)
Added Component: Designator=P1(Pin_header3_2.54)
Added Component: Designator=P2(ISP)
Added Component: Designator=P3(jack dc 5.5-2.1)
Added Component: Designator=P4(Pin_header16_2.54)
Added Component: Designator=R1(AXIAL-0.4)
Added Component: Designator=R2(AXIAL-0.4)
Added Component: Designator=R3(AXIAL-0.4)
Added Component: Designator=R4(AXIAL-0.4)
Added Component: Designator=R5(AXIAL-0.4)
Added Component: Designator=R6(AXIAL-0.4)
Added Component: Designator=R7(AXIAL-0.4)
Added Component: Designator=R8(AXIAL-0.4)
Added Component: Designator=R9(AXIAL-0.4)
Added Component: Designator=R10(AXIAL-0.4)
Added Component: Designator=R11(AXIAL-0.4)
Added Component: Designator=R12(AXIAL-0.4)
Added Component: Designator=R13(AXIAL-0.4)
Added Component: Designator=R14(AXIAL-0.4)
Added Component: Designator=R15(AXIAL-0.4)
Added Component: Designator=R16(AXIAL-0.4)
Added Component: Designator=R17(AXIAL-0.4)
Added Component: Designator=R18(AXIAL-0.4)
Added Component: Designator=S1(TAKT-KEY)
Added Component: Designator=U1(SOIC-SL14_N)
Added Component: Designator=U2(32A_N)
Added Component: Designator=VR1(SOT223_N)
Added Component: Designator=VR2(SOT223_N)
Added Component: Designator=X1(CRISTAL 5MM)
Added Pin To Net: NetName=+2.5V Pin=C8-1
Added Pin To Net: NetName=+2.5V Pin=R2-2
Added Pin To Net: NetName=+2.5V Pin=R17-2
Added Pin To Net: NetName=+2.5V Pin=U2-18
Added Pin To Net: NetName=+2.5V Pin=VR2-2
Added Net: Name=+2.5V
Added Pin To Net: NetName=+5 Pin=C5-1
Added Pin To Net: NetName=+5 Pin=P2-2
Added Pin To Net: NetName=+5 Pin=R14-2
Added Pin To Net: NetName=+5 Pin=R15-2
Added Pin To Net: NetName=+5 Pin=U1-4
Added Pin To Net: NetName=+5 Pin=U2-4
Added Pin To Net: NetName=+5 Pin=U2-6
Added Pin To Net: NetName=+5 Pin=VR1-2
Added Net: Name=+5
Added Pin To Net: NetName=1 Pin=P4-1
Added Pin To Net: NetName=1 Pin=U2-24
Added Net: Name=1
Added Pin To Net: NetName=2 Pin=P4-2
Added Pin To Net: NetName=2 Pin=U2-25
Added Net: Name=2
Added Pin To Net: NetName=3 Pin=P4-3
Added Pin To Net: NetName=3 Pin=U2-26
Added Net: Name=3
Added Pin To Net: NetName=4 Pin=P4-4
Added Pin To Net: NetName=4 Pin=U2-27
Added Net: Name=4
Added Pin To Net: NetName=5 Pin=P4-5
Added Pin To Net: NetName=5 Pin=U2-28
Added Net: Name=5
Added Pin To Net: NetName=6 Pin=P4-6
Added Pin To Net: NetName=6 Pin=U2-30
Added Net: Name=6
Added Pin To Net: NetName=7 Pin=P4-7
Added Pin To Net: NetName=7 Pin=U2-31
Added Net: Name=7
Added Pin To Net: NetName=8 Pin=P4-8
Added Pin To Net: NetName=8 Pin=U2-32
Added Net: Name=8
Added Pin To Net: NetName=9 Pin=P4-9
Added Pin To Net: NetName=9 Pin=U2-1
Added Net: Name=9
Added Pin To Net: NetName=10 Pin=P4-10
Added Pin To Net: NetName=10 Pin=U2-2
Added Net: Name=10
Added Pin To Net: NetName=11 Pin=P4-11
Added Pin To Net: NetName=11 Pin=U2-9
Added Net: Name=11
Added Pin To Net: NetName=12 Pin=P4-12
Added Pin To Net: NetName=12 Pin=U2-10
Added Net: Name=12
Added Pin To Net: NetName=13 Pin=P4-13
Added Pin To Net: NetName=13 Pin=U2-11
Added Net: Name=13
Added Pin To Net: NetName=14 Pin=P4-14
Added Pin To Net: NetName=14 Pin=U2-12
Added Net: Name=14
Added Pin To Net: NetName=15 Pin=P4-15
Added Pin To Net: NetName=15 Pin=U2-13
Added Net: Name=15
Added Pin To Net: NetName=16 Pin=P4-16
Added Pin To Net: NetName=16 Pin=U2-14
Added Net: Name=16
Added Pin To Net: NetName=GND Pin=C2-1
Added Pin To Net: NetName=GND Pin=C3-1
Added Pin To Net: NetName=GND Pin=C4-2
Added Pin To Net: NetName=GND Pin=C5-2
Added Pin To Net: NetName=GND Pin=C6-1
Added Pin To Net: NetName=GND Pin=C7-1
Added Pin To Net: NetName=GND Pin=C8-2
Added Pin To Net: NetName=GND Pin=C9-2
Added Pin To Net: NetName=GND Pin=P1-3
Added Pin To Net: NetName=GND Pin=P2-6
Added Pin To Net: NetName=GND Pin=P3-2
Added Pin To Net: NetName=GND Pin=R5-2
Added Pin To Net: NetName=GND Pin=R7-1
Added Pin To Net: NetName=GND Pin=R16-1
Added Pin To Net: NetName=GND Pin=R18-1
Added Pin To Net: NetName=GND Pin=S1-2
Added Pin To Net: NetName=GND Pin=S1-2
Added Pin To Net: NetName=GND Pin=U1-11
Added Pin To Net: NetName=GND Pin=U2-3
Added Pin To Net: NetName=GND Pin=U2-5
Added Pin To Net: NetName=GND Pin=U2-21
Added Net: Name=GND
Added Pin To Net: NetName=NetC1_1 Pin=C1-1
Added Pin To Net: NetName=NetC1_1 Pin=C2-2
Added Pin To Net: NetName=NetC1_1 Pin=R11-2
Added Pin To Net: NetName=NetC1_1 Pin=R12-1
Added Net: Name=NetC1_1
Added Pin To Net: NetName=NetC1_2 Pin=C1-2
Added Pin To Net: NetName=NetC1_2 Pin=R6-1
Added Net: Name=NetC1_2
Added Pin To Net: NetName=NetC3_2 Pin=C3-2
Added Pin To Net: NetName=NetC3_2 Pin=R12-2
Added Pin To Net: NetName=NetC3_2 Pin=U1-10
Added Net: Name=NetC3_2
Added Pin To Net: NetName=NetC4_1 Pin=C4-1
Added Pin To Net: NetName=NetC4_1 Pin=C9-1
Added Pin To Net: NetName=NetC4_1 Pin=P3-1
Added Pin To Net: NetName=NetC4_1 Pin=VR1-3
Added Pin To Net: NetName=NetC4_1 Pin=VR2-3
Added Net: Name=NetC4_1
Added Pin To Net: NetName=NetC6_2 Pin=C6-2
Added Pin To Net: NetName=NetC6_2 Pin=U2-7
Added Pin To Net: NetName=NetC6_2 Pin=X1-2
Added Net: Name=NetC6_2
Added Pin To Net: NetName=NetC7_2 Pin=C7-2
Added Pin To Net: NetName=NetC7_2 Pin=U2-8
Added Pin To Net: NetName=NetC7_2 Pin=X1-1
Added Net: Name=NetC7_2
Added Pin To Net: NetName=NetP1_1 Pin=P1-1
Added Pin To Net: NetName=NetP1_1 Pin=R3-2
Added Pin To Net: NetName=NetP1_1 Pin=R9-1
Added Pin To Net: NetName=NetP1_1 Pin=U1-5
Added Net: Name=NetP1_1
Added Pin To Net: NetName=NetP1_2 Pin=P1-2
Added Pin To Net: NetName=NetP1_2 Pin=R13-1
Added Net: Name=NetP1_2
Added Pin To Net: NetName=NetP2_1 Pin=P2-1
Added Pin To Net: NetName=NetP2_1 Pin=U2-16
Added Net: Name=NetP2_1
Added Pin To Net: NetName=NetP2_3 Pin=P2-3
Added Pin To Net: NetName=NetP2_3 Pin=U2-17
Added Net: Name=NetP2_3
Added Pin To Net: NetName=NetP2_4 Pin=P2-4
Added Pin To Net: NetName=NetP2_4 Pin=U2-15
Added Net: Name=NetP2_4
Added Pin To Net: NetName=NetP2_5 Pin=P2-5
Added Pin To Net: NetName=NetP2_5 Pin=R14-1
Added Pin To Net: NetName=NetP2_5 Pin=S1-1
Added Pin To Net: NetName=NetP2_5 Pin=S1-1
Added Pin To Net: NetName=NetP2_5 Pin=U2-29
Added Net: Name=NetP2_5
Added Pin To Net: NetName=NetR1_1 Pin=R1-1
Added Pin To Net: NetName=NetR1_1 Pin=U1-6
Added Pin To Net: NetName=NetR1_1 Pin=U1-7
Added Net: Name=NetR1_1
Added Pin To Net: NetName=NetR1_2 Pin=R1-2
Added Pin To Net: NetName=NetR1_2 Pin=R2-1
Added Pin To Net: NetName=NetR1_2 Pin=U1-3
Added Net: Name=NetR1_2
Added Pin To Net: NetName=NetR3_1 Pin=R3-1
Added Pin To Net: NetName=NetR3_1 Pin=R4-1
Added Pin To Net: NetName=NetR3_1 Pin=U1-1
Added Net: Name=NetR3_1
Added Pin To Net: NetName=NetR4_2 Pin=R4-2
Added Pin To Net: NetName=NetR4_2 Pin=R5-1
Added Pin To Net: NetName=NetR4_2 Pin=U1-2
Added Net: Name=NetR4_2
Added Pin To Net: NetName=NetR6_2 Pin=R6-2
Added Pin To Net: NetName=NetR6_2 Pin=R8-2
Added Pin To Net: NetName=NetR6_2 Pin=U1-8
Added Pin To Net: NetName=NetR6_2 Pin=U2-23
Added Net: Name=NetR6_2
Added Pin To Net: NetName=NetR7_2 Pin=R7-2
Added Pin To Net: NetName=NetR7_2 Pin=R8-1
Added Pin To Net: NetName=NetR7_2 Pin=U1-9
Added Net: Name=NetR7_2
Added Pin To Net: NetName=NetR9_2 Pin=R9-2
Added Pin To Net: NetName=NetR9_2 Pin=R10-1
Added Pin To Net: NetName=NetR9_2 Pin=U1-13
Added Net: Name=NetR9_2
Added Pin To Net: NetName=NetR10_2 Pin=R10-2
Added Pin To Net: NetName=NetR10_2 Pin=R11-1
Added Pin To Net: NetName=NetR10_2 Pin=U1-14
Added Net: Name=NetR10_2
Added Pin To Net: NetName=NetR13_2 Pin=R13-2
Added Pin To Net: NetName=NetR13_2 Pin=U1-12
Added Net: Name=NetR13_2
Added Pin To Net: NetName=NetR15_1 Pin=R15-1
Added Pin To Net: NetName=NetR15_1 Pin=R16-2
Added Pin To Net: NetName=NetR15_1 Pin=VR1-1
Added Net: Name=NetR15_1
Added Pin To Net: NetName=NetR17_1 Pin=R17-1
Added Pin To Net: NetName=NetR17_1 Pin=R18-2
Added Pin To Net: NetName=NetR17_1 Pin=VR2-1
Added Net: Name=NetR17_1
Added Class: Name=Sheet2
Added Room: Name=Sheet2
