Added Component: Designator=C1(0805_1)
Added Component: Designator=C2(RAD-0.4)
Added Component: Designator=C3(0805_1)
Added Component: Designator=C4(0805_1)
Added Component: Designator=C5(0805_1)
Added Component: Designator=C6(0805_1)
Added Component: Designator=C7(1206)
Added Component: Designator=C8(0805_1)
Added Component: Designator=C9(1206)
Added Component: Designator=C10(1206)
Added Component: Designator=C11(6032)
Added Component: Designator=C12(RB4.5-13)
Added Component: Designator=D1(DB-107)
Added Component: Designator=P1(Pin_header4_2.54)
Added Component: Designator=P2(Pin_header2)
Added Component: Designator=P3(Pin_header5_2.54)
Added Component: Designator=P4(Pin_header3_2.54)
Added Component: Designator=P5(Pin_header8_2.54)
Added Component: Designator=P6(Pin_header2_2.54)
Added Component: Designator=P7(Pin_header2)
Added Component: Designator=Q1(TO-220-AB)
Added Component: Designator=Q2(SOT23)
Added Component: Designator=Q3(SOT23)
Added Component: Designator=Q4(SOT23)
Added Component: Designator=R1(0805_1)
Added Component: Designator=R2(2512)
Added Component: Designator=R3(0805_1)
Added Component: Designator=R4(0805_1)
Added Component: Designator=R5(2512)
Added Component: Designator=R6(0805_1)
Added Component: Designator=R7(2512)
Added Component: Designator=R8(0805_1)
Added Component: Designator=R9(0805_1)
Added Component: Designator=R10(0805_1)
Added Component: Designator=R11(0805_1)
Added Component: Designator=R12(0805_1)
Added Component: Designator=R13(0805_1)
Added Component: Designator=S1(TAKT-KEY)
Added Component: Designator=U1(DIP-4)
Added Component: Designator=U2(DIP-6)
Added Component: Designator=U3(TSSOP20)
Added Component: Designator=U4(N016)
Added Component: Designator=VR1(SOT223)
Added Component: Designator=X1(CRISTAL 5MM)
Added Pin To Net: NetName=+5 Pin=C10-1
Added Pin To Net: NetName=+5 Pin=C12-1
Added Pin To Net: NetName=+5 Pin=D1-4
Added Pin To Net: NetName=+5 Pin=VR1-3
Added Net: Name=+5
Added Pin To Net: NetName=A Pin=P5-1
Added Pin To Net: NetName=A Pin=U4-15
Added Net: Name=A
Added Pin To Net: NetName=B Pin=P5-2
Added Pin To Net: NetName=B Pin=U4-1
Added Net: Name=B
Added Pin To Net: NetName=BUTTON_ENC Pin=U3-14
Added Net: Name=BUTTON_ENC
Added Pin To Net: NetName=BUTTON Pin=P6-2
Added Pin To Net: NetName=BUTTON Pin=R11-1
Added Pin To Net: NetName=BUTTON Pin=U3-12
Added Net: Name=BUTTON
Added Pin To Net: NetName=CS Pin=C3-1
Added Pin To Net: NetName=CS Pin=U3-10
Added Pin To Net: NetName=CS Pin=U4-12
Added Net: Name=CS
Added Pin To Net: NetName=C Pin=P5-3
Added Pin To Net: NetName=C Pin=U4-2
Added Net: Name=C
Added Pin To Net: NetName=D1 Pin=R10-1
Added Pin To Net: NetName=D1 Pin=U3-6
Added Net: Name=D1
Added Pin To Net: NetName=D2 Pin=R13-1
Added Pin To Net: NetName=D2 Pin=U3-7
Added Net: Name=D2
Added Pin To Net: NetName=D3 Pin=R12-1
Added Pin To Net: NetName=D3 Pin=U3-8
Added Net: Name=D3
Added Pin To Net: NetName=DIG1 Pin=P4-1
Added Pin To Net: NetName=DIG1 Pin=Q2-3
Added Net: Name=DIG1
Added Pin To Net: NetName=DIG2 Pin=P4-2
Added Pin To Net: NetName=DIG2 Pin=Q4-3
Added Net: Name=DIG2
Added Pin To Net: NetName=DIG3 Pin=P4-3
Added Pin To Net: NetName=DIG3 Pin=Q3-3
Added Net: Name=DIG3
Added Pin To Net: NetName=DP Pin=P5-8
Added Pin To Net: NetName=DP Pin=U4-7
Added Net: Name=DP
Added Pin To Net: NetName=D Pin=P5-4
Added Pin To Net: NetName=D Pin=U4-3
Added Net: Name=D
Added Pin To Net: NetName=ENC+ Pin=U3-17
Added Net: Name=ENC+
Added Pin To Net: NetName=ENC- Pin=U3-18
Added Net: Name=ENC-
Added Pin To Net: NetName=E Pin=P5-5
Added Pin To Net: NetName=E Pin=U4-4
Added Net: Name=E
Added Pin To Net: NetName=FASE Pin=P2-2
Added Pin To Net: NetName=FASE Pin=Q1-2
Added Pin To Net: NetName=FASE Pin=R2-2
Added Pin To Net: NetName=FASE Pin=R5-2
Added Net: Name=FASE
Added Pin To Net: NetName=F Pin=P5-6
Added Pin To Net: NetName=F Pin=U4-5
Added Net: Name=F
Added Pin To Net: NetName=GND Pin=C1-1
Added Pin To Net: NetName=GND Pin=C3-2
Added Pin To Net: NetName=GND Pin=C4-1
Added Pin To Net: NetName=GND Pin=C5-1
Added Pin To Net: NetName=GND Pin=C6-1
Added Pin To Net: NetName=GND Pin=C7-1
Added Pin To Net: NetName=GND Pin=C8-1
Added Pin To Net: NetName=GND Pin=C9-1
Added Pin To Net: NetName=GND Pin=C10-2
Added Pin To Net: NetName=GND Pin=C11-2
Added Pin To Net: NetName=GND Pin=C12-2
Added Pin To Net: NetName=GND Pin=D1-1
Added Pin To Net: NetName=GND Pin=P1-1
Added Pin To Net: NetName=GND Pin=P3-2
Added Pin To Net: NetName=GND Pin=P6-1
Added Pin To Net: NetName=GND Pin=Q2-2
Added Pin To Net: NetName=GND Pin=Q3-2
Added Pin To Net: NetName=GND Pin=Q4-2
Added Pin To Net: NetName=GND Pin=R8-2
Added Pin To Net: NetName=GND Pin=S1-2
Added Pin To Net: NetName=GND Pin=S1-2
Added Pin To Net: NetName=GND Pin=U1-2
Added Pin To Net: NetName=GND Pin=U2-2
Added Pin To Net: NetName=GND Pin=U3-15
Added Pin To Net: NetName=GND Pin=U4-8
Added Pin To Net: NetName=GND Pin=U4-13
Added Pin To Net: NetName=GND Pin=VR1-1
Added Net: Name=GND
Added Pin To Net: NetName=G Pin=P5-7
Added Pin To Net: NetName=G Pin=U4-6
Added Net: Name=G
Added Pin To Net: NetName=LOAD Pin=C2-1
Added Pin To Net: NetName=LOAD Pin=P2-1
Added Pin To Net: NetName=LOAD Pin=Q1-1
Added Pin To Net: NetName=LOAD Pin=R7-2
Added Net: Name=LOAD
Added Pin To Net: NetName=MOSI Pin=U3-13
Added Pin To Net: NetName=MOSI Pin=U4-14
Added Net: Name=MOSI
Added Pin To Net: NetName=NetC2_2 Pin=C2-2
Added Pin To Net: NetName=NetC2_2 Pin=R5-1
Added Net: Name=NetC2_2
Added Pin To Net: NetName=NetC4_2 Pin=C4-2
Added Pin To Net: NetName=NetC4_2 Pin=U3-2
Added Pin To Net: NetName=NetC4_2 Pin=X1-2
Added Net: Name=NetC4_2
Added Pin To Net: NetName=NetC5_2 Pin=C5-2
Added Pin To Net: NetName=NetC5_2 Pin=R9-1
Added Pin To Net: NetName=NetC5_2 Pin=X1-1
Added Net: Name=NetC5_2
Added Pin To Net: NetName=NetD1_2 Pin=D1-2
Added Pin To Net: NetName=NetD1_2 Pin=P7-2
Added Net: Name=NetD1_2
Added Pin To Net: NetName=NetD1_3 Pin=D1-3
Added Pin To Net: NetName=NetD1_3 Pin=P7-1
Added Net: Name=NetD1_3
Added Pin To Net: NetName=NetP1_2 Pin=P1-2
Added Pin To Net: NetName=NetP1_2 Pin=R6-1
Added Net: Name=NetP1_2
Added Pin To Net: NetName=NetP1_3 Pin=P1-3
Added Pin To Net: NetName=NetP1_3 Pin=R4-1
Added Net: Name=NetP1_3
Added Pin To Net: NetName=NetP1_4 Pin=P1-4
Added Pin To Net: NetName=NetP1_4 Pin=R1-1
Added Net: Name=NetP1_4
Added Pin To Net: NetName=NetQ1_3 Pin=Q1-3
Added Pin To Net: NetName=NetQ1_3 Pin=R7-1
Added Pin To Net: NetName=NetQ1_3 Pin=U2-4
Added Net: Name=NetQ1_3
Added Pin To Net: NetName=NetQ2_1 Pin=Q2-1
Added Pin To Net: NetName=NetQ2_1 Pin=R10-2
Added Net: Name=NetQ2_1
Added Pin To Net: NetName=NetQ3_1 Pin=Q3-1
Added Pin To Net: NetName=NetQ3_1 Pin=R12-2
Added Net: Name=NetQ3_1
Added Pin To Net: NetName=NetQ4_1 Pin=Q4-1
Added Pin To Net: NetName=NetQ4_1 Pin=R13-2
Added Net: Name=NetQ4_1
Added Pin To Net: NetName=NetR2_1 Pin=R2-1
Added Pin To Net: NetName=NetR2_1 Pin=U2-6
Added Net: Name=NetR2_1
Added Pin To Net: NetName=NetR8_1 Pin=R8-1
Added Pin To Net: NetName=NetR8_1 Pin=U3-1
Added Net: Name=NetR8_1
Added Pin To Net: NetName=NetR9_2 Pin=R9-2
Added Pin To Net: NetName=NetR9_2 Pin=U3-3
Added Net: Name=NetR9_2
Added Pin To Net: NetName=NetU1_3 Pin=U1-3
Added Pin To Net: NetName=NetU1_3 Pin=U2-1
Added Net: Name=NetU1_3
Added Pin To Net: NetName=RESET Pin=C1-2
Added Pin To Net: NetName=RESET Pin=P3-1
Added Pin To Net: NetName=RESET Pin=R3-1
Added Pin To Net: NetName=RESET Pin=S1-1
Added Pin To Net: NetName=RESET Pin=S1-1
Added Pin To Net: NetName=RESET Pin=U3-4
Added Net: Name=RESET
Added Pin To Net: NetName=SCK Pin=U3-11
Added Pin To Net: NetName=SCK Pin=U4-11
Added Net: Name=SCK
Added Pin To Net: NetName=SWCLK Pin=P3-5
Added Pin To Net: NetName=SWCLK Pin=U3-20
Added Net: Name=SWCLK
Added Pin To Net: NetName=SWDIO Pin=P3-4
Added Pin To Net: NetName=SWDIO Pin=U3-19
Added Net: Name=SWDIO
Added Pin To Net: NetName=TRIAC Pin=U1-1
Added Pin To Net: NetName=TRIAC Pin=U3-9
Added Net: Name=TRIAC
Added Pin To Net: NetName=VCC Pin=C6-2
Added Pin To Net: NetName=VCC Pin=C7-2
Added Pin To Net: NetName=VCC Pin=C8-2
Added Pin To Net: NetName=VCC Pin=C9-2
Added Pin To Net: NetName=VCC Pin=C11-1
Added Pin To Net: NetName=VCC Pin=P3-3
Added Pin To Net: NetName=VCC Pin=R1-2
Added Pin To Net: NetName=VCC Pin=R3-2
Added Pin To Net: NetName=VCC Pin=R4-2
Added Pin To Net: NetName=VCC Pin=R6-2
Added Pin To Net: NetName=VCC Pin=R11-2
Added Pin To Net: NetName=VCC Pin=U1-4
Added Pin To Net: NetName=VCC Pin=U3-5
Added Pin To Net: NetName=VCC Pin=U3-16
Added Pin To Net: NetName=VCC Pin=U4-10
Added Pin To Net: NetName=VCC Pin=U4-16
Added Pin To Net: NetName=VCC Pin=VR1-2
Added Net: Name=VCC
Added Class: Name=stm32f030f4_grinder_main
Added Room: Name=stm32f030f4_grinder_main
