Added Component: Designator=DS?(4digit_seg_led 0.36")
Added Component: Designator=P?(Pin_header4_2.54)
Added Component: Designator=P?(Pin_header8_2.54)
Added Component: Designator=R?(0805_1)
Added Component: Designator=R?(0805_1)
Added Component: Designator=R?(0805_1)
Added Component: Designator=R?(0805_1)
Added Component: Designator=R?(0805_1)
Added Component: Designator=R?(0805_1)
Added Component: Designator=R?(0805_1)
Added Component: Designator=R?(0805_1)
Added Pin To Net: NetName=A Pin=P?-1
Added Pin To Net: NetName=A Pin=R?-1
Added Net: Name=A
Added Pin To Net: NetName=B Pin=P?-2
Added Pin To Net: NetName=B Pin=R?-1
Added Net: Name=B
Added Pin To Net: NetName=C Pin=P?-3
Added Pin To Net: NetName=C Pin=R?-1
Added Net: Name=C
Added Pin To Net: NetName=DIG1 Pin=DS?-1
Added Pin To Net: NetName=DIG1 Pin=P?-1
Added Net: Name=DIG1
Added Pin To Net: NetName=DIG2 Pin=DS?-2
Added Pin To Net: NetName=DIG2 Pin=P?-2
Added Net: Name=DIG2
Added Pin To Net: NetName=DIG3 Pin=DS?-3
Added Pin To Net: NetName=DIG3 Pin=P?-3
Added Net: Name=DIG3
Added Pin To Net: NetName=DIG4 Pin=DS?-4
Added Pin To Net: NetName=DIG4 Pin=P?-4
Added Net: Name=DIG4
Added Pin To Net: NetName=DP Pin=P?-8
Added Pin To Net: NetName=DP Pin=R?-1
Added Net: Name=DP
Added Pin To Net: NetName=D Pin=P?-4
Added Pin To Net: NetName=D Pin=R?-1
Added Net: Name=D
Added Pin To Net: NetName=E Pin=P?-5
Added Pin To Net: NetName=E Pin=R?-1
Added Net: Name=E
Added Pin To Net: NetName=F Pin=P?-6
Added Pin To Net: NetName=F Pin=R?-1
Added Net: Name=F
Added Pin To Net: NetName=G Pin=P?-7
Added Pin To Net: NetName=G Pin=R?-1
Added Net: Name=G
Added Pin To Net: NetName=NetDS?_A Pin=DS?-A
Added Pin To Net: NetName=NetDS?_A Pin=R?-2
Added Net: Name=NetDS?_A
Added Pin To Net: NetName=NetDS?_B Pin=DS?-B
Added Pin To Net: NetName=NetDS?_B Pin=R?-2
Added Net: Name=NetDS?_B
Added Pin To Net: NetName=NetDS?_C Pin=DS?-C
Added Pin To Net: NetName=NetDS?_C Pin=R?-2
Added Net: Name=NetDS?_C
Added Pin To Net: NetName=NetDS?_Dp Pin=DS?-Dp
Added Pin To Net: NetName=NetDS?_Dp Pin=R?-2
Added Net: Name=NetDS?_Dp
Added Pin To Net: NetName=NetDS?_D Pin=DS?-D
Added Pin To Net: NetName=NetDS?_D Pin=R?-2
Added Net: Name=NetDS?_D
Added Pin To Net: NetName=NetDS?_E Pin=DS?-E
Added Pin To Net: NetName=NetDS?_E Pin=R?-2
Added Net: Name=NetDS?_E
Added Pin To Net: NetName=NetDS?_F Pin=DS?-F
Added Pin To Net: NetName=NetDS?_F Pin=R?-2
Added Net: Name=NetDS?_F
Added Pin To Net: NetName=NetDS?_G Pin=DS?-G
Added Pin To Net: NetName=NetDS?_G Pin=R?-2
Added Net: Name=NetDS?_G
Added Class: Name=stm32f030f4_grinder_indicator
Added Room: Name=stm32f030f4_grinder_indicator
