Added Component: Designator=C1(0805_1)
Added Component: Designator=C2(0805_1)
Added Component: Designator=C3(0805_1)
Added Component: Designator=C4(0805_1)
Added Component: Designator=C5(0805_1)
Added Component: Designator=C6(0805_1)
Added Component: Designator=C7(0805_1)
Added Component: Designator=C8(0805_1)
Added Component: Designator=D1(0805_1)
Added Component: Designator=P1(Pin_header3_2.54)
Added Component: Designator=P2(Pin_header3_2.54)
Added Component: Designator=P3(Pin_header3_2.54)
Added Component: Designator=P4(Pin_header4_2.54)
Added Component: Designator=P5(Pin_header2_2.54)
Added Component: Designator=P6(Pin_header2_2.54)
Added Component: Designator=P7(Pin_header 4_5.08)
Added Component: Designator=P8(Pin_header2_2.54)
Added Component: Designator=P9(RF_pin_header_4_2)
Added Component: Designator=P10(Pin_header2_2.54)
Added Component: Designator=P11(Pin_header2_2.54)
Added Component: Designator=P12(Pin_header2_2.54)
Added Component: Designator=R1(0805_1)
Added Component: Designator=R2(0805_1)
Added Component: Designator=R3(AXIAL-0.4)
Added Component: Designator=R4(0805_1)
Added Component: Designator=S1(TAKT-KEY)
Added Component: Designator=S2(TAKT-KEY)
Added Component: Designator=S3(TAKT-KEY)
Added Component: Designator=U1(TSSOP20)
Added Component: Designator=X1(CRISTAL 5MM)
Added Pin To Net: NetName=BUTTON1 Pin=C8-1
Added Pin To Net: NetName=BUTTON1 Pin=P11-2
Added Pin To Net: NetName=BUTTON1 Pin=R4-1
Added Pin To Net: NetName=BUTTON1 Pin=S3-2
Added Pin To Net: NetName=BUTTON1 Pin=S3-2
Added Net: Name=BUTTON1
Added Pin To Net: NetName=BUTTON2 Pin=C7-1
Added Pin To Net: NetName=BUTTON2 Pin=P10-2
Added Pin To Net: NetName=BUTTON2 Pin=R2-1
Added Pin To Net: NetName=BUTTON2 Pin=S2-2
Added Pin To Net: NetName=BUTTON2 Pin=S2-2
Added Net: Name=BUTTON2
Added Pin To Net: NetName=CS Pin=P7-1
Added Pin To Net: NetName=CS Pin=P9-4
Added Pin To Net: NetName=CS Pin=U1-10
Added Net: Name=CS
Added Pin To Net: NetName=GND Pin=C1-2
Added Pin To Net: NetName=GND Pin=C2-2
Added Pin To Net: NetName=GND Pin=C3-1
Added Pin To Net: NetName=GND Pin=C4-2
Added Pin To Net: NetName=GND Pin=C5-2
Added Pin To Net: NetName=GND Pin=C6-2
Added Pin To Net: NetName=GND Pin=C7-2
Added Pin To Net: NetName=GND Pin=C8-2
Added Pin To Net: NetName=GND Pin=D1-2
Added Pin To Net: NetName=GND Pin=P1-3
Added Pin To Net: NetName=GND Pin=P3-3
Added Pin To Net: NetName=GND Pin=P4-3
Added Pin To Net: NetName=GND Pin=P5-1
Added Pin To Net: NetName=GND Pin=P6-1
Added Pin To Net: NetName=GND Pin=P9-1
Added Pin To Net: NetName=GND Pin=S1-1
Added Pin To Net: NetName=GND Pin=S1-1
Added Pin To Net: NetName=GND Pin=S2-1
Added Pin To Net: NetName=GND Pin=S2-1
Added Pin To Net: NetName=GND Pin=S3-1
Added Pin To Net: NetName=GND Pin=S3-1
Added Pin To Net: NetName=GND Pin=U1-7
Added Net: Name=GND
Added Pin To Net: NetName=LED Pin=P12-2
Added Pin To Net: NetName=LED Pin=R3-1
Added Net: Name=LED
Added Pin To Net: NetName=MISO Pin=P7-4
Added Pin To Net: NetName=MISO Pin=P9-7
Added Pin To Net: NetName=MISO Pin=U1-17
Added Net: Name=MISO
Added Pin To Net: NetName=MOSI Pin=P7-3
Added Pin To Net: NetName=MOSI Pin=P9-6
Added Pin To Net: NetName=MOSI Pin=U1-16
Added Net: Name=MOSI
Added Pin To Net: NetName=NetC1_1 Pin=C1-1
Added Pin To Net: NetName=NetC1_1 Pin=U1-6
Added Pin To Net: NetName=NetC1_1 Pin=X1-2
Added Net: Name=NetC1_1
Added Pin To Net: NetName=NetC2_1 Pin=C2-1
Added Pin To Net: NetName=NetC2_1 Pin=U1-5
Added Pin To Net: NetName=NetC2_1 Pin=X1-1
Added Net: Name=NetC2_1
Added Pin To Net: NetName=NetC3_2 Pin=C3-2
Added Pin To Net: NetName=NetC3_2 Pin=U1-8
Added Net: Name=NetC3_2
Added Pin To Net: NetName=NetD1_1 Pin=D1-1
Added Pin To Net: NetName=NetD1_1 Pin=R3-2
Added Net: Name=NetD1_1
Added Pin To Net: NetName=PC3 Pin=P8-1
Added Pin To Net: NetName=PC3 Pin=P9-8
Added Pin To Net: NetName=PC3 Pin=U1-13
Added Net: Name=PC3
Added Pin To Net: NetName=PC4 Pin=P8-2
Added Pin To Net: NetName=PC4 Pin=P9-3
Added Pin To Net: NetName=PC4 Pin=U1-14
Added Net: Name=PC4
Added Pin To Net: NetName=PD2 Pin=P2-3
Added Pin To Net: NetName=PD2 Pin=P12-1
Added Pin To Net: NetName=PD2 Pin=U1-19
Added Net: Name=PD2
Added Pin To Net: NetName=PD3 Pin=P2-2
Added Pin To Net: NetName=PD3 Pin=P11-1
Added Pin To Net: NetName=PD3 Pin=U1-20
Added Net: Name=PD3
Added Pin To Net: NetName=PD4 Pin=P2-1
Added Pin To Net: NetName=PD4 Pin=P10-1
Added Pin To Net: NetName=PD4 Pin=U1-1
Added Net: Name=PD4
Added Pin To Net: NetName=RESET Pin=C6-1
Added Pin To Net: NetName=RESET Pin=P4-1
Added Pin To Net: NetName=RESET Pin=R1-1
Added Pin To Net: NetName=RESET Pin=S1-2
Added Pin To Net: NetName=RESET Pin=S1-2
Added Pin To Net: NetName=RESET Pin=U1-4
Added Net: Name=RESET
Added Pin To Net: NetName=SCK Pin=P7-2
Added Pin To Net: NetName=SCK Pin=P9-5
Added Pin To Net: NetName=SCK Pin=U1-15
Added Net: Name=SCK
Added Pin To Net: NetName=SCL Pin=P3-2
Added Pin To Net: NetName=SCL Pin=U1-12
Added Net: Name=SCL
Added Pin To Net: NetName=SDA Pin=P3-1
Added Pin To Net: NetName=SDA Pin=U1-11
Added Net: Name=SDA
Added Pin To Net: NetName=SWIM Pin=P4-2
Added Pin To Net: NetName=SWIM Pin=U1-18
Added Net: Name=SWIM
Added Pin To Net: NetName=UART_RX Pin=P1-2
Added Pin To Net: NetName=UART_RX Pin=U1-3
Added Net: Name=UART_RX
Added Pin To Net: NetName=UART_TX Pin=P1-1
Added Pin To Net: NetName=UART_TX Pin=U1-2
Added Net: Name=UART_TX
Added Pin To Net: NetName=VCC Pin=C4-1
Added Pin To Net: NetName=VCC Pin=C5-1
Added Pin To Net: NetName=VCC Pin=P4-4
Added Pin To Net: NetName=VCC Pin=P5-2
Added Pin To Net: NetName=VCC Pin=P6-2
Added Pin To Net: NetName=VCC Pin=P9-2
Added Pin To Net: NetName=VCC Pin=R1-2
Added Pin To Net: NetName=VCC Pin=R2-2
Added Pin To Net: NetName=VCC Pin=R4-2
Added Pin To Net: NetName=VCC Pin=U1-9
Added Net: Name=VCC
Added Class: Name=plate
Added Room: Name=plate
