Added Component: Designator=C1(0603_C)
Added Component: Designator=C2(0603_C)
Added Component: Designator=C3(0805_C)
Added Component: Designator=C4(0805_C)
Added Component: Designator=C5(0603_C)
Added Component: Designator=C6(0603_C)
Added Component: Designator=C7(0603_C)
Added Component: Designator=C8(0603_C)
Added Component: Designator=C9(0603_C)
Added Component: Designator=C10(0603_C)
Added Component: Designator=C11(0603_C)
Added Component: Designator=C12(0603_C)
Added Component: Designator=C13(0603_C)
Added Component: Designator=C14(0603_C)
Added Component: Designator=P1(Pin_header_4P_2.54_M)
Added Component: Designator=P2(Pin_header_6P_2.54_M)
Added Component: Designator=P3(Pin_header_8P_2.54_M)
Added Component: Designator=P4(Pin_header7_2.54)
Added Component: Designator=P5(Pin_header9_2.54)
Added Component: Designator=P6(Pin_header_8P_2.54_M)
Added Component: Designator=P7(Pin_header_8P_2.54_M)
Added Component: Designator=P8(Pin_header_8P_2.54_M)
Added Component: Designator=P9(Pin_header_8P_2.54_M)
Added Component: Designator=P10(Pin_header_8P_2.54_M)
Added Component: Designator=P11(Pin_header_3P_2.54_M)
Added Component: Designator=P12(Pin_header_2P_2.54_M)
Added Component: Designator=R1(1206_R)
Added Component: Designator=R2(1206_R)
Added Component: Designator=R3(0805_R)
Added Component: Designator=R4(0805_R)
Added Component: Designator=S1(TAKT-KEY)
Added Component: Designator=U1(QFP100)
Added Component: Designator=X1(XTAL_HC-49/S)
Added Component: Designator=Y1(Cristal 32kHz 2*7)
Added Pin To Net: NetName=ADC0 Pin=P5-2
Added Pin To Net: NetName=ADC0 Pin=U1-21
Added Net: Name=ADC0
Added Pin To Net: NetName=ADC1 Pin=P5-3
Added Pin To Net: NetName=ADC1 Pin=U1-20
Added Net: Name=ADC1
Added Pin To Net: NetName=ADC2 Pin=P5-4
Added Pin To Net: NetName=ADC2 Pin=U1-17
Added Net: Name=ADC2
Added Pin To Net: NetName=ADC3 Pin=P5-5
Added Pin To Net: NetName=ADC3 Pin=U1-16
Added Net: Name=ADC3
Added Pin To Net: NetName=ADC4 Pin=P5-6
Added Pin To Net: NetName=ADC4 Pin=U1-19
Added Net: Name=ADC4
Added Pin To Net: NetName=ADC5 Pin=P5-7
Added Pin To Net: NetName=ADC5 Pin=U1-18
Added Net: Name=ADC5
Added Pin To Net: NetName=ADC6 Pin=P5-8
Added Pin To Net: NetName=ADC6 Pin=U1-15
Added Net: Name=ADC6
Added Pin To Net: NetName=ADC7 Pin=P5-9
Added Pin To Net: NetName=ADC7 Pin=U1-14
Added Net: Name=ADC7
Added Pin To Net: NetName=DAC0 Pin=P5-1
Added Pin To Net: NetName=DAC0 Pin=U1-27
Added Net: Name=DAC0
Added Pin To Net: NetName=EXTAL32 Pin=C4-1
Added Pin To Net: NetName=EXTAL32 Pin=R2-1
Added Pin To Net: NetName=EXTAL32 Pin=U1-29
Added Pin To Net: NetName=EXTAL32 Pin=Y1-1
Added Net: Name=EXTAL32
Added Pin To Net: NetName=EXTAL Pin=C2-1
Added Pin To Net: NetName=EXTAL Pin=R1-1
Added Pin To Net: NetName=EXTAL Pin=U1-50
Added Pin To Net: NetName=EXTAL Pin=X1-1
Added Net: Name=EXTAL
Added Pin To Net: NetName=GND Pin=C1-2
Added Pin To Net: NetName=GND Pin=C2-2
Added Pin To Net: NetName=GND Pin=C3-2
Added Pin To Net: NetName=GND Pin=C4-2
Added Pin To Net: NetName=GND Pin=C5-1
Added Pin To Net: NetName=GND Pin=C6-1
Added Pin To Net: NetName=GND Pin=C7-1
Added Pin To Net: NetName=GND Pin=C8-1
Added Pin To Net: NetName=GND Pin=C9-1
Added Pin To Net: NetName=GND Pin=C10-1
Added Pin To Net: NetName=GND Pin=C11-1
Added Pin To Net: NetName=GND Pin=C12-2
Added Pin To Net: NetName=GND Pin=C13-2
Added Pin To Net: NetName=GND Pin=C14-2
Added Pin To Net: NetName=GND Pin=P1-1
Added Pin To Net: NetName=GND Pin=S1-2
Added Pin To Net: NetName=GND Pin=S1-2
Added Pin To Net: NetName=GND Pin=U1-24
Added Pin To Net: NetName=GND Pin=U1-41
Added Pin To Net: NetName=GND Pin=U1-49
Added Pin To Net: NetName=GND Pin=U1-61
Added Pin To Net: NetName=GND Pin=U1-75
Added Pin To Net: NetName=GND Pin=U1-89
Added Pin To Net: NetName=GND Pin=Y1-3
Added Net: Name=GND
Added Pin To Net: NetName=PA0 Pin=P3-1
Added Pin To Net: NetName=PA0 Pin=U1-34
Added Net: Name=PA0
Added Pin To Net: NetName=PA1 Pin=P3-2
Added Pin To Net: NetName=PA1 Pin=U1-35
Added Net: Name=PA1
Added Pin To Net: NetName=PA2 Pin=P3-3
Added Pin To Net: NetName=PA2 Pin=U1-36
Added Net: Name=PA2
Added Pin To Net: NetName=PA3 Pin=P3-4
Added Pin To Net: NetName=PA3 Pin=U1-37
Added Net: Name=PA3
Added Pin To Net: NetName=PA4 Pin=P3-5
Added Pin To Net: NetName=PA4 Pin=U1-38
Added Net: Name=PA4
Added Pin To Net: NetName=PA5 Pin=P3-6
Added Pin To Net: NetName=PA5 Pin=U1-39
Added Net: Name=PA5
Added Pin To Net: NetName=PA12 Pin=P3-7
Added Pin To Net: NetName=PA12 Pin=U1-42
Added Net: Name=PA12
Added Pin To Net: NetName=PA13 Pin=P3-8
Added Pin To Net: NetName=PA13 Pin=U1-43
Added Net: Name=PA13
Added Pin To Net: NetName=PA14 Pin=P2-1
Added Pin To Net: NetName=PA14 Pin=U1-44
Added Net: Name=PA14
Added Pin To Net: NetName=PA15 Pin=P2-2
Added Pin To Net: NetName=PA15 Pin=U1-45
Added Net: Name=PA15
Added Pin To Net: NetName=PA16 Pin=P2-3
Added Pin To Net: NetName=PA16 Pin=U1-46
Added Net: Name=PA16
Added Pin To Net: NetName=PA17 Pin=P2-4
Added Pin To Net: NetName=PA17 Pin=U1-47
Added Net: Name=PA17
Added Pin To Net: NetName=PA18 Pin=P2-5
Added Pin To Net: NetName=PA18 Pin=U1-50
Added Net: Name=PA18
Added Pin To Net: NetName=PA19 Pin=P2-6
Added Pin To Net: NetName=PA19 Pin=U1-51
Added Net: Name=PA19
Added Pin To Net: NetName=PB0 Pin=P6-1
Added Pin To Net: NetName=PB0 Pin=U1-53
Added Net: Name=PB0
Added Pin To Net: NetName=PB1 Pin=P6-2
Added Pin To Net: NetName=PB1 Pin=U1-54
Added Net: Name=PB1
Added Pin To Net: NetName=PB2 Pin=P6-3
Added Pin To Net: NetName=PB2 Pin=U1-55
Added Net: Name=PB2
Added Pin To Net: NetName=PB3 Pin=P6-4
Added Pin To Net: NetName=PB3 Pin=U1-56
Added Net: Name=PB3
Added Pin To Net: NetName=PB9 Pin=P6-5
Added Pin To Net: NetName=PB9 Pin=U1-57
Added Net: Name=PB9
Added Pin To Net: NetName=PB10 Pin=P6-6
Added Pin To Net: NetName=PB10 Pin=U1-58
Added Net: Name=PB10
Added Pin To Net: NetName=PB11 Pin=P6-7
Added Pin To Net: NetName=PB11 Pin=U1-59
Added Net: Name=PB11
Added Pin To Net: NetName=PB16 Pin=P6-8
Added Pin To Net: NetName=PB16 Pin=U1-62
Added Net: Name=PB16
Added Pin To Net: NetName=PB17 Pin=P4-1
Added Pin To Net: NetName=PB17 Pin=U1-63
Added Net: Name=PB17
Added Pin To Net: NetName=PB18 Pin=P4-2
Added Pin To Net: NetName=PB18 Pin=U1-64
Added Net: Name=PB18
Added Pin To Net: NetName=PB19 Pin=P4-3
Added Pin To Net: NetName=PB19 Pin=U1-65
Added Net: Name=PB19
Added Pin To Net: NetName=PB20 Pin=P4-4
Added Pin To Net: NetName=PB20 Pin=U1-66
Added Net: Name=PB20
Added Pin To Net: NetName=PB21 Pin=P4-5
Added Pin To Net: NetName=PB21 Pin=U1-67
Added Net: Name=PB21
Added Pin To Net: NetName=PB22 Pin=P4-6
Added Pin To Net: NetName=PB22 Pin=U1-68
Added Net: Name=PB22
Added Pin To Net: NetName=PB23 Pin=P4-7
Added Pin To Net: NetName=PB23 Pin=U1-69
Added Net: Name=PB23
Added Pin To Net: NetName=PC0 Pin=P7-8
Added Pin To Net: NetName=PC0 Pin=U1-70
Added Net: Name=PC0
Added Pin To Net: NetName=PC1 Pin=P7-7
Added Pin To Net: NetName=PC1 Pin=U1-71
Added Net: Name=PC1
Added Pin To Net: NetName=PC2 Pin=P7-6
Added Pin To Net: NetName=PC2 Pin=U1-72
Added Net: Name=PC2
Added Pin To Net: NetName=PC3 Pin=P7-5
Added Pin To Net: NetName=PC3 Pin=U1-73
Added Net: Name=PC3
Added Pin To Net: NetName=PC4 Pin=P7-4
Added Pin To Net: NetName=PC4 Pin=U1-76
Added Net: Name=PC4
Added Pin To Net: NetName=PC5 Pin=P7-3
Added Pin To Net: NetName=PC5 Pin=U1-77
Added Net: Name=PC5
Added Pin To Net: NetName=PC6 Pin=P7-2
Added Pin To Net: NetName=PC6 Pin=U1-78
Added Net: Name=PC6
Added Pin To Net: NetName=PC7 Pin=P7-1
Added Pin To Net: NetName=PC7 Pin=U1-79
Added Net: Name=PC7
Added Pin To Net: NetName=PC8 Pin=P8-8
Added Pin To Net: NetName=PC8 Pin=U1-80
Added Net: Name=PC8
Added Pin To Net: NetName=PC9 Pin=P8-7
Added Pin To Net: NetName=PC9 Pin=U1-81
Added Net: Name=PC9
Added Pin To Net: NetName=PC10 Pin=P8-6
Added Pin To Net: NetName=PC10 Pin=U1-82
Added Net: Name=PC10
Added Pin To Net: NetName=PC11 Pin=P8-5
Added Pin To Net: NetName=PC11 Pin=U1-83
Added Net: Name=PC11
Added Pin To Net: NetName=PC12 Pin=P8-4
Added Pin To Net: NetName=PC12 Pin=U1-84
Added Net: Name=PC12
Added Pin To Net: NetName=PC13 Pin=P8-3
Added Pin To Net: NetName=PC13 Pin=U1-85
Added Net: Name=PC13
Added Pin To Net: NetName=PC14 Pin=P8-2
Added Pin To Net: NetName=PC14 Pin=U1-86
Added Net: Name=PC14
Added Pin To Net: NetName=PC15 Pin=P8-1
Added Pin To Net: NetName=PC15 Pin=U1-87
Added Net: Name=PC15
Added Pin To Net: NetName=PC16 Pin=P11-3
Added Pin To Net: NetName=PC16 Pin=U1-90
Added Net: Name=PC16
Added Pin To Net: NetName=PC17 Pin=P11-2
Added Pin To Net: NetName=PC17 Pin=U1-91
Added Net: Name=PC17
Added Pin To Net: NetName=PC18 Pin=P11-1
Added Pin To Net: NetName=PC18 Pin=U1-92
Added Net: Name=PC18
Added Pin To Net: NetName=PD0 Pin=P9-8
Added Pin To Net: NetName=PD0 Pin=U1-93
Added Net: Name=PD0
Added Pin To Net: NetName=PD1 Pin=P9-7
Added Pin To Net: NetName=PD1 Pin=U1-94
Added Net: Name=PD1
Added Pin To Net: NetName=PD2 Pin=P9-6
Added Pin To Net: NetName=PD2 Pin=U1-95
Added Net: Name=PD2
Added Pin To Net: NetName=PD3 Pin=P9-5
Added Pin To Net: NetName=PD3 Pin=U1-96
Added Net: Name=PD3
Added Pin To Net: NetName=PD4 Pin=P9-4
Added Pin To Net: NetName=PD4 Pin=U1-97
Added Net: Name=PD4
Added Pin To Net: NetName=PD5 Pin=P9-3
Added Pin To Net: NetName=PD5 Pin=U1-98
Added Net: Name=PD5
Added Pin To Net: NetName=PD6 Pin=P9-2
Added Pin To Net: NetName=PD6 Pin=U1-99
Added Net: Name=PD6
Added Pin To Net: NetName=PD7 Pin=P9-1
Added Pin To Net: NetName=PD7 Pin=U1-100
Added Net: Name=PD7
Added Pin To Net: NetName=PE0 Pin=P10-8
Added Pin To Net: NetName=PE0 Pin=U1-1
Added Net: Name=PE0
Added Pin To Net: NetName=PE1 Pin=P10-7
Added Pin To Net: NetName=PE1 Pin=U1-2
Added Net: Name=PE1
Added Pin To Net: NetName=PE2 Pin=P10-6
Added Pin To Net: NetName=PE2 Pin=U1-3
Added Net: Name=PE2
Added Pin To Net: NetName=PE3 Pin=P10-5
Added Pin To Net: NetName=PE3 Pin=U1-4
Added Net: Name=PE3
Added Pin To Net: NetName=PE4 Pin=P10-4
Added Pin To Net: NetName=PE4 Pin=U1-5
Added Net: Name=PE4
Added Pin To Net: NetName=PE5 Pin=P10-3
Added Pin To Net: NetName=PE5 Pin=U1-6
Added Net: Name=PE5
Added Pin To Net: NetName=PE6 Pin=P10-2
Added Pin To Net: NetName=PE6 Pin=U1-7
Added Net: Name=PE6
Added Pin To Net: NetName=PE24 Pin=P10-1
Added Pin To Net: NetName=PE24 Pin=U1-31
Added Net: Name=PE24
Added Pin To Net: NetName=PE25 Pin=P12-2
Added Pin To Net: NetName=PE25 Pin=U1-32
Added Net: Name=PE25
Added Pin To Net: NetName=PE26 Pin=P12-1
Added Pin To Net: NetName=PE26 Pin=U1-33
Added Net: Name=PE26
Added Pin To Net: NetName=RESET Pin=C11-2
Added Pin To Net: NetName=RESET Pin=P1-4
Added Pin To Net: NetName=RESET Pin=R3-1
Added Pin To Net: NetName=RESET Pin=S1-1
Added Pin To Net: NetName=RESET Pin=S1-1
Added Pin To Net: NetName=RESET Pin=U1-52
Added Net: Name=RESET
Added Pin To Net: NetName=SWCLK Pin=P1-3
Added Pin To Net: NetName=SWCLK Pin=U1-34
Added Net: Name=SWCLK
Added Pin To Net: NetName=SWDIO Pin=P1-2
Added Pin To Net: NetName=SWDIO Pin=R4-1
Added Pin To Net: NetName=SWDIO Pin=U1-37
Added Net: Name=SWDIO
Added Pin To Net: NetName=VBAT Pin=C5-2
Added Pin To Net: NetName=VBAT Pin=C6-2
Added Pin To Net: NetName=VBAT Pin=C7-2
Added Pin To Net: NetName=VBAT Pin=C8-2
Added Pin To Net: NetName=VBAT Pin=C9-2
Added Pin To Net: NetName=VBAT Pin=C10-2
Added Pin To Net: NetName=VBAT Pin=C12-1
Added Pin To Net: NetName=VBAT Pin=C13-1
Added Pin To Net: NetName=VBAT Pin=C14-1
Added Pin To Net: NetName=VBAT Pin=R3-2
Added Pin To Net: NetName=VBAT Pin=R4-2
Added Pin To Net: NetName=VBAT Pin=U1-8
Added Pin To Net: NetName=VBAT Pin=U1-22
Added Pin To Net: NetName=VBAT Pin=U1-23
Added Pin To Net: NetName=VBAT Pin=U1-30
Added Pin To Net: NetName=VBAT Pin=U1-40
Added Pin To Net: NetName=VBAT Pin=U1-48
Added Pin To Net: NetName=VBAT Pin=U1-60
Added Pin To Net: NetName=VBAT Pin=U1-74
Added Pin To Net: NetName=VBAT Pin=U1-88
Added Net: Name=VBAT
Added Pin To Net: NetName=XTAL32 Pin=C3-1
Added Pin To Net: NetName=XTAL32 Pin=R2-2
Added Pin To Net: NetName=XTAL32 Pin=U1-28
Added Pin To Net: NetName=XTAL32 Pin=Y1-2
Added Net: Name=XTAL32
Added Pin To Net: NetName=XTAL Pin=C1-1
Added Pin To Net: NetName=XTAL Pin=R1-2
Added Pin To Net: NetName=XTAL Pin=U1-51
Added Pin To Net: NetName=XTAL Pin=X1-2
Added Net: Name=XTAL
Added Class: Name=MK64
Added Room: Name=MK64
