Added Component: Designator=C1(1206)
Added Component: Designator=C2(1206)
Added Component: Designator=C3(1206)
Added Component: Designator=C4(1206)
Added Component: Designator=C5(1206)
Added Component: Designator=C6(1206)
Added Component: Designator=C7(1206)
Added Component: Designator=C8(1206)
Added Component: Designator=C9(1206)
Added Component: Designator=C10(0805_1)
Added Component: Designator=C11(0805_1)
Added Component: Designator=D1(0805_1)
Added Component: Designator=P1(Pin_header4_2.54)
Added Component: Designator=P2(Pin_header6_2.54)
Added Component: Designator=P3(Pin_header8_2.54)
Added Component: Designator=P4(Pin_header8_2.54)
Added Component: Designator=P5(Pin_header8_2.54)
Added Component: Designator=P6(JTAG-10)
Added Component: Designator=P7(Pin_header7_2.54)
Added Component: Designator=P8(Pin_header8_2.54)
Added Component: Designator=P9(Pin_header2_2.54)
Added Component: Designator=P10(Pin_header2_2.54)
Added Component: Designator=P11(Pin_header2_2.54)
Added Component: Designator=P12(Pin_header2_2.54)
Added Component: Designator=R1(1206)
Added Component: Designator=R2(1206)
Added Component: Designator=S1(TAKT-KEY)
Added Component: Designator=U1(qfp64)
Added Component: Designator=X1(CRISTAL 5MM)
Added Pin To Net: NetName=ADC0_DM0 Pin=P7-4
Added Pin To Net: NetName=ADC0_DM0 Pin=U1-10
Added Net: Name=ADC0_DM0
Added Pin To Net: NetName=ADC0_DM3 Pin=P7-2
Added Pin To Net: NetName=ADC0_DM3 Pin=U1-12
Added Net: Name=ADC0_DM3
Added Pin To Net: NetName=ADC0_DP0 Pin=P7-5
Added Pin To Net: NetName=ADC0_DP0 Pin=U1-9
Added Net: Name=ADC0_DP0
Added Pin To Net: NetName=ADC0_DP3 Pin=P7-3
Added Pin To Net: NetName=ADC0_DP3 Pin=U1-11
Added Net: Name=ADC0_DP3
Added Pin To Net: NetName=CMP0_IN4 Pin=P7-7
Added Pin To Net: NetName=CMP0_IN4 Pin=U1-19
Added Net: Name=CMP0_IN4
Added Pin To Net: NetName=CMP0_IN5 Pin=P7-6
Added Pin To Net: NetName=CMP0_IN5 Pin=U1-17
Added Net: Name=CMP0_IN5
Added Pin To Net: NetName=DAC0 Pin=P7-1
Added Pin To Net: NetName=DAC0 Pin=U1-18
Added Net: Name=DAC0
Added Pin To Net: NetName=GND Pin=C1-1
Added Pin To Net: NetName=GND Pin=C2-1
Added Pin To Net: NetName=GND Pin=C3-1
Added Pin To Net: NetName=GND Pin=C4-2
Added Pin To Net: NetName=GND Pin=C5-2
Added Pin To Net: NetName=GND Pin=C6-2
Added Pin To Net: NetName=GND Pin=C7-1
Added Pin To Net: NetName=GND Pin=C8-1
Added Pin To Net: NetName=GND Pin=C9-1
Added Pin To Net: NetName=GND Pin=C10-1
Added Pin To Net: NetName=GND Pin=C11-1
Added Pin To Net: NetName=GND Pin=D1-2
Added Pin To Net: NetName=GND Pin=P6-10
Added Pin To Net: NetName=GND Pin=P9-2
Added Pin To Net: NetName=GND Pin=P12-2
Added Pin To Net: NetName=GND Pin=S1-2
Added Pin To Net: NetName=GND Pin=S1-2
Added Pin To Net: NetName=GND Pin=U1-4
Added Pin To Net: NetName=GND Pin=U1-15
Added Pin To Net: NetName=GND Pin=U1-16
Added Pin To Net: NetName=GND Pin=U1-31
Added Pin To Net: NetName=GND Pin=U1-47
Added Net: Name=GND
Added Pin To Net: NetName=NetC10_2 Pin=C10-2
Added Pin To Net: NetName=NetC10_2 Pin=P11-1
Added Pin To Net: NetName=NetC10_2 Pin=X1-2
Added Net: Name=NetC10_2
Added Pin To Net: NetName=NetC11_2 Pin=C11-2
Added Pin To Net: NetName=NetC11_2 Pin=P10-2
Added Pin To Net: NetName=NetC11_2 Pin=X1-1
Added Net: Name=NetC11_2
Added Pin To Net: NetName=NetD1_1 Pin=D1-1
Added Pin To Net: NetName=NetD1_1 Pin=R2-2
Added Net: Name=NetD1_1
Added Pin To Net: NetName=PTA4 Pin=P2-1
Added Pin To Net: NetName=PTA4 Pin=U1-26
Added Net: Name=PTA4
Added Pin To Net: NetName=PTA5 Pin=P2-2
Added Pin To Net: NetName=PTA5 Pin=U1-27
Added Net: Name=PTA5
Added Pin To Net: NetName=PTA12 Pin=P2-3
Added Pin To Net: NetName=PTA12 Pin=U1-28
Added Net: Name=PTA12
Added Pin To Net: NetName=PTA13 Pin=P2-4
Added Pin To Net: NetName=PTA13 Pin=U1-29
Added Net: Name=PTA13
Added Pin To Net: NetName=PTA18 Pin=P2-5
Added Pin To Net: NetName=PTA18 Pin=P11-2
Added Pin To Net: NetName=PTA18 Pin=U1-32
Added Net: Name=PTA18
Added Pin To Net: NetName=PTA19 Pin=P2-6
Added Pin To Net: NetName=PTA19 Pin=P10-1
Added Pin To Net: NetName=PTA19 Pin=U1-33
Added Net: Name=PTA19
Added Pin To Net: NetName=PTB0 Pin=P4-1
Added Pin To Net: NetName=PTB0 Pin=U1-35
Added Net: Name=PTB0
Added Pin To Net: NetName=PTB1 Pin=P4-2
Added Pin To Net: NetName=PTB1 Pin=U1-36
Added Net: Name=PTB1
Added Pin To Net: NetName=PTB2 Pin=P4-3
Added Pin To Net: NetName=PTB2 Pin=U1-37
Added Net: Name=PTB2
Added Pin To Net: NetName=PTB3 Pin=P4-4
Added Pin To Net: NetName=PTB3 Pin=U1-38
Added Net: Name=PTB3
Added Pin To Net: NetName=PTB16 Pin=P4-5
Added Pin To Net: NetName=PTB16 Pin=U1-39
Added Net: Name=PTB16
Added Pin To Net: NetName=PTB17 Pin=P4-6
Added Pin To Net: NetName=PTB17 Pin=U1-40
Added Net: Name=PTB17
Added Pin To Net: NetName=PTB18 Pin=P4-7
Added Pin To Net: NetName=PTB18 Pin=U1-41
Added Net: Name=PTB18
Added Pin To Net: NetName=PTB19 Pin=P4-8
Added Pin To Net: NetName=PTB19 Pin=U1-42
Added Net: Name=PTB19
Added Pin To Net: NetName=PTC0 Pin=P3-8
Added Pin To Net: NetName=PTC0 Pin=U1-43
Added Net: Name=PTC0
Added Pin To Net: NetName=PTC1 Pin=P3-7
Added Pin To Net: NetName=PTC1 Pin=U1-44
Added Net: Name=PTC1
Added Pin To Net: NetName=PTC2 Pin=P3-6
Added Pin To Net: NetName=PTC2 Pin=U1-45
Added Net: Name=PTC2
Added Pin To Net: NetName=PTC3 Pin=P3-5
Added Pin To Net: NetName=PTC3 Pin=U1-46
Added Net: Name=PTC3
Added Pin To Net: NetName=PTC4 Pin=P3-4
Added Pin To Net: NetName=PTC4 Pin=U1-49
Added Net: Name=PTC4
Added Pin To Net: NetName=PTC5 Pin=P3-3
Added Pin To Net: NetName=PTC5 Pin=U1-50
Added Net: Name=PTC5
Added Pin To Net: NetName=PTC6 Pin=P3-2
Added Pin To Net: NetName=PTC6 Pin=U1-51
Added Net: Name=PTC6
Added Pin To Net: NetName=PTC7 Pin=P3-1
Added Pin To Net: NetName=PTC7 Pin=U1-52
Added Net: Name=PTC7
Added Pin To Net: NetName=PTC8 Pin=P1-4
Added Pin To Net: NetName=PTC8 Pin=U1-53
Added Net: Name=PTC8
Added Pin To Net: NetName=PTC9 Pin=P1-3
Added Pin To Net: NetName=PTC9 Pin=U1-54
Added Net: Name=PTC9
Added Pin To Net: NetName=PTC10 Pin=P1-2
Added Pin To Net: NetName=PTC10 Pin=U1-55
Added Net: Name=PTC10
Added Pin To Net: NetName=PTC11 Pin=P1-1
Added Pin To Net: NetName=PTC11 Pin=U1-56
Added Net: Name=PTC11
Added Pin To Net: NetName=PTD0 Pin=P5-8
Added Pin To Net: NetName=PTD0 Pin=U1-57
Added Net: Name=PTD0
Added Pin To Net: NetName=PTD1 Pin=P5-7
Added Pin To Net: NetName=PTD1 Pin=U1-58
Added Net: Name=PTD1
Added Pin To Net: NetName=PTD2 Pin=P5-6
Added Pin To Net: NetName=PTD2 Pin=U1-59
Added Net: Name=PTD2
Added Pin To Net: NetName=PTD3 Pin=P5-5
Added Pin To Net: NetName=PTD3 Pin=U1-60
Added Net: Name=PTD3
Added Pin To Net: NetName=PTD4 Pin=P5-4
Added Pin To Net: NetName=PTD4 Pin=U1-61
Added Net: Name=PTD4
Added Pin To Net: NetName=PTD5 Pin=P5-3
Added Pin To Net: NetName=PTD5 Pin=U1-62
Added Net: Name=PTD5
Added Pin To Net: NetName=PTD6 Pin=P5-2
Added Pin To Net: NetName=PTD6 Pin=U1-63
Added Net: Name=PTD6
Added Pin To Net: NetName=PTD7 Pin=P5-1
Added Pin To Net: NetName=PTD7 Pin=U1-64
Added Net: Name=PTD7
Added Pin To Net: NetName=PTE0 Pin=P8-8
Added Pin To Net: NetName=PTE0 Pin=U1-1
Added Net: Name=PTE0
Added Pin To Net: NetName=PTE1 Pin=P8-7
Added Pin To Net: NetName=PTE1 Pin=U1-2
Added Net: Name=PTE1
Added Pin To Net: NetName=PTE16 Pin=P8-6
Added Pin To Net: NetName=PTE16 Pin=U1-5
Added Net: Name=PTE16
Added Pin To Net: NetName=PTE17 Pin=P8-5
Added Pin To Net: NetName=PTE17 Pin=U1-6
Added Net: Name=PTE17
Added Pin To Net: NetName=PTE18 Pin=P8-4
Added Pin To Net: NetName=PTE18 Pin=U1-7
Added Net: Name=PTE18
Added Pin To Net: NetName=PTE19 Pin=P8-3
Added Pin To Net: NetName=PTE19 Pin=U1-8
Added Net: Name=PTE19
Added Pin To Net: NetName=PTE24 Pin=P8-2
Added Pin To Net: NetName=PTE24 Pin=U1-20
Added Net: Name=PTE24
Added Pin To Net: NetName=PTE25 Pin=P8-1
Added Pin To Net: NetName=PTE25 Pin=U1-21
Added Net: Name=PTE25
Added Pin To Net: NetName=RESET Pin=C7-2
Added Pin To Net: NetName=RESET Pin=P6-4
Added Pin To Net: NetName=RESET Pin=R1-1
Added Pin To Net: NetName=RESET Pin=S1-1
Added Pin To Net: NetName=RESET Pin=S1-1
Added Pin To Net: NetName=RESET Pin=U1-34
Added Net: Name=RESET
Added Pin To Net: NetName=SWCLK Pin=P6-9
Added Pin To Net: NetName=SWCLK Pin=U1-22
Added Net: Name=SWCLK
Added Pin To Net: NetName=SWDIO Pin=P6-7
Added Pin To Net: NetName=SWDIO Pin=U1-25
Added Net: Name=SWDIO
Added Pin To Net: NetName=TDI Pin=P6-5
Added Pin To Net: NetName=TDI Pin=U1-23
Added Net: Name=TDI
Added Pin To Net: NetName=TDO Pin=P6-6
Added Pin To Net: NetName=TDO Pin=U1-24
Added Net: Name=TDO
Added Pin To Net: NetName=VDDA Pin=C9-2
Added Pin To Net: NetName=VDDA Pin=U1-13
Added Net: Name=VDDA
Added Pin To Net: NetName=VDD Pin=C1-2
Added Pin To Net: NetName=VDD Pin=C2-2
Added Pin To Net: NetName=VDD Pin=C3-2
Added Pin To Net: NetName=VDD Pin=C4-1
Added Pin To Net: NetName=VDD Pin=C5-1
Added Pin To Net: NetName=VDD Pin=C6-1
Added Pin To Net: NetName=VDD Pin=P6-1
Added Pin To Net: NetName=VDD Pin=P6-2
Added Pin To Net: NetName=VDD Pin=P9-1
Added Pin To Net: NetName=VDD Pin=P12-1
Added Pin To Net: NetName=VDD Pin=R1-2
Added Pin To Net: NetName=VDD Pin=R2-1
Added Pin To Net: NetName=VDD Pin=U1-3
Added Pin To Net: NetName=VDD Pin=U1-30
Added Pin To Net: NetName=VDD Pin=U1-48
Added Net: Name=VDD
Added Pin To Net: NetName=VREF Pin=C8-2
Added Pin To Net: NetName=VREF Pin=U1-14
Added Net: Name=VREF
Added Class: Name=MK02FN128
Added Room: Name=MK02FN128
