Added Component: Designator=BT1(BAT_2025)
Added Component: Designator=C1(1206)
Added Component: Designator=C2(1206)
Added Component: Designator=C3(1206)
Added Component: Designator=C4(1206)
Added Component: Designator=C5(1206)
Added Component: Designator=C6(1206)
Added Component: Designator=C7(1206)
Added Component: Designator=P1(RF_pin_header_4_2)
Added Component: Designator=P2(Pin_header3_2.54)
Added Component: Designator=P3(jack dc 5.5-2.1)
Added Component: Designator=P4(Pin_header8_2.54)
Added Component: Designator=P5(Pin_header4_2.54)
Added Component: Designator=R1(1206)
Added Component: Designator=R2(1206)
Added Component: Designator=R3(1206)
Added Component: Designator=R4(1206)
Added Component: Designator=R5(1206)
Added Component: Designator=R6(1206)
Added Component: Designator=R7(1206)
Added Component: Designator=R8(1206)
Added Component: Designator=R9(1206)
Added Component: Designator=S1(TAKT-KEY)
Added Component: Designator=S2(TAKT-KEY)
Added Component: Designator=S3(TAKT-KEY)
Added Component: Designator=S4(TAKT-KEY)
Added Component: Designator=U1(TSSOP20)
Added Component: Designator=u2(SO-16_ds3231)
Added Component: Designator=U3(D014_N)
Added Component: Designator=VR1(SOT223)
Added Pin To Net: NetName=3V3 Pin=C1-1
Added Pin To Net: NetName=3V3 Pin=C3-2
Added Pin To Net: NetName=3V3 Pin=P1-2
Added Pin To Net: NetName=3V3 Pin=P2-3
Added Pin To Net: NetName=3V3 Pin=P4-6
Added Pin To Net: NetName=3V3 Pin=R2-2
Added Pin To Net: NetName=3V3 Pin=R3-2
Added Pin To Net: NetName=3V3 Pin=R4-1
Added Pin To Net: NetName=3V3 Pin=R5-2
Added Pin To Net: NetName=3V3 Pin=R6-2
Added Pin To Net: NetName=3V3 Pin=R7-2
Added Pin To Net: NetName=3V3 Pin=R8-2
Added Pin To Net: NetName=3V3 Pin=R9-2
Added Pin To Net: NetName=3V3 Pin=U1-5
Added Pin To Net: NetName=3V3 Pin=U1-16
Added Pin To Net: NetName=3V3 Pin=u2-2
Added Pin To Net: NetName=3V3 Pin=VR1-3
Added Net: Name=3V3
Added Pin To Net: NetName=5V Pin=C2-1
Added Pin To Net: NetName=5V Pin=P3-1
Added Pin To Net: NetName=5V Pin=VR1-2
Added Net: Name=5V
Added Pin To Net: NetName=BUTTON1 Pin=U1-6
Added Pin To Net: NetName=BUTTON1 Pin=U3-2
Added Net: Name=BUTTON1
Added Pin To Net: NetName=BUTTON2 Pin=U1-7
Added Pin To Net: NetName=BUTTON2 Pin=U3-4
Added Net: Name=BUTTON2
Added Pin To Net: NetName=BUTTON3 Pin=U1-8
Added Pin To Net: NetName=BUTTON3 Pin=U3-6
Added Net: Name=BUTTON3
Added Pin To Net: NetName=BUTTON4 Pin=U1-9
Added Pin To Net: NetName=BUTTON4 Pin=U3-8
Added Net: Name=BUTTON4
Added Pin To Net: NetName=CE Pin=P1-3
Added Pin To Net: NetName=CE Pin=U1-14
Added Net: Name=CE
Added Pin To Net: NetName=CS_LED Pin=P4-2
Added Pin To Net: NetName=CS_LED Pin=U1-18
Added Net: Name=CS_LED
Added Pin To Net: NetName=CS_RF Pin=P1-4
Added Pin To Net: NetName=CS_RF Pin=P5-3
Added Pin To Net: NetName=CS_RF Pin=U1-20
Added Net: Name=CS_RF
Added Pin To Net: NetName=DC Pin=P4-3
Added Pin To Net: NetName=DC Pin=U1-17
Added Net: Name=DC
Added Pin To Net: NetName=GND Pin=BT1-2
Added Pin To Net: NetName=GND Pin=C1-2
Added Pin To Net: NetName=GND Pin=C2-2
Added Pin To Net: NetName=GND Pin=C3-1
Added Pin To Net: NetName=GND Pin=C4-2
Added Pin To Net: NetName=GND Pin=C5-2
Added Pin To Net: NetName=GND Pin=C6-2
Added Pin To Net: NetName=GND Pin=C7-2
Added Pin To Net: NetName=GND Pin=P1-1
Added Pin To Net: NetName=GND Pin=P2-1
Added Pin To Net: NetName=GND Pin=P3-2
Added Pin To Net: NetName=GND Pin=P4-8
Added Pin To Net: NetName=GND Pin=P5-1
Added Pin To Net: NetName=GND Pin=S1-1
Added Pin To Net: NetName=GND Pin=S1-1
Added Pin To Net: NetName=GND Pin=S2-1
Added Pin To Net: NetName=GND Pin=S2-1
Added Pin To Net: NetName=GND Pin=S3-1
Added Pin To Net: NetName=GND Pin=S3-1
Added Pin To Net: NetName=GND Pin=S4-1
Added Pin To Net: NetName=GND Pin=S4-1
Added Pin To Net: NetName=GND Pin=U1-15
Added Pin To Net: NetName=GND Pin=u2-5
Added Pin To Net: NetName=GND Pin=u2-6
Added Pin To Net: NetName=GND Pin=u2-7
Added Pin To Net: NetName=GND Pin=u2-8
Added Pin To Net: NetName=GND Pin=u2-9
Added Pin To Net: NetName=GND Pin=u2-10
Added Pin To Net: NetName=GND Pin=u2-11
Added Pin To Net: NetName=GND Pin=u2-12
Added Pin To Net: NetName=GND Pin=u2-13
Added Pin To Net: NetName=GND Pin=U3-7
Added Pin To Net: NetName=GND Pin=VR1-1
Added Net: Name=GND
Added Pin To Net: NetName=IRQ Pin=P1-8
Added Pin To Net: NetName=IRQ Pin=P5-2
Added Pin To Net: NetName=IRQ Pin=U1-19
Added Net: Name=IRQ
Added Pin To Net: NetName=MISO Pin=P1-7
Added Pin To Net: NetName=MISO Pin=U1-12
Added Net: Name=MISO
Added Pin To Net: NetName=MOSI Pin=P1-6
Added Pin To Net: NetName=MOSI Pin=P4-4
Added Pin To Net: NetName=MOSI Pin=U1-13
Added Net: Name=MOSI
Added Pin To Net: NetName=NetBT1_1 Pin=BT1-1
Added Pin To Net: NetName=NetBT1_1 Pin=u2-14
Added Net: Name=NetBT1_1
Added Pin To Net: NetName=NetC4_1 Pin=C4-1
Added Pin To Net: NetName=NetC4_1 Pin=R6-1
Added Pin To Net: NetName=NetC4_1 Pin=S1-2
Added Pin To Net: NetName=NetC4_1 Pin=S1-2
Added Pin To Net: NetName=NetC4_1 Pin=U3-1
Added Net: Name=NetC4_1
Added Pin To Net: NetName=NetC5_1 Pin=C5-1
Added Pin To Net: NetName=NetC5_1 Pin=R7-1
Added Pin To Net: NetName=NetC5_1 Pin=S2-2
Added Pin To Net: NetName=NetC5_1 Pin=S2-2
Added Pin To Net: NetName=NetC5_1 Pin=U3-3
Added Net: Name=NetC5_1
Added Pin To Net: NetName=NetC6_1 Pin=C6-1
Added Pin To Net: NetName=NetC6_1 Pin=R8-1
Added Pin To Net: NetName=NetC6_1 Pin=S3-2
Added Pin To Net: NetName=NetC6_1 Pin=S3-2
Added Pin To Net: NetName=NetC6_1 Pin=U3-5
Added Net: Name=NetC6_1
Added Pin To Net: NetName=NetC7_1 Pin=C7-1
Added Pin To Net: NetName=NetC7_1 Pin=R9-1
Added Pin To Net: NetName=NetC7_1 Pin=S4-2
Added Pin To Net: NetName=NetC7_1 Pin=S4-2
Added Pin To Net: NetName=NetC7_1 Pin=U3-9
Added Net: Name=NetC7_1
Added Pin To Net: NetName=NetP2_2 Pin=P2-2
Added Pin To Net: NetName=NetP2_2 Pin=R1-1
Added Net: Name=NetP2_2
Added Pin To Net: NetName=NetR4_2 Pin=R4-2
Added Pin To Net: NetName=NetR4_2 Pin=u2-3
Added Net: Name=NetR4_2
Added Pin To Net: NetName=NetR5_1 Pin=R5-1
Added Pin To Net: NetName=NetR5_1 Pin=u2-1
Added Net: Name=NetR5_1
Added Pin To Net: NetName=NRST Pin=P5-4
Added Pin To Net: NetName=NRST Pin=R1-2
Added Pin To Net: NetName=NRST Pin=U1-4
Added Net: Name=NRST
Added Pin To Net: NetName=RST Pin=P4-1
Added Pin To Net: NetName=RST Pin=U1-10
Added Net: Name=RST
Added Pin To Net: NetName=SCK Pin=P1-5
Added Pin To Net: NetName=SCK Pin=P4-5
Added Pin To Net: NetName=SCK Pin=U1-11
Added Net: Name=SCK
Added Pin To Net: NetName=SDA Pin=R2-1
Added Pin To Net: NetName=SDA Pin=U1-2
Added Pin To Net: NetName=SDA Pin=u2-15
Added Net: Name=SDA
Added Pin To Net: NetName=SDL Pin=R3-1
Added Pin To Net: NetName=SDL Pin=U1-3
Added Pin To Net: NetName=SDL Pin=u2-16
Added Net: Name=SDL
Added Pin To Net: NetName=VCC Pin=U3-14
Added Net: Name=VCC
Added Class: Name=stm32f030_n5110
Added Room: Name=stm32f030_n5110
