Added Component: Designator=P1(Pin_header20_2_2)
Added Component: Designator=P2(Pin_header20_2_2)
Added Component: Designator=P3(Pin_header2_2.54)
Added Component: Designator=P4(Pin_header2_2.54)
Added Component: Designator=P5(lcd_pin_header13_2_40)
Added Component: Designator=R1(0805_1)
Added Component: Designator=R2(0805_1)
Added Pin To Net: NetName=+5 Pin=P1-1
Added Pin To Net: NetName=+5 Pin=P2-1
Added Pin To Net: NetName=+5 Pin=P3-2
Added Pin To Net: NetName=+5 Pin=P5-19
Added Net: Name=+5
Added Pin To Net: NetName=3V3 Pin=P1-3
Added Pin To Net: NetName=3V3 Pin=P1-4
Added Pin To Net: NetName=3V3 Pin=P1-36
Added Pin To Net: NetName=3V3 Pin=P2-3
Added Pin To Net: NetName=3V3 Pin=P2-36
Added Pin To Net: NetName=3V3 Pin=P4-2
Added Pin To Net: NetName=3V3 Pin=P5-2
Added Pin To Net: NetName=3V3 Pin=R1-1
Added Pin To Net: NetName=3V3 Pin=R2-1
Added Net: Name=3V3
Added Pin To Net: NetName=AD0 Pin=P2-80
Added Pin To Net: NetName=AD0 Pin=P5-21
Added Net: Name=AD0
Added Pin To Net: NetName=AD1 Pin=P2-79
Added Pin To Net: NetName=AD1 Pin=P5-22
Added Net: Name=AD1
Added Pin To Net: NetName=AD2 Pin=P2-78
Added Pin To Net: NetName=AD2 Pin=P5-23
Added Net: Name=AD2
Added Pin To Net: NetName=AD3 Pin=P2-77
Added Pin To Net: NetName=AD3 Pin=P5-24
Added Net: Name=AD3
Added Pin To Net: NetName=AD4 Pin=P2-76
Added Pin To Net: NetName=AD4 Pin=P5-25
Added Net: Name=AD4
Added Pin To Net: NetName=AD5 Pin=P2-75
Added Pin To Net: NetName=AD5 Pin=P5-26
Added Net: Name=AD5
Added Pin To Net: NetName=AD6 Pin=P2-74
Added Pin To Net: NetName=AD6 Pin=P5-27
Added Net: Name=AD6
Added Pin To Net: NetName=AD7 Pin=P2-73
Added Pin To Net: NetName=AD7 Pin=P5-28
Added Net: Name=AD7
Added Pin To Net: NetName=AD8 Pin=P1-72
Added Pin To Net: NetName=AD8 Pin=P5-7
Added Net: Name=AD8
Added Pin To Net: NetName=AD9 Pin=P1-71
Added Pin To Net: NetName=AD9 Pin=P5-8
Added Net: Name=AD9
Added Pin To Net: NetName=AD10 Pin=P1-70
Added Pin To Net: NetName=AD10 Pin=P5-9
Added Net: Name=AD10
Added Pin To Net: NetName=AD11 Pin=P1-69
Added Pin To Net: NetName=AD11 Pin=P5-10
Added Net: Name=AD11
Added Pin To Net: NetName=AD12 Pin=P1-68
Added Pin To Net: NetName=AD12 Pin=P5-11
Added Net: Name=AD12
Added Pin To Net: NetName=AD13 Pin=P1-67
Added Pin To Net: NetName=AD13 Pin=P5-12
Added Net: Name=AD13
Added Pin To Net: NetName=AD14 Pin=P1-66
Added Pin To Net: NetName=AD14 Pin=P5-13
Added Net: Name=AD14
Added Pin To Net: NetName=AD15 Pin=P2-66
Added Pin To Net: NetName=AD15 Pin=P5-14
Added Net: Name=AD15
Added Pin To Net: NetName=CLK1 Pin=P2-7
Added Pin To Net: NetName=CLK1 Pin=P5-29
Added Pin To Net: NetName=CLK1 Pin=P5-36
Added Net: Name=CLK1
Added Pin To Net: NetName=CS_LCD Pin=P2-64
Added Pin To Net: NetName=CS_LCD Pin=P5-15
Added Net: Name=CS_LCD
Added Pin To Net: NetName=CS_SD Pin=P2-22
Added Pin To Net: NetName=CS_SD Pin=P5-38
Added Net: Name=CS_SD
Added Pin To Net: NetName=CS_T Pin=P2-9
Added Pin To Net: NetName=CS_T Pin=P5-30
Added Net: Name=CS_T
Added Pin To Net: NetName=GND Pin=P1-2
Added Pin To Net: NetName=GND Pin=P1-5
Added Pin To Net: NetName=GND Pin=P1-6
Added Pin To Net: NetName=GND Pin=P1-31
Added Pin To Net: NetName=GND Pin=P1-49
Added Pin To Net: NetName=GND Pin=P1-65
Added Pin To Net: NetName=GND Pin=P2-2
Added Pin To Net: NetName=GND Pin=P2-5
Added Pin To Net: NetName=GND Pin=P2-6
Added Pin To Net: NetName=GND Pin=P2-26
Added Pin To Net: NetName=GND Pin=P2-49
Added Pin To Net: NetName=GND Pin=P2-65
Added Pin To Net: NetName=GND Pin=P3-1
Added Pin To Net: NetName=GND Pin=P4-1
Added Pin To Net: NetName=GND Pin=P5-1
Added Net: Name=GND
Added Pin To Net: NetName=MISO1 Pin=P2-11
Added Pin To Net: NetName=MISO1 Pin=P5-33
Added Pin To Net: NetName=MISO1 Pin=P5-35
Added Net: Name=MISO1
Added Pin To Net: NetName=MOSI1 Pin=P2-10
Added Pin To Net: NetName=MOSI1 Pin=P5-31
Added Pin To Net: NetName=MOSI1 Pin=P5-37
Added Net: Name=MOSI1
Added Pin To Net: NetName=NetP5_17 Pin=P5-17
Added Pin To Net: NetName=NetP5_17 Pin=R1-2
Added Net: Name=NetP5_17
Added Pin To Net: NetName=RD Pin=P5-6
Added Pin To Net: NetName=RD Pin=R2-2
Added Net: Name=RD
Added Pin To Net: NetName=RS Pin=P2-67
Added Pin To Net: NetName=RS Pin=P5-4
Added Net: Name=RS
Added Pin To Net: NetName=WR Pin=P2-71
Added Pin To Net: NetName=WR Pin=P5-5
Added Net: Name=WR
Added Class: Name=Tower_lcd
Added Room: Name=Tower_lcd
