Added Component: Designator=C1(1206)
Added Component: Designator=C2(1206)
Added Component: Designator=C3(1206)
Added Component: Designator=C4(1206)
Added Component: Designator=C5(1206)
Added Component: Designator=C6(1206)
Added Component: Designator=P1(Pin_header8_2.54)
Added Component: Designator=R1(1206)
Added Component: Designator=R2(1206)
Added Component: Designator=R3(1206)
Added Component: Designator=R4(1206)
Added Component: Designator=R5(1206)
Added Component: Designator=R6(1206)
Added Component: Designator=S1(TAKT-KEY)
Added Component: Designator=S2(TAKT-KEY)
Added Component: Designator=S3(TAKT-KEY)
Added Component: Designator=S4(TAKT-KEY)
Added Component: Designator=S5(TAKT-KEY)
Added Component: Designator=S6(TAKT-KEY)
Added Component: Designator=U1(D014_M)
Added Pin To Net: NetName=GND Pin=C1-1
Added Pin To Net: NetName=NetC1_2 Pin=C1-2
Added Pin To Net: NetName=GND Pin=C2-1
Added Pin To Net: NetName=NetC2_2 Pin=C2-2
Added Pin To Net: NetName=GND Pin=C3-1
Added Pin To Net: NetName=NetC3_2 Pin=C3-2
Added Pin To Net: NetName=GND Pin=C4-1
Added Pin To Net: NetName=NetC4_2 Pin=C4-2
Added Pin To Net: NetName=GND Pin=C5-1
Added Pin To Net: NetName=NetC5_2 Pin=C5-2
Added Pin To Net: NetName=GND Pin=C6-1
Added Pin To Net: NetName=NetC6_2 Pin=C6-2
Added Pin To Net: NetName=GND Pin=P1-1
Added Pin To Net: NetName=NetP1_2 Pin=P1-2
Added Pin To Net: NetName=NetP1_3 Pin=P1-3
Added Pin To Net: NetName=NetP1_4 Pin=P1-4
Added Pin To Net: NetName=NetP1_5 Pin=P1-5
Added Pin To Net: NetName=NetP1_6 Pin=P1-6
Added Pin To Net: NetName=NetP1_7 Pin=P1-7
Added Pin To Net: NetName=VCC Pin=P1-8
Added Pin To Net: NetName=NetC1_2 Pin=R1-1
Added Pin To Net: NetName=VCC Pin=R1-2
Added Pin To Net: NetName=VCC Pin=R2-1
Added Pin To Net: NetName=NetC2_2 Pin=R2-2
Added Pin To Net: NetName=VCC Pin=R3-1
Added Pin To Net: NetName=NetC3_2 Pin=R3-2
Added Pin To Net: NetName=VCC Pin=R4-1
Added Pin To Net: NetName=NetC4_2 Pin=R4-2
Added Pin To Net: NetName=VCC Pin=R5-1
Added Pin To Net: NetName=NetC5_2 Pin=R5-2
Added Pin To Net: NetName=VCC Pin=R6-1
Added Pin To Net: NetName=NetC6_2 Pin=R6-2
Added Pin To Net: NetName=GND Pin=S1-1
Added Pin To Net: NetName=GND Pin=S1-1
Added Pin To Net: NetName=NetC1_2 Pin=S1-2
Added Pin To Net: NetName=NetC1_2 Pin=S1-2
Added Pin To Net: NetName=GND Pin=S2-1
Added Pin To Net: NetName=GND Pin=S2-1
Added Pin To Net: NetName=NetC2_2 Pin=S2-2
Added Pin To Net: NetName=NetC2_2 Pin=S2-2
Added Pin To Net: NetName=GND Pin=S3-1
Added Pin To Net: NetName=GND Pin=S3-1
Added Pin To Net: NetName=NetC3_2 Pin=S3-2
Added Pin To Net: NetName=NetC3_2 Pin=S3-2
Added Pin To Net: NetName=GND Pin=S4-1
Added Pin To Net: NetName=GND Pin=S4-1
Added Pin To Net: NetName=NetC4_2 Pin=S4-2
Added Pin To Net: NetName=NetC4_2 Pin=S4-2
Added Pin To Net: NetName=GND Pin=S5-1
Added Pin To Net: NetName=GND Pin=S5-1
Added Pin To Net: NetName=NetC5_2 Pin=S5-2
Added Pin To Net: NetName=NetC5_2 Pin=S5-2
Added Pin To Net: NetName=GND Pin=S6-1
Added Pin To Net: NetName=GND Pin=S6-1
Added Pin To Net: NetName=NetC6_2 Pin=S6-2
Added Pin To Net: NetName=NetC6_2 Pin=S6-2
Added Pin To Net: NetName=NetC1_2 Pin=U1-1
Added Pin To Net: NetName=NetP1_6 Pin=U1-2
Added Pin To Net: NetName=NetC2_2 Pin=U1-3
Added Pin To Net: NetName=NetP1_7 Pin=U1-4
Added Pin To Net: NetName=NetC3_2 Pin=U1-5
Added Pin To Net: NetName=NetP1_2 Pin=U1-6
Added Pin To Net: NetName=GND Pin=U1-7
Added Pin To Net: NetName=NetP1_3 Pin=U1-8
Added Pin To Net: NetName=NetC4_2 Pin=U1-9
Added Pin To Net: NetName=NetP1_4 Pin=U1-10
Added Pin To Net: NetName=NetC5_2 Pin=U1-11
Added Pin To Net: NetName=NetP1_5 Pin=U1-12
Added Pin To Net: NetName=NetC6_2 Pin=U1-13
Added Pin To Net: NetName=VCC Pin=U1-14
Added Member To Class: ClassName=Sheet1 Member=Component C1 Cap 0.1uf
Added Member To Class: ClassName=Sheet1 Member=Component C2 Cap 0.1uf
Added Member To Class: ClassName=Sheet1 Member=Component C3 Cap 0.1uf
Added Member To Class: ClassName=Sheet1 Member=Component C4 Cap 0.1uf
Added Member To Class: ClassName=Sheet1 Member=Component C5 Cap 0.1uf
Added Member To Class: ClassName=Sheet1 Member=Component C6 Cap 0.1uf
Added Member To Class: ClassName=Sheet1 Member=Component P1 Pin header 8
Added Member To Class: ClassName=Sheet1 Member=Component R1 Res 10K
Added Member To Class: ClassName=Sheet1 Member=Component R2 Res 10K
Added Member To Class: ClassName=Sheet1 Member=Component R3 Res 10K
Added Member To Class: ClassName=Sheet1 Member=Component R4 Res 10K
Added Member To Class: ClassName=Sheet1 Member=Component R5 Res 10K
Added Member To Class: ClassName=Sheet1 Member=Component R6 Res 10K
Added Member To Class: ClassName=Sheet1 Member=Component S1 SW_TAKT
Added Member To Class: ClassName=Sheet1 Member=Component S2 SW_TAKT
Added Member To Class: ClassName=Sheet1 Member=Component S3 SW_TAKT
Added Member To Class: ClassName=Sheet1 Member=Component S4 SW_TAKT
Added Member To Class: ClassName=Sheet1 Member=Component S5 SW_TAKT
Added Member To Class: ClassName=Sheet1 Member=Component S6 SW_TAKT
Added Member To Class: ClassName=Sheet1 Member=Component U1 SN74HC14D
Added Room: Name=Sheet1
