Removed Pin From Net: NetName=D1 Pin=U1-1
Removed Pin From Net: NetName=D0 Pin=U1-2
Removed Pin From Net: NetName=D7 Pin=U1-16
Removed Pin From Net: NetName=D6 Pin=U1-17
Removed Pin From Net: NetName=D5 Pin=U1-18
Removed Pin From Net: NetName=BEEPER Pin=U1-19
Removed Pin From Net: NetName=FAN Pin=U1-20
Removed Pin From Net: NetName=D4 Pin=U1-29
Removed Pin From Net: NetName=D3 Pin=U1-30
Removed Pin From Net: NetName=D2 Pin=U1-31
Added Pin To Net: NetName=FAN Pin=U1-1
Added Pin To Net: NetName=BEEPER Pin=U1-2
Added Pin To Net: NetName=D7 Pin=U1-9
Added Pin To Net: NetName=D6 Pin=U1-10
Added Pin To Net: NetName=D5 Pin=U1-12
Added Pin To Net: NetName=D4 Pin=U1-13
Added Pin To Net: NetName=D3 Pin=U1-21
Added Pin To Net: NetName=D2 Pin=U1-22
Added Pin To Net: NetName=D1 Pin=U1-23
Added Pin To Net: NetName=D0 Pin=U1-24
Added Room: Name=mke04_heatGun
