Added Component: Designator=C1(0805_C)
Added Component: Designator=C2(0805_C)
Added Component: Designator=C3(0805_C)
Added Component: Designator=C4(0805_C)
Added Component: Designator=C5(0805_C)
Added Component: Designator=C6(0805_C)
Added Component: Designator=C7(0805_C)
Added Component: Designator=C8(0805_C)
Added Component: Designator=C9(CAPR1000-500X1300X1100)
Added Component: Designator=C10(0805_C)
Added Component: Designator=C11(0805_C)
Added Component: Designator=C12(0805_C)
Added Component: Designator=C13(0805_C)
Added Component: Designator=C14(0805_C)
Added Component: Designator=C15(0805_C)
Added Component: Designator=D1(0805_R)
Added Component: Designator=D2(DO-41)
Added Component: Designator=LCD1(LCD1602)
Added Component: Designator=LS1(Beeper)
Added Component: Designator=P1(Pin_header_4P_2.54_M)
Added Component: Designator=P2(PHOENIX_1715734)
Added Component: Designator=P3(PHOENIX_1715734)
Added Component: Designator=P4(PIN_HEADER_2_5.08)
Added Component: Designator=P5(Pin_header_4P_2.54_M)
Added Component: Designator=Q1(SOT23)
Added Component: Designator=Q2(SOT23)
Added Component: Designator=Q3(TO-220-v)
Added Component: Designator=Q4(SOT23)
Added Component: Designator=R1(0805_R)
Added Component: Designator=R2(1206_R)
Added Component: Designator=R3(0805_R)
Added Component: Designator=R4(0805_R)
Added Component: Designator=R5(0805_R)
Added Component: Designator=R6(0805_R)
Added Component: Designator=R7(1206_R)
Added Component: Designator=R8(1206_R)
Added Component: Designator=R9(2512_S)
Added Component: Designator=R10(2512_S)
Added Component: Designator=R11(2512_S)
Added Component: Designator=R12(0805_R)
Added Component: Designator=R13(0805_R)
Added Component: Designator=R14(0805_R)
Added Component: Designator=R15(0805_R)
Added Component: Designator=R16(0805_R)
Added Component: Designator=R17(1206_R)
Added Component: Designator=R18(TRIM_BOURNS_3266W)
Added Component: Designator=R19(0805_R)
Added Component: Designator=R20(0805_R)
Added Component: Designator=R21(0805_R)
Added Component: Designator=R22(0805_R)
Added Component: Designator=R23(0805_R)
Added Component: Designator=R24(1206_R)
Added Component: Designator=R25(1206_R)
Added Component: Designator=R26(TRIM_BOURNS_3266W)
Added Component: Designator=U1(QFP80P1390X1390X245-44N)
Added Component: Designator=U2(DIP6-300)
Added Component: Designator=U3(SOIC127_8)
Added Component: Designator=X1(XTAL_HC-49/S)
Added Pin To Net: NetName=32V Pin=D2-1
Added Pin To Net: NetName=32V Pin=P2-1
Added Net: Name=32V
Added Pin To Net: NetName=BEEPER Pin=R5-1
Added Pin To Net: NetName=BEEPER Pin=R6-2
Added Pin To Net: NetName=BEEPER Pin=U1-19
Added Net: Name=BEEPER
Added Pin To Net: NetName=BEEP Pin=LS1-2
Added Pin To Net: NetName=BEEP Pin=Q2-3
Added Net: Name=BEEP
Added Pin To Net: NetName=D0 Pin=LCD1-7
Added Pin To Net: NetName=D0 Pin=U1-2
Added Net: Name=D0
Added Pin To Net: NetName=D1 Pin=LCD1-8
Added Pin To Net: NetName=D1 Pin=U1-1
Added Net: Name=D1
Added Pin To Net: NetName=D2 Pin=LCD1-9
Added Pin To Net: NetName=D2 Pin=U1-31
Added Net: Name=D2
Added Pin To Net: NetName=D3 Pin=LCD1-10
Added Pin To Net: NetName=D3 Pin=U1-30
Added Net: Name=D3
Added Pin To Net: NetName=D4 Pin=LCD1-11
Added Pin To Net: NetName=D4 Pin=U1-29
Added Net: Name=D4
Added Pin To Net: NetName=D5 Pin=LCD1-12
Added Pin To Net: NetName=D5 Pin=U1-18
Added Net: Name=D5
Added Pin To Net: NetName=D6 Pin=LCD1-13
Added Pin To Net: NetName=D6 Pin=U1-17
Added Net: Name=D6
Added Pin To Net: NetName=D7 Pin=LCD1-14
Added Pin To Net: NetName=D7 Pin=U1-16
Added Net: Name=D7
Added Pin To Net: NetName=ENC+ Pin=C10-2
Added Pin To Net: NetName=ENC+ Pin=P5-1
Added Pin To Net: NetName=ENC+ Pin=R14-1
Added Pin To Net: NetName=ENC+ Pin=U1-37
Added Net: Name=ENC+
Added Pin To Net: NetName=ENC- Pin=C11-2
Added Pin To Net: NetName=ENC- Pin=P5-2
Added Pin To Net: NetName=ENC- Pin=R15-1
Added Pin To Net: NetName=ENC- Pin=U1-36
Added Net: Name=ENC-
Added Pin To Net: NetName=ENC_BUTTON Pin=C12-2
Added Pin To Net: NetName=ENC_BUTTON Pin=P5-3
Added Pin To Net: NetName=ENC_BUTTON Pin=R16-1
Added Pin To Net: NetName=ENC_BUTTON Pin=U1-35
Added Net: Name=ENC_BUTTON
Added Pin To Net: NetName=E Pin=LCD1-6
Added Pin To Net: NetName=E Pin=U1-39
Added Net: Name=E
Added Pin To Net: NetName=FAN Pin=R12-1
Added Pin To Net: NetName=FAN Pin=R13-2
Added Pin To Net: NetName=FAN Pin=U1-20
Added Net: Name=FAN
Added Pin To Net: NetName=FASE Pin=P4-1
Added Pin To Net: NetName=FASE Pin=Q3-2
Added Pin To Net: NetName=FASE Pin=R9-2
Added Pin To Net: NetName=FASE Pin=R10-2
Added Net: Name=FASE
Added Pin To Net: NetName=GND Pin=C1-1
Added Pin To Net: NetName=GND Pin=C2-1
Added Pin To Net: NetName=GND Pin=C3-1
Added Pin To Net: NetName=GND Pin=C4-1
Added Pin To Net: NetName=GND Pin=C5-1
Added Pin To Net: NetName=GND Pin=C6-1
Added Pin To Net: NetName=GND Pin=C7-2
Added Pin To Net: NetName=GND Pin=C8-1
Added Pin To Net: NetName=GND Pin=C10-1
Added Pin To Net: NetName=GND Pin=C11-1
Added Pin To Net: NetName=GND Pin=C12-1
Added Pin To Net: NetName=GND Pin=C13-2
Added Pin To Net: NetName=GND Pin=C14-2
Added Pin To Net: NetName=GND Pin=C15-1
Added Pin To Net: NetName=GND Pin=LCD1-1
Added Pin To Net: NetName=GND Pin=LCD1-16
Added Pin To Net: NetName=GND Pin=P1-4
Added Pin To Net: NetName=GND Pin=P2-3
Added Pin To Net: NetName=GND Pin=P3-3
Added Pin To Net: NetName=GND Pin=P5-4
Added Pin To Net: NetName=GND Pin=Q1-2
Added Pin To Net: NetName=GND Pin=Q2-2
Added Pin To Net: NetName=GND Pin=Q4-2
Added Pin To Net: NetName=GND Pin=R4-1
Added Pin To Net: NetName=GND Pin=R6-1
Added Pin To Net: NetName=GND Pin=R13-1
Added Pin To Net: NetName=GND Pin=R25-1
Added Pin To Net: NetName=GND Pin=R26-3
Added Pin To Net: NetName=GND Pin=U1-7
Added Pin To Net: NetName=GND Pin=U1-8
Added Pin To Net: NetName=GND Pin=U1-27
Added Pin To Net: NetName=GND Pin=U3-4
Added Net: Name=GND
Added Pin To Net: NetName=HEATER Pin=R3-1
Added Pin To Net: NetName=HEATER Pin=R4-2
Added Pin To Net: NetName=HEATER Pin=U1-4
Added Net: Name=HEATER
Added Pin To Net: NetName=LOAD_FUN Pin=D2-2
Added Pin To Net: NetName=LOAD_FUN Pin=P2-2
Added Pin To Net: NetName=LOAD_FUN Pin=Q4-3
Added Net: Name=LOAD_FUN
Added Pin To Net: NetName=LOAD Pin=C9-1
Added Pin To Net: NetName=LOAD Pin=P4-2
Added Pin To Net: NetName=LOAD Pin=Q3-1
Added Pin To Net: NetName=LOAD Pin=R11-2
Added Net: Name=LOAD
Added Pin To Net: NetName=NetC7_1 Pin=C7-1
Added Pin To Net: NetName=NetC7_1 Pin=R7-2
Added Pin To Net: NetName=NetC7_1 Pin=U1-10
Added Pin To Net: NetName=NetC7_1 Pin=X1-2
Added Net: Name=NetC7_1
Added Pin To Net: NetName=NetC8_2 Pin=C8-2
Added Pin To Net: NetName=NetC8_2 Pin=R7-1
Added Pin To Net: NetName=NetC8_2 Pin=U1-9
Added Pin To Net: NetName=NetC8_2 Pin=X1-1
Added Net: Name=NetC8_2
Added Pin To Net: NetName=NetC9_2 Pin=C9-2
Added Pin To Net: NetName=NetC9_2 Pin=R10-1
Added Net: Name=NetC9_2
Added Pin To Net: NetName=NetC15_2 Pin=C15-2
Added Pin To Net: NetName=NetC15_2 Pin=R22-1
Added Pin To Net: NetName=NetC15_2 Pin=U3-3
Added Net: Name=NetC15_2
Added Pin To Net: NetName=NetD1_1 Pin=D1-1
Added Pin To Net: NetName=NetD1_1 Pin=R1-1
Added Net: Name=NetD1_1
Added Pin To Net: NetName=NetLCD1_15 Pin=LCD1-15
Added Pin To Net: NetName=NetLCD1_15 Pin=R24-2
Added Net: Name=NetLCD1_15
Added Pin To Net: NetName=NetLS1_1 Pin=LS1-1
Added Pin To Net: NetName=NetLS1_1 Pin=R2-1
Added Net: Name=NetLS1_1
Added Pin To Net: NetName=NetQ1_1 Pin=Q1-1
Added Pin To Net: NetName=NetQ1_1 Pin=R3-2
Added Net: Name=NetQ1_1
Added Pin To Net: NetName=NetQ2_1 Pin=Q2-1
Added Pin To Net: NetName=NetQ2_1 Pin=R5-2
Added Net: Name=NetQ2_1
Added Pin To Net: NetName=NetQ3_3 Pin=Q3-3
Added Pin To Net: NetName=NetQ3_3 Pin=R11-1
Added Pin To Net: NetName=NetQ3_3 Pin=U2-4
Added Net: Name=NetQ3_3
Added Pin To Net: NetName=NetQ4_1 Pin=Q4-1
Added Pin To Net: NetName=NetQ4_1 Pin=R12-2
Added Net: Name=NetQ4_1
Added Pin To Net: NetName=NetR8_2 Pin=R8-2
Added Pin To Net: NetName=NetR8_2 Pin=U2-1
Added Net: Name=NetR8_2
Added Pin To Net: NetName=NetR9_1 Pin=R9-1
Added Pin To Net: NetName=NetR9_1 Pin=U2-6
Added Net: Name=NetR9_1
Added Pin To Net: NetName=NetR17_1 Pin=R17-1
Added Pin To Net: NetName=NetR17_1 Pin=R25-2
Added Pin To Net: NetName=NetR17_1 Pin=U3-2
Added Net: Name=NetR17_1
Added Pin To Net: NetName=NetR17_2 Pin=R17-2
Added Pin To Net: NetName=NetR17_2 Pin=R18-3
Added Net: Name=NetR17_2
Added Pin To Net: NetName=NetR18_1 Pin=R18-1
Added Pin To Net: NetName=NetR18_1 Pin=R18-2
Added Pin To Net: NetName=NetR18_1 Pin=R21-2
Added Pin To Net: NetName=NetR18_1 Pin=U3-1
Added Net: Name=NetR18_1
Added Pin To Net: NetName=RESET Pin=P1-3
Added Pin To Net: NetName=RESET Pin=U1-43
Added Net: Name=RESET
Added Pin To Net: NetName=RS Pin=LCD1-4
Added Pin To Net: NetName=RS Pin=U1-41
Added Net: Name=RS
Added Pin To Net: NetName=RW Pin=LCD1-5
Added Pin To Net: NetName=RW Pin=U1-40
Added Net: Name=RW
Added Pin To Net: NetName=SWDCLK Pin=P1-1
Added Pin To Net: NetName=SWDCLK Pin=U1-42
Added Net: Name=SWDCLK
Added Pin To Net: NetName=SWDIO Pin=P1-2
Added Pin To Net: NetName=SWDIO Pin=R19-1
Added Pin To Net: NetName=SWDIO Pin=U1-44
Added Net: Name=SWDIO
Added Pin To Net: NetName=TC Pin=C14-1
Added Pin To Net: NetName=TC Pin=R21-1
Added Pin To Net: NetName=TC Pin=U1-15
Added Net: Name=TC
Added Pin To Net: NetName=TEMP Pin=P3-2
Added Pin To Net: NetName=TEMP Pin=R20-2
Added Pin To Net: NetName=TEMP Pin=R22-2
Added Net: Name=TEMP
Added Pin To Net: NetName=TILT_SENSOR Pin=P3-1
Added Pin To Net: NetName=TILT_SENSOR Pin=R23-1
Added Pin To Net: NetName=TILT_SENSOR Pin=U1-38
Added Net: Name=TILT_SENSOR
Added Pin To Net: NetName=TRIAC Pin=D1-2
Added Pin To Net: NetName=TRIAC Pin=Q1-3
Added Pin To Net: NetName=TRIAC Pin=U2-2
Added Net: Name=TRIAC
Added Pin To Net: NetName=VDD Pin=C1-2
Added Pin To Net: NetName=VDD Pin=C2-2
Added Pin To Net: NetName=VDD Pin=C3-2
Added Pin To Net: NetName=VDD Pin=C4-2
Added Pin To Net: NetName=VDD Pin=C5-2
Added Pin To Net: NetName=VDD Pin=C6-2
Added Pin To Net: NetName=VDD Pin=C13-1
Added Pin To Net: NetName=VDD Pin=LCD1-2
Added Pin To Net: NetName=VDD Pin=R1-2
Added Pin To Net: NetName=VDD Pin=R2-2
Added Pin To Net: NetName=VDD Pin=R8-1
Added Pin To Net: NetName=VDD Pin=R14-2
Added Pin To Net: NetName=VDD Pin=R15-2
Added Pin To Net: NetName=VDD Pin=R16-2
Added Pin To Net: NetName=VDD Pin=R19-2
Added Pin To Net: NetName=VDD Pin=R20-1
Added Pin To Net: NetName=VDD Pin=R23-2
Added Pin To Net: NetName=VDD Pin=R24-1
Added Pin To Net: NetName=VDD Pin=R26-1
Added Pin To Net: NetName=VDD Pin=U1-5
Added Pin To Net: NetName=VDD Pin=U1-6
Added Pin To Net: NetName=VDD Pin=U1-28
Added Pin To Net: NetName=VDD Pin=U3-8
Added Net: Name=VDD
Added Pin To Net: NetName=VO Pin=LCD1-3
Added Pin To Net: NetName=VO Pin=R26-2
Added Net: Name=VO
Added Class: Name=mke04_heatGun
Added Room: Name=mke04_heatGun
