Removed Pin From Net: NetName=+5 Pin=C1-1
Removed Pin From Net: NetName=GND Pin=C1-2
Removed Pin From Net: NetName=GND Pin=C2-2
Removed Pin From Net: NetName=GND Pin=C3-1
Removed Pin From Net: NetName=+5 Pin=C3-2
Removed Pin From Net: NetName=GND Pin=C4-1
Removed Pin From Net: NetName=GND Pin=VR1-1
Removed Pin From Net: NetName=+5 Pin=VR1-3
Removed Member From Class: ClassName=stm8_triac_nrf24l01 Member=C1
Removed Member From Class: ClassName=stm8_triac_nrf24l01 Member=C2
Removed Member From Class: ClassName=stm8_triac_nrf24l01 Member=C3
Removed Member From Class: ClassName=stm8_triac_nrf24l01 Member=C4
Removed Member From Class: ClassName=stm8_triac_nrf24l01 Member=VR1
Added Component: Designator=P6(DC_5.5_2.1)
Added Component: Designator=T1(POWER SUPPLY)
Added Pin To Net: NetName=+5 Pin=P6-1
Added Pin To Net: NetName=GND Pin=P6-2
Added Pin To Net: NetName=N Pin=T1-1
Added Pin To Net: NetName=FASE Pin=T1-2
Added Pin To Net: NetName=GND Pin=T1-4
Added Pin To Net: NetName=NetD8_2 Pin=D8-2
Added Pin To Net: NetName=NetD8_2 Pin=T1-3
Added Net: Name=NetD8_2
Added Member To Class: ClassName=stm8_triac_nrf24l01 Member=Component P6 DC jack 5.5-2.1
Added Member To Class: ClassName=stm8_triac_nrf24l01 Member=Component T1 POWER SUPPLY
Added Room: Name=stm8_triac_nrf24l01
