Added Component: Designator=C1(0805_1)
Added Component: Designator=C2(0805_1)
Added Component: Designator=C3(0805_1)
Added Component: Designator=C4(0805_1)
Added Component: Designator=C5(0805_1)
Added Component: Designator=P1(Pin_header2_2.54)
Added Component: Designator=P2(Pin_header2_2.54)
Added Component: Designator=P3(Pin_header2_2.54)
Added Component: Designator=P4(Pin_header2_2.54)
Added Component: Designator=R1(1206)
Added Component: Designator=R2(VR4_1)
Added Component: Designator=R3(0805_1)
Added Component: Designator=R4(0805_1)
Added Component: Designator=R5(0805_1)
Added Component: Designator=R6(1206)
Added Component: Designator=R7(1206)
Added Component: Designator=R8(VR4_1)
Added Component: Designator=R9(0805_1)
Added Component: Designator=R10(0805_1)
Added Component: Designator=R11(0805_1)
Added Component: Designator=R12(1206)
Added Component: Designator=U1(D008_M)
Added Pin To Net: NetName=AMP1 Pin=C4-1
Added Pin To Net: NetName=AMP1 Pin=P3-2
Added Pin To Net: NetName=AMP1 Pin=R10-2
Added Net: Name=AMP1
Added Pin To Net: NetName=AMP2 Pin=C1-1
Added Pin To Net: NetName=AMP2 Pin=P3-1
Added Pin To Net: NetName=AMP2 Pin=R4-2
Added Net: Name=AMP2
Added Pin To Net: NetName=GND Pin=C1-2
Added Pin To Net: NetName=GND Pin=C2-1
Added Pin To Net: NetName=GND Pin=C3-2
Added Pin To Net: NetName=GND Pin=C4-2
Added Pin To Net: NetName=GND Pin=C5-1
Added Pin To Net: NetName=GND Pin=P1-2
Added Pin To Net: NetName=GND Pin=P2-2
Added Pin To Net: NetName=GND Pin=P4-2
Added Pin To Net: NetName=GND Pin=R7-1
Added Pin To Net: NetName=GND Pin=R12-1
Added Pin To Net: NetName=GND Pin=U1-4
Added Net: Name=GND
Added Pin To Net: NetName=NetC2_2 Pin=C2-2
Added Pin To Net: NetName=NetC2_2 Pin=R5-2
Added Pin To Net: NetName=NetC2_2 Pin=U1-3
Added Net: Name=NetC2_2
Added Pin To Net: NetName=NetC5_2 Pin=C5-2
Added Pin To Net: NetName=NetC5_2 Pin=R11-2
Added Pin To Net: NetName=NetC5_2 Pin=U1-5
Added Net: Name=NetC5_2
Added Pin To Net: NetName=NetP2_1 Pin=P2-1
Added Pin To Net: NetName=NetP2_1 Pin=R3-2
Added Pin To Net: NetName=NetP2_1 Pin=R5-1
Added Net: Name=NetP2_1
Added Pin To Net: NetName=NetP4_1 Pin=P4-1
Added Pin To Net: NetName=NetP4_1 Pin=R9-2
Added Pin To Net: NetName=NetP4_1 Pin=R11-1
Added Net: Name=NetP4_1
Added Pin To Net: NetName=NetR1_1 Pin=R1-1
Added Pin To Net: NetName=NetR1_1 Pin=R7-2
Added Pin To Net: NetName=NetR1_1 Pin=U1-2
Added Net: Name=NetR1_1
Added Pin To Net: NetName=NetR1_2 Pin=R1-2
Added Pin To Net: NetName=NetR1_2 Pin=R2-3
Added Net: Name=NetR1_2
Added Pin To Net: NetName=NetR2_1 Pin=R2-1
Added Pin To Net: NetName=NetR2_1 Pin=R2-2
Added Pin To Net: NetName=NetR2_1 Pin=R4-1
Added Pin To Net: NetName=NetR2_1 Pin=U1-1
Added Net: Name=NetR2_1
Added Pin To Net: NetName=NetR6_1 Pin=R6-1
Added Pin To Net: NetName=NetR6_1 Pin=R12-2
Added Pin To Net: NetName=NetR6_1 Pin=U1-6
Added Net: Name=NetR6_1
Added Pin To Net: NetName=NetR6_2 Pin=R6-2
Added Pin To Net: NetName=NetR6_2 Pin=R8-3
Added Net: Name=NetR6_2
Added Pin To Net: NetName=NetR8_1 Pin=R8-1
Added Pin To Net: NetName=NetR8_1 Pin=R8-2
Added Pin To Net: NetName=NetR8_1 Pin=R10-1
Added Pin To Net: NetName=NetR8_1 Pin=U1-7
Added Net: Name=NetR8_1
Added Pin To Net: NetName=VCC Pin=C3-1
Added Pin To Net: NetName=VCC Pin=P1-1
Added Pin To Net: NetName=VCC Pin=R3-1
Added Pin To Net: NetName=VCC Pin=R9-1
Added Pin To Net: NetName=VCC Pin=U1-8
Added Net: Name=VCC
Added Class: Name=ampflier_lm358
Added Room: Name=ampflier_lm358
