Added Component: Designator=C5(1206)
Added Component: Designator=C6(1206)
Added Component: Designator=C6(1206)
Added Component: Designator=C6(1206)
Added Component: Designator=C6(1206)
Added Component: Designator=C6(1206)
Added Component: Designator=P1(Pin_header8_2.54)
Added Component: Designator=R1(1206)
Added Component: Designator=R2(1206)
Added Component: Designator=R3(1206)
Added Component: Designator=R4(1206)
Added Component: Designator=R5(1206)
Added Component: Designator=R6(1206)
Added Component: Designator=S1(TAKT-KEY)
Added Component: Designator=S2(TAKT-KEY)
Added Component: Designator=S3(TAKT-KEY)
Added Component: Designator=S4(TAKT-KEY)
Added Component: Designator=S5(TAKT-KEY)
Added Component: Designator=S6(TAKT-KEY)
Added Component: Designator=U1(D014_N)
Added Pin To Net: NetName=GND Pin=C5-1
Added Pin To Net: NetName=GND Pin=C6-1
Added Pin To Net: NetName=GND Pin=C6-1
Added Pin To Net: NetName=GND Pin=C6-1
Added Pin To Net: NetName=GND Pin=C6-1
Added Pin To Net: NetName=GND Pin=C6-1
Added Pin To Net: NetName=GND Pin=P1-7
Added Pin To Net: NetName=GND Pin=S1-1
Added Pin To Net: NetName=GND Pin=S1-1
Added Pin To Net: NetName=GND Pin=S2-1
Added Pin To Net: NetName=GND Pin=S2-1
Added Pin To Net: NetName=GND Pin=S3-1
Added Pin To Net: NetName=GND Pin=S3-1
Added Pin To Net: NetName=GND Pin=S4-1
Added Pin To Net: NetName=GND Pin=S4-1
Added Pin To Net: NetName=GND Pin=S5-1
Added Pin To Net: NetName=GND Pin=S5-1
Added Pin To Net: NetName=GND Pin=S6-1
Added Pin To Net: NetName=GND Pin=S6-1
Added Pin To Net: NetName=GND Pin=U1-7
Added Net: Name=GND
Added Pin To Net: NetName=NetC5_2 Pin=C5-2
Added Pin To Net: NetName=NetC5_2 Pin=R5-2
Added Pin To Net: NetName=NetC5_2 Pin=S5-2
Added Pin To Net: NetName=NetC5_2 Pin=S5-2
Added Pin To Net: NetName=NetC5_2 Pin=U1-11
Added Net: Name=NetC5_2
Added Pin To Net: NetName=NetC6_2 Pin=C6-2
Added Pin To Net: NetName=NetC6_2 Pin=R1-1
Added Pin To Net: NetName=NetC6_2 Pin=S1-2
Added Pin To Net: NetName=NetC6_2 Pin=S1-2
Added Pin To Net: NetName=NetC6_2 Pin=U1-1
Added Net: Name=NetC6_2
Added Pin To Net: NetName=NetP1_1 Pin=P1-1
Added Pin To Net: NetName=NetP1_1 Pin=U1-8
Added Net: Name=NetP1_1
Added Pin To Net: NetName=NetP1_2 Pin=P1-2
Added Pin To Net: NetName=NetP1_2 Pin=U1-10
Added Net: Name=NetP1_2
Added Pin To Net: NetName=NetP1_3 Pin=P1-3
Added Pin To Net: NetName=NetP1_3 Pin=U1-12
Added Net: Name=NetP1_3
Added Pin To Net: NetName=NetP1_4 Pin=P1-4
Added Pin To Net: NetName=NetP1_4 Pin=U1-6
Added Net: Name=NetP1_4
Added Pin To Net: NetName=NetP1_5 Pin=P1-5
Added Pin To Net: NetName=NetP1_5 Pin=U1-4
Added Net: Name=NetP1_5
Added Pin To Net: NetName=NetP1_6 Pin=P1-6
Added Pin To Net: NetName=NetP1_6 Pin=U1-2
Added Net: Name=NetP1_6
Added Pin To Net: NetName=VCC Pin=P1-8
Added Pin To Net: NetName=VCC Pin=R1-2
Added Pin To Net: NetName=VCC Pin=R2-1
Added Pin To Net: NetName=VCC Pin=R3-1
Added Pin To Net: NetName=VCC Pin=R4-1
Added Pin To Net: NetName=VCC Pin=R5-1
Added Pin To Net: NetName=VCC Pin=R6-1
Added Pin To Net: NetName=VCC Pin=U1-14
Added Net: Name=VCC
Added Class: Name=Sheet1
Added Room: Name=Sheet1
