Added Component: Designator=C7(C0805)
Added Component: Designator=C8(C0805)
Added Component: Designator=C9(C0805)
Added Component: Designator=C10(C0805)
Added Component: Designator=C11(C0805)
Added Component: Designator=C12(C0805)
Added Component: Designator=P2(Pin_header8_2.54)
Added Component: Designator=R10(6-0805_L)
Added Component: Designator=R11(6-0805_L)
Added Component: Designator=R12(6-0805_L)
Added Component: Designator=R13(6-0805_L)
Added Component: Designator=R14(1206)
Added Component: Designator=R15(6-0805_L)
Added Component: Designator=R16(1206)
Added Component: Designator=R17(6-0805_L)
Added Component: Designator=R18(1206)
Added Component: Designator=S7(TAKT-KEY)
Added Component: Designator=S8(TAKT-KEY)
Added Component: Designator=S9(TAKT-KEY)
Added Component: Designator=S10(TAKT-KEY)
Added Component: Designator=S11(TAKT-KEY)
Added Component: Designator=S12(TAKT-KEY)
Added Component: Designator=U2(D014_M)
Added Pin To Net: NetName=VCC Pin=C7-1
Added Pin To Net: NetName=NetC7_2 Pin=C7-2
Added Pin To Net: NetName=VCC Pin=C8-1
Added Pin To Net: NetName=NetC8_2 Pin=C8-2
Added Pin To Net: NetName=VCC Pin=C9-1
Added Pin To Net: NetName=NetC9_2 Pin=C9-2
Added Pin To Net: NetName=VCC Pin=C10-1
Added Pin To Net: NetName=NetC10_2 Pin=C10-2
Added Pin To Net: NetName=VCC Pin=C11-1
Added Pin To Net: NetName=NetC11_2 Pin=C11-2
Added Pin To Net: NetName=VCC Pin=C12-1
Added Pin To Net: NetName=NetC12_2 Pin=C12-2
Added Pin To Net: NetName=GND Pin=P2-1
Added Pin To Net: NetName=NetP2_2 Pin=P2-2
Added Pin To Net: NetName=NetP2_3 Pin=P2-3
Added Pin To Net: NetName=NetP2_4 Pin=P2-4
Added Pin To Net: NetName=NetP2_5 Pin=P2-5
Added Pin To Net: NetName=NetP2_6 Pin=P2-6
Added Pin To Net: NetName=NetP2_7 Pin=P2-7
Added Pin To Net: NetName=VCC Pin=P2-8
Added Pin To Net: NetName=GND Pin=R10-1
Added Pin To Net: NetName=NetC7_2 Pin=R10-2
Added Pin To Net: NetName=GND Pin=R11-1
Added Pin To Net: NetName=NetC8_2 Pin=R11-2
Added Pin To Net: NetName=GND Pin=R12-1
Added Pin To Net: NetName=NetC9_2 Pin=R12-2
Added Pin To Net: NetName=GND Pin=R13-1
Added Pin To Net: NetName=NetC10_2 Pin=R13-2
Added Pin To Net: NetName=NetC10_2 Pin=R14-1
Added Pin To Net: NetName=NetR14_2 Pin=R14-2
Added Pin To Net: NetName=GND Pin=R15-1
Added Pin To Net: NetName=NetC11_2 Pin=R15-2
Added Pin To Net: NetName=NetC11_2 Pin=R16-1
Added Pin To Net: NetName=NetR16_2 Pin=R16-2
Added Pin To Net: NetName=GND Pin=R17-1
Added Pin To Net: NetName=NetC12_2 Pin=R17-2
Added Pin To Net: NetName=NetC12_2 Pin=R18-1
Added Pin To Net: NetName=NetR18_2 Pin=R18-2
Added Pin To Net: NetName=VCC Pin=S7-1
Added Pin To Net: NetName=VCC Pin=S7-1
Added Pin To Net: NetName=NetC7_2 Pin=S7-2
Added Pin To Net: NetName=NetC7_2 Pin=S7-2
Added Pin To Net: NetName=VCC Pin=S8-1
Added Pin To Net: NetName=VCC Pin=S8-1
Added Pin To Net: NetName=NetC8_2 Pin=S8-2
Added Pin To Net: NetName=NetC8_2 Pin=S8-2
Added Pin To Net: NetName=VCC Pin=S9-1
Added Pin To Net: NetName=VCC Pin=S9-1
Added Pin To Net: NetName=NetC9_2 Pin=S9-2
Added Pin To Net: NetName=NetC9_2 Pin=S9-2
Added Pin To Net: NetName=VCC Pin=S10-1
Added Pin To Net: NetName=VCC Pin=S10-1
Added Pin To Net: NetName=NetC10_2 Pin=S10-2
Added Pin To Net: NetName=NetC10_2 Pin=S10-2
Added Pin To Net: NetName=VCC Pin=S11-1
Added Pin To Net: NetName=VCC Pin=S11-1
Added Pin To Net: NetName=NetC11_2 Pin=S11-2
Added Pin To Net: NetName=NetC11_2 Pin=S11-2
Added Pin To Net: NetName=VCC Pin=S12-1
Added Pin To Net: NetName=VCC Pin=S12-1
Added Pin To Net: NetName=NetC12_2 Pin=S12-2
Added Pin To Net: NetName=NetC12_2 Pin=S12-2
Added Pin To Net: NetName=NetC7_2 Pin=U2-1
Added Pin To Net: NetName=NetP2_6 Pin=U2-2
Added Pin To Net: NetName=NetC8_2 Pin=U2-3
Added Pin To Net: NetName=NetP2_7 Pin=U2-4
Added Pin To Net: NetName=NetC9_2 Pin=U2-5
Added Pin To Net: NetName=NetP2_2 Pin=U2-6
Added Pin To Net: NetName=GND Pin=U2-7
Added Pin To Net: NetName=NetP2_3 Pin=U2-8
Added Pin To Net: NetName=NetR14_2 Pin=U2-9
Added Pin To Net: NetName=NetP2_4 Pin=U2-10
Added Pin To Net: NetName=NetR16_2 Pin=U2-11
Added Pin To Net: NetName=NetP2_5 Pin=U2-12
Added Pin To Net: NetName=NetR18_2 Pin=U2-13
Added Pin To Net: NetName=VCC Pin=U2-14
Added Member To Class: ClassName=common_GND Member=Component C7 Cap 0.01uf
Added Member To Class: ClassName=common_GND Member=Component C8 Cap 0.01uf
Added Member To Class: ClassName=common_GND Member=Component C9 Cap 0.01uf
Added Member To Class: ClassName=common_GND Member=Component C10 Cap 0.01uf
Added Member To Class: ClassName=common_GND Member=Component C11 Cap 0.01uf
Added Member To Class: ClassName=common_GND Member=Component C12 Cap 0.01uf
Added Member To Class: ClassName=common_GND Member=Component P2 Pin header 8
Added Member To Class: ClassName=common_GND Member=Component R10 Res 10K
Added Member To Class: ClassName=common_GND Member=Component R11 Res 10K
Added Member To Class: ClassName=common_GND Member=Component R12 Res 10K
Added Member To Class: ClassName=common_GND Member=Component R13 Res 10K
Added Member To Class: ClassName=common_GND Member=Component R14 Res 0 Ohm
Added Member To Class: ClassName=common_GND Member=Component R15 Res 10K
Added Member To Class: ClassName=common_GND Member=Component R16 Res 0 Ohm
Added Member To Class: ClassName=common_GND Member=Component R17 Res 10K
Added Member To Class: ClassName=common_GND Member=Component R18 Res 0 Ohm
Added Member To Class: ClassName=common_GND Member=Component S7 SW_TAKT
Added Member To Class: ClassName=common_GND Member=Component S8 SW_TAKT
Added Member To Class: ClassName=common_GND Member=Component S9 SW_TAKT
Added Member To Class: ClassName=common_GND Member=Component S10 SW_TAKT
Added Member To Class: ClassName=common_GND Member=Component S11 SW_TAKT
Added Member To Class: ClassName=common_GND Member=Component S12 SW_TAKT
Added Member To Class: ClassName=common_GND Member=Component U2 SN74HC14D
Added Room: Name=common_GND
