Added Component: Designator=C13(0805_C)
Added Component: Designator=C16(0805_C)
Added Component: Designator=C17(0805_C)
Added Component: Designator=C18(0805_C)
Added Component: Designator=C19(0805_C)
Added Component: Designator=C20(0805_C)
Added Component: Designator=C21(CAPPR500-1300X2150)
Added Component: Designator=C22(0805_C)
Added Component: Designator=C23(0805_C)
Added Component: Designator=C24(1206_C)
Added Component: Designator=C25(1206_C)
Added Component: Designator=C26(CAPR1000-500X1300X1100)
Added Component: Designator=D1(0805_R)
Added Component: Designator=D4(0805_R)
Added Component: Designator=D6(DIOM5326X230N)
Added Component: Designator=P5(Pin_header_8P_2.54_M)
Added Component: Designator=P6(Pin_header_4P_2.54_M)
Added Component: Designator=P7(Pin_header_3P_2.54_M)
Added Component: Designator=P8(Pin_header_3P_2.54_M)
Added Component: Designator=P9(Pin_header_2P_2.54_M)
Added Component: Designator=P10(Pin_header_2P_2.54_M)
Added Component: Designator=P11(PIN_HEADER_2_5.08)
Added Component: Designator=P12(PIN_HEADER_2_5.08)
Added Component: Designator=Q1(SOT23)
Added Component: Designator=Q6(SOT23)
Added Component: Designator=Q7(SOT23)
Added Component: Designator=Q8(TO-220-v)
Added Component: Designator=R6(0805_R)
Added Component: Designator=R17(0805_R)
Added Component: Designator=R18(0805_R)
Added Component: Designator=R19(0805_R)
Added Component: Designator=R20(0805_R)
Added Component: Designator=R21(0805_R)
Added Component: Designator=R22(0805_R)
Added Component: Designator=R23(0805_R)
Added Component: Designator=R24(0805_R)
Added Component: Designator=R25(0805_R)
Added Component: Designator=R26(1206_R)
Added Component: Designator=R27(0805_R)
Added Component: Designator=R28(0805_R)
Added Component: Designator=R29(0805_R)
Added Component: Designator=R30(0805_R)
Added Component: Designator=R31(1206_R)
Added Component: Designator=R32(0805_R)
Added Component: Designator=R33(0805_R)
Added Component: Designator=R34(0805_R)
Added Component: Designator=R35(1206_R)
Added Component: Designator=R36(0805_R)
Added Component: Designator=R37(0805_R)
Added Component: Designator=R38(2512_S)
Added Component: Designator=R39(2512_S)
Added Component: Designator=R40(2512_S)
Added Component: Designator=S2(TAKT-KEY)
Added Component: Designator=U4(SOP65P640X120-20N)
Added Component: Designator=U5(DIP6-300)
Added Component: Designator=VR2(TO-220-v)
Added Pin To Net: NetName=+12 Pin=C21-1
Added Pin To Net: NetName=+12 Pin=C24-2
Added Pin To Net: NetName=+12 Pin=VR2-1
Added Net: Name=+12
Added Pin To Net: NetName=AC1 Pin=P11-1
Added Net: Name=AC1
Added Pin To Net: NetName=AC2 Pin=P11-2
Added Net: Name=AC2
Added Pin To Net: NetName=A Pin=P5-1
Added Pin To Net: NetName=A Pin=R17-2
Added Pin To Net: NetName=A Pin=U4-19
Added Net: Name=A
Added Pin To Net: NetName=B Pin=P5-2
Added Pin To Net: NetName=B Pin=R19-2
Added Pin To Net: NetName=B Pin=U4-20
Added Net: Name=B
Added Pin To Net: NetName=BUTTON_ENC Pin=C23-2
Added Pin To Net: NetName=BUTTON_ENC Pin=P6-2
Added Pin To Net: NetName=BUTTON_ENC Pin=R34-1
Added Pin To Net: NetName=BUTTON_ENC Pin=U4-11
Added Net: Name=BUTTON_ENC
Added Pin To Net: NetName=BUTTON Pin=C22-2
Added Pin To Net: NetName=BUTTON Pin=P9-2
Added Pin To Net: NetName=BUTTON Pin=R33-1
Added Pin To Net: NetName=BUTTON Pin=U4-12
Added Net: Name=BUTTON
Added Pin To Net: NetName=C Pin=P5-3
Added Pin To Net: NetName=C Pin=R21-2
Added Pin To Net: NetName=C Pin=U4-1
Added Net: Name=C
Added Pin To Net: NetName=D1 Pin=P7-1
Added Pin To Net: NetName=D1 Pin=Q1-3
Added Net: Name=D1
Added Pin To Net: NetName=D2 Pin=P7-2
Added Pin To Net: NetName=D2 Pin=Q6-3
Added Net: Name=D2
Added Pin To Net: NetName=D3 Pin=P7-3
Added Pin To Net: NetName=D3 Pin=Q7-3
Added Net: Name=D3
Added Pin To Net: NetName=DIG1 Pin=R26-1
Added Pin To Net: NetName=DIG1 Pin=U4-15
Added Net: Name=DIG1
Added Pin To Net: NetName=DIG2 Pin=R31-1
Added Pin To Net: NetName=DIG2 Pin=U4-14
Added Net: Name=DIG2
Added Pin To Net: NetName=DIG3 Pin=R35-1
Added Pin To Net: NetName=DIG3 Pin=U4-13
Added Net: Name=DIG3
Added Pin To Net: NetName=DP Pin=P5-8
Added Pin To Net: NetName=DP Pin=R20-2
Added Pin To Net: NetName=DP Pin=U4-10
Added Net: Name=DP
Added Pin To Net: NetName=D Pin=P5-4
Added Pin To Net: NetName=D Pin=R22-2
Added Pin To Net: NetName=D Pin=U4-2
Added Net: Name=D
Added Pin To Net: NetName=ENC+ Pin=C18-2
Added Pin To Net: NetName=ENC+ Pin=P6-3
Added Pin To Net: NetName=ENC+ Pin=R29-1
Added Pin To Net: NetName=ENC+ Pin=U4-16
Added Net: Name=ENC+
Added Pin To Net: NetName=ENC- Pin=C17-2
Added Pin To Net: NetName=ENC- Pin=P6-4
Added Pin To Net: NetName=ENC- Pin=R28-1
Added Pin To Net: NetName=ENC- Pin=U4-17
Added Net: Name=ENC-
Added Pin To Net: NetName=E Pin=P5-5
Added Pin To Net: NetName=E Pin=R23-2
Added Pin To Net: NetName=E Pin=U4-3
Added Net: Name=E
Added Pin To Net: NetName=FASE Pin=P12-1
Added Pin To Net: NetName=FASE Pin=Q8-2
Added Pin To Net: NetName=FASE Pin=R38-2
Added Pin To Net: NetName=FASE Pin=R39-2
Added Net: Name=FASE
Added Pin To Net: NetName=F Pin=P5-6
Added Pin To Net: NetName=F Pin=R25-2
Added Pin To Net: NetName=F Pin=U4-5
Added Net: Name=F
Added Pin To Net: NetName=GND Pin=C13-1
Added Pin To Net: NetName=GND Pin=C16-2
Added Pin To Net: NetName=GND Pin=C17-1
Added Pin To Net: NetName=GND Pin=C18-1
Added Pin To Net: NetName=GND Pin=C19-1
Added Pin To Net: NetName=GND Pin=C20-1
Added Pin To Net: NetName=GND Pin=C21-2
Added Pin To Net: NetName=GND Pin=C22-1
Added Pin To Net: NetName=GND Pin=C23-1
Added Pin To Net: NetName=GND Pin=C24-1
Added Pin To Net: NetName=GND Pin=C25-1
Added Pin To Net: NetName=GND Pin=D1-2
Added Pin To Net: NetName=GND Pin=D4-2
Added Pin To Net: NetName=GND Pin=P6-1
Added Pin To Net: NetName=GND Pin=P8-3
Added Pin To Net: NetName=GND Pin=P9-1
Added Pin To Net: NetName=GND Pin=P10-2
Added Pin To Net: NetName=GND Pin=Q1-2
Added Pin To Net: NetName=GND Pin=Q6-2
Added Pin To Net: NetName=GND Pin=Q7-2
Added Pin To Net: NetName=GND Pin=R6-1
Added Pin To Net: NetName=GND Pin=R17-1
Added Pin To Net: NetName=GND Pin=R19-1
Added Pin To Net: NetName=GND Pin=R20-1
Added Pin To Net: NetName=GND Pin=R21-1
Added Pin To Net: NetName=GND Pin=R22-1
Added Pin To Net: NetName=GND Pin=R23-1
Added Pin To Net: NetName=GND Pin=R25-1
Added Pin To Net: NetName=GND Pin=R27-1
Added Pin To Net: NetName=GND Pin=R32-1
Added Pin To Net: NetName=GND Pin=R36-1
Added Pin To Net: NetName=GND Pin=S2-2
Added Pin To Net: NetName=GND Pin=S2-2
Added Pin To Net: NetName=GND Pin=U4-7
Added Pin To Net: NetName=GND Pin=U5-2
Added Pin To Net: NetName=GND Pin=VR2-2
Added Net: Name=GND
Added Pin To Net: NetName=G Pin=P5-7
Added Pin To Net: NetName=G Pin=R6-2
Added Pin To Net: NetName=G Pin=U4-6
Added Net: Name=G
Added Pin To Net: NetName=LOAD Pin=C26-1
Added Pin To Net: NetName=LOAD Pin=P12-2
Added Pin To Net: NetName=LOAD Pin=Q8-1
Added Pin To Net: NetName=LOAD Pin=R40-2
Added Net: Name=LOAD
Added Pin To Net: NetName=NetC16_1 Pin=C16-1
Added Pin To Net: NetName=NetC16_1 Pin=U4-8
Added Net: Name=NetC16_1
Added Pin To Net: NetName=NetC25_2 Pin=C25-2
Added Pin To Net: NetName=NetC25_2 Pin=D6-2
Added Pin To Net: NetName=NetC25_2 Pin=VR2-3
Added Net: Name=NetC25_2
Added Pin To Net: NetName=NetC26_2 Pin=C26-2
Added Pin To Net: NetName=NetC26_2 Pin=R39-1
Added Net: Name=NetC26_2
Added Pin To Net: NetName=NetD1_1 Pin=D1-1
Added Pin To Net: NetName=NetD1_1 Pin=R24-2
Added Net: Name=NetD1_1
Added Pin To Net: NetName=NetD4_1 Pin=D4-1
Added Pin To Net: NetName=NetD4_1 Pin=R30-2
Added Net: Name=NetD4_1
Added Pin To Net: NetName=NetQ1_1 Pin=Q1-1
Added Pin To Net: NetName=NetQ1_1 Pin=R26-2
Added Pin To Net: NetName=NetQ1_1 Pin=R27-2
Added Net: Name=NetQ1_1
Added Pin To Net: NetName=NetQ6_1 Pin=Q6-1
Added Pin To Net: NetName=NetQ6_1 Pin=R31-2
Added Pin To Net: NetName=NetQ6_1 Pin=R32-2
Added Net: Name=NetQ6_1
Added Pin To Net: NetName=NetQ7_1 Pin=Q7-1
Added Pin To Net: NetName=NetQ7_1 Pin=R35-2
Added Pin To Net: NetName=NetQ7_1 Pin=R36-2
Added Net: Name=NetQ7_1
Added Pin To Net: NetName=NetQ8_3 Pin=Q8-3
Added Pin To Net: NetName=NetQ8_3 Pin=R40-1
Added Pin To Net: NetName=NetQ8_3 Pin=U5-4
Added Net: Name=NetQ8_3
Added Pin To Net: NetName=NetR37_2 Pin=R37-2
Added Pin To Net: NetName=NetR37_2 Pin=U5-1
Added Net: Name=NetR37_2
Added Pin To Net: NetName=NetR38_1 Pin=R38-1
Added Pin To Net: NetName=NetR38_1 Pin=U5-6
Added Net: Name=NetR38_1
Added Pin To Net: NetName=RESET Pin=C13-2
Added Pin To Net: NetName=RESET Pin=P8-1
Added Pin To Net: NetName=RESET Pin=R18-1
Added Pin To Net: NetName=RESET Pin=S2-1
Added Pin To Net: NetName=RESET Pin=S2-1
Added Pin To Net: NetName=RESET Pin=U4-4
Added Net: Name=RESET
Added Pin To Net: NetName=SWIM/TRIAC Pin=P8-2
Added Pin To Net: NetName=SWIM/TRIAC Pin=R24-1
Added Pin To Net: NetName=SWIM/TRIAC Pin=R37-1
Added Pin To Net: NetName=SWIM/TRIAC Pin=U4-18
Added Net: Name=SWIM/TRIAC
Added Pin To Net: NetName=VCC Pin=C19-2
Added Pin To Net: NetName=VCC Pin=C20-2
Added Pin To Net: NetName=VCC Pin=D6-1
Added Pin To Net: NetName=VCC Pin=P10-1
Added Pin To Net: NetName=VCC Pin=R18-2
Added Pin To Net: NetName=VCC Pin=R28-2
Added Pin To Net: NetName=VCC Pin=R29-2
Added Pin To Net: NetName=VCC Pin=R30-1
Added Pin To Net: NetName=VCC Pin=R33-2
Added Pin To Net: NetName=VCC Pin=R34-2
Added Pin To Net: NetName=VCC Pin=U4-9
Added Net: Name=VCC
Added Class: Name=grinder_stm8V_2
Added Room: Name=grinder_stm8V_2
