Added Component: Designator=U1(SO-16_N)
Added Component: Designator=U2(SO-16_N)
Added Pin To Net: NetName=NetR2_1 Pin=U1-1
Added Pin To Net: NetName=NetR3_1 Pin=U1-2
Added Pin To Net: NetName=NetR4_1 Pin=U1-3
Added Pin To Net: NetName=NetR5_1 Pin=U1-4
Added Pin To Net: NetName=NetR6_1 Pin=U1-5
Added Pin To Net: NetName=NetR7_1 Pin=U1-6
Added Pin To Net: NetName=NetR8_1 Pin=U1-7
Added Pin To Net: NetName=GND Pin=U1-8
Added Pin To Net: NetName=NetU1_9 Pin=U1-9
Added Pin To Net: NetName=VCC Pin=U1-10
Added Pin To Net: NetName=GND Pin=U1-13
Added Pin To Net: NetName=NetR1_1 Pin=U1-15
Added Pin To Net: NetName=VCC Pin=U1-16
Added Pin To Net: NetName=NetR10_1 Pin=U2-1
Added Pin To Net: NetName=NetR11_1 Pin=U2-2
Added Pin To Net: NetName=NetR12_1 Pin=U2-3
Added Pin To Net: NetName=NetR13_1 Pin=U2-4
Added Pin To Net: NetName=NetR14_1 Pin=U2-5
Added Pin To Net: NetName=NetR15_1 Pin=U2-6
Added Pin To Net: NetName=NetR16_1 Pin=U2-7
Added Pin To Net: NetName=GND Pin=U2-8
Added Pin To Net: NetName=VCC Pin=U2-10
Added Pin To Net: NetName=GND Pin=U2-13
Added Pin To Net: NetName=NetU1_9 Pin=U2-14
Added Pin To Net: NetName=NetR9_1 Pin=U2-15
Added Pin To Net: NetName=VCC Pin=U2-16
Added Member To Class: ClassName=Sheet2 Member=Component U1 SN54LS595W
Added Member To Class: ClassName=Sheet2 Member=Component U2 SN54LS595W
Added Room: Name=Sheet2
