Added Component: Designator=C1(0805_1)
Added Component: Designator=C2(0805_1)
Added Component: Designator=C3(0805_1)
Added Component: Designator=C4(0805_1)
Added Component: Designator=C5(1206)
Added Component: Designator=C6(0805_1)
Added Component: Designator=C7(0805_1)
Added Component: Designator=C8(1206)
Added Component: Designator=D1(0805_1)
Added Component: Designator=P1(Pin_header3_2.54)
Added Component: Designator=P2(Pin_header7_2.54)
Added Component: Designator=P3(Pin_header5_2.54)
Added Component: Designator=P4(Pin_header8_2.54)
Added Component: Designator=P5(Pin_header6_2.54)
Added Component: Designator=P6(Pin_header2_2.54)
Added Component: Designator=R1(0805_1)
Added Component: Designator=R2(0805_1)
Added Component: Designator=R3(0805_1)
Added Component: Designator=S1(TAKT-KEY)
Added Component: Designator=U1(QFP32)
Added Component: Designator=X1(CRISTAL 5MM)
Added Pin To Net: NetName=GND Pin=C1-2
Added Pin To Net: NetName=GND Pin=C2-1
Added Pin To Net: NetName=GND Pin=C3-1
Added Pin To Net: NetName=GND Pin=C4-1
Added Pin To Net: NetName=GND Pin=C5-1
Added Pin To Net: NetName=GND Pin=C6-1
Added Pin To Net: NetName=GND Pin=C7-1
Added Pin To Net: NetName=GND Pin=C8-1
Added Pin To Net: NetName=GND Pin=D1-2
Added Pin To Net: NetName=GND Pin=P1-3
Added Pin To Net: NetName=GND Pin=P3-2
Added Pin To Net: NetName=GND Pin=P6-2
Added Pin To Net: NetName=GND Pin=S1-2
Added Pin To Net: NetName=GND Pin=S1-2
Added Pin To Net: NetName=GND Pin=U1-16
Added Pin To Net: NetName=GND Pin=U1-32
Added Net: Name=GND
Added Pin To Net: NetName=NetC3_2 Pin=C3-2
Added Pin To Net: NetName=NetC3_2 Pin=R3-1
Added Pin To Net: NetName=NetC3_2 Pin=X1-1
Added Net: Name=NetC3_2
Added Pin To Net: NetName=NetD1_1 Pin=D1-1
Added Pin To Net: NetName=NetD1_1 Pin=R1-2
Added Net: Name=NetD1_1
Added Pin To Net: NetName=NetP1_2 Pin=P1-2
Added Pin To Net: NetName=NetP1_2 Pin=R2-2
Added Net: Name=NetP1_2
Added Pin To Net: NetName=NetR2_1 Pin=R2-1
Added Pin To Net: NetName=NetR2_1 Pin=U1-31
Added Net: Name=NetR2_1
Added Pin To Net: NetName=OSC_IN Pin=C2-2
Added Pin To Net: NetName=OSC_IN Pin=U1-2
Added Pin To Net: NetName=OSC_IN Pin=X1-2
Added Net: Name=OSC_IN
Added Pin To Net: NetName=OSC_OUT Pin=R3-2
Added Pin To Net: NetName=OSC_OUT Pin=U1-3
Added Net: Name=OSC_OUT
Added Pin To Net: NetName=PA0 Pin=P4-8
Added Pin To Net: NetName=PA0 Pin=U1-6
Added Net: Name=PA0
Added Pin To Net: NetName=PA1 Pin=P4-7
Added Pin To Net: NetName=PA1 Pin=U1-7
Added Net: Name=PA1
Added Pin To Net: NetName=PA2 Pin=P4-6
Added Pin To Net: NetName=PA2 Pin=U1-8
Added Net: Name=PA2
Added Pin To Net: NetName=PA3 Pin=P4-5
Added Pin To Net: NetName=PA3 Pin=U1-9
Added Net: Name=PA3
Added Pin To Net: NetName=PA4 Pin=P4-4
Added Pin To Net: NetName=PA4 Pin=U1-10
Added Net: Name=PA4
Added Pin To Net: NetName=PA5 Pin=P4-3
Added Pin To Net: NetName=PA5 Pin=U1-11
Added Net: Name=PA5
Added Pin To Net: NetName=PA6 Pin=P4-2
Added Pin To Net: NetName=PA6 Pin=U1-12
Added Net: Name=PA6
Added Pin To Net: NetName=PA7 Pin=P4-1
Added Pin To Net: NetName=PA7 Pin=U1-13
Added Net: Name=PA7
Added Pin To Net: NetName=PA8 Pin=P5-6
Added Pin To Net: NetName=PA8 Pin=U1-18
Added Net: Name=PA8
Added Pin To Net: NetName=PA9 Pin=P5-5
Added Pin To Net: NetName=PA9 Pin=U1-19
Added Net: Name=PA9
Added Pin To Net: NetName=PA10 Pin=P5-4
Added Pin To Net: NetName=PA10 Pin=U1-20
Added Net: Name=PA10
Added Pin To Net: NetName=PA11 Pin=P5-3
Added Pin To Net: NetName=PA11 Pin=U1-21
Added Net: Name=PA11
Added Pin To Net: NetName=PA12 Pin=P5-2
Added Pin To Net: NetName=PA12 Pin=U1-22
Added Net: Name=PA12
Added Pin To Net: NetName=PA15 Pin=P5-1
Added Pin To Net: NetName=PA15 Pin=U1-25
Added Net: Name=PA15
Added Pin To Net: NetName=PB0 Pin=P2-1
Added Pin To Net: NetName=PB0 Pin=U1-14
Added Net: Name=PB0
Added Pin To Net: NetName=PB1 Pin=P2-2
Added Pin To Net: NetName=PB1 Pin=U1-15
Added Net: Name=PB1
Added Pin To Net: NetName=PB3 Pin=P2-3
Added Pin To Net: NetName=PB3 Pin=U1-26
Added Net: Name=PB3
Added Pin To Net: NetName=PB4 Pin=P2-4
Added Pin To Net: NetName=PB4 Pin=U1-27
Added Net: Name=PB4
Added Pin To Net: NetName=PB5 Pin=P2-5
Added Pin To Net: NetName=PB5 Pin=U1-28
Added Net: Name=PB5
Added Pin To Net: NetName=PB6 Pin=P2-6
Added Pin To Net: NetName=PB6 Pin=U1-29
Added Net: Name=PB6
Added Pin To Net: NetName=PB7 Pin=P2-7
Added Pin To Net: NetName=PB7 Pin=U1-30
Added Net: Name=PB7
Added Pin To Net: NetName=RESET Pin=C1-1
Added Pin To Net: NetName=RESET Pin=P3-1
Added Pin To Net: NetName=RESET Pin=S1-1
Added Pin To Net: NetName=RESET Pin=S1-1
Added Pin To Net: NetName=RESET Pin=U1-4
Added Net: Name=RESET
Added Pin To Net: NetName=SWCLK Pin=P3-5
Added Pin To Net: NetName=SWCLK Pin=U1-24
Added Net: Name=SWCLK
Added Pin To Net: NetName=SWDIO Pin=P3-4
Added Pin To Net: NetName=SWDIO Pin=U1-23
Added Net: Name=SWDIO
Added Pin To Net: NetName=VDD Pin=C4-2
Added Pin To Net: NetName=VDD Pin=C5-2
Added Pin To Net: NetName=VDD Pin=C6-2
Added Pin To Net: NetName=VDD Pin=C7-2
Added Pin To Net: NetName=VDD Pin=C8-2
Added Pin To Net: NetName=VDD Pin=P1-1
Added Pin To Net: NetName=VDD Pin=P3-3
Added Pin To Net: NetName=VDD Pin=P6-1
Added Pin To Net: NetName=VDD Pin=R1-1
Added Pin To Net: NetName=VDD Pin=U1-1
Added Pin To Net: NetName=VDD Pin=U1-5
Added Pin To Net: NetName=VDD Pin=U1-17
Added Net: Name=VDD
Added Class: Name=stm32f030k6
Added Room: Name=stm32f030k6
