Added Component: Designator=C1(6032)
Added Component: Designator=C2(1206)
Added Component: Designator=C3(RB3.3-8)
Added Component: Designator=C4(1206)
Added Component: Designator=C5(1206)
Added Component: Designator=C6(1206)
Added Component: Designator=C7(1206)
Added Component: Designator=D1(DO-214)
Added Component: Designator=D2(DB-107)
Added Component: Designator=D3(DO-41)
Added Component: Designator=DS1(4digit_seg_led 0.36")
Added Component: Designator=K1(Relay Songle SPDT)
Added Component: Designator=P1(Pin_header2_2.54)
Added Component: Designator=P2(Pin_header6_2.54)
Added Component: Designator=P3(Pin_header2)
Added Component: Designator=P4(ISP)
Added Component: Designator=P5(Pin_header2)
Added Component: Designator=Q1(SOT23)
Added Component: Designator=Q2(SOT23)
Added Component: Designator=Q3(SOT23)
Added Component: Designator=Q4(SOT23)
Added Component: Designator=Q5(SOT23)
Added Component: Designator=R1(1206)
Added Component: Designator=R2(1206)
Added Component: Designator=R3(1206)
Added Component: Designator=R4(1206)
Added Component: Designator=R5(1206)
Added Component: Designator=R6(1206)
Added Component: Designator=R7(1206)
Added Component: Designator=R8(1206)
Added Component: Designator=R9(1206)
Added Component: Designator=R10(1206)
Added Component: Designator=R11(1206)
Added Component: Designator=R12(1206)
Added Component: Designator=R13(1206)
Added Component: Designator=R14(1206)
Added Component: Designator=R15(1206)
Added Component: Designator=R16(1206)
Added Component: Designator=R17(1206)
Added Component: Designator=R18(0805_1)
Added Component: Designator=R19(0805_1)
Added Component: Designator=R20(0805_1)
Added Component: Designator=R21(0805_1)
Added Component: Designator=S1(TAKT-KEY)
Added Component: Designator=U1(SOT23-5)
Added Component: Designator=U2(SOT23-5)
Added Component: Designator=U3(SOT23-5)
Added Component: Designator=U4(32A_N)
Added Component: Designator=U5(SOT23-5)
Added Component: Designator=VR1(SOT223)
Added Pin To Net: NetName=A Pin=R7-1
Added Pin To Net: NetName=A Pin=U4-12
Added Net: Name=A
Added Pin To Net: NetName=B Pin=R8-1
Added Pin To Net: NetName=B Pin=U4-13
Added Net: Name=B
Added Pin To Net: NetName=BUTT_ENC_I Pin=C6-2
Added Pin To Net: NetName=BUTT_ENC_I Pin=P2-4
Added Pin To Net: NetName=BUTT_ENC_I Pin=R20-2
Added Pin To Net: NetName=BUTT_ENC_I Pin=U3-2
Added Net: Name=BUTT_ENC_I
Added Pin To Net: NetName=BUTT_ENC_O Pin=U3-4
Added Pin To Net: NetName=BUTT_ENC_O Pin=U4-31
Added Net: Name=BUTT_ENC_O
Added Pin To Net: NetName=BUTT_I Pin=C7-2
Added Pin To Net: NetName=BUTT_I Pin=P2-3
Added Pin To Net: NetName=BUTT_I Pin=R21-1
Added Pin To Net: NetName=BUTT_I Pin=U5-2
Added Net: Name=BUTT_I
Added Pin To Net: NetName=BUTT_O Pin=U4-30
Added Pin To Net: NetName=BUTT_O Pin=U5-4
Added Net: Name=BUTT_O
Added Pin To Net: NetName=C Pin=R9-1
Added Pin To Net: NetName=C Pin=U4-14
Added Net: Name=C
Added Pin To Net: NetName=DP Pin=R14-1
Added Pin To Net: NetName=DP Pin=U4-8
Added Net: Name=DP
Added Pin To Net: NetName=D Pin=P4-4
Added Pin To Net: NetName=D Pin=R10-1
Added Pin To Net: NetName=D Pin=U4-15
Added Net: Name=D
Added Pin To Net: NetName=ENC1_I Pin=C5-2
Added Pin To Net: NetName=ENC1_I Pin=P2-5
Added Pin To Net: NetName=ENC1_I Pin=R19-1
Added Pin To Net: NetName=ENC1_I Pin=U2-2
Added Net: Name=ENC1_I
Added Pin To Net: NetName=ENC1_O Pin=U2-4
Added Pin To Net: NetName=ENC1_O Pin=U4-32
Added Net: Name=ENC1_O
Added Pin To Net: NetName=ENC2_I Pin=C4-1
Added Pin To Net: NetName=ENC2_I Pin=P2-6
Added Pin To Net: NetName=ENC2_I Pin=R18-1
Added Pin To Net: NetName=ENC2_I Pin=U1-2
Added Net: Name=ENC2_I
Added Pin To Net: NetName=ENC2_O Pin=U1-4
Added Pin To Net: NetName=ENC2_O Pin=U4-1
Added Net: Name=ENC2_O
Added Pin To Net: NetName=E Pin=P4-1
Added Pin To Net: NetName=E Pin=R11-1
Added Pin To Net: NetName=E Pin=U4-16
Added Net: Name=E
Added Pin To Net: NetName=F Pin=P4-3
Added Pin To Net: NetName=F Pin=R12-1
Added Pin To Net: NetName=F Pin=U4-17
Added Net: Name=F
Added Pin To Net: NetName=GND Pin=C1-2
Added Pin To Net: NetName=GND Pin=C2-2
Added Pin To Net: NetName=GND Pin=C3-2
Added Pin To Net: NetName=GND Pin=C4-2
Added Pin To Net: NetName=GND Pin=C5-1
Added Pin To Net: NetName=GND Pin=C6-1
Added Pin To Net: NetName=GND Pin=C7-1
Added Pin To Net: NetName=GND Pin=D2-1
Added Pin To Net: NetName=GND Pin=P1-1
Added Pin To Net: NetName=GND Pin=P2-1
Added Pin To Net: NetName=GND Pin=P2-2
Added Pin To Net: NetName=GND Pin=P4-6
Added Pin To Net: NetName=GND Pin=Q1-2
Added Pin To Net: NetName=GND Pin=Q2-2
Added Pin To Net: NetName=GND Pin=Q3-2
Added Pin To Net: NetName=GND Pin=Q4-2
Added Pin To Net: NetName=GND Pin=Q5-2
Added Pin To Net: NetName=GND Pin=R3-1
Added Pin To Net: NetName=GND Pin=R16-1
Added Pin To Net: NetName=GND Pin=S1-1
Added Pin To Net: NetName=GND Pin=S1-1
Added Pin To Net: NetName=GND Pin=U1-3
Added Pin To Net: NetName=GND Pin=U2-3
Added Pin To Net: NetName=GND Pin=U3-3
Added Pin To Net: NetName=GND Pin=U4-3
Added Pin To Net: NetName=GND Pin=U4-5
Added Pin To Net: NetName=GND Pin=U4-21
Added Pin To Net: NetName=GND Pin=U5-3
Added Net: Name=GND
Added Pin To Net: NetName=G Pin=R13-1
Added Pin To Net: NetName=G Pin=U4-7
Added Net: Name=G
Added Pin To Net: NetName=NetC1_1 Pin=C1-1
Added Pin To Net: NetName=NetC1_1 Pin=D1-1
Added Pin To Net: NetName=NetC1_1 Pin=R1-1
Added Pin To Net: NetName=NetC1_1 Pin=VR1-2
Added Net: Name=NetC1_1
Added Pin To Net: NetName=NetC2_1 Pin=C2-1
Added Pin To Net: NetName=NetC2_1 Pin=C3-1
Added Pin To Net: NetName=NetC2_1 Pin=D2-4
Added Pin To Net: NetName=NetC2_1 Pin=VR1-3
Added Net: Name=NetC2_1
Added Pin To Net: NetName=NetD2_2 Pin=D2-2
Added Pin To Net: NetName=NetD2_2 Pin=P5-2
Added Net: Name=NetD2_2
Added Pin To Net: NetName=NetD2_3 Pin=D2-3
Added Pin To Net: NetName=NetD2_3 Pin=P5-1
Added Net: Name=NetD2_3
Added Pin To Net: NetName=NetD3_1 Pin=D3-1
Added Pin To Net: NetName=NetD3_1 Pin=K1-5
Added Pin To Net: NetName=NetD3_1 Pin=Q5-3
Added Net: Name=NetD3_1
Added Pin To Net: NetName=NetDS1_1 Pin=DS1-1
Added Pin To Net: NetName=NetDS1_1 Pin=Q1-3
Added Net: Name=NetDS1_1
Added Pin To Net: NetName=NetDS1_2 Pin=DS1-2
Added Pin To Net: NetName=NetDS1_2 Pin=Q2-3
Added Net: Name=NetDS1_2
Added Pin To Net: NetName=NetDS1_3 Pin=DS1-3
Added Pin To Net: NetName=NetDS1_3 Pin=Q3-3
Added Net: Name=NetDS1_3
Added Pin To Net: NetName=NetDS1_4 Pin=DS1-4
Added Pin To Net: NetName=NetDS1_4 Pin=Q4-3
Added Net: Name=NetDS1_4
Added Pin To Net: NetName=NetDS1_A Pin=DS1-A
Added Pin To Net: NetName=NetDS1_A Pin=R7-2
Added Net: Name=NetDS1_A
Added Pin To Net: NetName=NetDS1_B Pin=DS1-B
Added Pin To Net: NetName=NetDS1_B Pin=R8-2
Added Net: Name=NetDS1_B
Added Pin To Net: NetName=NetDS1_C Pin=DS1-C
Added Pin To Net: NetName=NetDS1_C Pin=R9-2
Added Net: Name=NetDS1_C
Added Pin To Net: NetName=NetDS1_Dp Pin=DS1-Dp
Added Pin To Net: NetName=NetDS1_Dp Pin=R14-2
Added Net: Name=NetDS1_Dp
Added Pin To Net: NetName=NetDS1_D Pin=DS1-D
Added Pin To Net: NetName=NetDS1_D Pin=R10-2
Added Net: Name=NetDS1_D
Added Pin To Net: NetName=NetDS1_E Pin=DS1-E
Added Pin To Net: NetName=NetDS1_E Pin=R11-2
Added Net: Name=NetDS1_E
Added Pin To Net: NetName=NetDS1_F Pin=DS1-F
Added Pin To Net: NetName=NetDS1_F Pin=R12-2
Added Net: Name=NetDS1_F
Added Pin To Net: NetName=NetDS1_G Pin=DS1-G
Added Pin To Net: NetName=NetDS1_G Pin=R13-2
Added Net: Name=NetDS1_G
Added Pin To Net: NetName=NetK1_1 Pin=K1-1
Added Pin To Net: NetName=NetK1_1 Pin=P3-2
Added Net: Name=NetK1_1
Added Pin To Net: NetName=NetK1_3 Pin=K1-3
Added Pin To Net: NetName=NetK1_3 Pin=P3-1
Added Net: Name=NetK1_3
Added Pin To Net: NetName=NetP4_5 Pin=P4-5
Added Pin To Net: NetName=NetP4_5 Pin=R17-1
Added Pin To Net: NetName=NetP4_5 Pin=S1-2
Added Pin To Net: NetName=NetP4_5 Pin=S1-2
Added Pin To Net: NetName=NetP4_5 Pin=U4-29
Added Net: Name=NetP4_5
Added Pin To Net: NetName=NetQ1_1 Pin=Q1-1
Added Pin To Net: NetName=NetQ1_1 Pin=R2-2
Added Net: Name=NetQ1_1
Added Pin To Net: NetName=NetQ2_1 Pin=Q2-1
Added Pin To Net: NetName=NetQ2_1 Pin=R4-2
Added Net: Name=NetQ2_1
Added Pin To Net: NetName=NetQ3_1 Pin=Q3-1
Added Pin To Net: NetName=NetQ3_1 Pin=R5-2
Added Net: Name=NetQ3_1
Added Pin To Net: NetName=NetQ4_1 Pin=Q4-1
Added Pin To Net: NetName=NetQ4_1 Pin=R6-2
Added Net: Name=NetQ4_1
Added Pin To Net: NetName=NetQ5_1 Pin=Q5-1
Added Pin To Net: NetName=NetQ5_1 Pin=R15-2
Added Pin To Net: NetName=NetQ5_1 Pin=R16-2
Added Net: Name=NetQ5_1
Added Pin To Net: NetName=NetR1_2 Pin=R1-2
Added Pin To Net: NetName=NetR1_2 Pin=R3-2
Added Pin To Net: NetName=NetR1_2 Pin=VR1-1
Added Net: Name=NetR1_2
Added Pin To Net: NetName=NetR2_1 Pin=R2-1
Added Pin To Net: NetName=NetR2_1 Pin=U4-23
Added Net: Name=NetR2_1
Added Pin To Net: NetName=NetR4_1 Pin=R4-1
Added Pin To Net: NetName=NetR4_1 Pin=U4-24
Added Net: Name=NetR4_1
Added Pin To Net: NetName=NetR5_1 Pin=R5-1
Added Pin To Net: NetName=NetR5_1 Pin=U4-25
Added Net: Name=NetR5_1
Added Pin To Net: NetName=NetR6_1 Pin=R6-1
Added Pin To Net: NetName=NetR6_1 Pin=U4-26
Added Net: Name=NetR6_1
Added Pin To Net: NetName=RELAY Pin=R15-1
Added Pin To Net: NetName=RELAY Pin=U4-27
Added Net: Name=RELAY
Added Pin To Net: NetName=VCC Pin=D1-2
Added Pin To Net: NetName=VCC Pin=D3-2
Added Pin To Net: NetName=VCC Pin=K1-4
Added Pin To Net: NetName=VCC Pin=P1-2
Added Pin To Net: NetName=VCC Pin=P4-2
Added Pin To Net: NetName=VCC Pin=R17-2
Added Pin To Net: NetName=VCC Pin=R18-2
Added Pin To Net: NetName=VCC Pin=R19-2
Added Pin To Net: NetName=VCC Pin=R20-1
Added Pin To Net: NetName=VCC Pin=R21-2
Added Pin To Net: NetName=VCC Pin=U1-5
Added Pin To Net: NetName=VCC Pin=U2-5
Added Pin To Net: NetName=VCC Pin=U3-5
Added Pin To Net: NetName=VCC Pin=U4-4
Added Pin To Net: NetName=VCC Pin=U4-6
Added Pin To Net: NetName=VCC Pin=U4-18
Added Pin To Net: NetName=VCC Pin=U4-20
Added Pin To Net: NetName=VCC Pin=U5-5
Added Net: Name=VCC
Added Class: Name=Sheet1
Added Room: Name=Sheet1
