Added Component: Designator=fx-1(Pin_header3_2.54)
Added Component: Designator=heatgun fan1(Pin_header2)
Added Component: Designator=heatgun heater1(Pin_header2)
Added Component: Designator=P1(Pin_header2)
Added Component: Designator=P2(Pin_header2)
Added Component: Designator=P3(Pin_header6_2.54)
Added Component: Designator=Q1(SOT23)
Added Component: Designator=Q2(D2PAK_large)
Added Component: Designator=Q3(TO-220-AB)
Added Component: Designator=R1(1206)
Added Component: Designator=R2(1206)
Added Component: Designator=R3(1206)
Added Component: Designator=R4(1206)
Added Pin To Net: NetName=24V Pin=P1-1
Added Pin To Net: NetName=24V Pin=Q2-3
Added Net: Name=24V
Added Pin To Net: NetName=28V Pin=heatgun fan1-2
Added Pin To Net: NetName=28V Pin=P2-1
Added Net: Name=28V
Added Pin To Net: NetName=ADC Pin=P3-2
Added Pin To Net: NetName=ADC Pin=Q1-2
Added Net: Name=ADC
Added Pin To Net: NetName=GND Pin=fx-1-3
Added Pin To Net: NetName=GND Pin=P1-2
Added Pin To Net: NetName=GND Pin=P2-2
Added Pin To Net: NetName=GND Pin=P3-1
Added Pin To Net: NetName=GND Pin=Q3-3
Added Pin To Net: NetName=GND Pin=R2-1
Added Net: Name=GND
Added Pin To Net: NetName=HEATGUN Pin=P3-6
Added Net: Name=HEATGUN
Added Pin To Net: NetName=LOAD Pin=heatgun heater1-2
Added Net: Name=LOAD
Added Pin To Net: NetName=Netfx-1_1 Pin=fx-1-1
Added Pin To Net: NetName=Netfx-1_1 Pin=R2-2
Added Net: Name=Netfx-1_1
Added Pin To Net: NetName=Netheatgun fan1_1 Pin=heatgun fan1-1
Added Pin To Net: NetName=Netheatgun fan1_1 Pin=Q3-2
Added Net: Name=Netheatgun fan1_1
Added Pin To Net: NetName=NetP3_3 Pin=P3-3
Added Pin To Net: NetName=NetP3_3 Pin=R1-1
Added Net: Name=NetP3_3
Added Pin To Net: NetName=NetP3_4 Pin=P3-4
Added Pin To Net: NetName=NetP3_4 Pin=R3-1
Added Net: Name=NetP3_4
Added Pin To Net: NetName=NetP3_5 Pin=P3-5
Added Pin To Net: NetName=NetP3_5 Pin=R4-1
Added Net: Name=NetP3_5
Added Pin To Net: NetName=NetQ1_1 Pin=Q1-1
Added Pin To Net: NetName=NetQ1_1 Pin=R1-2
Added Net: Name=NetQ1_1
Added Pin To Net: NetName=NetQ2_1 Pin=Q2-1
Added Pin To Net: NetName=NetQ2_1 Pin=R3-2
Added Net: Name=NetQ2_1
Added Pin To Net: NetName=NetQ3_1 Pin=Q3-1
Added Pin To Net: NetName=NetQ3_1 Pin=R4-2
Added Net: Name=NetQ3_1
Added Pin To Net: NetName=NEUTRAL Pin=heatgun heater1-1
Added Net: Name=NEUTRAL
Added Pin To Net: NetName=THERMOCOUPLE Pin=fx-1-2
Added Pin To Net: NetName=THERMOCOUPLE Pin=Q1-3
Added Pin To Net: NetName=THERMOCOUPLE Pin=Q2-2
Added Net: Name=THERMOCOUPLE
Added Class: Name=mosfet
Added Room: Name=mosfet
