Added Component: Designator=C1(0805_1)
Added Component: Designator=C2(0805_1)
Added Component: Designator=C3(0805_1)
Added Component: Designator=C4(0805_1)
Added Component: Designator=C5(0805_1)
Added Component: Designator=C6(0805_1)
Added Component: Designator=C7(1206)
Added Component: Designator=C8(1206)
Added Component: Designator=C9(1206)
Added Component: Designator=C10(1206)
Added Component: Designator=C11(0805_1)
Added Component: Designator=C12(0805_1)
Added Component: Designator=C13(0805_1)
Added Component: Designator=D1(0805_1)
Added Component: Designator=P1(Pin_header5_2.54)
Added Component: Designator=P2(Pin_header9_2.54)
Added Component: Designator=P3(Pin_header10_2.54)
Added Component: Designator=P4(Pin_header8_2.54)
Added Component: Designator=P5(Pin_header2_2.54)
Added Component: Designator=P6(Pin_header8_2.54)
Added Component: Designator=P7(Pin_header9_2.54)
Added Component: Designator=P8(Pin_header2_2.54)
Added Component: Designator=P9(Pin_header8_2.54)
Added Component: Designator=P10(Pin_header2_2.54)
Added Component: Designator=P11(Pin_header6_2.54)
Added Component: Designator=P12(Pin_header8_2.54)
Added Component: Designator=P13(Pin_header7_2.54)
Added Component: Designator=R1(1206)
Added Component: Designator=R2(0805_1)
Added Component: Designator=R3(0805_1)
Added Component: Designator=S1(TAKT-KEY)
Added Component: Designator=U1(qfp100)
Added Component: Designator=X1(CRISTAL 5MM)
Added Pin To Net: NetName=EXTAL Pin=C2-1
Added Pin To Net: NetName=EXTAL Pin=R1-1
Added Pin To Net: NetName=EXTAL Pin=U1-50
Added Pin To Net: NetName=EXTAL Pin=X1-1
Added Net: Name=EXTAL
Added Pin To Net: NetName=GND Pin=C1-2
Added Pin To Net: NetName=GND Pin=C2-2
Added Pin To Net: NetName=GND Pin=C3-1
Added Pin To Net: NetName=GND Pin=C4-1
Added Pin To Net: NetName=GND Pin=C5-1
Added Pin To Net: NetName=GND Pin=C6-1
Added Pin To Net: NetName=GND Pin=C7-1
Added Pin To Net: NetName=GND Pin=C8-1
Added Pin To Net: NetName=GND Pin=C9-1
Added Pin To Net: NetName=GND Pin=C10-1
Added Pin To Net: NetName=GND Pin=C11-1
Added Pin To Net: NetName=GND Pin=C12-1
Added Pin To Net: NetName=GND Pin=C13-1
Added Pin To Net: NetName=GND Pin=D1-2
Added Pin To Net: NetName=GND Pin=P1-2
Added Pin To Net: NetName=GND Pin=P8-1
Added Pin To Net: NetName=GND Pin=P10-1
Added Pin To Net: NetName=GND Pin=S1-2
Added Pin To Net: NetName=GND Pin=S1-2
Added Pin To Net: NetName=GND Pin=U1-9
Added Pin To Net: NetName=GND Pin=U1-24
Added Pin To Net: NetName=GND Pin=U1-25
Added Pin To Net: NetName=GND Pin=U1-29
Added Pin To Net: NetName=GND Pin=U1-49
Added Pin To Net: NetName=GND Pin=U1-74
Added Net: Name=GND
Added Pin To Net: NetName=NetD1_1 Pin=D1-1
Added Pin To Net: NetName=NetD1_1 Pin=R2-2
Added Net: Name=NetD1_1
Added Pin To Net: NetName=PA1/USART0_RX Pin=P5-1
Added Pin To Net: NetName=PA1/USART0_RX Pin=U1-35
Added Net: Name=PA1/USART0_RX
Added Pin To Net: NetName=PA2/USART0_TX Pin=P5-2
Added Pin To Net: NetName=PA2/USART0_TX Pin=U1-36
Added Net: Name=PA2/USART0_TX
Added Pin To Net: NetName=PA4 Pin=P3-10
Added Pin To Net: NetName=PA4 Pin=U1-38
Added Net: Name=PA4
Added Pin To Net: NetName=PA5 Pin=P3-9
Added Pin To Net: NetName=PA5 Pin=U1-39
Added Net: Name=PA5
Added Pin To Net: NetName=PA6 Pin=P3-8
Added Pin To Net: NetName=PA6 Pin=U1-40
Added Net: Name=PA6
Added Pin To Net: NetName=PA7 Pin=P3-7
Added Pin To Net: NetName=PA7 Pin=U1-41
Added Net: Name=PA7
Added Pin To Net: NetName=PA12 Pin=P3-6
Added Pin To Net: NetName=PA12 Pin=U1-42
Added Net: Name=PA12
Added Pin To Net: NetName=PA13 Pin=P3-5
Added Pin To Net: NetName=PA13 Pin=U1-43
Added Net: Name=PA13
Added Pin To Net: NetName=PA14 Pin=P3-4
Added Pin To Net: NetName=PA14 Pin=U1-44
Added Net: Name=PA14
Added Pin To Net: NetName=PA15 Pin=P3-3
Added Pin To Net: NetName=PA15 Pin=U1-45
Added Net: Name=PA15
Added Pin To Net: NetName=PA16 Pin=P3-2
Added Pin To Net: NetName=PA16 Pin=U1-46
Added Net: Name=PA16
Added Pin To Net: NetName=PA17 Pin=P3-1
Added Pin To Net: NetName=PA17 Pin=U1-47
Added Net: Name=PA17
Added Pin To Net: NetName=PB0 Pin=P9-8
Added Pin To Net: NetName=PB0 Pin=U1-53
Added Net: Name=PB0
Added Pin To Net: NetName=PB1 Pin=P9-7
Added Pin To Net: NetName=PB1 Pin=U1-54
Added Net: Name=PB1
Added Pin To Net: NetName=PB2 Pin=P9-6
Added Pin To Net: NetName=PB2 Pin=U1-55
Added Net: Name=PB2
Added Pin To Net: NetName=PB3 Pin=P9-5
Added Pin To Net: NetName=PB3 Pin=U1-56
Added Net: Name=PB3
Added Pin To Net: NetName=PB7 Pin=P9-4
Added Pin To Net: NetName=PB7 Pin=U1-57
Added Net: Name=PB7
Added Pin To Net: NetName=PB8 Pin=P9-3
Added Pin To Net: NetName=PB8 Pin=U1-58
Added Net: Name=PB8
Added Pin To Net: NetName=PB9 Pin=P9-2
Added Pin To Net: NetName=PB9 Pin=U1-59
Added Net: Name=PB9
Added Pin To Net: NetName=PB10 Pin=P9-1
Added Pin To Net: NetName=PB10 Pin=U1-60
Added Net: Name=PB10
Added Pin To Net: NetName=PB11 Pin=P7-9
Added Pin To Net: NetName=PB11 Pin=U1-61
Added Net: Name=PB11
Added Pin To Net: NetName=PB16 Pin=P7-8
Added Pin To Net: NetName=PB16 Pin=U1-62
Added Net: Name=PB16
Added Pin To Net: NetName=PB17 Pin=P7-7
Added Pin To Net: NetName=PB17 Pin=U1-63
Added Net: Name=PB17
Added Pin To Net: NetName=PB18 Pin=P7-6
Added Pin To Net: NetName=PB18 Pin=U1-64
Added Net: Name=PB18
Added Pin To Net: NetName=PB19 Pin=P7-5
Added Pin To Net: NetName=PB19 Pin=U1-65
Added Net: Name=PB19
Added Pin To Net: NetName=PB20 Pin=P7-4
Added Pin To Net: NetName=PB20 Pin=U1-66
Added Net: Name=PB20
Added Pin To Net: NetName=PB21 Pin=P7-3
Added Pin To Net: NetName=PB21 Pin=U1-67
Added Net: Name=PB21
Added Pin To Net: NetName=PB22 Pin=P7-2
Added Pin To Net: NetName=PB22 Pin=U1-68
Added Net: Name=PB22
Added Pin To Net: NetName=PB23 Pin=P7-1
Added Pin To Net: NetName=PB23 Pin=U1-69
Added Net: Name=PB23
Added Pin To Net: NetName=PC0 Pin=P4-1
Added Pin To Net: NetName=PC0 Pin=U1-70
Added Net: Name=PC0
Added Pin To Net: NetName=PC1 Pin=P4-2
Added Pin To Net: NetName=PC1 Pin=U1-71
Added Net: Name=PC1
Added Pin To Net: NetName=PC2 Pin=P4-3
Added Pin To Net: NetName=PC2 Pin=U1-72
Added Net: Name=PC2
Added Pin To Net: NetName=PC3 Pin=P4-4
Added Pin To Net: NetName=PC3 Pin=U1-73
Added Net: Name=PC3
Added Pin To Net: NetName=PC4 Pin=P4-5
Added Pin To Net: NetName=PC4 Pin=U1-76
Added Net: Name=PC4
Added Pin To Net: NetName=PC5 Pin=P4-6
Added Pin To Net: NetName=PC5 Pin=U1-77
Added Net: Name=PC5
Added Pin To Net: NetName=PC6 Pin=P4-7
Added Pin To Net: NetName=PC6 Pin=U1-78
Added Net: Name=PC6
Added Pin To Net: NetName=PC7 Pin=P4-8
Added Pin To Net: NetName=PC7 Pin=U1-79
Added Net: Name=PC7
Added Pin To Net: NetName=PC8 Pin=P2-1
Added Pin To Net: NetName=PC8 Pin=U1-80
Added Net: Name=PC8
Added Pin To Net: NetName=PC9 Pin=P2-2
Added Pin To Net: NetName=PC9 Pin=U1-81
Added Net: Name=PC9
Added Pin To Net: NetName=PC10 Pin=P2-3
Added Pin To Net: NetName=PC10 Pin=U1-82
Added Net: Name=PC10
Added Pin To Net: NetName=PC11 Pin=P2-4
Added Pin To Net: NetName=PC11 Pin=U1-83
Added Net: Name=PC11
Added Pin To Net: NetName=PC12 Pin=P2-5
Added Pin To Net: NetName=PC12 Pin=U1-84
Added Net: Name=PC12
Added Pin To Net: NetName=PC13 Pin=P2-6
Added Pin To Net: NetName=PC13 Pin=U1-85
Added Net: Name=PC13
Added Pin To Net: NetName=PC16 Pin=P2-7
Added Pin To Net: NetName=PC16 Pin=U1-90
Added Net: Name=PC16
Added Pin To Net: NetName=PC17 Pin=P2-8
Added Pin To Net: NetName=PC17 Pin=U1-91
Added Net: Name=PC17
Added Pin To Net: NetName=PC18 Pin=P2-9
Added Pin To Net: NetName=PC18 Pin=U1-92
Added Net: Name=PC18
Added Pin To Net: NetName=PD0 Pin=P6-1
Added Pin To Net: NetName=PD0 Pin=U1-93
Added Net: Name=PD0
Added Pin To Net: NetName=PD1 Pin=P6-2
Added Pin To Net: NetName=PD1 Pin=U1-94
Added Net: Name=PD1
Added Pin To Net: NetName=PD2 Pin=P6-3
Added Pin To Net: NetName=PD2 Pin=U1-95
Added Net: Name=PD2
Added Pin To Net: NetName=PD3 Pin=P6-4
Added Pin To Net: NetName=PD3 Pin=U1-96
Added Net: Name=PD3
Added Pin To Net: NetName=PD4 Pin=P6-5
Added Pin To Net: NetName=PD4 Pin=U1-97
Added Net: Name=PD4
Added Pin To Net: NetName=PD5 Pin=P6-6
Added Pin To Net: NetName=PD5 Pin=U1-98
Added Net: Name=PD5
Added Pin To Net: NetName=PD6 Pin=P6-7
Added Pin To Net: NetName=PD6 Pin=U1-99
Added Net: Name=PD6
Added Pin To Net: NetName=PD7 Pin=P6-8
Added Pin To Net: NetName=PD7 Pin=U1-100
Added Net: Name=PD7
Added Pin To Net: NetName=PE0 Pin=P13-7
Added Pin To Net: NetName=PE0 Pin=U1-1
Added Net: Name=PE0
Added Pin To Net: NetName=PE1 Pin=P13-6
Added Pin To Net: NetName=PE1 Pin=U1-2
Added Net: Name=PE1
Added Pin To Net: NetName=PE2 Pin=P13-5
Added Pin To Net: NetName=PE2 Pin=U1-3
Added Net: Name=PE2
Added Pin To Net: NetName=PE3 Pin=P13-4
Added Pin To Net: NetName=PE3 Pin=U1-4
Added Net: Name=PE3
Added Pin To Net: NetName=PE4 Pin=P13-3
Added Pin To Net: NetName=PE4 Pin=U1-5
Added Net: Name=PE4
Added Pin To Net: NetName=PE5 Pin=P13-2
Added Pin To Net: NetName=PE5 Pin=U1-6
Added Net: Name=PE5
Added Pin To Net: NetName=PE6 Pin=P13-1
Added Pin To Net: NetName=PE6 Pin=U1-7
Added Net: Name=PE6
Added Pin To Net: NetName=PE16 Pin=P12-8
Added Pin To Net: NetName=PE16 Pin=U1-14
Added Net: Name=PE16
Added Pin To Net: NetName=PE17 Pin=P12-7
Added Pin To Net: NetName=PE17 Pin=U1-15
Added Net: Name=PE17
Added Pin To Net: NetName=PE18 Pin=P12-6
Added Pin To Net: NetName=PE18 Pin=U1-16
Added Net: Name=PE18
Added Pin To Net: NetName=PE19 Pin=P12-5
Added Pin To Net: NetName=PE19 Pin=U1-17
Added Net: Name=PE19
Added Pin To Net: NetName=PE20 Pin=P12-4
Added Pin To Net: NetName=PE20 Pin=U1-18
Added Net: Name=PE20
Added Pin To Net: NetName=PE21 Pin=P12-3
Added Pin To Net: NetName=PE21 Pin=U1-19
Added Net: Name=PE21
Added Pin To Net: NetName=PE22 Pin=P12-2
Added Pin To Net: NetName=PE22 Pin=U1-20
Added Net: Name=PE22
Added Pin To Net: NetName=PE23 Pin=P12-1
Added Pin To Net: NetName=PE23 Pin=U1-21
Added Net: Name=PE23
Added Pin To Net: NetName=PE24 Pin=P11-6
Added Pin To Net: NetName=PE24 Pin=U1-31
Added Net: Name=PE24
Added Pin To Net: NetName=PE25 Pin=P11-5
Added Pin To Net: NetName=PE25 Pin=U1-32
Added Net: Name=PE25
Added Pin To Net: NetName=PE26 Pin=P11-4
Added Pin To Net: NetName=PE26 Pin=U1-33
Added Net: Name=PE26
Added Pin To Net: NetName=PE29 Pin=P11-3
Added Pin To Net: NetName=PE29 Pin=U1-26
Added Net: Name=PE29
Added Pin To Net: NetName=PE30 Pin=P11-2
Added Pin To Net: NetName=PE30 Pin=U1-27
Added Net: Name=PE30
Added Pin To Net: NetName=PE31 Pin=P11-1
Added Pin To Net: NetName=PE31 Pin=U1-28
Added Net: Name=PE31
Added Pin To Net: NetName=RESET Pin=C13-2
Added Pin To Net: NetName=RESET Pin=P1-1
Added Pin To Net: NetName=RESET Pin=R3-1
Added Pin To Net: NetName=RESET Pin=S1-1
Added Pin To Net: NetName=RESET Pin=S1-1
Added Pin To Net: NetName=RESET Pin=U1-52
Added Net: Name=RESET
Added Pin To Net: NetName=SWCLK Pin=P1-5
Added Pin To Net: NetName=SWCLK Pin=U1-34
Added Net: Name=SWCLK
Added Pin To Net: NetName=SWDIO Pin=P1-4
Added Pin To Net: NetName=SWDIO Pin=U1-37
Added Net: Name=SWDIO
Added Pin To Net: NetName=VDD Pin=C3-2
Added Pin To Net: NetName=VDD Pin=C4-2
Added Pin To Net: NetName=VDD Pin=C5-2
Added Pin To Net: NetName=VDD Pin=C6-2
Added Pin To Net: NetName=VDD Pin=C7-2
Added Pin To Net: NetName=VDD Pin=C8-2
Added Pin To Net: NetName=VDD Pin=C9-2
Added Pin To Net: NetName=VDD Pin=C10-2
Added Pin To Net: NetName=VDD Pin=C11-2
Added Pin To Net: NetName=VDD Pin=C12-2
Added Pin To Net: NetName=VDD Pin=P1-3
Added Pin To Net: NetName=VDD Pin=P8-2
Added Pin To Net: NetName=VDD Pin=P10-2
Added Pin To Net: NetName=VDD Pin=R2-1
Added Pin To Net: NetName=VDD Pin=R3-2
Added Pin To Net: NetName=VDD Pin=U1-8
Added Pin To Net: NetName=VDD Pin=U1-22
Added Pin To Net: NetName=VDD Pin=U1-23
Added Pin To Net: NetName=VDD Pin=U1-30
Added Pin To Net: NetName=VDD Pin=U1-48
Added Pin To Net: NetName=VDD Pin=U1-75
Added Net: Name=VDD
Added Pin To Net: NetName=XTAL Pin=C1-1
Added Pin To Net: NetName=XTAL Pin=R1-2
Added Pin To Net: NetName=XTAL Pin=U1-51
Added Pin To Net: NetName=XTAL Pin=X1-2
Added Net: Name=XTAL
Added Class: Name=KL26Z_BOARD
Added Room: Name=KL26Z_BOARD
