Added Component: Designator=C1(1206_C)
Added Component: Designator=C2(1206_C)
Added Component: Designator=C3(1206_C)
Added Component: Designator=C4(1206_C)
Added Component: Designator=P1(Pin_header_2P_2.54_M)
Added Component: Designator=P2(Pin_header_3P_2.54_M)
Added Component: Designator=P3(Pin_header_4P_2.54_M)
Added Component: Designator=R1(0805_R)
Added Component: Designator=R2(0805_R)
Added Component: Designator=R3(0805_R)
Added Component: Designator=R4(0805_R)
Added Component: Designator=S1(TAKT-KEY)
Added Component: Designator=S2(TAKT-KEY)
Added Component: Designator=S3(TAKT-KEY)
Added Component: Designator=S4(TAKT-KEY)
Added Component: Designator=U1(SOT95P280X145-5N)
Added Pin To Net: NetName=BUTTON1 Pin=C1-2
Added Pin To Net: NetName=BUTTON1 Pin=P3-4
Added Pin To Net: NetName=BUTTON1 Pin=R1-1
Added Pin To Net: NetName=BUTTON1 Pin=S1-2
Added Pin To Net: NetName=BUTTON1 Pin=S1-2
Added Net: Name=BUTTON1
Added Pin To Net: NetName=BUTTON2 Pin=C2-2
Added Pin To Net: NetName=BUTTON2 Pin=P3-3
Added Pin To Net: NetName=BUTTON2 Pin=R2-1
Added Pin To Net: NetName=BUTTON2 Pin=S2-2
Added Pin To Net: NetName=BUTTON2 Pin=S2-2
Added Net: Name=BUTTON2
Added Pin To Net: NetName=BUTTON3 Pin=C3-2
Added Pin To Net: NetName=BUTTON3 Pin=P3-2
Added Pin To Net: NetName=BUTTON3 Pin=R3-1
Added Pin To Net: NetName=BUTTON3 Pin=S3-2
Added Pin To Net: NetName=BUTTON3 Pin=S3-2
Added Net: Name=BUTTON3
Added Pin To Net: NetName=BUTTON4 Pin=C4-2
Added Pin To Net: NetName=BUTTON4 Pin=P3-1
Added Pin To Net: NetName=BUTTON4 Pin=R4-1
Added Pin To Net: NetName=BUTTON4 Pin=S4-2
Added Pin To Net: NetName=BUTTON4 Pin=S4-2
Added Net: Name=BUTTON4
Added Pin To Net: NetName=GND Pin=C1-1
Added Pin To Net: NetName=GND Pin=C2-1
Added Pin To Net: NetName=GND Pin=C3-1
Added Pin To Net: NetName=GND Pin=C4-1
Added Pin To Net: NetName=GND Pin=P1-1
Added Pin To Net: NetName=GND Pin=S1-1
Added Pin To Net: NetName=GND Pin=S1-1
Added Pin To Net: NetName=GND Pin=S2-1
Added Pin To Net: NetName=GND Pin=S2-1
Added Pin To Net: NetName=GND Pin=S3-1
Added Pin To Net: NetName=GND Pin=S3-1
Added Pin To Net: NetName=GND Pin=S4-1
Added Pin To Net: NetName=GND Pin=S4-1
Added Pin To Net: NetName=GND Pin=U1-3
Added Net: Name=GND
Added Pin To Net: NetName=IN Pin=P2-2
Added Pin To Net: NetName=IN Pin=U1-2
Added Net: Name=IN
Added Pin To Net: NetName=OE Pin=P2-1
Added Pin To Net: NetName=OE Pin=U1-1
Added Net: Name=OE
Added Pin To Net: NetName=OUT Pin=P2-3
Added Pin To Net: NetName=OUT Pin=U1-4
Added Net: Name=OUT
Added Pin To Net: NetName=VCC Pin=P1-2
Added Pin To Net: NetName=VCC Pin=R1-2
Added Pin To Net: NetName=VCC Pin=R2-2
Added Pin To Net: NetName=VCC Pin=R3-2
Added Pin To Net: NetName=VCC Pin=R4-2
Added Pin To Net: NetName=VCC Pin=U1-5
Added Net: Name=VCC
Added Class: Name=buttons_leds_buffer
Added Room: Name=buttons_leds_buffer
