Added Component: Designator=C1(0805_C)
Added Component: Designator=C2(0805_C)
Added Component: Designator=C3(1206_C)
Added Component: Designator=C4(0805_C)
Added Component: Designator=C5(0805_C)
Added Component: Designator=C6(0805_C)
Added Component: Designator=C7(0805_C)
Added Component: Designator=C8(0805_C)
Added Component: Designator=P1(Pin_header9_2.54)
Added Component: Designator=P2(Pin_header_5P_2.54_M)
Added Component: Designator=P3(Pin_header14_2.54)
Added Component: Designator=R1(1206_R)
Added Component: Designator=R2(0805_R)
Added Component: Designator=S1(TAKT-KEY)
Added Component: Designator=U1(QFP32_0.8)
Added Component: Designator=Y1(Cristal 32kHz 2*7)
Added Pin To Net: NetName=GND Pin=C1-2
Added Pin To Net: NetName=GND Pin=C2-1
Added Pin To Net: NetName=GND Pin=C3-2
Added Pin To Net: NetName=GND Pin=C4-1
Added Pin To Net: NetName=GND Pin=C5-1
Added Pin To Net: NetName=GND Pin=C6-2
Added Pin To Net: NetName=GND Pin=C7-2
Added Pin To Net: NetName=GND Pin=C8-1
Added Pin To Net: NetName=GND Pin=P2-2
Added Pin To Net: NetName=GND Pin=S1-1
Added Pin To Net: NetName=GND Pin=S1-1
Added Pin To Net: NetName=GND Pin=U1-5
Added Pin To Net: NetName=GND Pin=U1-6
Added Pin To Net: NetName=GND Pin=Y1-3
Added Net: Name=GND
Added Pin To Net: NetName=NetC6_1 Pin=C6-1
Added Pin To Net: NetName=NetC6_1 Pin=R1-2
Added Pin To Net: NetName=NetC6_1 Pin=U1-8
Added Pin To Net: NetName=NetC6_1 Pin=Y1-2
Added Net: Name=NetC6_1
Added Pin To Net: NetName=NetC7_1 Pin=C7-1
Added Pin To Net: NetName=NetC7_1 Pin=R1-1
Added Pin To Net: NetName=NetC7_1 Pin=U1-7
Added Pin To Net: NetName=NetC7_1 Pin=Y1-1
Added Net: Name=NetC7_1
Added Pin To Net: NetName=PA5 Pin=P1-1
Added Pin To Net: NetName=PA5 Pin=U1-9
Added Net: Name=PA5
Added Pin To Net: NetName=PA6 Pin=P1-2
Added Pin To Net: NetName=PA6 Pin=U1-10
Added Net: Name=PA6
Added Pin To Net: NetName=PA7 Pin=P1-3
Added Pin To Net: NetName=PA7 Pin=U1-15
Added Net: Name=PA7
Added Pin To Net: NetName=PA8 Pin=P1-4
Added Pin To Net: NetName=PA8 Pin=U1-19
Added Net: Name=PA8
Added Pin To Net: NetName=PA9 Pin=P1-5
Added Pin To Net: NetName=PA9 Pin=U1-20
Added Net: Name=PA9
Added Pin To Net: NetName=PA10 Pin=P1-6
Added Pin To Net: NetName=PA10 Pin=U1-21
Added Net: Name=PA10
Added Pin To Net: NetName=PA11 Pin=P1-7
Added Pin To Net: NetName=PA11 Pin=U1-22
Added Net: Name=PA11
Added Pin To Net: NetName=PA12 Pin=P1-8
Added Pin To Net: NetName=PA12 Pin=U1-26
Added Net: Name=PA12
Added Pin To Net: NetName=PA13 Pin=P1-9
Added Pin To Net: NetName=PA13 Pin=U1-27
Added Net: Name=PA13
Added Pin To Net: NetName=PB0 Pin=P3-14
Added Pin To Net: NetName=PB0 Pin=U1-16
Added Net: Name=PB0
Added Pin To Net: NetName=PB1 Pin=P3-13
Added Pin To Net: NetName=PB1 Pin=U1-17
Added Net: Name=PB1
Added Pin To Net: NetName=PB2 Pin=P3-12
Added Pin To Net: NetName=PB2 Pin=U1-18
Added Net: Name=PB2
Added Pin To Net: NetName=PB3 Pin=P3-11
Added Pin To Net: NetName=PB3 Pin=U1-23
Added Net: Name=PB3
Added Pin To Net: NetName=PB4 Pin=P3-10
Added Pin To Net: NetName=PB4 Pin=U1-24
Added Net: Name=PB4
Added Pin To Net: NetName=PB5 Pin=P3-9
Added Pin To Net: NetName=PB5 Pin=U1-25
Added Net: Name=PB5
Added Pin To Net: NetName=PB6 Pin=P3-8
Added Pin To Net: NetName=PB6 Pin=U1-1
Added Net: Name=PB6
Added Pin To Net: NetName=PB7 Pin=P3-7
Added Pin To Net: NetName=PB7 Pin=U1-2
Added Net: Name=PB7
Added Pin To Net: NetName=PB8 Pin=P3-6
Added Pin To Net: NetName=PB8 Pin=U1-11
Added Net: Name=PB8
Added Pin To Net: NetName=PB9 Pin=P3-5
Added Pin To Net: NetName=PB9 Pin=U1-12
Added Net: Name=PB9
Added Pin To Net: NetName=PB10 Pin=P3-4
Added Pin To Net: NetName=PB10 Pin=U1-13
Added Net: Name=PB10
Added Pin To Net: NetName=PB11 Pin=P3-3
Added Pin To Net: NetName=PB11 Pin=U1-14
Added Net: Name=PB11
Added Pin To Net: NetName=PB12 Pin=P3-2
Added Pin To Net: NetName=PB12 Pin=U1-28
Added Net: Name=PB12
Added Pin To Net: NetName=PB13 Pin=P3-1
Added Pin To Net: NetName=PB13 Pin=U1-29
Added Net: Name=PB13
Added Pin To Net: NetName=RESET Pin=C8-2
Added Pin To Net: NetName=RESET Pin=P2-1
Added Pin To Net: NetName=RESET Pin=R2-1
Added Pin To Net: NetName=RESET Pin=S1-2
Added Pin To Net: NetName=RESET Pin=S1-2
Added Pin To Net: NetName=RESET Pin=U1-31
Added Net: Name=RESET
Added Pin To Net: NetName=SWDCLK Pin=P2-5
Added Pin To Net: NetName=SWDCLK Pin=U1-30
Added Net: Name=SWDCLK
Added Pin To Net: NetName=SWDIO Pin=P2-4
Added Pin To Net: NetName=SWDIO Pin=U1-32
Added Net: Name=SWDIO
Added Pin To Net: NetName=VCC Pin=C1-1
Added Pin To Net: NetName=VCC Pin=C2-2
Added Pin To Net: NetName=VCC Pin=C3-1
Added Pin To Net: NetName=VCC Pin=C4-2
Added Pin To Net: NetName=VCC Pin=C5-2
Added Pin To Net: NetName=VCC Pin=P2-3
Added Pin To Net: NetName=VCC Pin=R2-2
Added Pin To Net: NetName=VCC Pin=U1-3
Added Pin To Net: NetName=VCC Pin=U1-4
Added Net: Name=VCC
Added Class: Name=mkl05_simple
Added Room: Name=mkl05_simple
