Removed Pin From Net: NetName=GND Pin=P1-2
Removed Pin From Net: NetName=GND Pin=P2-1
Removed Pin From Net: NetName=GND Pin=P2-8
Removed Pin From Net: NetName=+5 Pin=P2-10
Added Component: Designator=P4(Pin_header_3P_2.54_M)
Added Component: Designator=Q1(SOT23)
Added Component: Designator=R1(1206_R)
Added Component: Designator=R2(0805_R)
Added Pin To Net: NetName=GND Pin=Q1-3
Added Pin To Net: NetName=+5 Pin=R1-2
Change Net Name : Old Net Name=GND New Net Name=K
Added Pin To Net: NetName=A Pin=P2-10
Added Pin To Net: NetName=A Pin=P4-3
Added Pin To Net: NetName=A Pin=R1-1
Added Net: Name=A
Added Pin To Net: NetName=GND Pin=P1-2
Added Pin To Net: NetName=GND Pin=P2-1
Added Pin To Net: NetName=GND Pin=P2-8
Added Pin To Net: NetName=GND Pin=P4-2
Added Pin To Net: NetName=GND Pin=Q1-2
Added Net: Name=GND
Added Pin To Net: NetName=NetQ1_1 Pin=Q1-1
Added Pin To Net: NetName=NetQ1_1 Pin=R2-2
Added Net: Name=NetQ1_1
Added Pin To Net: NetName=PWM Pin=P4-1
Added Pin To Net: NetName=PWM Pin=R2-1
Added Net: Name=PWM
Added Member To Class: ClassName=ILI9341 Member=Component P4 Pin header 3
Added Member To Class: ClassName=ILI9341 Member=Component Q1 S9013
Added Member To Class: ClassName=ILI9341 Member=Component R1 Res 120
Added Member To Class: ClassName=ILI9341 Member=Component R2 Res 1K5
Added Room: Name=ILI9341
