Added Component: Designator=P1(Pin_header_8P_2.54_M)
Added Component: Designator=P2(Pin_header18_0.8)
Added Component: Designator=P3(Pin_header_4P_2.54_M)
Added Pin To Net: NetName=+5 Pin=P2-10
Added Net: Name=+5
Added Pin To Net: NetName=CLK Pin=P1-7
Added Pin To Net: NetName=CLK Pin=P2-3
Added Net: Name=CLK
Added Pin To Net: NetName=CS Pin=P1-5
Added Pin To Net: NetName=CS Pin=P2-5
Added Net: Name=CS
Added Pin To Net: NetName=GND Pin=P1-2
Added Pin To Net: NetName=GND Pin=P2-1
Added Pin To Net: NetName=GND Pin=P2-8
Added Pin To Net: NetName=GND Pin=P2-11
Added Pin To Net: NetName=GND Pin=P2-12
Added Pin To Net: NetName=GND Pin=P2-13
Added Pin To Net: NetName=GND Pin=P2-14
Added Net: Name=GND
Added Pin To Net: NetName=MISO Pin=P1-3
Added Pin To Net: NetName=MISO Pin=P2-7
Added Net: Name=MISO
Added Pin To Net: NetName=MOSI Pin=P1-4
Added Pin To Net: NetName=MOSI Pin=P2-6
Added Net: Name=MOSI
Added Pin To Net: NetName=RESET Pin=P1-8
Added Pin To Net: NetName=RESET Pin=P2-2
Added Net: Name=RESET
Added Pin To Net: NetName=RS Pin=P1-6
Added Pin To Net: NetName=RS Pin=P2-4
Added Net: Name=RS
Added Pin To Net: NetName=VCC Pin=P1-1
Added Pin To Net: NetName=VCC Pin=P2-9
Added Net: Name=VCC
Added Pin To Net: NetName=XL Pin=P2-15
Added Pin To Net: NetName=XL Pin=P3-4
Added Net: Name=XL
Added Pin To Net: NetName=XR Pin=P2-17
Added Pin To Net: NetName=XR Pin=P3-2
Added Net: Name=XR
Added Pin To Net: NetName=YD Pin=P2-18
Added Pin To Net: NetName=YD Pin=P3-1
Added Net: Name=YD
Added Pin To Net: NetName=YU Pin=P2-16
Added Pin To Net: NetName=YU Pin=P3-3
Added Net: Name=YU
Added Class: Name=ILI9341
Added Room: Name=ILI9341
