Added Component: Designator=C1(0805_1)
Added Component: Designator=C2(0805_1)
Added Component: Designator=C3(0805_1)
Added Component: Designator=C4(0805_1)
Added Component: Designator=C5(0805_1)
Added Component: Designator=C6(1206)
Added Component: Designator=C7(6032)
Added Component: Designator=C8(0805_1)
Added Component: Designator=C9(0805_1)
Added Component: Designator=D1(DO-214)
Added Component: Designator=LS1(Beeper)
Added Component: Designator=P1(Pin_header4_2.54)
Added Component: Designator=P2(Pin_header2)
Added Component: Designator=P3(Pin_header2_2.54)
Added Component: Designator=P4(RF_pin_header_4_2)
Added Component: Designator=P5(Pin_header2)
Added Component: Designator=Q1(SOT23)
Added Component: Designator=R1(0805_1)
Added Component: Designator=R2(0805_1)
Added Component: Designator=R3(0805_1)
Added Component: Designator=R4(0805_1)
Added Component: Designator=R5(0805_1)
Added Component: Designator=R6(0805_1)
Added Component: Designator=R7(0805_1)
Added Component: Designator=U1(TSSOP20)
Added Component: Designator=U2(MAX6675)
Added Component: Designator=VR1(SOT223)
Added Pin To Net: NetName=+12 Pin=C6-1
Added Pin To Net: NetName=+12 Pin=C8-2
Added Pin To Net: NetName=+12 Pin=P5-2
Added Pin To Net: NetName=+12 Pin=VR1-3
Added Net: Name=+12
Added Pin To Net: NetName=BEEPER Pin=R7-2
Added Pin To Net: NetName=BEEPER Pin=U1-20
Added Net: Name=BEEPER
Added Pin To Net: NetName=BUTTON Pin=C2-2
Added Pin To Net: NetName=BUTTON Pin=R2-1
Added Pin To Net: NetName=BUTTON Pin=U1-3
Added Net: Name=BUTTON
Added Pin To Net: NetName=CE Pin=P4-3
Added Pin To Net: NetName=CE Pin=U1-19
Added Net: Name=CE
Added Pin To Net: NetName=CS_MAX6675 Pin=U1-14
Added Net: Name=CS_MAX6675
Added Pin To Net: NetName=CS_MAX6676 Pin=U2-6
Added Net: Name=CS_MAX6676
Added Pin To Net: NetName=CS_NRF24 Pin=U1-13
Added Net: Name=CS_NRF24
Added Pin To Net: NetName=CS_NRF25 Pin=P4-4
Added Net: Name=CS_NRF25
Added Pin To Net: NetName=GND Pin=C1-1
Added Pin To Net: NetName=GND Pin=C2-1
Added Pin To Net: NetName=GND Pin=C3-2
Added Pin To Net: NetName=GND Pin=C4-1
Added Pin To Net: NetName=GND Pin=C5-2
Added Pin To Net: NetName=GND Pin=C6-2
Added Pin To Net: NetName=GND Pin=C7-2
Added Pin To Net: NetName=GND Pin=C8-1
Added Pin To Net: NetName=GND Pin=C9-1
Added Pin To Net: NetName=GND Pin=P1-3
Added Pin To Net: NetName=GND Pin=P4-1
Added Pin To Net: NetName=GND Pin=P5-1
Added Pin To Net: NetName=GND Pin=Q1-2
Added Pin To Net: NetName=GND Pin=R1-1
Added Pin To Net: NetName=GND Pin=R3-1
Added Pin To Net: NetName=GND Pin=R4-2
Added Pin To Net: NetName=GND Pin=R6-1
Added Pin To Net: NetName=GND Pin=U1-7
Added Pin To Net: NetName=GND Pin=U2-1
Added Pin To Net: NetName=GND Pin=VR1-1
Added Net: Name=GND
Added Pin To Net: NetName=IRQ Pin=P4-8
Added Pin To Net: NetName=IRQ Pin=R5-2
Added Pin To Net: NetName=IRQ Pin=U1-10
Added Net: Name=IRQ
Added Pin To Net: NetName=MISO Pin=P4-7
Added Pin To Net: NetName=MISO Pin=U1-17
Added Pin To Net: NetName=MISO Pin=U2-7
Added Net: Name=MISO
Added Pin To Net: NetName=MOSI Pin=P4-6
Added Pin To Net: NetName=MOSI Pin=U1-16
Added Net: Name=MOSI
Added Pin To Net: NetName=NetC3_1 Pin=C3-1
Added Pin To Net: NetName=NetC3_1 Pin=U1-8
Added Net: Name=NetC3_1
Added Pin To Net: NetName=NetC7_1 Pin=C7-1
Added Pin To Net: NetName=NetC7_1 Pin=C9-2
Added Pin To Net: NetName=NetC7_1 Pin=D1-1
Added Pin To Net: NetName=NetC7_1 Pin=VR1-2
Added Net: Name=NetC7_1
Added Pin To Net: NetName=NetLS1_2 Pin=LS1-2
Added Pin To Net: NetName=NetLS1_2 Pin=Q1-3
Added Net: Name=NetLS1_2
Added Pin To Net: NetName=NetP2_1 Pin=P2-1
Added Pin To Net: NetName=NetP2_1 Pin=U2-2
Added Net: Name=NetP2_1
Added Pin To Net: NetName=NetP2_2 Pin=P2-2
Added Pin To Net: NetName=NetP2_2 Pin=U2-3
Added Net: Name=NetP2_2
Added Pin To Net: NetName=NetQ1_1 Pin=Q1-1
Added Pin To Net: NetName=NetQ1_1 Pin=R7-1
Added Net: Name=NetQ1_1
Added Pin To Net: NetName=NetR1_2 Pin=R1-2
Added Pin To Net: NetName=NetR1_2 Pin=U1-6
Added Net: Name=NetR1_2
Added Pin To Net: NetName=NetR3_2 Pin=R3-2
Added Pin To Net: NetName=NetR3_2 Pin=U1-5
Added Net: Name=NetR3_2
Added Pin To Net: NetName=RESET Pin=P1-1
Added Pin To Net: NetName=RESET Pin=U1-4
Added Net: Name=RESET
Added Pin To Net: NetName=SCK Pin=P4-5
Added Pin To Net: NetName=SCK Pin=U1-15
Added Pin To Net: NetName=SCK Pin=U2-5
Added Net: Name=SCK
Added Pin To Net: NetName=SWIM Pin=P1-2
Added Pin To Net: NetName=SWIM Pin=U1-18
Added Net: Name=SWIM
Added Pin To Net: NetName=TRIAC1 Pin=P3-1
Added Pin To Net: NetName=TRIAC1 Pin=R4-1
Added Pin To Net: NetName=TRIAC1 Pin=U1-1
Added Net: Name=TRIAC1
Added Pin To Net: NetName=TRIAC2 Pin=P3-2
Added Pin To Net: NetName=TRIAC2 Pin=R6-2
Added Pin To Net: NetName=TRIAC2 Pin=U1-2
Added Net: Name=TRIAC2
Added Pin To Net: NetName=VCC Pin=C1-2
Added Pin To Net: NetName=VCC Pin=C4-2
Added Pin To Net: NetName=VCC Pin=C5-1
Added Pin To Net: NetName=VCC Pin=D1-2
Added Pin To Net: NetName=VCC Pin=LS1-1
Added Pin To Net: NetName=VCC Pin=P1-4
Added Pin To Net: NetName=VCC Pin=P4-2
Added Pin To Net: NetName=VCC Pin=R2-2
Added Pin To Net: NetName=VCC Pin=R5-1
Added Pin To Net: NetName=VCC Pin=U1-9
Added Pin To Net: NetName=VCC Pin=U2-4
Added Net: Name=VCC
Added Class: Name=PPR_solder_radio_main_board
Added Room: Name=PPR_solder_radio_main_board
