Added Component: Designator=C1(0805_C)
Added Component: Designator=C2(0805_C)
Added Component: Designator=C3(0805_C)
Added Component: Designator=C4(0805_C)
Added Component: Designator=C5(0805_C)
Added Component: Designator=C6(0805_C)
Added Component: Designator=C7(0805_C)
Added Component: Designator=C8(0805_C)
Added Component: Designator=C9(0805_C)
Added Component: Designator=C10(0805_C)
Added Component: Designator=C11(0805_C)
Added Component: Designator=C12(0805_C)
Added Component: Designator=C13(0805_C)
Added Component: Designator=P1(Pin_header_2P_2.54_M)
Added Component: Designator=P2(Pin_header_4P_2.54_M)
Added Component: Designator=P3(Pin_header_8P_2.54_M)
Added Component: Designator=P4(Pin_header7_2.54)
Added Component: Designator=P5(Pin_header_6P_2.54_M)
Added Component: Designator=P6(Pin_header_8P_2.54_M)
Added Component: Designator=P7(Pin_header_8P_2.54_M)
Added Component: Designator=P8(Pin_header_8P_2.54_M)
Added Component: Designator=P9(Pin_header_6P_2.54_M)
Added Component: Designator=P10(Pin_header7_2.54)
Added Component: Designator=P11(Pin_header_8P_2.54_M)
Added Component: Designator=R1(0805_R)
Added Component: Designator=R2(0805_R)
Added Component: Designator=R3(1206_R)
Added Component: Designator=S1(TAKT-KEY)
Added Component: Designator=U1(QFP65P1600X1600X174-80N)
Added Component: Designator=X1(XTAL_HC-49/S)
Added Pin To Net: NetName=EXTAL Pin=C13-1
Added Pin To Net: NetName=EXTAL Pin=R3-1
Added Pin To Net: NetName=EXTAL Pin=U1-13
Added Pin To Net: NetName=EXTAL Pin=X1-1
Added Net: Name=EXTAL
Added Pin To Net: NetName=GND Pin=C1-1
Added Pin To Net: NetName=GND Pin=C2-1
Added Pin To Net: NetName=GND Pin=C3-1
Added Pin To Net: NetName=GND Pin=C4-1
Added Pin To Net: NetName=GND Pin=C5-1
Added Pin To Net: NetName=GND Pin=C6-1
Added Pin To Net: NetName=GND Pin=C7-1
Added Pin To Net: NetName=GND Pin=C8-1
Added Pin To Net: NetName=GND Pin=C9-1
Added Pin To Net: NetName=GND Pin=C10-1
Added Pin To Net: NetName=GND Pin=C11-1
Added Pin To Net: NetName=GND Pin=C12-2
Added Pin To Net: NetName=GND Pin=C13-2
Added Pin To Net: NetName=GND Pin=P1-2
Added Pin To Net: NetName=GND Pin=P2-4
Added Pin To Net: NetName=GND Pin=S1-2
Added Pin To Net: NetName=GND Pin=S1-2
Added Pin To Net: NetName=GND Pin=U1-11
Added Pin To Net: NetName=GND Pin=U1-12
Added Pin To Net: NetName=GND Pin=U1-48
Added Pin To Net: NetName=GND Pin=U1-69
Added Net: Name=GND
Added Pin To Net: NetName=PA0 Pin=P5-1
Added Pin To Net: NetName=PA0 Pin=U1-62
Added Net: Name=PA0
Added Pin To Net: NetName=PA1 Pin=P5-2
Added Pin To Net: NetName=PA1 Pin=U1-61
Added Net: Name=PA1
Added Pin To Net: NetName=PA2 Pin=P5-3
Added Pin To Net: NetName=PA2 Pin=U1-60
Added Net: Name=PA2
Added Pin To Net: NetName=PA3 Pin=P5-4
Added Pin To Net: NetName=PA3 Pin=U1-59
Added Net: Name=PA3
Added Pin To Net: NetName=PA6 Pin=P5-5
Added Pin To Net: NetName=PA6 Pin=U1-46
Added Net: Name=PA6
Added Pin To Net: NetName=PA7 Pin=P5-6
Added Pin To Net: NetName=PA7 Pin=U1-45
Added Net: Name=PA7
Added Pin To Net: NetName=PB0 Pin=P9-6
Added Pin To Net: NetName=PB0 Pin=U1-42
Added Net: Name=PB0
Added Pin To Net: NetName=PB1 Pin=P9-5
Added Pin To Net: NetName=PB1 Pin=U1-41
Added Net: Name=PB1
Added Pin To Net: NetName=PB2 Pin=P9-4
Added Pin To Net: NetName=PB2 Pin=U1-40
Added Net: Name=PB2
Added Pin To Net: NetName=PB3 Pin=P9-3
Added Pin To Net: NetName=PB3 Pin=U1-39
Added Net: Name=PB3
Added Pin To Net: NetName=PB4 Pin=P9-2
Added Pin To Net: NetName=PB4 Pin=U1-23
Added Net: Name=PB4
Added Pin To Net: NetName=PB5 Pin=P9-1
Added Pin To Net: NetName=PB5 Pin=U1-22
Added Net: Name=PB5
Added Pin To Net: NetName=PC0 Pin=P10-7
Added Pin To Net: NetName=PC0 Pin=U1-32
Added Net: Name=PC0
Added Pin To Net: NetName=PC1 Pin=P10-6
Added Pin To Net: NetName=PC1 Pin=U1-31
Added Net: Name=PC1
Added Pin To Net: NetName=PC2 Pin=P10-5
Added Pin To Net: NetName=PC2 Pin=U1-25
Added Net: Name=PC2
Added Pin To Net: NetName=PC3 Pin=P10-4
Added Pin To Net: NetName=PC3 Pin=U1-24
Added Net: Name=PC3
Added Pin To Net: NetName=PC5 Pin=P10-3
Added Pin To Net: NetName=PC5 Pin=U1-77
Added Net: Name=PC5
Added Pin To Net: NetName=PC6 Pin=P10-2
Added Pin To Net: NetName=PC6 Pin=U1-64
Added Net: Name=PC6
Added Pin To Net: NetName=PC7 Pin=P10-1
Added Pin To Net: NetName=PC7 Pin=U1-63
Added Net: Name=PC7
Added Pin To Net: NetName=PD0 Pin=P6-8
Added Pin To Net: NetName=PD0 Pin=U1-2
Added Net: Name=PD0
Added Pin To Net: NetName=PD1 Pin=P6-7
Added Pin To Net: NetName=PD1 Pin=U1-1
Added Net: Name=PD1
Added Pin To Net: NetName=PD2 Pin=P6-6
Added Pin To Net: NetName=PD2 Pin=U1-58
Added Net: Name=PD2
Added Pin To Net: NetName=PD3 Pin=P6-5
Added Pin To Net: NetName=PD3 Pin=U1-57
Added Net: Name=PD3
Added Pin To Net: NetName=PD4 Pin=P6-4
Added Pin To Net: NetName=PD4 Pin=U1-56
Added Net: Name=PD4
Added Pin To Net: NetName=PD5 Pin=P6-3
Added Pin To Net: NetName=PD5 Pin=U1-28
Added Net: Name=PD5
Added Pin To Net: NetName=PD6 Pin=P6-2
Added Pin To Net: NetName=PD6 Pin=U1-27
Added Net: Name=PD6
Added Pin To Net: NetName=PD7 Pin=P6-1
Added Pin To Net: NetName=PD7 Pin=U1-26
Added Net: Name=PD7
Added Pin To Net: NetName=PE0 Pin=P7-8
Added Pin To Net: NetName=PE0 Pin=U1-76
Added Net: Name=PE0
Added Pin To Net: NetName=PE1 Pin=P7-7
Added Pin To Net: NetName=PE1 Pin=U1-75
Added Net: Name=PE1
Added Pin To Net: NetName=PE2 Pin=P7-6
Added Pin To Net: NetName=PE2 Pin=U1-68
Added Net: Name=PE2
Added Pin To Net: NetName=PE3 Pin=P7-5
Added Pin To Net: NetName=PE3 Pin=U1-67
Added Net: Name=PE3
Added Pin To Net: NetName=PE4 Pin=P7-4
Added Pin To Net: NetName=PE4 Pin=U1-47
Added Net: Name=PE4
Added Pin To Net: NetName=PE5 Pin=P7-3
Added Pin To Net: NetName=PE5 Pin=U1-21
Added Net: Name=PE5
Added Pin To Net: NetName=PE6 Pin=P7-2
Added Pin To Net: NetName=PE6 Pin=U1-20
Added Net: Name=PE6
Added Pin To Net: NetName=PE7 Pin=P7-1
Added Pin To Net: NetName=PE7 Pin=U1-6
Added Net: Name=PE7
Added Pin To Net: NetName=PF0 Pin=P11-8
Added Pin To Net: NetName=PF0 Pin=U1-55
Added Net: Name=PF0
Added Pin To Net: NetName=PF1 Pin=P11-7
Added Pin To Net: NetName=PF1 Pin=U1-54
Added Net: Name=PF1
Added Pin To Net: NetName=PF2 Pin=P11-6
Added Pin To Net: NetName=PF2 Pin=U1-44
Added Net: Name=PF2
Added Pin To Net: NetName=PF3 Pin=P11-5
Added Pin To Net: NetName=PF3 Pin=U1-43
Added Net: Name=PF3
Added Pin To Net: NetName=PF4 Pin=P11-4
Added Pin To Net: NetName=PF4 Pin=U1-38
Added Net: Name=PF4
Added Pin To Net: NetName=PF5 Pin=P11-3
Added Pin To Net: NetName=PF5 Pin=U1-37
Added Net: Name=PF5
Added Pin To Net: NetName=PF6 Pin=P11-2
Added Pin To Net: NetName=PF6 Pin=U1-36
Added Net: Name=PF6
Added Pin To Net: NetName=PF7 Pin=P11-1
Added Pin To Net: NetName=PF7 Pin=U1-35
Added Net: Name=PF7
Added Pin To Net: NetName=PG0 Pin=P8-8
Added Pin To Net: NetName=PG0 Pin=U1-74
Added Net: Name=PG0
Added Pin To Net: NetName=PG1 Pin=P8-7
Added Pin To Net: NetName=PG1 Pin=U1-73
Added Net: Name=PG1
Added Pin To Net: NetName=PG2 Pin=P8-6
Added Pin To Net: NetName=PG2 Pin=U1-72
Added Net: Name=PG2
Added Pin To Net: NetName=PG3 Pin=P8-5
Added Pin To Net: NetName=PG3 Pin=U1-71
Added Net: Name=PG3
Added Pin To Net: NetName=PG4 Pin=P8-4
Added Pin To Net: NetName=PG4 Pin=U1-53
Added Net: Name=PG4
Added Pin To Net: NetName=PG5 Pin=P8-3
Added Pin To Net: NetName=PG5 Pin=U1-52
Added Net: Name=PG5
Added Pin To Net: NetName=PG6 Pin=P8-2
Added Pin To Net: NetName=PG6 Pin=U1-51
Added Net: Name=PG6
Added Pin To Net: NetName=PG7 Pin=P8-1
Added Pin To Net: NetName=PG7 Pin=U1-50
Added Net: Name=PG7
Added Pin To Net: NetName=PH0 Pin=P3-8
Added Pin To Net: NetName=PH0 Pin=U1-19
Added Net: Name=PH0
Added Pin To Net: NetName=PH1 Pin=P3-7
Added Pin To Net: NetName=PH1 Pin=U1-18
Added Net: Name=PH1
Added Pin To Net: NetName=PH2 Pin=P3-6
Added Pin To Net: NetName=PH2 Pin=U1-7
Added Net: Name=PH2
Added Pin To Net: NetName=PH3 Pin=P3-5
Added Pin To Net: NetName=PH3 Pin=U1-34
Added Net: Name=PH3
Added Pin To Net: NetName=PH4 Pin=P3-4
Added Pin To Net: NetName=PH4 Pin=U1-33
Added Net: Name=PH4
Added Pin To Net: NetName=PH5 Pin=P3-3
Added Pin To Net: NetName=PH5 Pin=U1-5
Added Net: Name=PH5
Added Pin To Net: NetName=PH6 Pin=P3-2
Added Pin To Net: NetName=PH6 Pin=U1-4
Added Net: Name=PH6
Added Pin To Net: NetName=PH7 Pin=P3-1
Added Pin To Net: NetName=PH7 Pin=U1-3
Added Net: Name=PH7
Added Pin To Net: NetName=PI0 Pin=P4-7
Added Pin To Net: NetName=PI0 Pin=U1-17
Added Net: Name=PI0
Added Pin To Net: NetName=PI1 Pin=P4-6
Added Pin To Net: NetName=PI1 Pin=U1-16
Added Net: Name=PI1
Added Pin To Net: NetName=PI2 Pin=P4-5
Added Pin To Net: NetName=PI2 Pin=U1-66
Added Net: Name=PI2
Added Pin To Net: NetName=PI3 Pin=P4-4
Added Pin To Net: NetName=PI3 Pin=U1-65
Added Net: Name=PI3
Added Pin To Net: NetName=PI4 Pin=P4-3
Added Pin To Net: NetName=PI4 Pin=U1-15
Added Net: Name=PI4
Added Pin To Net: NetName=PI5 Pin=P4-2
Added Pin To Net: NetName=PI5 Pin=U1-30
Added Net: Name=PI5
Added Pin To Net: NetName=PI6 Pin=P4-1
Added Pin To Net: NetName=PI6 Pin=U1-29
Added Net: Name=PI6
Added Pin To Net: NetName=RESET Pin=C11-2
Added Pin To Net: NetName=RESET Pin=P2-3
Added Pin To Net: NetName=RESET Pin=R1-1
Added Pin To Net: NetName=RESET Pin=S1-1
Added Pin To Net: NetName=RESET Pin=S1-1
Added Pin To Net: NetName=RESET Pin=U1-79
Added Net: Name=RESET
Added Pin To Net: NetName=SWDCLK Pin=P2-1
Added Pin To Net: NetName=SWDCLK Pin=U1-78
Added Net: Name=SWDCLK
Added Pin To Net: NetName=SWDIO Pin=P2-2
Added Pin To Net: NetName=SWDIO Pin=R2-1
Added Pin To Net: NetName=SWDIO Pin=U1-80
Added Net: Name=SWDIO
Added Pin To Net: NetName=VDD Pin=C1-2
Added Pin To Net: NetName=VDD Pin=C2-2
Added Pin To Net: NetName=VDD Pin=C3-2
Added Pin To Net: NetName=VDD Pin=C4-2
Added Pin To Net: NetName=VDD Pin=C5-2
Added Pin To Net: NetName=VDD Pin=C6-2
Added Pin To Net: NetName=VDD Pin=C7-2
Added Pin To Net: NetName=VDD Pin=C8-2
Added Pin To Net: NetName=VDD Pin=C9-2
Added Pin To Net: NetName=VDD Pin=C10-2
Added Pin To Net: NetName=VDD Pin=P1-1
Added Pin To Net: NetName=VDD Pin=R1-2
Added Pin To Net: NetName=VDD Pin=R2-2
Added Pin To Net: NetName=VDD Pin=U1-8
Added Pin To Net: NetName=VDD Pin=U1-9
Added Pin To Net: NetName=VDD Pin=U1-10
Added Pin To Net: NetName=VDD Pin=U1-49
Added Pin To Net: NetName=VDD Pin=U1-70
Added Net: Name=VDD
Added Pin To Net: NetName=XTAL Pin=C12-1
Added Pin To Net: NetName=XTAL Pin=R3-2
Added Pin To Net: NetName=XTAL Pin=U1-14
Added Pin To Net: NetName=XTAL Pin=X1-2
Added Net: Name=XTAL
Added Member To Class: ClassName=MKE04_88P Member=Component C1 Cap 0.1uf
Added Member To Class: ClassName=MKE04_88P Member=Component C2 Cap 1uf
Added Member To Class: ClassName=MKE04_88P Member=Component C3 Cap 0.1uf
Added Member To Class: ClassName=MKE04_88P Member=Component C4 Cap 1uf
Added Member To Class: ClassName=MKE04_88P Member=Component C5 Cap 0.1uf
Added Member To Class: ClassName=MKE04_88P Member=Component C6 Cap 1uf
Added Member To Class: ClassName=MKE04_88P Member=Component C7 Cap 0.1uf
Added Member To Class: ClassName=MKE04_88P Member=Component C8 Cap 1uf
Added Member To Class: ClassName=MKE04_88P Member=Component C9 Cap 0.1uf
Added Member To Class: ClassName=MKE04_88P Member=Component C10 Cap 1uf
Added Member To Class: ClassName=MKE04_88P Member=Component C11 Cap 0.1uf
Added Member To Class: ClassName=MKE04_88P Member=Component C12 Cap 22pf
Added Member To Class: ClassName=MKE04_88P Member=Component C13 Cap 22pf
Added Member To Class: ClassName=MKE04_88P Member=Component P1 Pin header 2
Added Member To Class: ClassName=MKE04_88P Member=Component P2 Pin header 4
Added Member To Class: ClassName=MKE04_88P Member=Component P3 Pin header 8
Added Member To Class: ClassName=MKE04_88P Member=Component P4 Pin header 7
Added Member To Class: ClassName=MKE04_88P Member=Component P5 Pin header 6
Added Member To Class: ClassName=MKE04_88P Member=Component P6 Pin header 8
Added Member To Class: ClassName=MKE04_88P Member=Component P7 Pin header 8
Added Member To Class: ClassName=MKE04_88P Member=Component P8 Pin header 8
Added Member To Class: ClassName=MKE04_88P Member=Component P9 Pin header 6
Added Member To Class: ClassName=MKE04_88P Member=Component P10 Pin header 7
Added Member To Class: ClassName=MKE04_88P Member=Component P11 Pin header 8
Added Member To Class: ClassName=MKE04_88P Member=Component R1 Res 10K
Added Member To Class: ClassName=MKE04_88P Member=Component R2 Res 10K
Added Member To Class: ClassName=MKE04_88P Member=Component R3 Res 1M
Added Member To Class: ClassName=MKE04_88P Member=Component S1 SW_TAKT
Added Member To Class: ClassName=MKE04_88P Member=Component U1 MKE04Z128VLK4
Added Member To Class: ClassName=MKE04_88P Member=Component X1 Cristal
Added Room: Name=MKE04_88P
