Added Component: Designator=C1(1206)
Added Component: Designator=C2(0805_1)
Added Component: Designator=C3(0805_1)
Added Component: Designator=C4(1206)
Added Component: Designator=C5(1206)
Added Component: Designator=C6(1206)
Added Component: Designator=C7(1206)
Added Component: Designator=C8(6032)
Added Component: Designator=C9(1206)
Added Component: Designator=C10(1206)
Added Component: Designator=C11(0805_1)
Added Component: Designator=P1(Pin_header4_1.27)
Added Component: Designator=P2(Pin_header7_1.27)
Added Component: Designator=P3(Pin_header4_2.54)
Added Component: Designator=P4(RF_pin_header_4_2)
Added Component: Designator=P5(Pin_header5_2.54)
Added Component: Designator=P6(jack dc 5.5-2.1)
Added Component: Designator=Q1(SOT23)
Added Component: Designator=Q2(SOT23)
Added Component: Designator=Q3(SOT23)
Added Component: Designator=Q4(SOT23)
Added Component: Designator=R1(0805_1)
Added Component: Designator=R2(0805_1)
Added Component: Designator=R3(0805_1)
Added Component: Designator=R4(0805_1)
Added Component: Designator=R5(0805_1)
Added Component: Designator=R6(0805_1)
Added Component: Designator=R7(0805_1)
Added Component: Designator=R8(0805_1)
Added Component: Designator=R9(0805_1)
Added Component: Designator=S1(TAKT-KEY)
Added Component: Designator=S2(TAKT-KEY)
Added Component: Designator=U1(QFP32)
Added Component: Designator=VR1(SOT223)
Added Component: Designator=X1(CRISTAL 5MM)
Added Pin To Net: NetName=3V3 Pin=C4-2
Added Pin To Net: NetName=3V3 Pin=C5-2
Added Pin To Net: NetName=3V3 Pin=C6-2
Added Pin To Net: NetName=3V3 Pin=C8-1
Added Pin To Net: NetName=3V3 Pin=C10-2
Added Pin To Net: NetName=3V3 Pin=C11-1
Added Pin To Net: NetName=3V3 Pin=P4-2
Added Pin To Net: NetName=3V3 Pin=P5-3
Added Pin To Net: NetName=3V3 Pin=R9-2
Added Pin To Net: NetName=3V3 Pin=U1-1
Added Pin To Net: NetName=3V3 Pin=U1-5
Added Pin To Net: NetName=3V3 Pin=U1-17
Added Pin To Net: NetName=3V3 Pin=VR1-2
Added Net: Name=3V3
Added Pin To Net: NetName=5V Pin=C7-1
Added Pin To Net: NetName=5V Pin=P3-2
Added Pin To Net: NetName=5V Pin=P6-1
Added Pin To Net: NetName=5V Pin=R2-1
Added Pin To Net: NetName=5V Pin=VR1-3
Added Net: Name=5V
Added Pin To Net: NetName=A Pin=P2-1
Added Pin To Net: NetName=A Pin=U1-14
Added Net: Name=A
Added Pin To Net: NetName=BEEPER Pin=U1-25
Added Net: Name=BEEPER
Added Pin To Net: NetName=B Pin=P2-2
Added Pin To Net: NetName=B Pin=U1-15
Added Net: Name=B
Added Pin To Net: NetName=BUTTON Pin=C9-1
Added Pin To Net: NetName=BUTTON Pin=R9-1
Added Pin To Net: NetName=BUTTON Pin=S2-1
Added Pin To Net: NetName=BUTTON Pin=S2-1
Added Pin To Net: NetName=BUTTON Pin=U1-22
Added Net: Name=BUTTON
Added Pin To Net: NetName=CE Pin=P4-3
Added Pin To Net: NetName=CE Pin=U1-8
Added Net: Name=CE
Added Pin To Net: NetName=CS Pin=P4-4
Added Pin To Net: NetName=CS Pin=U1-10
Added Net: Name=CS
Added Pin To Net: NetName=C Pin=P2-3
Added Pin To Net: NetName=C Pin=U1-26
Added Net: Name=C
Added Pin To Net: NetName=DIG1_PIN Pin=P1-1
Added Pin To Net: NetName=DIG1_PIN Pin=Q2-3
Added Net: Name=DIG1_PIN
Added Pin To Net: NetName=DIG1 Pin=Q2-1
Added Pin To Net: NetName=DIG1 Pin=R4-1
Added Net: Name=DIG1
Added Pin To Net: NetName=DIG2_PIN Pin=P1-2
Added Pin To Net: NetName=DIG2_PIN Pin=Q4-3
Added Net: Name=DIG2_PIN
Added Pin To Net: NetName=DIG2 Pin=Q4-1
Added Pin To Net: NetName=DIG2 Pin=R5-1
Added Net: Name=DIG2
Added Pin To Net: NetName=DIG3_PIN Pin=P1-3
Added Pin To Net: NetName=DIG3_PIN Pin=Q3-3
Added Net: Name=DIG3_PIN
Added Pin To Net: NetName=DIG3 Pin=Q3-1
Added Pin To Net: NetName=DIG3 Pin=R6-1
Added Net: Name=DIG3
Added Pin To Net: NetName=DIG4_PIN Pin=P1-4
Added Pin To Net: NetName=DIG4_PIN Pin=Q1-3
Added Net: Name=DIG4_PIN
Added Pin To Net: NetName=DIG4 Pin=Q1-1
Added Pin To Net: NetName=DIG4 Pin=R7-1
Added Net: Name=DIG4
Added Pin To Net: NetName=D Pin=P2-4
Added Pin To Net: NetName=D Pin=U1-27
Added Net: Name=D
Added Pin To Net: NetName=ECHO_MCU Pin=R1-1
Added Pin To Net: NetName=ECHO_MCU Pin=R2-2
Added Pin To Net: NetName=ECHO_MCU Pin=U1-6
Added Net: Name=ECHO_MCU
Added Pin To Net: NetName=ECHO Pin=P3-3
Added Net: Name=ECHO
Added Pin To Net: NetName=E Pin=P2-5
Added Pin To Net: NetName=E Pin=U1-28
Added Net: Name=E
Added Pin To Net: NetName=F Pin=P2-6
Added Pin To Net: NetName=F Pin=U1-29
Added Net: Name=F
Added Pin To Net: NetName=GND Pin=C1-2
Added Pin To Net: NetName=GND Pin=C2-1
Added Pin To Net: NetName=GND Pin=C3-1
Added Pin To Net: NetName=GND Pin=C4-1
Added Pin To Net: NetName=GND Pin=C5-1
Added Pin To Net: NetName=GND Pin=C6-1
Added Pin To Net: NetName=GND Pin=C7-2
Added Pin To Net: NetName=GND Pin=C8-2
Added Pin To Net: NetName=GND Pin=C9-2
Added Pin To Net: NetName=GND Pin=C10-1
Added Pin To Net: NetName=GND Pin=C11-2
Added Pin To Net: NetName=GND Pin=P3-1
Added Pin To Net: NetName=GND Pin=P4-1
Added Pin To Net: NetName=GND Pin=P5-2
Added Pin To Net: NetName=GND Pin=P6-2
Added Pin To Net: NetName=GND Pin=Q1-2
Added Pin To Net: NetName=GND Pin=Q2-2
Added Pin To Net: NetName=GND Pin=Q3-2
Added Pin To Net: NetName=GND Pin=Q4-2
Added Pin To Net: NetName=GND Pin=R1-2
Added Pin To Net: NetName=GND Pin=R3-2
Added Pin To Net: NetName=GND Pin=S1-2
Added Pin To Net: NetName=GND Pin=S1-2
Added Pin To Net: NetName=GND Pin=S2-2
Added Pin To Net: NetName=GND Pin=S2-2
Added Pin To Net: NetName=GND Pin=U1-16
Added Pin To Net: NetName=GND Pin=U1-32
Added Pin To Net: NetName=GND Pin=VR1-1
Added Net: Name=GND
Added Pin To Net: NetName=G Pin=P2-7
Added Pin To Net: NetName=G Pin=U1-30
Added Net: Name=G
Added Pin To Net: NetName=IRQ Pin=P4-8
Added Pin To Net: NetName=IRQ Pin=U1-9
Added Net: Name=IRQ
Added Pin To Net: NetName=MISO Pin=P4-7
Added Pin To Net: NetName=MISO Pin=U1-12
Added Net: Name=MISO
Added Pin To Net: NetName=MOSI Pin=P4-6
Added Pin To Net: NetName=MOSI Pin=U1-13
Added Net: Name=MOSI
Added Pin To Net: NetName=NetC2_2 Pin=C2-2
Added Pin To Net: NetName=NetC2_2 Pin=U1-2
Added Net: Name=NetC2_2
Added Pin To Net: NetName=NetC3_2 Pin=C3-2
Added Pin To Net: NetName=NetC3_2 Pin=R8-1
Added Pin To Net: NetName=NetC3_2 Pin=X1-1
Added Net: Name=NetC3_2
Added Pin To Net: NetName=NetR3_1 Pin=R3-1
Added Pin To Net: NetName=NetR3_1 Pin=U1-31
Added Net: Name=NetR3_1
Added Pin To Net: NetName=NetR4_2 Pin=R4-2
Added Pin To Net: NetName=NetR4_2 Pin=U1-18
Added Net: Name=NetR4_2
Added Pin To Net: NetName=NetR5_2 Pin=R5-2
Added Pin To Net: NetName=NetR5_2 Pin=U1-19
Added Net: Name=NetR5_2
Added Pin To Net: NetName=NetR6_2 Pin=R6-2
Added Pin To Net: NetName=NetR6_2 Pin=U1-20
Added Net: Name=NetR6_2
Added Pin To Net: NetName=NetR7_2 Pin=R7-2
Added Pin To Net: NetName=NetR7_2 Pin=U1-21
Added Net: Name=NetR7_2
Added Pin To Net: NetName=NetR8_2 Pin=R8-2
Added Pin To Net: NetName=NetR8_2 Pin=U1-3
Added Net: Name=NetR8_2
Added Pin To Net: NetName=RESET Pin=C1-1
Added Pin To Net: NetName=RESET Pin=P5-1
Added Pin To Net: NetName=RESET Pin=S1-1
Added Pin To Net: NetName=RESET Pin=S1-1
Added Pin To Net: NetName=RESET Pin=U1-4
Added Net: Name=RESET
Added Pin To Net: NetName=SCK Pin=P4-5
Added Pin To Net: NetName=SCK Pin=U1-11
Added Net: Name=SCK
Added Pin To Net: NetName=SWCLK Pin=P5-5
Added Pin To Net: NetName=SWCLK Pin=U1-24
Added Net: Name=SWCLK
Added Pin To Net: NetName=SWDIO Pin=P5-4
Added Pin To Net: NetName=SWDIO Pin=U1-23
Added Net: Name=SWDIO
Added Pin To Net: NetName=TRIG Pin=P3-4
Added Pin To Net: NetName=TRIG Pin=U1-7
Added Net: Name=TRIG
Added Class: Name=stm32f030k6_hc_sr04
Added Room: Name=stm32f030k6_hc_sr04
