Added Component: Designator=C1(RB2.5-12)
Added Component: Designator=C2(C0805)
Added Component: Designator=C3(C0805)
Added Component: Designator=C4(C0805)
Added Component: Designator=C5(C0805)
Added Component: Designator=C6(1206)
Added Component: Designator=C7(RB3.3-8)
Added Component: Designator=D1(DO-41)
Added Component: Designator=D2(DB-107)
Added Component: Designator=DS1(4digit_seg_led 0.36")
Added Component: Designator=K1(Relay Songle SPDT)
Added Component: Designator=P1(Encoder w Button)
Added Component: Designator=P2(Pin_header4_2.54)
Added Component: Designator=P3(ISP)
Added Component: Designator=P4(Pin_header2)
Added Component: Designator=P5(Pin_header6_2.54)
Added Component: Designator=Q1(SOT_23)
Added Component: Designator=Q2(SOT_23)
Added Component: Designator=Q3(SOT_23)
Added Component: Designator=Q4(SOT_23)
Added Component: Designator=Q5(SOT_23)
Added Component: Designator=R1(6-0805_L)
Added Component: Designator=R2(6-0805_L)
Added Component: Designator=R3(6-0805_L)
Added Component: Designator=R4(6-0805_L)
Added Component: Designator=R5(1206)
Added Component: Designator=R6(1206)
Added Component: Designator=R7(1206)
Added Component: Designator=R8(1206)
Added Component: Designator=R9(1206)
Added Component: Designator=R10(1206)
Added Component: Designator=R11(1206)
Added Component: Designator=R12(1206)
Added Component: Designator=R13(1206)
Added Component: Designator=R14(1206)
Added Component: Designator=R15(1206)
Added Component: Designator=R16(1206)
Added Component: Designator=R17(1206)
Added Component: Designator=R18(1206)
Added Component: Designator=R19(1206)
Added Component: Designator=R20(1206)
Added Component: Designator=R21(1206)
Added Component: Designator=S1(TAKT-KEY)
Added Component: Designator=U1(32A_N)
Added Component: Designator=VR1(SOT223)
Added Pin To Net: NetName=A Pin=R11-1
Added Pin To Net: NetName=A Pin=U1-12
Added Net: Name=A
Added Pin To Net: NetName=B Pin=R12-1
Added Pin To Net: NetName=B Pin=U1-13
Added Net: Name=B
Added Pin To Net: NetName=BUTTON1 Pin=C5-2
Added Pin To Net: NetName=BUTTON1 Pin=P5-3
Added Pin To Net: NetName=BUTTON1 Pin=R4-2
Added Pin To Net: NetName=BUTTON1 Pin=U1-30
Added Net: Name=BUTTON1
Added Pin To Net: NetName=BUTTON_ENC Pin=C4-2
Added Pin To Net: NetName=BUTTON_ENC Pin=P5-4
Added Pin To Net: NetName=BUTTON_ENC Pin=R3-2
Added Pin To Net: NetName=BUTTON_ENC Pin=U1-31
Added Net: Name=BUTTON_ENC
Added Pin To Net: NetName=C Pin=R13-1
Added Pin To Net: NetName=C Pin=U1-14
Added Net: Name=C
Added Pin To Net: NetName=DP Pin=R18-1
Added Pin To Net: NetName=DP Pin=U1-8
Added Net: Name=DP
Added Pin To Net: NetName=D Pin=P3-4
Added Pin To Net: NetName=D Pin=R14-1
Added Pin To Net: NetName=D Pin=U1-15
Added Net: Name=D
Added Pin To Net: NetName=ENC1 Pin=C3-2
Added Pin To Net: NetName=ENC1 Pin=P5-5
Added Pin To Net: NetName=ENC1 Pin=R2-2
Added Pin To Net: NetName=ENC1 Pin=U1-32
Added Net: Name=ENC1
Added Pin To Net: NetName=ENC2 Pin=C2-2
Added Pin To Net: NetName=ENC2 Pin=P5-6
Added Pin To Net: NetName=ENC2 Pin=R1-2
Added Pin To Net: NetName=ENC2 Pin=U1-1
Added Net: Name=ENC2
Added Pin To Net: NetName=E Pin=P3-1
Added Pin To Net: NetName=E Pin=R15-1
Added Pin To Net: NetName=E Pin=U1-16
Added Net: Name=E
Added Pin To Net: NetName=F Pin=P3-3
Added Pin To Net: NetName=F Pin=R16-1
Added Pin To Net: NetName=F Pin=U1-17
Added Net: Name=F
Added Pin To Net: NetName=GND Pin=C1-2
Added Pin To Net: NetName=GND Pin=C2-1
Added Pin To Net: NetName=GND Pin=C3-1
Added Pin To Net: NetName=GND Pin=C4-1
Added Pin To Net: NetName=GND Pin=C5-1
Added Pin To Net: NetName=GND Pin=C6-2
Added Pin To Net: NetName=GND Pin=C7-2
Added Pin To Net: NetName=GND Pin=D2-1
Added Pin To Net: NetName=GND Pin=P3-6
Added Pin To Net: NetName=GND Pin=P5-1
Added Pin To Net: NetName=GND Pin=P5-2
Added Pin To Net: NetName=GND Pin=Q1-2
Added Pin To Net: NetName=GND Pin=Q2-2
Added Pin To Net: NetName=GND Pin=Q3-2
Added Pin To Net: NetName=GND Pin=Q4-2
Added Pin To Net: NetName=GND Pin=Q5-2
Added Pin To Net: NetName=GND Pin=R7-1
Added Pin To Net: NetName=GND Pin=R20-1
Added Pin To Net: NetName=GND Pin=S1-1
Added Pin To Net: NetName=GND Pin=S1-1
Added Pin To Net: NetName=GND Pin=U1-3
Added Pin To Net: NetName=GND Pin=U1-5
Added Pin To Net: NetName=GND Pin=U1-21
Added Net: Name=GND
Added Pin To Net: NetName=G Pin=R17-1
Added Pin To Net: NetName=G Pin=U1-7
Added Net: Name=G
Added Pin To Net: NetName=NetC6_1 Pin=C6-1
Added Pin To Net: NetName=NetC6_1 Pin=C7-1
Added Pin To Net: NetName=NetC6_1 Pin=D2-4
Added Pin To Net: NetName=NetC6_1 Pin=VR1-3
Added Net: Name=NetC6_1
Added Pin To Net: NetName=NetD1_1 Pin=D1-1
Added Pin To Net: NetName=NetD1_1 Pin=K1-5
Added Pin To Net: NetName=NetD1_1 Pin=Q5-3
Added Net: Name=NetD1_1
Added Pin To Net: NetName=NetD2_2 Pin=D2-2
Added Pin To Net: NetName=NetD2_2 Pin=P4-2
Added Net: Name=NetD2_2
Added Pin To Net: NetName=NetD2_3 Pin=D2-3
Added Pin To Net: NetName=NetD2_3 Pin=P4-1
Added Net: Name=NetD2_3
Added Pin To Net: NetName=NetDS1_1 Pin=DS1-1
Added Pin To Net: NetName=NetDS1_1 Pin=Q1-3
Added Net: Name=NetDS1_1
Added Pin To Net: NetName=NetDS1_2 Pin=DS1-2
Added Pin To Net: NetName=NetDS1_2 Pin=Q2-3
Added Net: Name=NetDS1_2
Added Pin To Net: NetName=NetDS1_3 Pin=DS1-3
Added Pin To Net: NetName=NetDS1_3 Pin=Q3-3
Added Net: Name=NetDS1_3
Added Pin To Net: NetName=NetDS1_4 Pin=DS1-4
Added Pin To Net: NetName=NetDS1_4 Pin=Q4-3
Added Net: Name=NetDS1_4
Added Pin To Net: NetName=NetDS1_A Pin=DS1-A
Added Pin To Net: NetName=NetDS1_A Pin=R11-2
Added Net: Name=NetDS1_A
Added Pin To Net: NetName=NetDS1_B Pin=DS1-B
Added Pin To Net: NetName=NetDS1_B Pin=R12-2
Added Net: Name=NetDS1_B
Added Pin To Net: NetName=NetDS1_C Pin=DS1-C
Added Pin To Net: NetName=NetDS1_C Pin=R13-2
Added Net: Name=NetDS1_C
Added Pin To Net: NetName=NetDS1_Dp Pin=DS1-Dp
Added Pin To Net: NetName=NetDS1_Dp Pin=R18-2
Added Net: Name=NetDS1_Dp
Added Pin To Net: NetName=NetDS1_D Pin=DS1-D
Added Pin To Net: NetName=NetDS1_D Pin=R14-2
Added Net: Name=NetDS1_D
Added Pin To Net: NetName=NetDS1_E Pin=DS1-E
Added Pin To Net: NetName=NetDS1_E Pin=R15-2
Added Net: Name=NetDS1_E
Added Pin To Net: NetName=NetDS1_F Pin=DS1-F
Added Pin To Net: NetName=NetDS1_F Pin=R16-2
Added Net: Name=NetDS1_F
Added Pin To Net: NetName=NetDS1_G Pin=DS1-G
Added Pin To Net: NetName=NetDS1_G Pin=R17-2
Added Net: Name=NetDS1_G
Added Pin To Net: NetName=NetK1_1 Pin=K1-1
Added Net: Name=NetK1_1
Added Pin To Net: NetName=NetK1_3 Pin=K1-3
Added Net: Name=NetK1_3
Added Pin To Net: NetName=NetP1_1 Pin=P1-1
Added Pin To Net: NetName=NetP1_1 Pin=P2-1
Added Net: Name=NetP1_1
Added Pin To Net: NetName=NetP1_2 Pin=P1-2
Added Pin To Net: NetName=NetP1_2 Pin=P1-4
Added Pin To Net: NetName=NetP1_2 Pin=P2-2
Added Net: Name=NetP1_2
Added Pin To Net: NetName=NetP1_3 Pin=P1-3
Added Pin To Net: NetName=NetP1_3 Pin=P2-3
Added Net: Name=NetP1_3
Added Pin To Net: NetName=NetP1_5 Pin=P1-5
Added Pin To Net: NetName=NetP1_5 Pin=P2-4
Added Net: Name=NetP1_5
Added Pin To Net: NetName=NetP3_5 Pin=P3-5
Added Pin To Net: NetName=NetP3_5 Pin=R21-1
Added Pin To Net: NetName=NetP3_5 Pin=S1-2
Added Pin To Net: NetName=NetP3_5 Pin=S1-2
Added Pin To Net: NetName=NetP3_5 Pin=U1-29
Added Net: Name=NetP3_5
Added Pin To Net: NetName=NetQ1_1 Pin=Q1-1
Added Pin To Net: NetName=NetQ1_1 Pin=R6-2
Added Net: Name=NetQ1_1
Added Pin To Net: NetName=NetQ2_1 Pin=Q2-1
Added Pin To Net: NetName=NetQ2_1 Pin=R8-2
Added Net: Name=NetQ2_1
Added Pin To Net: NetName=NetQ3_1 Pin=Q3-1
Added Pin To Net: NetName=NetQ3_1 Pin=R9-2
Added Net: Name=NetQ3_1
Added Pin To Net: NetName=NetQ4_1 Pin=Q4-1
Added Pin To Net: NetName=NetQ4_1 Pin=R10-2
Added Net: Name=NetQ4_1
Added Pin To Net: NetName=NetQ5_1 Pin=Q5-1
Added Pin To Net: NetName=NetQ5_1 Pin=R19-2
Added Pin To Net: NetName=NetQ5_1 Pin=R20-2
Added Net: Name=NetQ5_1
Added Pin To Net: NetName=NetR5_2 Pin=R5-2
Added Pin To Net: NetName=NetR5_2 Pin=R7-2
Added Pin To Net: NetName=NetR5_2 Pin=VR1-1
Added Net: Name=NetR5_2
Added Pin To Net: NetName=NetR6_1 Pin=R6-1
Added Pin To Net: NetName=NetR6_1 Pin=U1-23
Added Net: Name=NetR6_1
Added Pin To Net: NetName=NetR8_1 Pin=R8-1
Added Pin To Net: NetName=NetR8_1 Pin=U1-24
Added Net: Name=NetR8_1
Added Pin To Net: NetName=NetR9_1 Pin=R9-1
Added Pin To Net: NetName=NetR9_1 Pin=U1-25
Added Net: Name=NetR9_1
Added Pin To Net: NetName=NetR10_1 Pin=R10-1
Added Pin To Net: NetName=NetR10_1 Pin=U1-26
Added Net: Name=NetR10_1
Added Pin To Net: NetName=RELAY Pin=R19-1
Added Pin To Net: NetName=RELAY Pin=U1-27
Added Net: Name=RELAY
Added Pin To Net: NetName=VCC Pin=C1-1
Added Pin To Net: NetName=VCC Pin=D1-2
Added Pin To Net: NetName=VCC Pin=K1-4
Added Pin To Net: NetName=VCC Pin=P3-2
Added Pin To Net: NetName=VCC Pin=R1-1
Added Pin To Net: NetName=VCC Pin=R2-1
Added Pin To Net: NetName=VCC Pin=R3-1
Added Pin To Net: NetName=VCC Pin=R4-1
Added Pin To Net: NetName=VCC Pin=R5-1
Added Pin To Net: NetName=VCC Pin=R21-2
Added Pin To Net: NetName=VCC Pin=U1-4
Added Pin To Net: NetName=VCC Pin=U1-6
Added Pin To Net: NetName=VCC Pin=U1-18
Added Pin To Net: NetName=VCC Pin=U1-20
Added Pin To Net: NetName=VCC Pin=VR1-2
Added Net: Name=VCC
Added Class: Name=encoder
Added Class: Name=Sheet1
Added Room: Name=encoder
Added Room: Name=Sheet1
