Added Component: Designator=BT1(BAT-2)
Added Component: Designator=C16(1206)
Added Component: Designator=P1(Pin_header6_2.54)
Added Component: Designator=R34(1206)
Added Component: Designator=R35(1206)
Added Component: Designator=R36(1206)
Added Component: Designator=R37(1206)
Added Component: Designator=u4(SO-16_ds3231)
Added Pin To Net: NetName=+5 Pin=C16-1
Added Pin To Net: NetName=+5 Pin=P1-6
Added Pin To Net: NetName=+5 Pin=R34-2
Added Pin To Net: NetName=+5 Pin=R35-2
Added Pin To Net: NetName=+5 Pin=R36-2
Added Pin To Net: NetName=+5 Pin=R37-2
Added Pin To Net: NetName=+5 Pin=u4-2
Added Net: Name=+5
Added Pin To Net: NetName=32KHZ Pin=P1-1
Added Pin To Net: NetName=32KHZ Pin=R35-1
Added Pin To Net: NetName=32KHZ Pin=u4-1
Added Net: Name=32KHZ
Added Pin To Net: NetName=GND Pin=BT1-2
Added Pin To Net: NetName=GND Pin=C16-2
Added Pin To Net: NetName=GND Pin=P1-5
Added Pin To Net: NetName=GND Pin=u4-5
Added Pin To Net: NetName=GND Pin=u4-6
Added Pin To Net: NetName=GND Pin=u4-7
Added Pin To Net: NetName=GND Pin=u4-8
Added Pin To Net: NetName=GND Pin=u4-9
Added Pin To Net: NetName=GND Pin=u4-10
Added Pin To Net: NetName=GND Pin=u4-11
Added Pin To Net: NetName=GND Pin=u4-12
Added Pin To Net: NetName=GND Pin=u4-13
Added Net: Name=GND
Added Pin To Net: NetName=I2C_SCL Pin=P1-4
Added Pin To Net: NetName=I2C_SCL Pin=R36-1
Added Pin To Net: NetName=I2C_SCL Pin=u4-16
Added Net: Name=I2C_SCL
Added Pin To Net: NetName=I2C_SDA Pin=P1-3
Added Pin To Net: NetName=I2C_SDA Pin=R37-1
Added Pin To Net: NetName=I2C_SDA Pin=u4-15
Added Net: Name=I2C_SDA
Added Pin To Net: NetName=NetBT1_1 Pin=BT1-1
Added Pin To Net: NetName=NetBT1_1 Pin=u4-14
Added Net: Name=NetBT1_1
Added Pin To Net: NetName=SQW Pin=P1-2
Added Pin To Net: NetName=SQW Pin=R34-1
Added Pin To Net: NetName=SQW Pin=u4-3
Added Net: Name=SQW
Added Class: Name=ds3231
Added Room: Name=ds3231
