Added Component: Designator=C7(CAPR1000-500X1300X1100)
Added Component: Designator=C8(CAPR1000-500X1300X1100)
Added Component: Designator=P6(3P_5.08_G)
Added Component: Designator=P7(2P_5_08_V_spring)
Added Component: Designator=P8(2P_5_08_V_spring)
Added Component: Designator=P9(2P_5_08_V_spring)
Added Component: Designator=P10(2P_5_08_V_spring)
Added Component: Designator=Q6(SOT23)
Added Component: Designator=Q7(SOT23)
Added Component: Designator=Q8(TO-220-v)
Added Component: Designator=Q9(TO-220-v)
Added Component: Designator=R19(0805_R)
Added Component: Designator=R27(0805_R)
Added Component: Designator=R28(0603)
Added Component: Designator=R29(0603)
Added Component: Designator=R30(1206_R)
Added Component: Designator=R31(2512_S)
Added Component: Designator=R32(2512_S)
Added Component: Designator=R33(2512_S)
Added Component: Designator=R34(1206_R)
Added Component: Designator=R35(2512_S)
Added Component: Designator=R36(2512_S)
Added Component: Designator=R37(2512_S)
Added Component: Designator=T1(POWER SUPPLY)
Added Component: Designator=U3(DIP6-300)
Added Component: Designator=U4(DIP6-300)
Added Pin To Net: NetName=DEV1 Pin=Q7-3
Added Pin To Net: NetName=DEV1 Pin=U3-2
Added Net: Name=DEV1
Added Pin To Net: NetName=DEV2 Pin=Q6-3
Added Pin To Net: NetName=DEV2 Pin=U4-2
Added Net: Name=DEV2
Added Pin To Net: NetName=FASE Pin=P6-1
Added Pin To Net: NetName=FASE Pin=Q8-2
Added Pin To Net: NetName=FASE Pin=Q9-2
Added Pin To Net: NetName=FASE Pin=R31-2
Added Pin To Net: NetName=FASE Pin=R32-2
Added Pin To Net: NetName=FASE Pin=R35-2
Added Pin To Net: NetName=FASE Pin=R36-2
Added Pin To Net: NetName=FASE Pin=T1-2
Added Net: Name=FASE
Added Pin To Net: NetName=GND Pin=P7-2
Added Pin To Net: NetName=GND Pin=Q6-2
Added Pin To Net: NetName=GND Pin=Q7-2
Added Pin To Net: NetName=GND Pin=R28-1
Added Pin To Net: NetName=GND Pin=R29-1
Added Pin To Net: NetName=GND Pin=T1-4
Added Net: Name=GND
Added Pin To Net: NetName=G Pin=P6-3
Added Net: Name=G
Added Pin To Net: NetName=LOAD1 Pin=C7-1
Added Pin To Net: NetName=LOAD1 Pin=P8-1
Added Pin To Net: NetName=LOAD1 Pin=Q8-1
Added Pin To Net: NetName=LOAD1 Pin=R33-2
Added Net: Name=LOAD1
Added Pin To Net: NetName=LOAD2 Pin=C8-1
Added Pin To Net: NetName=LOAD2 Pin=P9-1
Added Pin To Net: NetName=LOAD2 Pin=Q9-1
Added Pin To Net: NetName=LOAD2 Pin=R37-2
Added Net: Name=LOAD2
Added Pin To Net: NetName=NetC7_2 Pin=C7-2
Added Pin To Net: NetName=NetC7_2 Pin=R32-1
Added Net: Name=NetC7_2
Added Pin To Net: NetName=NetC8_2 Pin=C8-2
Added Pin To Net: NetName=NetC8_2 Pin=R36-1
Added Net: Name=NetC8_2
Added Pin To Net: NetName=NetQ6_1 Pin=Q6-1
Added Pin To Net: NetName=NetQ6_1 Pin=R19-2
Added Pin To Net: NetName=NetQ6_1 Pin=R28-2
Added Net: Name=NetQ6_1
Added Pin To Net: NetName=NetQ7_1 Pin=Q7-1
Added Pin To Net: NetName=NetQ7_1 Pin=R27-2
Added Pin To Net: NetName=NetQ7_1 Pin=R29-2
Added Net: Name=NetQ7_1
Added Pin To Net: NetName=NetQ8_3 Pin=Q8-3
Added Pin To Net: NetName=NetQ8_3 Pin=R33-1
Added Pin To Net: NetName=NetQ8_3 Pin=U3-4
Added Net: Name=NetQ8_3
Added Pin To Net: NetName=NetQ9_3 Pin=Q9-3
Added Pin To Net: NetName=NetQ9_3 Pin=R37-1
Added Pin To Net: NetName=NetQ9_3 Pin=U4-4
Added Net: Name=NetQ9_3
Added Pin To Net: NetName=NetR30_2 Pin=R30-2
Added Pin To Net: NetName=NetR30_2 Pin=U3-1
Added Net: Name=NetR30_2
Added Pin To Net: NetName=NetR31_1 Pin=R31-1
Added Pin To Net: NetName=NetR31_1 Pin=U3-6
Added Net: Name=NetR31_1
Added Pin To Net: NetName=NetR34_2 Pin=R34-2
Added Pin To Net: NetName=NetR34_2 Pin=U4-1
Added Net: Name=NetR34_2
Added Pin To Net: NetName=NetR35_1 Pin=R35-1
Added Pin To Net: NetName=NetR35_1 Pin=U4-6
Added Net: Name=NetR35_1
Added Pin To Net: NetName=N Pin=P6-2
Added Pin To Net: NetName=N Pin=P8-2
Added Pin To Net: NetName=N Pin=P9-2
Added Pin To Net: NetName=N Pin=T1-1
Added Net: Name=N
Added Pin To Net: NetName=TRIAC1 Pin=P10-1
Added Pin To Net: NetName=TRIAC1 Pin=R27-1
Added Net: Name=TRIAC1
Added Pin To Net: NetName=TRIAC2 Pin=P10-2
Added Pin To Net: NetName=TRIAC2 Pin=R19-1
Added Net: Name=TRIAC2
Added Pin To Net: NetName=VCC Pin=P7-1
Added Pin To Net: NetName=VCC Pin=R30-1
Added Pin To Net: NetName=VCC Pin=R34-1
Added Pin To Net: NetName=VCC Pin=T1-3
Added Net: Name=VCC
Added Class: Name=powerBoard
Added Room: Name=powerBoard
