Removed Pin From Net: NetName=E Pin=DS1-1
Removed Pin From Net: NetName=D Pin=DS1-2
Removed Pin From Net: NetName=C Pin=DS1-4
Removed Pin From Net: NetName=G Pin=DS1-5
Removed Pin From Net: NetName=B Pin=DS1-7
Removed Pin From Net: NetName=F Pin=DS1-10
Removed Pin From Net: NetName=A Pin=DS1-11
Added Component: Designator=R20(0805_R)
Added Component: Designator=R21(0805_R)
Added Component: Designator=R22(0805_R)
Added Component: Designator=R23(0805_R)
Added Component: Designator=R24(0805_R)
Added Component: Designator=R25(0805_R)
Added Component: Designator=R26(0805_R)
Added Pin To Net: NetName=A Pin=R20-1
Added Pin To Net: NetName=B Pin=R21-1
Added Pin To Net: NetName=C Pin=R22-1
Added Pin To Net: NetName=D Pin=R23-1
Added Pin To Net: NetName=E Pin=R24-1
Added Pin To Net: NetName=F Pin=R25-1
Added Pin To Net: NetName=G Pin=R26-1
Added Pin To Net: NetName=NetDS1_1 Pin=DS1-1
Added Pin To Net: NetName=NetDS1_1 Pin=R24-2
Added Net: Name=NetDS1_1
Added Pin To Net: NetName=NetDS1_2 Pin=DS1-2
Added Pin To Net: NetName=NetDS1_2 Pin=R23-2
Added Net: Name=NetDS1_2
Added Pin To Net: NetName=NetDS1_4 Pin=DS1-4
Added Pin To Net: NetName=NetDS1_4 Pin=R22-2
Added Net: Name=NetDS1_4
Added Pin To Net: NetName=NetDS1_5 Pin=DS1-5
Added Pin To Net: NetName=NetDS1_5 Pin=R26-2
Added Net: Name=NetDS1_5
Added Pin To Net: NetName=NetDS1_7 Pin=DS1-7
Added Pin To Net: NetName=NetDS1_7 Pin=R21-2
Added Net: Name=NetDS1_7
Added Pin To Net: NetName=NetDS1_10 Pin=DS1-10
Added Pin To Net: NetName=NetDS1_10 Pin=R25-2
Added Net: Name=NetDS1_10
Added Pin To Net: NetName=NetDS1_11 Pin=DS1-11
Added Pin To Net: NetName=NetDS1_11 Pin=R20-2
Added Net: Name=NetDS1_11
Added Member To Class: ClassName=stm32f030pprSolderM Member=Component R20 Res 240
Added Member To Class: ClassName=stm32f030pprSolderM Member=Component R21 Res 240
Added Member To Class: ClassName=stm32f030pprSolderM Member=Component R22 Res 240
Added Member To Class: ClassName=stm32f030pprSolderM Member=Component R23 Res 240
Added Member To Class: ClassName=stm32f030pprSolderM Member=Component R24 Res 240
Added Member To Class: ClassName=stm32f030pprSolderM Member=Component R25 Res 240
Added Member To Class: ClassName=stm32f030pprSolderM Member=Component R26 Res 240
Added Room: Name=stm32f030pprSolderM
