Added Component: Designator=C1(0805_1)
Added Component: Designator=C2(1206)
Added Component: Designator=C3(1206)
Added Component: Designator=P1(Pin_header2_2.54)
Added Component: Designator=P2(Pin_header2)
Added Component: Designator=P3(Pin_header1_2.54)
Added Component: Designator=R1(Res_Pot)
Added Component: Designator=R2(Res_Pot)
Added Component: Designator=R3(1206)
Added Component: Designator=U1(SO-8_N)
Added Component: Designator=U2(MAX6675)
Added Pin To Net: NetName=-5 Pin=C3-2
Added Pin To Net: NetName=-5 Pin=U1-4
Added Pin To Net: NetName=-5 Pin=U2-5
Added Net: Name=-5
Added Pin To Net: NetName=ADC Pin=C1-2
Added Pin To Net: NetName=ADC Pin=P3-1
Added Pin To Net: NetName=ADC Pin=R3-2
Added Pin To Net: NetName=ADC Pin=U1-6
Added Net: Name=ADC
Added Pin To Net: NetName=GND Pin=C3-1
Added Pin To Net: NetName=GND Pin=P1-2
Added Pin To Net: NetName=GND Pin=P2-2
Added Pin To Net: NetName=GND Pin=R2-1
Added Pin To Net: NetName=GND Pin=R2-2
Added Pin To Net: NetName=GND Pin=U2-3
Added Net: Name=GND
Added Pin To Net: NetName=NetC1_1 Pin=C1-1
Added Pin To Net: NetName=NetC1_1 Pin=R2-3
Added Pin To Net: NetName=NetC1_1 Pin=R3-1
Added Pin To Net: NetName=NetC1_1 Pin=U1-2
Added Net: Name=NetC1_1
Added Pin To Net: NetName=NetC2_1 Pin=C2-1
Added Pin To Net: NetName=NetC2_1 Pin=U2-2
Added Net: Name=NetC2_1
Added Pin To Net: NetName=NetC2_2 Pin=C2-2
Added Pin To Net: NetName=NetC2_2 Pin=U2-4
Added Net: Name=NetC2_2
Added Pin To Net: NetName=NetR1_1 Pin=R1-1
Added Pin To Net: NetName=NetR1_1 Pin=U1-1
Added Net: Name=NetR1_1
Added Pin To Net: NetName=NetR1_3 Pin=R1-3
Added Pin To Net: NetName=NetR1_3 Pin=U1-8
Added Net: Name=NetR1_3
Added Pin To Net: NetName=THERMOCOUPLE Pin=P2-1
Added Pin To Net: NetName=THERMOCOUPLE Pin=U1-3
Added Net: Name=THERMOCOUPLE
Added Pin To Net: NetName=VCC Pin=P1-1
Added Pin To Net: NetName=VCC Pin=R1-2
Added Pin To Net: NetName=VCC Pin=U1-7
Added Pin To Net: NetName=VCC Pin=U2-8
Added Net: Name=VCC
Added Class: Name=OP07_AMP
Added Room: Name=OP07_AMP
