Added Component: Designator=P1(Pin_header13_2_2.54)
Added Pin To Net: NetName=NetP1_1 Pin=P1-1
Added Pin To Net: NetName=NetP1_2 Pin=P1-2
Added Pin To Net: NetName=NetP1_3 Pin=P1-3
Added Pin To Net: NetName=NetP1_4 Pin=P1-4
Added Pin To Net: NetName=NetP1_5 Pin=P1-5
Added Pin To Net: NetName=NetP1_6 Pin=P1-6
Added Pin To Net: NetName=NetP1_7 Pin=P1-7
Added Pin To Net: NetName=14 Pin=P1-14
Added Pin To Net: NetName=15 Pin=P1-15
Added Pin To Net: NetName=16 Pin=P1-16
Added Pin To Net: NetName=17 Pin=P1-17
Added Pin To Net: NetName=18 Pin=P1-18
Added Pin To Net: NetName=19 Pin=P1-19
Added Pin To Net: NetName=20 Pin=P1-20
Added Pin To Net: NetName=21 Pin=P1-21
Added Pin To Net: NetName=22 Pin=P1-22
Added Pin To Net: NetName=23 Pin=P1-23
Added Pin To Net: NetName=24 Pin=P1-24
Added Pin To Net: NetName=25 Pin=P1-25
Added Pin To Net: NetName=26 Pin=P1-26
Added Member To Class: ClassName=PLATE Member=Component P1 Pin header 13_2
Added Room: Name=PLATE
