Added Component: Designator=C1(1206)
Added Component: Designator=C2(RB4.5-13)
Added Component: Designator=C3(RB50-25)
Added Component: Designator=C4(1206)
Added Component: Designator=C5(1206)
Added Component: Designator=C6(6032)
Added Component: Designator=C7(RB5-12)
Added Component: Designator=D1(D-38)
Added Component: Designator=D2(DB-107)
Added Component: Designator=P1(Pin_header2)
Added Component: Designator=P2(Pin_header2)
Added Component: Designator=P3(Pin_header2)
Added Component: Designator=P4(Pin_header2)
Added Component: Designator=P5(Pin_header2)
Added Component: Designator=P6(Pin_header2)
Added Component: Designator=R1(1206)
Added Component: Designator=R2(1206)
Added Component: Designator=VR1(LT1083CP)
Added Component: Designator=VR2(SOT223)
Added Pin To Net: NetName=3V3 Pin=C6-1
Added Pin To Net: NetName=3V3 Pin=P5-2
Added Pin To Net: NetName=3V3 Pin=VR2-2
Added Net: Name=3V3
Added Pin To Net: NetName=12V Pin=C5-1
Added Pin To Net: NetName=12V Pin=C7-1
Added Pin To Net: NetName=12V Pin=D2-4
Added Pin To Net: NetName=12V Pin=VR2-3
Added Net: Name=12V
Added Pin To Net: NetName=24V Pin=C2-1
Added Pin To Net: NetName=24V Pin=P2-2
Added Pin To Net: NetName=24V Pin=P4-2
Added Pin To Net: NetName=24V Pin=R1-2
Added Pin To Net: NetName=24V Pin=VR1-3
Added Net: Name=24V
Added Pin To Net: NetName=28V Pin=C1-1
Added Pin To Net: NetName=28V Pin=C3-1
Added Pin To Net: NetName=28V Pin=D1-1
Added Pin To Net: NetName=28V Pin=P1-2
Added Pin To Net: NetName=28V Pin=VR1-1
Added Net: Name=28V
Added Pin To Net: NetName=AC8_1 Pin=D2-3
Added Pin To Net: NetName=AC8_1 Pin=P6-1
Added Net: Name=AC8_1
Added Pin To Net: NetName=AC8_2 Pin=D2-2
Added Pin To Net: NetName=AC8_2 Pin=P6-2
Added Net: Name=AC8_2
Added Pin To Net: NetName=AC20_1 Pin=D1-3
Added Pin To Net: NetName=AC20_1 Pin=P3-1
Added Net: Name=AC20_1
Added Pin To Net: NetName=AC20_2 Pin=D1-2
Added Pin To Net: NetName=AC20_2 Pin=P3-2
Added Net: Name=AC20_2
Added Pin To Net: NetName=GND Pin=C1-2
Added Pin To Net: NetName=GND Pin=C2-2
Added Pin To Net: NetName=GND Pin=C3-2
Added Pin To Net: NetName=GND Pin=C4-2
Added Pin To Net: NetName=GND Pin=C5-2
Added Pin To Net: NetName=GND Pin=C6-2
Added Pin To Net: NetName=GND Pin=C7-2
Added Pin To Net: NetName=GND Pin=D1-4
Added Pin To Net: NetName=GND Pin=D2-1
Added Pin To Net: NetName=GND Pin=P1-1
Added Pin To Net: NetName=GND Pin=P2-1
Added Pin To Net: NetName=GND Pin=P4-1
Added Pin To Net: NetName=GND Pin=P5-1
Added Pin To Net: NetName=GND Pin=R2-1
Added Pin To Net: NetName=GND Pin=VR2-1
Added Net: Name=GND
Added Pin To Net: NetName=NetC4_1 Pin=C4-1
Added Pin To Net: NetName=NetC4_1 Pin=R1-1
Added Pin To Net: NetName=NetC4_1 Pin=R2-2
Added Pin To Net: NetName=NetC4_1 Pin=VR1-2
Added Net: Name=NetC4_1
Added Class: Name=power_supply
Added Room: Name=power_supply
