Added Component: Designator=C1(RB9.5-35)
Added Component: Designator=C2(RB2.5-12)
Added Component: Designator=C3(RB4.5-13)
Added Component: Designator=D1(DO-35)
Added Component: Designator=D2(DO-201AD)
Added Component: Designator=D3(DO-35)
Added Component: Designator=D4(DO-35)
Added Component: Designator=D5(DO-201AD)
Added Component: Designator=D6(DO-201AD)
Added Component: Designator=D7(DO-35)
Added Component: Designator=D8(DO-201AD)
Added Component: Designator=D9(DO-41)
Added Component: Designator=LDO1(LT1083CP)
Added Component: Designator=R1(Res_Pot)
Added Component: Designator=R2(AXIAL-0.9)
Added Component: Designator=R3(AXIAL-0.9)
Added Pin To Net: NetName=+ Pin=C1-1
Added Pin To Net: NetName=+ Pin=D2-2
Added Pin To Net: NetName=+ Pin=D6-2
Added Pin To Net: NetName=+ Pin=D9-2
Added Pin To Net: NetName=+ Pin=LDO1-3
Added Net: Name=+
Added Pin To Net: NetName=- Pin=C1-2
Added Pin To Net: NetName=- Pin=C2-2
Added Pin To Net: NetName=- Pin=C3-2
Added Pin To Net: NetName=- Pin=D5-1
Added Pin To Net: NetName=- Pin=D8-1
Added Pin To Net: NetName=- Pin=R1-2
Added Pin To Net: NetName=- Pin=R1-3
Added Net: Name=-
Added Pin To Net: NetName=NetC2_1 Pin=C2-1
Added Pin To Net: NetName=NetC2_1 Pin=LDO1-1
Added Pin To Net: NetName=NetC2_1 Pin=R1-1
Added Pin To Net: NetName=NetC2_1 Pin=R2-1
Added Pin To Net: NetName=NetC2_1 Pin=R3-1
Added Net: Name=NetC2_1
Added Pin To Net: NetName=NetC3_1 Pin=C3-1
Added Pin To Net: NetName=NetC3_1 Pin=D9-1
Added Pin To Net: NetName=NetC3_1 Pin=LDO1-2
Added Pin To Net: NetName=NetC3_1 Pin=R2-2
Added Pin To Net: NetName=NetC3_1 Pin=R3-2
Added Net: Name=NetC3_1
Added Pin To Net: NetName=NetD1_1 Pin=D1-1
Added Pin To Net: NetName=NetD1_1 Pin=D3-2
Added Net: Name=NetD1_1
Added Pin To Net: NetName=NetD1_2 Pin=D1-2
Added Pin To Net: NetName=NetD1_2 Pin=D4-2
Added Net: Name=NetD1_2
Added Pin To Net: NetName=NetD3_1 Pin=D3-1
Added Pin To Net: NetName=NetD3_1 Pin=D7-1
Added Net: Name=NetD3_1
Added Pin To Net: NetName=NetD4_1 Pin=D4-1
Added Pin To Net: NetName=NetD4_1 Pin=D7-2
Added Net: Name=NetD4_1
Added Pin To Net: NetName=~ Pin=D2-1
Added Pin To Net: NetName=~ Pin=D5-2
Added Pin To Net: NetName=~ Pin=D6-1
Added Pin To Net: NetName=~ Pin=D8-2
Added Net: Name=~
Added Class: Name=Sheet1
Added Room: Name=Sheet1
