Removed Pin From Net: NetName=+5 Pin=P3-1
Removed Pin From Net: NetName=GND Pin=P3-5
Removed Pin From Net: NetName=NetC7_2 Pin=P3-6
Removed Pin From Net: NetName=NetC7_2 Pin=P3-6
Removed Pin From Net: NetName=NetC7_2 Pin=P3-6
Removed Pin From Net: NetName=NetC7_2 Pin=P3-6
Removed Member From Class: ClassName=obLinkStm32f072 Member=P3
Change Component Footprint: Designator=C1 Old Footprint=0603 New Footprint=0603_C
Change Component Footprint: Designator=C2 Old Footprint=0603 New Footprint=0603_C
Change Component Footprint: Designator=C5 Old Footprint=0603 New Footprint=0603_C
Change Component Footprint: Designator=C6 Old Footprint=0603 New Footprint=0603_C
Change Component Footprint: Designator=C7 Old Footprint=0603 New Footprint=0603_C
Change Component Footprint: Designator=C8 Old Footprint=0603 New Footprint=0603_C
Change Component Footprint: Designator=C9 Old Footprint=0603 New Footprint=0603_C
Change Component Footprint: Designator=C10 Old Footprint=0603 New Footprint=0603_C
Change Component Footprint: Designator=C12 Old Footprint=0603 New Footprint=0603_C
Change Component Footprint: Designator=C13 Old Footprint=0603 New Footprint=0603_C
Change Component Footprint: Designator=R8 Old Footprint=0603 New Footprint=0603_C
Change Component Footprint: Designator=R12 Old Footprint=0603 New Footprint=0603_C
Change Component Footprint: Designator=R7 Old Footprint=0805_C New Footprint=0603
Change Component Footprint: Designator=R1 Old Footprint=0805_C New Footprint=0805_R
Change Component Footprint: Designator=R2 Old Footprint=0805_C New Footprint=0805_R
Change Component Footprint: Designator=R3 Old Footprint=0805_C New Footprint=0805_R
Change Component Footprint: Designator=R4 Old Footprint=0805_C New Footprint=0805_R
Change Component Footprint: Designator=R5 Old Footprint=0805_C New Footprint=0805_R
Change Component Footprint: Designator=R6 Old Footprint=0805_C New Footprint=0805_R
Added Component: Designator=P?(USB_thd)
Added Pin To Net: NetName=+5 Pin=P?-1
Added Pin To Net: NetName=GND Pin=P?-4
Added Pin To Net: NetName=NetC7_2 Pin=P?-5
Added Pin To Net: NetName=NetC7_2 Pin=P?-5
Added Pin To Net: NetName=NetP?_2 Pin=P?-2
Added Pin To Net: NetName=NetP?_2 Pin=R9-1
Added Net: Name=NetP?_2
Added Pin To Net: NetName=NetP?_3 Pin=P?-3
Added Pin To Net: NetName=NetP?_3 Pin=R10-1
Added Net: Name=NetP?_3
Added Member To Class: ClassName=obLinkStm32f072 Member=Component P? USB_1
Added Room: Name=obLinkStm32f072
