Added Component: Designator=C1(1206)
Added Component: Designator=P1(Pin_header2)
Added Component: Designator=P2(Pin_header5_2.54)
Added Component: Designator=U1(MAX6675)
Added Pin To Net: NetName=GND Pin=C1-1
Added Pin To Net: NetName=GND Pin=P2-1
Added Pin To Net: NetName=GND Pin=U1-1
Added Net: Name=GND
Added Pin To Net: NetName=NetP1_1 Pin=P1-1
Added Pin To Net: NetName=NetP1_1 Pin=U1-2
Added Net: Name=NetP1_1
Added Pin To Net: NetName=NetP1_2 Pin=P1-2
Added Pin To Net: NetName=NetP1_2 Pin=U1-3
Added Net: Name=NetP1_2
Added Pin To Net: NetName=NetP2_3 Pin=P2-3
Added Pin To Net: NetName=NetP2_3 Pin=U1-5
Added Net: Name=NetP2_3
Added Pin To Net: NetName=NetP2_4 Pin=P2-4
Added Pin To Net: NetName=NetP2_4 Pin=U1-6
Added Net: Name=NetP2_4
Added Pin To Net: NetName=NetP2_5 Pin=P2-5
Added Pin To Net: NetName=NetP2_5 Pin=U1-7
Added Net: Name=NetP2_5
Added Pin To Net: NetName=VCC Pin=C1-2
Added Pin To Net: NetName=VCC Pin=P2-2
Added Pin To Net: NetName=VCC Pin=U1-4
Added Net: Name=VCC
Added Class: Name=MAX6675_board
Added Room: Name=MAX6675_board
