Added Component: Designator=P2(Pin_header26_0.8)
Added Pin To Net: NetName=GND Pin=P2-1
Added Pin To Net: NetName=GND Pin=P2-6
Added Pin To Net: NetName=VCC Pin=P2-7
Added Pin To Net: NetName=NetP1_14 Pin=P2-8
Added Pin To Net: NetName=NetP1_13 Pin=P2-9
Added Pin To Net: NetName=NetP1_12 Pin=P2-10
Added Pin To Net: NetName=NetP1_11 Pin=P2-11
Added Pin To Net: NetName=NetP1_10 Pin=P2-12
Added Pin To Net: NetName=NetP1_9 Pin=P2-13
Added Pin To Net: NetName=NetP1_8 Pin=P2-14
Added Pin To Net: NetName=NetP1_7 Pin=P2-15
Added Pin To Net: NetName=NetP1_6 Pin=P2-16
Added Pin To Net: NetName=NetP1_5 Pin=P2-17
Added Pin To Net: NetName=NetP1_3 Pin=P2-18
Added Pin To Net: NetName=NetP1_4 Pin=P2-18
Added Pin To Net: NetName=NetP1_2 Pin=P2-19
Added Pin To Net: NetName=GND Pin=P2-20
Added Pin To Net: NetName=NetP1_1 Pin=P2-21
Added Pin To Net: NetName=NetP1_1 Pin=P2-22
Added Pin To Net: NetName=NetP1_1 Pin=P2-23
Added Pin To Net: NetName=GND Pin=P2-24
Added Member To Class: ClassName=lcd_26p_plate Member=Component P2 Pin header 26
Added Room: Name=lcd_26p_plate
