Remove Pin=DS1-1 From Net=DIG4
Remove Pin=DS1-2 From Net=DIG3
Remove Pin=DS1-3 From Net=DIG2
Remove Pin=DS1-4 From Net=DIG1
Remove Pin=P1-1 From Net=RESET
Remove Pin=P1-4 From Net=SWDIO
Remove Pin=P1-5 From Net=SWCLK
Remove Pin=P3-1 From Net=TRIAC1
Remove Pin=P3-2 From Net=TRIAC2
Remove Pin=Q1-3 From Net=DIG2
Remove Pin=Q2-3 From Net=DIG1
Remove Pin=Q3-3 From Net=DIG3
Remove Pin=Q4-3 From Net=DIG4
Remove Pin=R2-2 From Net=MCU_DIG2
Remove Pin=R3-1 From Net=A
Remove Pin=R4-1 From Net=B
Remove Pin=R5-1 From Net=C
Remove Pin=R6-1 From Net=D
Remove Pin=R7-1 From Net=E
Remove Pin=R8-1 From Net=F
Remove Pin=R9-1 From Net=G
Remove Pin=R11-2 From Net=MCU_DIG1
Remove Pin=R12-2 From Net=MCU_DIG3
Remove Pin=R16-2 From Net=MCU_DIG4
Remove Pin=R17-2 From Net=OSC_OUT
Remove Pin=R19-2 From Net=BEEPER
Remove Pin=U1-2 From Net=OSC_IN
Remove Pin=U1-3 From Net=OSC_OUT
Remove Pin=U1-4 From Net=RESET
Remove Pin=U1-5 From Net=VDDA
Remove Pin=U1-6 From Net=MCU_DIG1
Remove Pin=U1-7 From Net=MCU_DIG2
Remove Pin=U1-8 From Net=MCU_DIG3
Remove Pin=U1-9 From Net=MCU_DIG4
Remove Pin=U1-10 From Net=CS
Remove Pin=U1-11 From Net=SCK
Remove Pin=U1-12 From Net=MISO
Remove Pin=U1-13 From Net=BEEPER
Remove Pin=U1-14 From Net=A
Remove Pin=U1-15 From Net=B
Remove Pin=U1-18 From Net=ENC+
Remove Pin=U1-19 From Net=ENC-
Remove Pin=U1-20 From Net=ENC_BUTTON
Remove Pin=U1-21 From Net=BUTTON
Remove Pin=U1-22 From Net=TRIAC1
Remove Pin=U1-23 From Net=SWDIO
Remove Pin=U1-24 From Net=SWCLK
Remove Pin=U1-25 From Net=TRIAC2
Remove Pin=U1-26 From Net=C
Remove Pin=U1-27 From Net=D
Remove Pin=U1-28 From Net=E
Remove Pin=U1-29 From Net=F
Remove Pin=U1-30 From Net=G
