Added Component: Designator=C1(RB2.5-12)
Added Component: Designator=C2(RB2.5-12)
Added Component: Designator=C3(RB2-8)
Added Component: Designator=C4(RB2-8)
Added Component: Designator=C5(RB2-8)
Added Component: Designator=P1(Pin_header3_2.54)
Added Component: Designator=P2(Pin_header2)
Added Component: Designator=P3(Pin_header2_2.54)
Added Component: Designator=P4(jack dc 5.5-2.1)
Added Component: Designator=R1(AXIAL-0.4)
Added Component: Designator=R2(AXIAL-0.4)
Added Component: Designator=U1(SOIC-SN8_N)
Added Component: Designator=VR1(SOT223_N)
Added Component: Designator=VR2(TO-220-AB)
Added Pin To Net: NetName=+5V Pin=C5-1
Added Pin To Net: NetName=+5V Pin=P3-2
Added Pin To Net: NetName=+5V Pin=U1-8
Added Pin To Net: NetName=+5V Pin=VR2-2
Added Net: Name=+5V
Added Pin To Net: NetName=GND Pin=C1-2
Added Pin To Net: NetName=GND Pin=C2-2
Added Pin To Net: NetName=GND Pin=C3-2
Added Pin To Net: NetName=GND Pin=C4-2
Added Pin To Net: NetName=GND Pin=C5-2
Added Pin To Net: NetName=GND Pin=P2-2
Added Pin To Net: NetName=GND Pin=P3-1
Added Pin To Net: NetName=GND Pin=P4-2
Added Pin To Net: NetName=GND Pin=U1-3
Added Pin To Net: NetName=GND Pin=U1-4
Added Pin To Net: NetName=GND Pin=VR1-1
Added Pin To Net: NetName=GND Pin=VR2-1
Added Net: Name=GND
Added Pin To Net: NetName=NetC3_1 Pin=C3-1
Added Pin To Net: NetName=NetC3_1 Pin=R1-1
Added Pin To Net: NetName=NetC3_1 Pin=R2-2
Added Pin To Net: NetName=NetC3_1 Pin=U1-1
Added Net: Name=NetC3_1
Added Pin To Net: NetName=NetP1_1 Pin=P1-1
Added Pin To Net: NetName=NetP1_1 Pin=U1-7
Added Net: Name=NetP1_1
Added Pin To Net: NetName=NetP1_2 Pin=P1-2
Added Pin To Net: NetName=NetP1_2 Pin=U1-6
Added Net: Name=NetP1_2
Added Pin To Net: NetName=NetP1_3 Pin=P1-3
Added Pin To Net: NetName=NetP1_3 Pin=U1-5
Added Net: Name=NetP1_3
Added Pin To Net: NetName=NetP2_1 Pin=P2-1
Added Pin To Net: NetName=NetP2_1 Pin=R2-1
Added Pin To Net: NetName=NetP2_1 Pin=U1-2
Added Net: Name=NetP2_1
Added Pin To Net: NetName=VCC Pin=C1-1
Added Pin To Net: NetName=VCC Pin=C4-1
Added Pin To Net: NetName=VCC Pin=P4-1
Added Pin To Net: NetName=VCC Pin=VR1-3
Added Pin To Net: NetName=VCC Pin=VR2-3
Added Net: Name=VCC
Added Pin To Net: NetName=VREF Pin=C2-1
Added Pin To Net: NetName=VREF Pin=R1-2
Added Pin To Net: NetName=VREF Pin=VR1-2
Added Net: Name=VREF
Added Class: Name=Sheet1
Added Room: Name=Sheet1
