Added Component: Designator=DS1(4digit_seg_led 0.56")
Added Component: Designator=P1(Pin_header 4_5.08)
Added Component: Designator=P2(Pin_header7_1.27)
Added Component: Designator=R2(AXIAL-0.4)
Added Component: Designator=R3(AXIAL-0.4)
Added Component: Designator=R4(AXIAL-0.4)
Added Component: Designator=R5(AXIAL-0.4)
Added Component: Designator=R6(AXIAL-0.4)
Added Component: Designator=R7(AXIAL-0.4)
Added Component: Designator=R8(AXIAL-0.4)
Added Pin To Net: NetName=A Pin=P2-1
Added Pin To Net: NetName=A Pin=R2-1
Added Net: Name=A
Added Pin To Net: NetName=B Pin=P2-3
Added Pin To Net: NetName=B Pin=R3-1
Added Net: Name=B
Added Pin To Net: NetName=C Pin=P2-6
Added Pin To Net: NetName=C Pin=R4-1
Added Net: Name=C
Added Pin To Net: NetName=D Pin=P2-5
Added Pin To Net: NetName=D Pin=R5-1
Added Net: Name=D
Added Pin To Net: NetName=E Pin=P2-4
Added Pin To Net: NetName=E Pin=R6-1
Added Net: Name=E
Added Pin To Net: NetName=F Pin=P2-2
Added Pin To Net: NetName=F Pin=R7-1
Added Net: Name=F
Added Pin To Net: NetName=G Pin=P2-7
Added Pin To Net: NetName=G Pin=R8-1
Added Net: Name=G
Added Pin To Net: NetName=NetDS1_A Pin=DS1-A
Added Pin To Net: NetName=NetDS1_A Pin=R2-2
Added Net: Name=NetDS1_A
Added Pin To Net: NetName=NetDS1_B Pin=DS1-B
Added Pin To Net: NetName=NetDS1_B Pin=R3-2
Added Net: Name=NetDS1_B
Added Pin To Net: NetName=NetDS1_C Pin=DS1-C
Added Pin To Net: NetName=NetDS1_C Pin=R4-2
Added Net: Name=NetDS1_C
Added Pin To Net: NetName=NetDS1_D Pin=DS1-D
Added Pin To Net: NetName=NetDS1_D Pin=R5-2
Added Net: Name=NetDS1_D
Added Pin To Net: NetName=NetDS1_E Pin=DS1-E
Added Pin To Net: NetName=NetDS1_E Pin=R6-2
Added Net: Name=NetDS1_E
Added Pin To Net: NetName=NetDS1_F Pin=DS1-F
Added Pin To Net: NetName=NetDS1_F Pin=R7-2
Added Net: Name=NetDS1_F
Added Pin To Net: NetName=NetDS1_G Pin=DS1-G
Added Pin To Net: NetName=NetDS1_G Pin=R8-2
Added Net: Name=NetDS1_G
Added Pin To Net: NetName=Q1 Pin=DS1-1
Added Pin To Net: NetName=Q1 Pin=P1-1
Added Net: Name=Q1
Added Pin To Net: NetName=Q2 Pin=DS1-2
Added Pin To Net: NetName=Q2 Pin=P1-2
Added Net: Name=Q2
Added Pin To Net: NetName=Q3 Pin=DS1-3
Added Pin To Net: NetName=Q3 Pin=P1-3
Added Net: Name=Q3
Added Pin To Net: NetName=Q4 Pin=DS1-4
Added Pin To Net: NetName=Q4 Pin=P1-4
Added Net: Name=Q4
Added Class: Name=7_seg_led
Added Room: Name=7_seg_led
