Removed Pin From Net: NetName=NetP2_12 Pin=U1-1
Removed Pin From Net: NetName=NetP2_13 Pin=U1-2
Removed Pin From Net: NetName=NetP2_7 Pin=U1-7
Removed Pin From Net: NetName=NetP2_8 Pin=U1-8
Removed Pin From Net: NetName=NetP2_14 Pin=U1-9
Removed Pin From Net: NetName=NetP2_15 Pin=U1-10
Removed Pin From Net: NetName=NetP2_16 Pin=U1-11
Removed Pin From Net: NetName=NetP2_1 Pin=U1-12
Removed Pin From Net: NetName=NetP2_2 Pin=U1-13
Removed Pin From Net: NetName=NetP2_3 Pin=U1-14
Removed Pin From Net: NetName=NetP2_4 Pin=U1-15
Removed Pin From Net: NetName=NetP2_5 Pin=U1-16
Removed Pin From Net: NetName=NetP2_6 Pin=U1-17
Removed Pin From Net: NetName=NetP2_9 Pin=U1-30
Removed Pin From Net: NetName=NetP2_10 Pin=U1-31
Removed Pin From Net: NetName=NetP2_11 Pin=U1-32
Added Component: Designator=P2(Pin_header16_2.54)
Added Pin To Net: NetName=NetP2_1 Pin=P2-1
Added Pin To Net: NetName=NetP2_2 Pin=P2-2
Added Pin To Net: NetName=NetP2_3 Pin=P2-3
Added Pin To Net: NetName=NetP2_4 Pin=P2-4
Added Pin To Net: NetName=NetP2_5 Pin=P2-5
Added Pin To Net: NetName=NetP2_6 Pin=P2-6
Added Pin To Net: NetName=NetP2_7 Pin=P2-7
Added Pin To Net: NetName=NetP2_8 Pin=P2-8
Added Pin To Net: NetName=NetP2_9 Pin=P2-9
Added Pin To Net: NetName=NetP2_10 Pin=P2-10
Added Pin To Net: NetName=NetP2_11 Pin=P2-11
Added Pin To Net: NetName=NetP2_12 Pin=P2-12
Added Pin To Net: NetName=NetP2_13 Pin=P2-13
Added Pin To Net: NetName=NetP2_14 Pin=P2-14
Added Pin To Net: NetName=NetP2_15 Pin=P2-15
Added Pin To Net: NetName=NetP2_16 Pin=P2-16
Added Pin To Net: NetName=NetP2_13 Pin=U1-1
Added Pin To Net: NetName=NetP2_12 Pin=U1-2
Added Pin To Net: NetName=NetP2_2 Pin=U1-7
Added Pin To Net: NetName=NetP2_1 Pin=U1-8
Added Pin To Net: NetName=NetP2_11 Pin=U1-9
Added Pin To Net: NetName=NetP2_10 Pin=U1-10
Added Pin To Net: NetName=NetP2_9 Pin=U1-11
Added Pin To Net: NetName=NetP2_8 Pin=U1-12
Added Pin To Net: NetName=NetP2_7 Pin=U1-13
Added Pin To Net: NetName=NetP2_6 Pin=U1-14
Added Pin To Net: NetName=NetP2_5 Pin=U1-15
Added Pin To Net: NetName=NetP2_4 Pin=U1-16
Added Pin To Net: NetName=NetP2_3 Pin=U1-17
Added Pin To Net: NetName=NetP2_16 Pin=U1-30
Added Pin To Net: NetName=NetP2_15 Pin=U1-31
Added Pin To Net: NetName=NetP2_14 Pin=U1-32
Added Member To Class: ClassName=Sheet1 Member=Component P2 Header 16
