Added Component: Designator=D1(LED 5M)
Added Component: Designator=P2(Pin_header 4_5.08)
Added Component: Designator=Q1(TO-220-AB)
Added Component: Designator=R4(AXIAL-0.4)
Added Component: Designator=R5(AXIAL-0.4)
Added Component: Designator=R6(AXIAL-0.4)
Added Pin To Net: NetName=NetD1_1 Pin=D1-1
Added Pin To Net: NetName=GND Pin=D1-2
Added Pin To Net: NetName=GND Pin=P2-1
Added Pin To Net: NetName=+ Pin=P2-2
Added Pin To Net: NetName=NetP2_3 Pin=P2-3
Added Pin To Net: NetName=NetP2_4 Pin=P2-4
Added Pin To Net: NetName=NetQ1_1 Pin=Q1-1
Added Pin To Net: NetName=NetP2_4 Pin=Q1-2
Added Pin To Net: NetName=GND Pin=Q1-3
Added Pin To Net: NetName=NetP2_3 Pin=R4-1
Added Pin To Net: NetName=NetQ1_1 Pin=R4-2
Added Pin To Net: NetName=GND Pin=R5-1
Added Pin To Net: NetName=NetQ1_1 Pin=R5-2
Added Pin To Net: NetName=NetP2_3 Pin=R6-1
Added Pin To Net: NetName=NetD1_1 Pin=R6-2
Added Member To Class: ClassName=Sheet1 Member=Component D1 LED DIP
Added Member To Class: ClassName=Sheet1 Member=Component P2 Pin header 4
Added Member To Class: ClassName=Sheet1 Member=Component Q1 CEP50N06
Added Member To Class: ClassName=Sheet1 Member=Component R4 Res 100
Added Member To Class: ClassName=Sheet1 Member=Component R5 Res 10K
Added Member To Class: ClassName=Sheet1 Member=Component R6 Res 220
Added Room: Name=Sheet1
