Removed Pin From Net: NetName=PA0 Pin=P5-1
Removed Pin From Net: NetName=PA1 Pin=P5-2
Removed Pin From Net: NetName=PA2 Pin=P5-3
Removed Pin From Net: NetName=PA3 Pin=P5-4
Removed Pin From Net: NetName=PA6 Pin=P5-7
Removed Pin From Net: NetName=PA7 Pin=P5-8
Removed Pin From Net: NetName=PC7 Pin=P8-1
Removed Pin From Net: NetName=PC6 Pin=P8-2
Removed Pin From Net: NetName=PC5 Pin=P8-3
Removed Pin From Net: NetName=PC3 Pin=P8-5
Removed Pin From Net: NetName=PC2 Pin=P8-6
Removed Pin From Net: NetName=PC1 Pin=P8-7
Removed Pin From Net: NetName=PC0 Pin=P8-8
Added Component: Designator=P5(Pin_header_6P_2.54_M)
Added Component: Designator=P8(Pin_header7_2.54)
Added Pin To Net: NetName=PA0 Pin=P5-1
Added Pin To Net: NetName=PA1 Pin=P5-2
Added Pin To Net: NetName=PA2 Pin=P5-3
Added Pin To Net: NetName=PA3 Pin=P5-4
Added Pin To Net: NetName=PA6 Pin=P5-5
Added Pin To Net: NetName=PA7 Pin=P5-6
Added Pin To Net: NetName=PC7 Pin=P8-1
Added Pin To Net: NetName=PC6 Pin=P8-2
Added Pin To Net: NetName=PC5 Pin=P8-3
Added Pin To Net: NetName=PC3 Pin=P8-4
Added Pin To Net: NetName=PC2 Pin=P8-5
Added Pin To Net: NetName=PC1 Pin=P8-6
Added Pin To Net: NetName=PC0 Pin=P8-7
Added Pin To Net: NetName=PB7 Pin=U1-9
Added Pin To Net: NetName=PB6 Pin=U1-10
Added Room: Name=mke04_base
