Added Component: Designator=C1(0805_C)
Added Component: Designator=C2(0805_C)
Added Component: Designator=C3(0805_C)
Added Component: Designator=C4(0805_C)
Added Component: Designator=C5(0805_C)
Added Component: Designator=C6(0805_C)
Added Component: Designator=C7(0805_C)
Added Component: Designator=C8(0805_C)
Added Component: Designator=C9(0805_C)
Added Component: Designator=P1(Pin_header_2P_2.54_M)
Added Component: Designator=P2(Pin_header_5P_2.54_M)
Added Component: Designator=P3(Pin_header_2P_2.54_M)
Added Component: Designator=P4(Pin_header_4P_2.54_M)
Added Component: Designator=P5(Pin_header_8P_2.54_M)
Added Component: Designator=P6(Pin_header_8P_2.54_M)
Added Component: Designator=P7(Pin_header_8P_2.54_M)
Added Component: Designator=P8(Pin_header_8P_2.54_M)
Added Component: Designator=R1(0805_R)
Added Component: Designator=R2(1206_R)
Added Component: Designator=S1(TAKT-KEY)
Added Component: Designator=U1(QFP80P1390X1390X245-44N)
Added Component: Designator=X1(XTAL_HC-49/U)
Added Pin To Net: NetName=D0 Pin=P6-8
Added Pin To Net: NetName=D0 Pin=U1-2
Added Net: Name=D0
Added Pin To Net: NetName=D1 Pin=P6-7
Added Pin To Net: NetName=D1 Pin=U1-1
Added Net: Name=D1
Added Pin To Net: NetName=D2 Pin=P6-6
Added Pin To Net: NetName=D2 Pin=U1-31
Added Net: Name=D2
Added Pin To Net: NetName=D3 Pin=P6-5
Added Pin To Net: NetName=D3 Pin=U1-30
Added Net: Name=D3
Added Pin To Net: NetName=D4 Pin=P6-4
Added Pin To Net: NetName=D4 Pin=U1-29
Added Net: Name=D4
Added Pin To Net: NetName=D5 Pin=P6-3
Added Pin To Net: NetName=D5 Pin=U1-18
Added Net: Name=D5
Added Pin To Net: NetName=D6 Pin=P6-2
Added Pin To Net: NetName=D6 Pin=U1-17
Added Net: Name=D6
Added Pin To Net: NetName=D7 Pin=P6-1
Added Pin To Net: NetName=D7 Pin=U1-16
Added Net: Name=D7
Added Pin To Net: NetName=GND Pin=C1-2
Added Pin To Net: NetName=GND Pin=C2-2
Added Pin To Net: NetName=GND Pin=C3-2
Added Pin To Net: NetName=GND Pin=C4-2
Added Pin To Net: NetName=GND Pin=C5-1
Added Pin To Net: NetName=GND Pin=C6-1
Added Pin To Net: NetName=GND Pin=C7-1
Added Pin To Net: NetName=GND Pin=C8-2
Added Pin To Net: NetName=GND Pin=C9-2
Added Pin To Net: NetName=GND Pin=P1-2
Added Pin To Net: NetName=GND Pin=P2-2
Added Pin To Net: NetName=GND Pin=S1-2
Added Pin To Net: NetName=GND Pin=S1-2
Added Pin To Net: NetName=GND Pin=U1-7
Added Pin To Net: NetName=GND Pin=U1-8
Added Pin To Net: NetName=GND Pin=U1-27
Added Net: Name=GND
Added Pin To Net: NetName=H2 Pin=P3-2
Added Pin To Net: NetName=H2 Pin=U1-4
Added Net: Name=H2
Added Pin To Net: NetName=I4 Pin=P3-1
Added Pin To Net: NetName=I4 Pin=U1-11
Added Net: Name=I4
Added Pin To Net: NetName=NetC8_1 Pin=C8-1
Added Pin To Net: NetName=NetC8_1 Pin=R2-2
Added Pin To Net: NetName=NetC8_1 Pin=U1-10
Added Pin To Net: NetName=NetC8_1 Pin=X1-2
Added Net: Name=NetC8_1
Added Pin To Net: NetName=NetC9_1 Pin=C9-1
Added Pin To Net: NetName=NetC9_1 Pin=R2-1
Added Pin To Net: NetName=NetC9_1 Pin=U1-9
Added Pin To Net: NetName=NetC9_1 Pin=X1-1
Added Net: Name=NetC9_1
Added Pin To Net: NetName=PA0 Pin=P5-1
Added Pin To Net: NetName=PA0 Pin=U1-35
Added Net: Name=PA0
Added Pin To Net: NetName=PA1 Pin=P5-2
Added Pin To Net: NetName=PA1 Pin=U1-34
Added Net: Name=PA1
Added Pin To Net: NetName=PA2 Pin=P5-3
Added Pin To Net: NetName=PA2 Pin=U1-33
Added Net: Name=PA2
Added Pin To Net: NetName=PA3 Pin=P5-4
Added Pin To Net: NetName=PA3 Pin=U1-32
Added Net: Name=PA3
Added Pin To Net: NetName=PA4 Pin=P5-5
Added Pin To Net: NetName=PA4 Pin=U1-44
Added Net: Name=PA4
Added Pin To Net: NetName=PA5 Pin=P5-6
Added Pin To Net: NetName=PA5 Pin=U1-43
Added Net: Name=PA5
Added Pin To Net: NetName=PA6 Pin=P5-7
Added Pin To Net: NetName=PA6 Pin=U1-26
Added Net: Name=PA6
Added Pin To Net: NetName=PA7 Pin=P5-8
Added Pin To Net: NetName=PA7 Pin=U1-25
Added Net: Name=PA7
Added Pin To Net: NetName=PB0 Pin=P7-8
Added Pin To Net: NetName=PB0 Pin=U1-24
Added Net: Name=PB0
Added Pin To Net: NetName=PB1 Pin=P7-7
Added Pin To Net: NetName=PB1 Pin=U1-23
Added Net: Name=PB1
Added Pin To Net: NetName=PB2 Pin=P7-6
Added Pin To Net: NetName=PB2 Pin=U1-22
Added Net: Name=PB2
Added Pin To Net: NetName=PB3 Pin=P7-5
Added Pin To Net: NetName=PB3 Pin=U1-21
Added Net: Name=PB3
Added Pin To Net: NetName=PB4 Pin=P7-4
Added Pin To Net: NetName=PB4 Pin=U1-13
Added Net: Name=PB4
Added Pin To Net: NetName=PB5 Pin=P7-3
Added Pin To Net: NetName=PB5 Pin=U1-12
Added Net: Name=PB5
Added Pin To Net: NetName=PB6 Pin=P7-2
Added Pin To Net: NetName=PB6 Pin=U1-10
Added Net: Name=PB6
Added Pin To Net: NetName=PB7 Pin=P7-1
Added Pin To Net: NetName=PB7 Pin=U1-9
Added Net: Name=PB7
Added Pin To Net: NetName=PC0 Pin=P8-8
Added Pin To Net: NetName=PC0 Pin=U1-20
Added Net: Name=PC0
Added Pin To Net: NetName=PC1 Pin=P8-7
Added Pin To Net: NetName=PC1 Pin=U1-19
Added Net: Name=PC1
Added Pin To Net: NetName=PC2 Pin=P8-6
Added Pin To Net: NetName=PC2 Pin=U1-15
Added Net: Name=PC2
Added Pin To Net: NetName=PC3 Pin=P8-5
Added Pin To Net: NetName=PC3 Pin=U1-14
Added Net: Name=PC3
Added Pin To Net: NetName=PC4 Pin=P8-4
Added Pin To Net: NetName=PC4 Pin=U1-42
Added Net: Name=PC4
Added Pin To Net: NetName=PC5 Pin=P8-3
Added Pin To Net: NetName=PC5 Pin=U1-41
Added Net: Name=PC5
Added Pin To Net: NetName=PC6 Pin=P8-2
Added Pin To Net: NetName=PC6 Pin=U1-37
Added Net: Name=PC6
Added Pin To Net: NetName=PC7 Pin=P8-1
Added Pin To Net: NetName=PC7 Pin=U1-36
Added Net: Name=PC7
Added Pin To Net: NetName=PE0 Pin=P4-4
Added Pin To Net: NetName=PE0 Pin=U1-40
Added Net: Name=PE0
Added Pin To Net: NetName=PE1 Pin=P4-3
Added Pin To Net: NetName=PE1 Pin=U1-39
Added Net: Name=PE1
Added Pin To Net: NetName=PE2 Pin=P4-2
Added Pin To Net: NetName=PE2 Pin=U1-38
Added Net: Name=PE2
Added Pin To Net: NetName=PE7 Pin=P4-1
Added Pin To Net: NetName=PE7 Pin=U1-3
Added Net: Name=PE7
Added Pin To Net: NetName=RESET Pin=C7-2
Added Pin To Net: NetName=RESET Pin=P2-1
Added Pin To Net: NetName=RESET Pin=R1-1
Added Pin To Net: NetName=RESET Pin=S1-1
Added Pin To Net: NetName=RESET Pin=S1-1
Added Pin To Net: NetName=RESET Pin=U1-43
Added Net: Name=RESET
Added Pin To Net: NetName=SWCLK Pin=P2-5
Added Pin To Net: NetName=SWCLK Pin=U1-42
Added Net: Name=SWCLK
Added Pin To Net: NetName=SWDIO Pin=P2-4
Added Pin To Net: NetName=SWDIO Pin=U1-44
Added Net: Name=SWDIO
Added Pin To Net: NetName=VCC Pin=C1-1
Added Pin To Net: NetName=VCC Pin=C2-1
Added Pin To Net: NetName=VCC Pin=C3-1
Added Pin To Net: NetName=VCC Pin=C4-1
Added Pin To Net: NetName=VCC Pin=C5-2
Added Pin To Net: NetName=VCC Pin=C6-2
Added Pin To Net: NetName=VCC Pin=P1-1
Added Pin To Net: NetName=VCC Pin=P2-3
Added Pin To Net: NetName=VCC Pin=R1-2
Added Pin To Net: NetName=VCC Pin=U1-5
Added Pin To Net: NetName=VCC Pin=U1-6
Added Pin To Net: NetName=VCC Pin=U1-28
Added Net: Name=VCC
Added Class: Name=mke04_base
Added Room: Name=mke04_base
