Removed Pin From Net: NetName=GND Pin=D1-2
Removed Pin From Net: NetName=GND Pin=D2-2
Removed Pin From Net: NetName=GND Pin=D3-2
Removed Pin From Net: NetName=GND Pin=D6-2
Removed Pin From Net: NetName=GND Pin=D7-2
Removed Pin From Net: NetName=TRIAC4 Pin=R1-1
Removed Pin From Net: NetName=TRIAC5 Pin=R2-1
Removed Pin From Net: NetName=TRIAC1 Pin=R3-1
Removed Pin From Net: NetName=TRIAC4 Pin=R4-2
Removed Pin From Net: NetName=TRIAC4 Pin=R5-1
Removed Pin From Net: NetName=TRIAC5 Pin=R6-2
Removed Pin From Net: NetName=TRIAC5 Pin=R7-1
Removed Pin From Net: NetName=TRIAC1 Pin=R8-2
Removed Pin From Net: NetName=TRIAC1 Pin=R9-1
Removed Pin From Net: NetName=TRIAC2 Pin=R15-1
Removed Pin From Net: NetName=TRIAC3 Pin=R16-1
Removed Pin From Net: NetName=DEV3 Pin=R16-2
Removed Pin From Net: NetName=TRIAC2 Pin=R18-2
Removed Pin From Net: NetName=TRIAC2 Pin=R19-1
Removed Pin From Net: NetName=TRIAC3 Pin=R20-2
Removed Pin From Net: NetName=TRIAC3 Pin=R21-1
Removed Pin From Net: NetName=GND Pin=U2-2
Removed Pin From Net: NetName=GND Pin=U4-2
Removed Pin From Net: NetName=GND Pin=U5-2
Removed Pin From Net: NetName=DEV3 Pin=U6-1
Removed Pin From Net: NetName=GND Pin=U6-2
Removed Pin From Net: NetName=GND Pin=U7-2
Added Component: Designator=Q2(SOT23)
Added Component: Designator=Q7(SOT23)
Added Component: Designator=Q8(SOT23)
Added Component: Designator=Q9(SOT23)
Added Component: Designator=Q10(SOT23)
Added Component: Designator=R12(1206_R)
Added Component: Designator=R13(1206_R)
Added Component: Designator=R14(1206_R)
Added Component: Designator=R24(1206_R)
Added Component: Designator=R27(1206_R)
Added Pin To Net: NetName=DEV3 Pin=D7-2
Added Pin To Net: NetName=GND Pin=Q2-2
Added Pin To Net: NetName=GND Pin=Q7-2
Added Pin To Net: NetName=GND Pin=Q8-2
Added Pin To Net: NetName=DEV3 Pin=Q8-3
Added Pin To Net: NetName=GND Pin=Q9-2
Added Pin To Net: NetName=GND Pin=Q10-2
Added Pin To Net: NetName=VCC Pin=R1-1
Added Pin To Net: NetName=VCC Pin=R2-1
Added Pin To Net: NetName=VCC Pin=R3-1
Added Pin To Net: NetName=VCC Pin=R5-1
Added Pin To Net: NetName=VCC Pin=R7-1
Added Pin To Net: NetName=VCC Pin=R9-1
Added Pin To Net: NetName=TRIAC2 Pin=R12-1
Added Pin To Net: NetName=TRIAC1 Pin=R13-1
Added Pin To Net: NetName=TRIAC3 Pin=R14-1
Added Pin To Net: NetName=VCC Pin=R15-1
Added Pin To Net: NetName=VCC Pin=R16-2
Added Pin To Net: NetName=VCC Pin=R19-1
Added Pin To Net: NetName=VCC Pin=R21-1
Added Pin To Net: NetName=TRIAC4 Pin=R24-1
Added Pin To Net: NetName=TRIAC5 Pin=R27-1
Added Pin To Net: NetName=DEV3 Pin=U6-2
Change Net Name : Old Net Name=DEV1 New Net Name=NetR3_2
Change Net Name : Old Net Name=DEV2 New Net Name=NetR15_2
Change Net Name : Old Net Name=DEV4 New Net Name=NetR1_2
Change Net Name : Old Net Name=DEV5 New Net Name=NetR2_2
Added Pin To Net: NetName=DEV1 Pin=D3-2
Added Pin To Net: NetName=DEV1 Pin=Q7-3
Added Pin To Net: NetName=DEV1 Pin=U5-2
Added Net: Name=DEV1
Added Pin To Net: NetName=DEV2 Pin=D6-2
Added Pin To Net: NetName=DEV2 Pin=Q2-3
Added Pin To Net: NetName=DEV2 Pin=U7-2
Added Net: Name=DEV2
Added Pin To Net: NetName=DEV4 Pin=D1-2
Added Pin To Net: NetName=DEV4 Pin=Q9-3
Added Pin To Net: NetName=DEV4 Pin=U4-2
Added Net: Name=DEV4
Added Pin To Net: NetName=DEV5 Pin=D2-2
Added Pin To Net: NetName=DEV5 Pin=Q10-3
Added Pin To Net: NetName=DEV5 Pin=U2-2
Added Net: Name=DEV5
Added Pin To Net: NetName=NetQ2_1 Pin=Q2-1
Added Pin To Net: NetName=NetQ2_1 Pin=R12-2
Added Pin To Net: NetName=NetQ2_1 Pin=R18-2
Added Net: Name=NetQ2_1
Added Pin To Net: NetName=NetQ7_1 Pin=Q7-1
Added Pin To Net: NetName=NetQ7_1 Pin=R8-2
Added Pin To Net: NetName=NetQ7_1 Pin=R13-2
Added Net: Name=NetQ7_1
Added Pin To Net: NetName=NetQ8_1 Pin=Q8-1
Added Pin To Net: NetName=NetQ8_1 Pin=R14-2
Added Pin To Net: NetName=NetQ8_1 Pin=R20-2
Added Net: Name=NetQ8_1
Added Pin To Net: NetName=NetQ9_1 Pin=Q9-1
Added Pin To Net: NetName=NetQ9_1 Pin=R4-2
Added Pin To Net: NetName=NetQ9_1 Pin=R24-2
Added Net: Name=NetQ9_1
Added Pin To Net: NetName=NetQ10_1 Pin=Q10-1
Added Pin To Net: NetName=NetQ10_1 Pin=R6-2
Added Pin To Net: NetName=NetQ10_1 Pin=R27-2
Added Net: Name=NetQ10_1
Added Pin To Net: NetName=NetR16_1 Pin=R16-1
Added Pin To Net: NetName=NetR16_1 Pin=U6-1
Added Net: Name=NetR16_1
Added Member To Class: ClassName=stm8_triac_nrf24l01 Member=Component Q2 S9013
Added Member To Class: ClassName=stm8_triac_nrf24l01 Member=Component Q7 S9013
Added Member To Class: ClassName=stm8_triac_nrf24l01 Member=Component Q8 S9013
Added Member To Class: ClassName=stm8_triac_nrf24l01 Member=Component Q9 S9013
Added Member To Class: ClassName=stm8_triac_nrf24l01 Member=Component Q10 S9013
Added Member To Class: ClassName=stm8_triac_nrf24l01 Member=Component R12 Res 1K8
Added Member To Class: ClassName=stm8_triac_nrf24l01 Member=Component R13 Res 1K8
Added Member To Class: ClassName=stm8_triac_nrf24l01 Member=Component R14 Res 1K8
Added Member To Class: ClassName=stm8_triac_nrf24l01 Member=Component R24 Res 1K8
Added Member To Class: ClassName=stm8_triac_nrf24l01 Member=Component R27 Res 1K8
Added Room: Name=stm8_triac_nrf24l01
