Added Component: Designator=C1(1206)
Added Component: Designator=C2(6032)
Added Component: Designator=C3(0805_1)
Added Component: Designator=C4(0805_1)
Added Component: Designator=C5(0805_1)
Added Component: Designator=C6(0805_1)
Added Component: Designator=C7(0805_1)
Added Component: Designator=C8(0805_1)
Added Component: Designator=C9(0805_1)
Added Component: Designator=C10(RAD-0.4)
Added Component: Designator=C11(0805_1)
Added Component: Designator=C12(RAD-0.4)
Added Component: Designator=C13(RAD-0.4)
Added Component: Designator=C14(RAD-0.4)
Added Component: Designator=C15(RAD-0.4)
Added Component: Designator=D1(LED 5M)
Added Component: Designator=D2(LED 5M)
Added Component: Designator=D3(LED 5M)
Added Component: Designator=D4(LED 5M)
Added Component: Designator=D5(LED 5M)
Added Component: Designator=dev1(Pin_header 3_5.08)
Added Component: Designator=dev2(Pin_header 3_5.08)
Added Component: Designator=dev3(Pin_header 3_5.08)
Added Component: Designator=dev4(Pin_header 3_5.08)
Added Component: Designator=dev5(Pin_header 3_5.08)
Added Component: Designator=input_ac(Pin_header 3_5.08)
Added Component: Designator=input_dc(jack dc 5.5-2.1)
Added Component: Designator=P1(Pin_header4_2.54)
Added Component: Designator=P2(RF_pin_header_4_2)
Added Component: Designator=P3(Pin_header2_2.54)
Added Component: Designator=Q1(SOT23)
Added Component: Designator=Q2(SOT23)
Added Component: Designator=Q3(SOT23)
Added Component: Designator=Q4(SOT23)
Added Component: Designator=Q5(TO-220-AB)
Added Component: Designator=Q6(TO-220-AB)
Added Component: Designator=Q7(TO-220-AB)
Added Component: Designator=Q8(TO-220-AB)
Added Component: Designator=Q9(SOT23)
Added Component: Designator=Q10(TO-220-AB)
Added Component: Designator=R1(0805_1)
Added Component: Designator=R2(0805_1)
Added Component: Designator=R3(0805_1)
Added Component: Designator=R4(0805_1)
Added Component: Designator=R5(1206)
Added Component: Designator=R6(1206)
Added Component: Designator=R7(1206)
Added Component: Designator=R8(0805_1)
Added Component: Designator=R9(1206)
Added Component: Designator=R10(2512)
Added Component: Designator=R11(2512)
Added Component: Designator=R12(2512)
Added Component: Designator=R13(2512)
Added Component: Designator=R14(2512)
Added Component: Designator=R15(2512)
Added Component: Designator=R16(2512)
Added Component: Designator=R17(2512)
Added Component: Designator=R18(2512)
Added Component: Designator=R19(2512)
Added Component: Designator=R20(2512)
Added Component: Designator=R21(0805_1)
Added Component: Designator=R22(2512)
Added Component: Designator=R23(2512)
Added Component: Designator=R24(1206)
Added Component: Designator=R25(2512)
Added Component: Designator=R26(2512)
Added Component: Designator=S1(TAKT-KEY)
Added Component: Designator=U1(TSSOP20)
Added Component: Designator=U2(DIP-6)
Added Component: Designator=U3(DIP-6)
Added Component: Designator=U4(DIP-6)
Added Component: Designator=U5(DIP-6)
Added Component: Designator=U6(DIP-6)
Added Component: Designator=VR1(SOT223)
Added Component: Designator=X1(CRISTAL 5MM)
Added Pin To Net: NetName=3V3 Pin=C2-1
Added Pin To Net: NetName=3V3 Pin=C4-1
Added Pin To Net: NetName=3V3 Pin=C9-1
Added Pin To Net: NetName=3V3 Pin=C11-1
Added Pin To Net: NetName=3V3 Pin=P1-4
Added Pin To Net: NetName=3V3 Pin=P2-2
Added Pin To Net: NetName=3V3 Pin=Q2-3
Added Pin To Net: NetName=3V3 Pin=Q3-3
Added Pin To Net: NetName=3V3 Pin=Q4-3
Added Pin To Net: NetName=3V3 Pin=R1-2
Added Pin To Net: NetName=3V3 Pin=U1-9
Added Pin To Net: NetName=3V3 Pin=VR1-2
Added Net: Name=3V3
Added Pin To Net: NetName=3V5 Pin=Q1-3
Added Pin To Net: NetName=3V5 Pin=Q9-3
Added Net: Name=3V5
Added Pin To Net: NetName=CE Pin=P2-3
Added Pin To Net: NetName=CE Pin=U1-13
Added Net: Name=CE
Added Pin To Net: NetName=CS Pin=P2-4
Added Pin To Net: NetName=CS Pin=U1-14
Added Net: Name=CS
Added Pin To Net: NetName=DEV1 Pin=Q4-2
Added Pin To Net: NetName=DEV1 Pin=R9-2
Added Pin To Net: NetName=DEV1 Pin=U6-1
Added Net: Name=DEV1
Added Pin To Net: NetName=DEV2 Pin=Q3-2
Added Pin To Net: NetName=DEV2 Pin=R7-2
Added Pin To Net: NetName=DEV2 Pin=U4-1
Added Net: Name=DEV2
Added Pin To Net: NetName=DEV3 Pin=Q2-2
Added Pin To Net: NetName=DEV3 Pin=R6-2
Added Pin To Net: NetName=DEV3 Pin=U5-1
Added Net: Name=DEV3
Added Pin To Net: NetName=DEV4 Pin=Q1-2
Added Pin To Net: NetName=DEV4 Pin=R5-2
Added Pin To Net: NetName=DEV4 Pin=U3-1
Added Net: Name=DEV4
Added Pin To Net: NetName=DEV5 Pin=Q9-2
Added Pin To Net: NetName=DEV5 Pin=R24-2
Added Pin To Net: NetName=DEV5 Pin=U2-1
Added Net: Name=DEV5
Added Pin To Net: NetName=GND Pin=C1-2
Added Pin To Net: NetName=GND Pin=C2-2
Added Pin To Net: NetName=GND Pin=C3-2
Added Pin To Net: NetName=GND Pin=C4-2
Added Pin To Net: NetName=GND Pin=C5-1
Added Pin To Net: NetName=GND Pin=C6-2
Added Pin To Net: NetName=GND Pin=C7-2
Added Pin To Net: NetName=GND Pin=C8-1
Added Pin To Net: NetName=GND Pin=C9-2
Added Pin To Net: NetName=GND Pin=C11-2
Added Pin To Net: NetName=GND Pin=D1-2
Added Pin To Net: NetName=GND Pin=D2-2
Added Pin To Net: NetName=GND Pin=D3-2
Added Pin To Net: NetName=GND Pin=D4-2
Added Pin To Net: NetName=GND Pin=D5-2
Added Pin To Net: NetName=GND Pin=dev1-3
Added Pin To Net: NetName=GND Pin=dev2-3
Added Pin To Net: NetName=GND Pin=dev3-3
Added Pin To Net: NetName=GND Pin=dev4-3
Added Pin To Net: NetName=GND Pin=dev5-3
Added Pin To Net: NetName=GND Pin=input_ac-3
Added Pin To Net: NetName=GND Pin=input_dc-2
Added Pin To Net: NetName=GND Pin=P1-3
Added Pin To Net: NetName=GND Pin=P2-1
Added Pin To Net: NetName=GND Pin=P3-2
Added Pin To Net: NetName=GND Pin=S1-2
Added Pin To Net: NetName=GND Pin=S1-2
Added Pin To Net: NetName=GND Pin=U1-7
Added Pin To Net: NetName=GND Pin=U2-2
Added Pin To Net: NetName=GND Pin=U3-2
Added Pin To Net: NetName=GND Pin=U4-2
Added Pin To Net: NetName=GND Pin=U5-2
Added Pin To Net: NetName=GND Pin=U6-2
Added Pin To Net: NetName=GND Pin=VR1-1
Added Net: Name=GND
Added Pin To Net: NetName=IRQ Pin=P2-8
Added Pin To Net: NetName=IRQ Pin=U1-10
Added Net: Name=IRQ
Added Pin To Net: NetName=L1 Pin=Q10-2
Added Pin To Net: NetName=L1 Pin=R23-2
Added Pin To Net: NetName=L1 Pin=R25-2
Added Net: Name=L1
Added Pin To Net: NetName=L2 Pin=Q7-2
Added Pin To Net: NetName=L2 Pin=R15-2
Added Pin To Net: NetName=L2 Pin=R17-2
Added Net: Name=L2
Added Pin To Net: NetName=L3 Pin=Q8-2
Added Pin To Net: NetName=L3 Pin=R18-2
Added Pin To Net: NetName=L3 Pin=R20-2
Added Net: Name=L3
Added Pin To Net: NetName=L4 Pin=Q6-2
Added Pin To Net: NetName=L4 Pin=R13-2
Added Pin To Net: NetName=L4 Pin=R14-2
Added Net: Name=L4
Added Pin To Net: NetName=L5 Pin=Q5-2
Added Pin To Net: NetName=L5 Pin=R10-2
Added Pin To Net: NetName=L5 Pin=R11-2
Added Net: Name=L5
Added Pin To Net: NetName=L Pin=C10-1
Added Pin To Net: NetName=L Pin=C12-1
Added Pin To Net: NetName=L Pin=C13-1
Added Pin To Net: NetName=L Pin=C14-1
Added Pin To Net: NetName=L Pin=C15-1
Added Pin To Net: NetName=L Pin=input_ac-1
Added Pin To Net: NetName=L Pin=Q5-1
Added Pin To Net: NetName=L Pin=Q6-1
Added Pin To Net: NetName=L Pin=Q7-1
Added Pin To Net: NetName=L Pin=Q8-1
Added Pin To Net: NetName=L Pin=Q10-1
Added Pin To Net: NetName=L Pin=R12-2
Added Pin To Net: NetName=L Pin=R16-2
Added Pin To Net: NetName=L Pin=R19-2
Added Pin To Net: NetName=L Pin=R22-2
Added Pin To Net: NetName=L Pin=R26-2
Added Net: Name=L
Added Pin To Net: NetName=MISO Pin=P2-7
Added Pin To Net: NetName=MISO Pin=U1-17
Added Net: Name=MISO
Added Pin To Net: NetName=MOSI Pin=P2-6
Added Pin To Net: NetName=MOSI Pin=U1-16
Added Net: Name=MOSI
Added Pin To Net: NetName=NetC6_1 Pin=C6-1
Added Pin To Net: NetName=NetC6_1 Pin=U1-6
Added Pin To Net: NetName=NetC6_1 Pin=X1-2
Added Net: Name=NetC6_1
Added Pin To Net: NetName=NetC7_1 Pin=C7-1
Added Pin To Net: NetName=NetC7_1 Pin=U1-5
Added Pin To Net: NetName=NetC7_1 Pin=X1-1
Added Net: Name=NetC7_1
Added Pin To Net: NetName=NetC8_2 Pin=C8-2
Added Pin To Net: NetName=NetC8_2 Pin=U1-8
Added Net: Name=NetC8_2
Added Pin To Net: NetName=NetC10_2 Pin=C10-2
Added Pin To Net: NetName=NetC10_2 Pin=R11-1
Added Net: Name=NetC10_2
Added Pin To Net: NetName=NetC12_2 Pin=C12-2
Added Pin To Net: NetName=NetC12_2 Pin=R14-1
Added Net: Name=NetC12_2
Added Pin To Net: NetName=NetC13_2 Pin=C13-2
Added Pin To Net: NetName=NetC13_2 Pin=R17-1
Added Net: Name=NetC13_2
Added Pin To Net: NetName=NetC14_2 Pin=C14-2
Added Pin To Net: NetName=NetC14_2 Pin=R20-1
Added Net: Name=NetC14_2
Added Pin To Net: NetName=NetC15_2 Pin=C15-2
Added Pin To Net: NetName=NetC15_2 Pin=R25-1
Added Net: Name=NetC15_2
Added Pin To Net: NetName=NetD1_1 Pin=D1-1
Added Pin To Net: NetName=NetD1_1 Pin=R5-1
Added Net: Name=NetD1_1
Added Pin To Net: NetName=NetD2_1 Pin=D2-1
Added Pin To Net: NetName=NetD2_1 Pin=R6-1
Added Net: Name=NetD2_1
Added Pin To Net: NetName=NetD3_1 Pin=D3-1
Added Pin To Net: NetName=NetD3_1 Pin=R7-1
Added Net: Name=NetD3_1
Added Pin To Net: NetName=NetD4_1 Pin=D4-1
Added Pin To Net: NetName=NetD4_1 Pin=R9-1
Added Net: Name=NetD4_1
Added Pin To Net: NetName=NetD5_1 Pin=D5-1
Added Pin To Net: NetName=NetD5_1 Pin=R24-1
Added Net: Name=NetD5_1
Added Pin To Net: NetName=NetQ1_1 Pin=Q1-1
Added Pin To Net: NetName=NetQ1_1 Pin=R2-1
Added Net: Name=NetQ1_1
Added Pin To Net: NetName=NetQ2_1 Pin=Q2-1
Added Pin To Net: NetName=NetQ2_1 Pin=R3-1
Added Net: Name=NetQ2_1
Added Pin To Net: NetName=NetQ3_1 Pin=Q3-1
Added Pin To Net: NetName=NetQ3_1 Pin=R4-1
Added Net: Name=NetQ3_1
Added Pin To Net: NetName=NetQ4_1 Pin=Q4-1
Added Pin To Net: NetName=NetQ4_1 Pin=R8-1
Added Net: Name=NetQ4_1
Added Pin To Net: NetName=NetQ5_3 Pin=Q5-3
Added Pin To Net: NetName=NetQ5_3 Pin=R12-1
Added Pin To Net: NetName=NetQ5_3 Pin=U2-4
Added Net: Name=NetQ5_3
Added Pin To Net: NetName=NetQ6_3 Pin=Q6-3
Added Pin To Net: NetName=NetQ6_3 Pin=R16-1
Added Pin To Net: NetName=NetQ6_3 Pin=U3-4
Added Net: Name=NetQ6_3
Added Pin To Net: NetName=NetQ7_3 Pin=Q7-3
Added Pin To Net: NetName=NetQ7_3 Pin=R19-1
Added Pin To Net: NetName=NetQ7_3 Pin=U4-4
Added Net: Name=NetQ7_3
Added Pin To Net: NetName=NetQ8_3 Pin=Q8-3
Added Pin To Net: NetName=NetQ8_3 Pin=R22-1
Added Pin To Net: NetName=NetQ8_3 Pin=U5-4
Added Net: Name=NetQ8_3
Added Pin To Net: NetName=NetQ9_1 Pin=Q9-1
Added Pin To Net: NetName=NetQ9_1 Pin=R21-1
Added Net: Name=NetQ9_1
Added Pin To Net: NetName=NetQ10_3 Pin=Q10-3
Added Pin To Net: NetName=NetQ10_3 Pin=R26-1
Added Pin To Net: NetName=NetQ10_3 Pin=U6-4
Added Net: Name=NetQ10_3
Added Pin To Net: NetName=NetR10_1 Pin=R10-1
Added Pin To Net: NetName=NetR10_1 Pin=U2-6
Added Net: Name=NetR10_1
Added Pin To Net: NetName=NetR13_1 Pin=R13-1
Added Pin To Net: NetName=NetR13_1 Pin=U3-6
Added Net: Name=NetR13_1
Added Pin To Net: NetName=NetR15_1 Pin=R15-1
Added Pin To Net: NetName=NetR15_1 Pin=U4-6
Added Net: Name=NetR15_1
Added Pin To Net: NetName=NetR18_1 Pin=R18-1
Added Pin To Net: NetName=NetR18_1 Pin=U5-6
Added Net: Name=NetR18_1
Added Pin To Net: NetName=NetR23_1 Pin=R23-1
Added Pin To Net: NetName=NetR23_1 Pin=U6-6
Added Net: Name=NetR23_1
Added Pin To Net: NetName=N Pin=dev1-2
Added Pin To Net: NetName=N Pin=dev2-2
Added Pin To Net: NetName=N Pin=dev3-2
Added Pin To Net: NetName=N Pin=dev4-2
Added Pin To Net: NetName=N Pin=dev5-2
Added Pin To Net: NetName=N Pin=input_ac-2
Added Net: Name=N
Added Pin To Net: NetName=RESET Pin=C5-2
Added Pin To Net: NetName=RESET Pin=P1-1
Added Pin To Net: NetName=RESET Pin=R1-1
Added Pin To Net: NetName=RESET Pin=S1-1
Added Pin To Net: NetName=RESET Pin=S1-1
Added Pin To Net: NetName=RESET Pin=U1-4
Added Net: Name=RESET
Added Pin To Net: NetName=SCK Pin=P2-5
Added Pin To Net: NetName=SCK Pin=U1-15
Added Net: Name=SCK
Added Pin To Net: NetName=SWIM Pin=P1-2
Added Pin To Net: NetName=SWIM Pin=U1-18
Added Net: Name=SWIM
Added Pin To Net: NetName=TRIAC1 Pin=R8-2
Added Pin To Net: NetName=TRIAC1 Pin=U1-19
Added Net: Name=TRIAC1
Added Pin To Net: NetName=TRIAC2 Pin=R4-2
Added Pin To Net: NetName=TRIAC2 Pin=U1-20
Added Net: Name=TRIAC2
Added Pin To Net: NetName=TRIAC3 Pin=R3-2
Added Pin To Net: NetName=TRIAC3 Pin=U1-1
Added Net: Name=TRIAC3
Added Pin To Net: NetName=TRIAC4 Pin=R2-2
Added Pin To Net: NetName=TRIAC4 Pin=U1-2
Added Net: Name=TRIAC4
Added Pin To Net: NetName=TRIAC5 Pin=R21-2
Added Pin To Net: NetName=TRIAC5 Pin=U1-3
Added Net: Name=TRIAC5
Added Pin To Net: NetName=VCC Pin=C1-1
Added Pin To Net: NetName=VCC Pin=C3-1
Added Pin To Net: NetName=VCC Pin=input_dc-1
Added Pin To Net: NetName=VCC Pin=P3-1
Added Pin To Net: NetName=VCC Pin=VR1-3
Added Net: Name=VCC
Added Class: Name=stm8_triac_nrf24l01
Added Room: Name=stm8_triac_nrf24l01
