Added Component: Designator=C17(0805_1)
Added Component: Designator=C18(0805_1)
Added Component: Designator=C19(0805_1)
Added Component: Designator=C20(0805_1)
Added Component: Designator=C21(1206)
Added Component: Designator=C22(1206)
Added Component: Designator=C23(1206)
Added Component: Designator=C24(1206)
Added Component: Designator=C25(0805_1)
Added Component: Designator=C26(0805_1)
Added Component: Designator=C27(0805_1)
Added Component: Designator=D3(0805_1)
Added Component: Designator=P9(Pin_header4_2.54)
Added Component: Designator=P10(Pin_header5_2.54)
Added Component: Designator=P11(Pin_header9_2.54)
Added Component: Designator=P12(Pin_header8_2.54)
Added Component: Designator=P13(Pin_header8_2.54)
Added Component: Designator=P14(Pin_header2_2.54)
Added Component: Designator=P15(Pin_header8_2.54)
Added Component: Designator=P16(Pin_header9_2.54)
Added Component: Designator=P17(Pin_header2_2.54)
Added Component: Designator=P18(Pin_header8_2.54)
Added Component: Designator=P19(Pin_header2_2.54)
Added Component: Designator=P20(Pin_header6_2.54)
Added Component: Designator=P21(Pin_header8_2.54)
Added Component: Designator=P22(Pin_header7_2.54)
Added Component: Designator=R11(0805_1)
Added Component: Designator=R12(0805_1)
Added Component: Designator=S2(TAKT-KEY)
Added Component: Designator=U2(Pin_header_tqfp_100)
Added Pin To Net: NetName=GND Pin=C17-1
Added Pin To Net: NetName=GND Pin=C18-1
Added Pin To Net: NetName=GND Pin=C19-1
Added Pin To Net: NetName=GND Pin=C20-1
Added Pin To Net: NetName=GND Pin=C21-1
Added Pin To Net: NetName=GND Pin=C22-1
Added Pin To Net: NetName=GND Pin=C23-1
Added Pin To Net: NetName=GND Pin=C24-1
Added Pin To Net: NetName=GND Pin=C25-1
Added Pin To Net: NetName=GND Pin=C26-1
Added Pin To Net: NetName=GND Pin=C27-1
Added Pin To Net: NetName=GND Pin=D3-2
Added Pin To Net: NetName=GND Pin=P10-2
Added Pin To Net: NetName=GND Pin=P17-1
Added Pin To Net: NetName=GND Pin=P19-1
Added Pin To Net: NetName=GND Pin=S2-2
Added Pin To Net: NetName=GND Pin=S2-2
Added Pin To Net: NetName=GND Pin=U2-9
Added Pin To Net: NetName=GND Pin=U2-24
Added Pin To Net: NetName=GND Pin=U2-25
Added Pin To Net: NetName=GND Pin=U2-29
Added Pin To Net: NetName=GND Pin=U2-49
Added Pin To Net: NetName=GND Pin=U2-74
Added Net: Name=GND
Added Pin To Net: NetName=NetD3_1 Pin=D3-1
Added Pin To Net: NetName=NetD3_1 Pin=R11-2
Added Net: Name=NetD3_1
Added Pin To Net: NetName=NetP9_1 Pin=P9-1
Added Pin To Net: NetName=NetP9_1 Pin=U2-51
Added Net: Name=NetP9_1
Added Pin To Net: NetName=NetP9_2 Pin=P9-2
Added Pin To Net: NetName=NetP9_2 Pin=U2-50
Added Net: Name=NetP9_2
Added Pin To Net: NetName=NetP9_3 Pin=P9-3
Added Pin To Net: NetName=NetP9_3 Pin=U2-47
Added Net: Name=NetP9_3
Added Pin To Net: NetName=NetP9_4 Pin=P9-4
Added Pin To Net: NetName=NetP9_4 Pin=U2-46
Added Net: Name=NetP9_4
Added Pin To Net: NetName=NetP12_1 Pin=P12-1
Added Pin To Net: NetName=NetP12_1 Pin=U2-45
Added Net: Name=NetP12_1
Added Pin To Net: NetName=NetP12_2 Pin=P12-2
Added Pin To Net: NetName=NetP12_2 Pin=U2-44
Added Net: Name=NetP12_2
Added Pin To Net: NetName=NetP12_3 Pin=P12-3
Added Pin To Net: NetName=NetP12_3 Pin=U2-43
Added Net: Name=NetP12_3
Added Pin To Net: NetName=NetP12_4 Pin=P12-4
Added Pin To Net: NetName=NetP12_4 Pin=U2-42
Added Net: Name=NetP12_4
Added Pin To Net: NetName=NetP12_5 Pin=P12-5
Added Pin To Net: NetName=NetP12_5 Pin=U2-41
Added Net: Name=NetP12_5
Added Pin To Net: NetName=NetP12_6 Pin=P12-6
Added Pin To Net: NetName=NetP12_6 Pin=U2-40
Added Net: Name=NetP12_6
Added Pin To Net: NetName=NetP12_7 Pin=P12-7
Added Pin To Net: NetName=NetP12_7 Pin=U2-39
Added Net: Name=NetP12_7
Added Pin To Net: NetName=NetP12_8 Pin=P12-8
Added Pin To Net: NetName=NetP12_8 Pin=U2-38
Added Net: Name=NetP12_8
Added Pin To Net: NetName=PA1/USART0_RX Pin=P14-1
Added Pin To Net: NetName=PA1/USART0_RX Pin=U2-35
Added Net: Name=PA1/USART0_RX
Added Pin To Net: NetName=PA2/USART0_TX Pin=P14-2
Added Pin To Net: NetName=PA2/USART0_TX Pin=U2-36
Added Net: Name=PA2/USART0_TX
Added Pin To Net: NetName=PB0 Pin=P18-8
Added Pin To Net: NetName=PB0 Pin=U2-53
Added Net: Name=PB0
Added Pin To Net: NetName=PB1 Pin=P18-7
Added Pin To Net: NetName=PB1 Pin=U2-54
Added Net: Name=PB1
Added Pin To Net: NetName=PB2 Pin=P18-6
Added Pin To Net: NetName=PB2 Pin=U2-55
Added Net: Name=PB2
Added Pin To Net: NetName=PB3 Pin=P18-5
Added Pin To Net: NetName=PB3 Pin=U2-56
Added Net: Name=PB3
Added Pin To Net: NetName=PB7 Pin=P18-4
Added Pin To Net: NetName=PB7 Pin=U2-57
Added Net: Name=PB7
Added Pin To Net: NetName=PB8 Pin=P18-3
Added Pin To Net: NetName=PB8 Pin=U2-58
Added Net: Name=PB8
Added Pin To Net: NetName=PB9 Pin=P18-2
Added Pin To Net: NetName=PB9 Pin=U2-59
Added Net: Name=PB9
Added Pin To Net: NetName=PB10 Pin=P18-1
Added Pin To Net: NetName=PB10 Pin=U2-60
Added Net: Name=PB10
Added Pin To Net: NetName=PB11 Pin=P16-9
Added Pin To Net: NetName=PB11 Pin=U2-61
Added Net: Name=PB11
Added Pin To Net: NetName=PB16 Pin=P16-8
Added Pin To Net: NetName=PB16 Pin=U2-62
Added Net: Name=PB16
Added Pin To Net: NetName=PB17 Pin=P16-7
Added Pin To Net: NetName=PB17 Pin=U2-63
Added Net: Name=PB17
Added Pin To Net: NetName=PB18 Pin=P16-6
Added Pin To Net: NetName=PB18 Pin=U2-64
Added Net: Name=PB18
Added Pin To Net: NetName=PB19 Pin=P16-5
Added Pin To Net: NetName=PB19 Pin=U2-65
Added Net: Name=PB19
Added Pin To Net: NetName=PB20 Pin=P16-4
Added Pin To Net: NetName=PB20 Pin=U2-66
Added Net: Name=PB20
Added Pin To Net: NetName=PB21 Pin=P16-3
Added Pin To Net: NetName=PB21 Pin=U2-67
Added Net: Name=PB21
Added Pin To Net: NetName=PB22 Pin=P16-2
Added Pin To Net: NetName=PB22 Pin=U2-68
Added Net: Name=PB22
Added Pin To Net: NetName=PB23 Pin=P16-1
Added Pin To Net: NetName=PB23 Pin=U2-69
Added Net: Name=PB23
Added Pin To Net: NetName=PC0 Pin=P13-1
Added Pin To Net: NetName=PC0 Pin=U2-70
Added Net: Name=PC0
Added Pin To Net: NetName=PC1 Pin=P13-2
Added Pin To Net: NetName=PC1 Pin=U2-71
Added Net: Name=PC1
Added Pin To Net: NetName=PC2 Pin=P13-3
Added Pin To Net: NetName=PC2 Pin=U2-72
Added Net: Name=PC2
Added Pin To Net: NetName=PC3 Pin=P13-4
Added Pin To Net: NetName=PC3 Pin=U2-73
Added Net: Name=PC3
Added Pin To Net: NetName=PC4 Pin=P13-5
Added Pin To Net: NetName=PC4 Pin=U2-76
Added Net: Name=PC4
Added Pin To Net: NetName=PC5 Pin=P13-6
Added Pin To Net: NetName=PC5 Pin=U2-77
Added Net: Name=PC5
Added Pin To Net: NetName=PC6 Pin=P13-7
Added Pin To Net: NetName=PC6 Pin=U2-78
Added Net: Name=PC6
Added Pin To Net: NetName=PC7 Pin=P13-8
Added Pin To Net: NetName=PC7 Pin=U2-79
Added Net: Name=PC7
Added Pin To Net: NetName=PC8 Pin=P11-1
Added Pin To Net: NetName=PC8 Pin=U2-80
Added Net: Name=PC8
Added Pin To Net: NetName=PC9 Pin=P11-2
Added Pin To Net: NetName=PC9 Pin=U2-81
Added Net: Name=PC9
Added Pin To Net: NetName=PC10 Pin=P11-3
Added Pin To Net: NetName=PC10 Pin=U2-82
Added Net: Name=PC10
Added Pin To Net: NetName=PC11 Pin=P11-4
Added Pin To Net: NetName=PC11 Pin=U2-83
Added Net: Name=PC11
Added Pin To Net: NetName=PC12 Pin=P11-5
Added Pin To Net: NetName=PC12 Pin=U2-84
Added Net: Name=PC12
Added Pin To Net: NetName=PC13 Pin=P11-6
Added Pin To Net: NetName=PC13 Pin=U2-85
Added Net: Name=PC13
Added Pin To Net: NetName=PC16 Pin=P11-7
Added Pin To Net: NetName=PC16 Pin=U2-90
Added Net: Name=PC16
Added Pin To Net: NetName=PC17 Pin=P11-8
Added Pin To Net: NetName=PC17 Pin=U2-91
Added Net: Name=PC17
Added Pin To Net: NetName=PC18 Pin=P11-9
Added Pin To Net: NetName=PC18 Pin=U2-92
Added Net: Name=PC18
Added Pin To Net: NetName=PD0 Pin=P15-1
Added Pin To Net: NetName=PD0 Pin=U2-93
Added Net: Name=PD0
Added Pin To Net: NetName=PD1 Pin=P15-2
Added Pin To Net: NetName=PD1 Pin=U2-94
Added Net: Name=PD1
Added Pin To Net: NetName=PD2 Pin=P15-3
Added Pin To Net: NetName=PD2 Pin=U2-95
Added Net: Name=PD2
Added Pin To Net: NetName=PD3 Pin=P15-4
Added Pin To Net: NetName=PD3 Pin=U2-96
Added Net: Name=PD3
Added Pin To Net: NetName=PD4 Pin=P15-5
Added Pin To Net: NetName=PD4 Pin=U2-97
Added Net: Name=PD4
Added Pin To Net: NetName=PD5 Pin=P15-6
Added Pin To Net: NetName=PD5 Pin=U2-98
Added Net: Name=PD5
Added Pin To Net: NetName=PD6 Pin=P15-7
Added Pin To Net: NetName=PD6 Pin=U2-99
Added Net: Name=PD6
Added Pin To Net: NetName=PD7 Pin=P15-8
Added Pin To Net: NetName=PD7 Pin=U2-100
Added Net: Name=PD7
Added Pin To Net: NetName=PE0 Pin=P22-7
Added Pin To Net: NetName=PE0 Pin=U2-1
Added Net: Name=PE0
Added Pin To Net: NetName=PE1 Pin=P22-6
Added Pin To Net: NetName=PE1 Pin=U2-2
Added Net: Name=PE1
Added Pin To Net: NetName=PE2 Pin=P22-5
Added Pin To Net: NetName=PE2 Pin=U2-3
Added Net: Name=PE2
Added Pin To Net: NetName=PE3 Pin=P22-4
Added Pin To Net: NetName=PE3 Pin=U2-4
Added Net: Name=PE3
Added Pin To Net: NetName=PE4 Pin=P22-3
Added Pin To Net: NetName=PE4 Pin=U2-5
Added Net: Name=PE4
Added Pin To Net: NetName=PE5 Pin=P22-2
Added Pin To Net: NetName=PE5 Pin=U2-6
Added Net: Name=PE5
Added Pin To Net: NetName=PE6 Pin=P22-1
Added Pin To Net: NetName=PE6 Pin=U2-7
Added Net: Name=PE6
Added Pin To Net: NetName=PE16 Pin=P21-8
Added Pin To Net: NetName=PE16 Pin=U2-14
Added Net: Name=PE16
Added Pin To Net: NetName=PE17 Pin=P21-7
Added Pin To Net: NetName=PE17 Pin=U2-15
Added Net: Name=PE17
Added Pin To Net: NetName=PE18 Pin=P21-6
Added Pin To Net: NetName=PE18 Pin=U2-16
Added Net: Name=PE18
Added Pin To Net: NetName=PE19 Pin=P21-5
Added Pin To Net: NetName=PE19 Pin=U2-17
Added Net: Name=PE19
Added Pin To Net: NetName=PE20 Pin=P21-4
Added Pin To Net: NetName=PE20 Pin=U2-18
Added Net: Name=PE20
Added Pin To Net: NetName=PE21 Pin=P21-3
Added Pin To Net: NetName=PE21 Pin=U2-19
Added Net: Name=PE21
Added Pin To Net: NetName=PE22 Pin=P21-2
Added Pin To Net: NetName=PE22 Pin=U2-20
Added Net: Name=PE22
Added Pin To Net: NetName=PE23 Pin=P21-1
Added Pin To Net: NetName=PE23 Pin=U2-21
Added Net: Name=PE23
Added Pin To Net: NetName=PE24 Pin=P20-6
Added Pin To Net: NetName=PE24 Pin=U2-31
Added Net: Name=PE24
Added Pin To Net: NetName=PE25 Pin=P20-5
Added Pin To Net: NetName=PE25 Pin=U2-32
Added Net: Name=PE25
Added Pin To Net: NetName=PE26 Pin=P20-4
Added Pin To Net: NetName=PE26 Pin=U2-33
Added Net: Name=PE26
Added Pin To Net: NetName=PE29 Pin=P20-3
Added Pin To Net: NetName=PE29 Pin=U2-26
Added Net: Name=PE29
Added Pin To Net: NetName=PE30 Pin=P20-2
Added Pin To Net: NetName=PE30 Pin=U2-27
Added Net: Name=PE30
Added Pin To Net: NetName=PE31 Pin=P20-1
Added Pin To Net: NetName=PE31 Pin=U2-28
Added Net: Name=PE31
Added Pin To Net: NetName=RESET Pin=C27-2
Added Pin To Net: NetName=RESET Pin=P10-1
Added Pin To Net: NetName=RESET Pin=R12-1
Added Pin To Net: NetName=RESET Pin=S2-1
Added Pin To Net: NetName=RESET Pin=S2-1
Added Pin To Net: NetName=RESET Pin=U2-52
Added Net: Name=RESET
Added Pin To Net: NetName=SWCLK Pin=P10-5
Added Pin To Net: NetName=SWCLK Pin=U2-34
Added Net: Name=SWCLK
Added Pin To Net: NetName=SWDIO Pin=P10-4
Added Pin To Net: NetName=SWDIO Pin=U2-37
Added Net: Name=SWDIO
Added Pin To Net: NetName=VDD Pin=C17-2
Added Pin To Net: NetName=VDD Pin=C18-2
Added Pin To Net: NetName=VDD Pin=C19-2
Added Pin To Net: NetName=VDD Pin=C20-2
Added Pin To Net: NetName=VDD Pin=C21-2
Added Pin To Net: NetName=VDD Pin=C22-2
Added Pin To Net: NetName=VDD Pin=C23-2
Added Pin To Net: NetName=VDD Pin=C24-2
Added Pin To Net: NetName=VDD Pin=C25-2
Added Pin To Net: NetName=VDD Pin=C26-2
Added Pin To Net: NetName=VDD Pin=P10-3
Added Pin To Net: NetName=VDD Pin=P17-2
Added Pin To Net: NetName=VDD Pin=P19-2
Added Pin To Net: NetName=VDD Pin=R11-1
Added Pin To Net: NetName=VDD Pin=R12-2
Added Pin To Net: NetName=VDD Pin=U2-8
Added Pin To Net: NetName=VDD Pin=U2-22
Added Pin To Net: NetName=VDD Pin=U2-23
Added Pin To Net: NetName=VDD Pin=U2-30
Added Pin To Net: NetName=VDD Pin=U2-48
Added Pin To Net: NetName=VDD Pin=U2-75
Added Net: Name=VDD
Added Class: Name=KL26Z_BOARD
Added Room: Name=KL26Z_BOARD
