Added Component: Designator=C1(0805_1)
Added Component: Designator=C2(0805_1)
Added Component: Designator=C3(0805_1)
Added Component: Designator=C4(0805_1)
Added Component: Designator=C5(0805_1)
Added Component: Designator=C6(0805_1)
Added Component: Designator=C7(0805_1)
Added Component: Designator=C8(0805_1)
Added Component: Designator=P1(Pin_header2_2.54)
Added Component: Designator=P2(Pin_header8_2.54)
Added Component: Designator=R1(1206)
Added Component: Designator=R2(1206)
Added Component: Designator=R3(1206)
Added Component: Designator=R4(1206)
Added Component: Designator=R5(1206)
Added Component: Designator=R6(1206)
Added Component: Designator=R7(1206)
Added Component: Designator=R8(1206)
Added Component: Designator=R9(1206)
Added Component: Designator=R10(1206)
Added Component: Designator=R11(1206)
Added Component: Designator=R12(1206)
Added Component: Designator=R13(1206)
Added Component: Designator=R14(1206)
Added Component: Designator=R15(1206)
Added Component: Designator=R16(1206)
Added Component: Designator=S1(TAKT-KEY)
Added Component: Designator=S2(TAKT-KEY)
Added Component: Designator=S3(TAKT-KEY)
Added Component: Designator=S4(TAKT-KEY)
Added Component: Designator=S5(TAKT-KEY)
Added Component: Designator=S6(TAKT-KEY)
Added Component: Designator=S7(TAKT-KEY)
Added Component: Designator=S8(TAKT-KEY)
Added Component: Designator=U1(D014_L)
Added Component: Designator=U2(D014_N)
Added Pin To Net: NetName=BUTTON1 Pin=P2-8
Added Pin To Net: NetName=BUTTON1 Pin=U1-2
Added Net: Name=BUTTON1
Added Pin To Net: NetName=BUTTON2 Pin=P2-7
Added Pin To Net: NetName=BUTTON2 Pin=U1-4
Added Net: Name=BUTTON2
Added Pin To Net: NetName=BUTTON3 Pin=P2-6
Added Pin To Net: NetName=BUTTON3 Pin=U1-6
Added Net: Name=BUTTON3
Added Pin To Net: NetName=BUTTON4 Pin=P2-5
Added Pin To Net: NetName=BUTTON4 Pin=U1-8
Added Net: Name=BUTTON4
Added Pin To Net: NetName=BUTTON5 Pin=P2-4
Added Pin To Net: NetName=BUTTON5 Pin=U1-10
Added Net: Name=BUTTON5
Added Pin To Net: NetName=BUTTON6 Pin=P2-3
Added Pin To Net: NetName=BUTTON6 Pin=U1-12
Added Net: Name=BUTTON6
Added Pin To Net: NetName=BUTTON7 Pin=P2-2
Added Pin To Net: NetName=BUTTON7 Pin=U2-4
Added Net: Name=BUTTON7
Added Pin To Net: NetName=BUTTON8 Pin=P2-1
Added Pin To Net: NetName=BUTTON8 Pin=U2-2
Added Net: Name=BUTTON8
Added Pin To Net: NetName=GND Pin=C1-1
Added Pin To Net: NetName=GND Pin=C2-1
Added Pin To Net: NetName=GND Pin=C3-1
Added Pin To Net: NetName=GND Pin=C4-1
Added Pin To Net: NetName=GND Pin=C5-1
Added Pin To Net: NetName=GND Pin=C6-1
Added Pin To Net: NetName=GND Pin=C7-1
Added Pin To Net: NetName=GND Pin=C8-1
Added Pin To Net: NetName=GND Pin=P1-1
Added Pin To Net: NetName=GND Pin=S1-1
Added Pin To Net: NetName=GND Pin=S1-1
Added Pin To Net: NetName=GND Pin=S2-1
Added Pin To Net: NetName=GND Pin=S2-1
Added Pin To Net: NetName=GND Pin=S3-1
Added Pin To Net: NetName=GND Pin=S3-1
Added Pin To Net: NetName=GND Pin=S4-1
Added Pin To Net: NetName=GND Pin=S4-1
Added Pin To Net: NetName=GND Pin=S5-1
Added Pin To Net: NetName=GND Pin=S5-1
Added Pin To Net: NetName=GND Pin=S6-1
Added Pin To Net: NetName=GND Pin=S6-1
Added Pin To Net: NetName=GND Pin=S7-1
Added Pin To Net: NetName=GND Pin=S7-1
Added Pin To Net: NetName=GND Pin=S8-1
Added Pin To Net: NetName=GND Pin=S8-1
Added Pin To Net: NetName=GND Pin=U1-7
Added Pin To Net: NetName=GND Pin=U2-7
Added Net: Name=GND
Added Pin To Net: NetName=NetC1_2 Pin=C1-2
Added Pin To Net: NetName=NetC1_2 Pin=R2-1
Added Pin To Net: NetName=NetC1_2 Pin=U1-1
Added Net: Name=NetC1_2
Added Pin To Net: NetName=NetC2_2 Pin=C2-2
Added Pin To Net: NetName=NetC2_2 Pin=R4-1
Added Pin To Net: NetName=NetC2_2 Pin=U2-1
Added Net: Name=NetC2_2
Added Pin To Net: NetName=NetC3_2 Pin=C3-2
Added Pin To Net: NetName=NetC3_2 Pin=R6-1
Added Pin To Net: NetName=NetC3_2 Pin=U1-3
Added Net: Name=NetC3_2
Added Pin To Net: NetName=NetC4_2 Pin=C4-2
Added Pin To Net: NetName=NetC4_2 Pin=R9-1
Added Pin To Net: NetName=NetC4_2 Pin=U2-3
Added Net: Name=NetC4_2
Added Pin To Net: NetName=NetC5_2 Pin=C5-2
Added Pin To Net: NetName=NetC5_2 Pin=R10-1
Added Pin To Net: NetName=NetC5_2 Pin=U1-5
Added Net: Name=NetC5_2
Added Pin To Net: NetName=NetC6_2 Pin=C6-2
Added Pin To Net: NetName=NetC6_2 Pin=R12-1
Added Pin To Net: NetName=NetC6_2 Pin=U1-9
Added Net: Name=NetC6_2
Added Pin To Net: NetName=NetC7_2 Pin=C7-2
Added Pin To Net: NetName=NetC7_2 Pin=R15-1
Added Pin To Net: NetName=NetC7_2 Pin=U1-11
Added Net: Name=NetC7_2
Added Pin To Net: NetName=NetC8_2 Pin=C8-2
Added Pin To Net: NetName=NetC8_2 Pin=R16-1
Added Pin To Net: NetName=NetC8_2 Pin=U1-13
Added Net: Name=NetC8_2
Added Pin To Net: NetName=NetR1_1 Pin=R1-1
Added Pin To Net: NetName=NetR1_1 Pin=R2-2
Added Pin To Net: NetName=NetR1_1 Pin=S1-2
Added Pin To Net: NetName=NetR1_1 Pin=S1-2
Added Net: Name=NetR1_1
Added Pin To Net: NetName=NetR3_1 Pin=R3-1
Added Pin To Net: NetName=NetR3_1 Pin=R4-2
Added Pin To Net: NetName=NetR3_1 Pin=S2-2
Added Pin To Net: NetName=NetR3_1 Pin=S2-2
Added Net: Name=NetR3_1
Added Pin To Net: NetName=NetR5_1 Pin=R5-1
Added Pin To Net: NetName=NetR5_1 Pin=R6-2
Added Pin To Net: NetName=NetR5_1 Pin=S3-2
Added Pin To Net: NetName=NetR5_1 Pin=S3-2
Added Net: Name=NetR5_1
Added Pin To Net: NetName=NetR7_1 Pin=R7-1
Added Pin To Net: NetName=NetR7_1 Pin=R9-2
Added Pin To Net: NetName=NetR7_1 Pin=S4-2
Added Pin To Net: NetName=NetR7_1 Pin=S4-2
Added Net: Name=NetR7_1
Added Pin To Net: NetName=NetR8_1 Pin=R8-1
Added Pin To Net: NetName=NetR8_1 Pin=R10-2
Added Pin To Net: NetName=NetR8_1 Pin=S5-2
Added Pin To Net: NetName=NetR8_1 Pin=S5-2
Added Net: Name=NetR8_1
Added Pin To Net: NetName=NetR11_1 Pin=R11-1
Added Pin To Net: NetName=NetR11_1 Pin=R12-2
Added Pin To Net: NetName=NetR11_1 Pin=S6-2
Added Pin To Net: NetName=NetR11_1 Pin=S6-2
Added Net: Name=NetR11_1
Added Pin To Net: NetName=NetR13_1 Pin=R13-1
Added Pin To Net: NetName=NetR13_1 Pin=R15-2
Added Pin To Net: NetName=NetR13_1 Pin=S7-2
Added Pin To Net: NetName=NetR13_1 Pin=S7-2
Added Net: Name=NetR13_1
Added Pin To Net: NetName=NetR14_1 Pin=R14-1
Added Pin To Net: NetName=NetR14_1 Pin=R16-2
Added Pin To Net: NetName=NetR14_1 Pin=S8-2
Added Pin To Net: NetName=NetR14_1 Pin=S8-2
Added Net: Name=NetR14_1
Added Pin To Net: NetName=VCC Pin=P1-2
Added Pin To Net: NetName=VCC Pin=R1-2
Added Pin To Net: NetName=VCC Pin=R3-2
Added Pin To Net: NetName=VCC Pin=R5-2
Added Pin To Net: NetName=VCC Pin=R7-2
Added Pin To Net: NetName=VCC Pin=R8-2
Added Pin To Net: NetName=VCC Pin=R11-2
Added Pin To Net: NetName=VCC Pin=R13-2
Added Pin To Net: NetName=VCC Pin=R14-2
Added Pin To Net: NetName=VCC Pin=U1-14
Added Pin To Net: NetName=VCC Pin=U2-14
Added Net: Name=VCC
Added Class: Name=debouncer
Added Room: Name=debouncer
