Added Component: Designator=DS2(7seg)
Added Component: Designator=P2(Pin_header_8P_2.54_M)
Added Component: Designator=P3(Pin_header_4P_2.54_M)
Added Component: Designator=R13(0805_R)
Added Component: Designator=R14(0805_R)
Added Component: Designator=R15(0805_R)
Added Component: Designator=R16(0805_R)
Added Component: Designator=R17(0805_R)
Added Component: Designator=R18(0805_R)
Added Component: Designator=R19(0805_R)
Added Component: Designator=R20(0805_R)
Added Pin To Net: NetName=A Pin=P2-1
Added Pin To Net: NetName=A Pin=R13-1
Added Net: Name=A
Added Pin To Net: NetName=B Pin=P2-2
Added Pin To Net: NetName=B Pin=R14-1
Added Net: Name=B
Added Pin To Net: NetName=C Pin=P2-3
Added Pin To Net: NetName=C Pin=R15-1
Added Net: Name=C
Added Pin To Net: NetName=D1 Pin=DS2-12
Added Pin To Net: NetName=D1 Pin=P3-1
Added Net: Name=D1
Added Pin To Net: NetName=D2 Pin=DS2-9
Added Pin To Net: NetName=D2 Pin=P3-2
Added Net: Name=D2
Added Pin To Net: NetName=D3 Pin=DS2-8
Added Pin To Net: NetName=D3 Pin=P3-3
Added Net: Name=D3
Added Pin To Net: NetName=D4 Pin=DS2-6
Added Pin To Net: NetName=D4 Pin=P3-4
Added Net: Name=D4
Added Pin To Net: NetName=DP Pin=P2-8
Added Pin To Net: NetName=DP Pin=R20-1
Added Net: Name=DP
Added Pin To Net: NetName=D Pin=P2-4
Added Pin To Net: NetName=D Pin=R16-1
Added Net: Name=D
Added Pin To Net: NetName=E Pin=P2-5
Added Pin To Net: NetName=E Pin=R17-1
Added Net: Name=E
Added Pin To Net: NetName=F Pin=P2-6
Added Pin To Net: NetName=F Pin=R18-1
Added Net: Name=F
Added Pin To Net: NetName=G Pin=P2-7
Added Pin To Net: NetName=G Pin=R19-1
Added Net: Name=G
Added Pin To Net: NetName=NetDS2_1 Pin=DS2-1
Added Pin To Net: NetName=NetDS2_1 Pin=R17-2
Added Net: Name=NetDS2_1
Added Pin To Net: NetName=NetDS2_2 Pin=DS2-2
Added Pin To Net: NetName=NetDS2_2 Pin=R16-2
Added Net: Name=NetDS2_2
Added Pin To Net: NetName=NetDS2_3 Pin=DS2-3
Added Pin To Net: NetName=NetDS2_3 Pin=R20-2
Added Net: Name=NetDS2_3
Added Pin To Net: NetName=NetDS2_4 Pin=DS2-4
Added Pin To Net: NetName=NetDS2_4 Pin=R15-2
Added Net: Name=NetDS2_4
Added Pin To Net: NetName=NetDS2_5 Pin=DS2-5
Added Pin To Net: NetName=NetDS2_5 Pin=R19-2
Added Net: Name=NetDS2_5
Added Pin To Net: NetName=NetDS2_7 Pin=DS2-7
Added Pin To Net: NetName=NetDS2_7 Pin=R14-2
Added Net: Name=NetDS2_7
Added Pin To Net: NetName=NetDS2_10 Pin=DS2-10
Added Pin To Net: NetName=NetDS2_10 Pin=R18-2
Added Net: Name=NetDS2_10
Added Pin To Net: NetName=NetDS2_11 Pin=DS2-11
Added Pin To Net: NetName=NetDS2_11 Pin=R13-2
Added Net: Name=NetDS2_11
Added Class: Name=seg_led_v2
Added Room: Name=seg_led_v2
