Added Component: Designator=C1(0805_C)
Added Component: Designator=C2(1206_C)
Added Component: Designator=C3(0805_C)
Added Component: Designator=C4(0805_C)
Added Component: Designator=D1(0805_R)
Added Component: Designator=J1(USB_MINI)
Added Component: Designator=P1(Pin_header_3P_2.54_M)
Added Component: Designator=R1(0805_R)
Added Component: Designator=U1(DIPS28_adapter)
Added Pin To Net: NetName=GND Pin=C1-1
Added Pin To Net: NetName=GND Pin=C2-1
Added Pin To Net: NetName=GND Pin=C3-2
Added Pin To Net: NetName=GND Pin=C4-1
Added Pin To Net: NetName=GND Pin=D1-2
Added Pin To Net: NetName=GND Pin=J1-5
Added Pin To Net: NetName=GND Pin=P1-1
Added Pin To Net: NetName=GND Pin=U1-7
Added Pin To Net: NetName=GND Pin=U1-18
Added Pin To Net: NetName=GND Pin=U1-21
Added Pin To Net: NetName=GND Pin=U1-25
Added Pin To Net: NetName=GND Pin=U1-26
Added Net: Name=GND
Added Pin To Net: NetName=NetC3_1 Pin=C3-1
Added Pin To Net: NetName=NetC3_1 Pin=U1-17
Added Net: Name=NetC3_1
Added Pin To Net: NetName=NetD1_1 Pin=D1-1
Added Pin To Net: NetName=NetD1_1 Pin=R1-2
Added Net: Name=NetD1_1
Added Pin To Net: NetName=NETLABEL38 Pin=J1-2
Added Net: Name=NETLABEL38
Added Pin To Net: NetName=RX Pin=P1-2
Added Pin To Net: NetName=RX Pin=U1-5
Added Net: Name=RX
Added Pin To Net: NetName=TX Pin=P1-3
Added Pin To Net: NetName=TX Pin=U1-1
Added Net: Name=TX
Added Pin To Net: NetName=VCC Pin=C1-2
Added Pin To Net: NetName=VCC Pin=C2-2
Added Pin To Net: NetName=VCC Pin=J1-1
Added Pin To Net: NetName=VCC Pin=R1-1
Added Pin To Net: NetName=VCC Pin=U1-4
Added Pin To Net: NetName=VCC Pin=U1-20
Added Net: Name=VCC
Added Class: Name=ft232_usb
Added Room: Name=ft232_usb
