Added Component: Designator=C1(1206)
Added Component: Designator=DS1(4digit_seg_led 0.36")
Added Component: Designator=P1(Pin_header2_2.54)
Added Component: Designator=P2(Pin_header4_2.54)
Added Component: Designator=P3(Pin_header4_2.54)
Added Component: Designator=Q1(SOT23)
Added Component: Designator=Q2(SOT23)
Added Component: Designator=Q3(SOT23)
Added Component: Designator=Q4(SOT23)
Added Component: Designator=R1(0805_1)
Added Component: Designator=R2(0805_1)
Added Component: Designator=R3(0805_1)
Added Component: Designator=R4(0805_1)
Added Component: Designator=R5(0805_1)
Added Component: Designator=R6(0805_1)
Added Component: Designator=R7(0805_1)
Added Component: Designator=R8(0805_1)
Added Component: Designator=R9(0805_1)
Added Component: Designator=R10(0805_1)
Added Component: Designator=R11(0805_1)
Added Component: Designator=R12(0805_1)
Added Component: Designator=U1(D016)
Added Pin To Net: NetName=A Pin=DS1-A
Added Pin To Net: NetName=A Pin=R4-2
Added Net: Name=A
Added Pin To Net: NetName=B Pin=DS1-B
Added Pin To Net: NetName=B Pin=R5-2
Added Net: Name=B
Added Pin To Net: NetName=CS Pin=C1-1
Added Pin To Net: NetName=CS Pin=P2-1
Added Pin To Net: NetName=CS Pin=U1-12
Added Net: Name=CS
Added Pin To Net: NetName=C Pin=DS1-C
Added Pin To Net: NetName=C Pin=R6-2
Added Net: Name=C
Added Pin To Net: NetName=D1 Pin=DS1-4
Added Pin To Net: NetName=D1 Pin=Q1-3
Added Net: Name=D1
Added Pin To Net: NetName=D2 Pin=DS1-3
Added Pin To Net: NetName=D2 Pin=Q2-3
Added Net: Name=D2
Added Pin To Net: NetName=D3 Pin=DS1-2
Added Pin To Net: NetName=D3 Pin=Q3-3
Added Net: Name=D3
Added Pin To Net: NetName=D4 Pin=DS1-1
Added Pin To Net: NetName=D4 Pin=Q4-3
Added Net: Name=D4
Added Pin To Net: NetName=DIGIT1 Pin=P3-1
Added Pin To Net: NetName=DIGIT1 Pin=R1-1
Added Net: Name=DIGIT1
Added Pin To Net: NetName=DIGIT2 Pin=P3-2
Added Pin To Net: NetName=DIGIT2 Pin=R2-1
Added Net: Name=DIGIT2
Added Pin To Net: NetName=DIGIT3 Pin=P3-3
Added Pin To Net: NetName=DIGIT3 Pin=R3-1
Added Net: Name=DIGIT3
Added Pin To Net: NetName=DIGIT4 Pin=P3-4
Added Pin To Net: NetName=DIGIT4 Pin=R10-1
Added Net: Name=DIGIT4
Added Pin To Net: NetName=DO Pin=P2-4
Added Pin To Net: NetName=DO Pin=U1-9
Added Net: Name=DO
Added Pin To Net: NetName=DP Pin=DS1-Dp
Added Pin To Net: NetName=DP Pin=R12-2
Added Net: Name=DP
Added Pin To Net: NetName=D Pin=DS1-D
Added Pin To Net: NetName=D Pin=R7-2
Added Net: Name=D
Added Pin To Net: NetName=E Pin=DS1-E
Added Pin To Net: NetName=E Pin=R8-2
Added Net: Name=E
Added Pin To Net: NetName=F Pin=DS1-F
Added Pin To Net: NetName=F Pin=R9-2
Added Net: Name=F
Added Pin To Net: NetName=GND Pin=C1-2
Added Pin To Net: NetName=GND Pin=P1-2
Added Pin To Net: NetName=GND Pin=Q1-2
Added Pin To Net: NetName=GND Pin=Q2-2
Added Pin To Net: NetName=GND Pin=Q3-2
Added Pin To Net: NetName=GND Pin=Q4-2
Added Pin To Net: NetName=GND Pin=U1-8
Added Pin To Net: NetName=GND Pin=U1-13
Added Net: Name=GND
Added Pin To Net: NetName=G Pin=DS1-G
Added Pin To Net: NetName=G Pin=R11-2
Added Net: Name=G
Added Pin To Net: NetName=MOSI Pin=P2-3
Added Pin To Net: NetName=MOSI Pin=U1-14
Added Net: Name=MOSI
Added Pin To Net: NetName=NetQ1_1 Pin=Q1-1
Added Pin To Net: NetName=NetQ1_1 Pin=R1-2
Added Net: Name=NetQ1_1
Added Pin To Net: NetName=NetQ2_1 Pin=Q2-1
Added Pin To Net: NetName=NetQ2_1 Pin=R2-2
Added Net: Name=NetQ2_1
Added Pin To Net: NetName=NetQ3_1 Pin=Q3-1
Added Pin To Net: NetName=NetQ3_1 Pin=R3-2
Added Net: Name=NetQ3_1
Added Pin To Net: NetName=NetQ4_1 Pin=Q4-1
Added Pin To Net: NetName=NetQ4_1 Pin=R10-2
Added Net: Name=NetQ4_1
Added Pin To Net: NetName=NetR4_1 Pin=R4-1
Added Pin To Net: NetName=NetR4_1 Pin=U1-15
Added Net: Name=NetR4_1
Added Pin To Net: NetName=NetR5_1 Pin=R5-1
Added Pin To Net: NetName=NetR5_1 Pin=U1-1
Added Net: Name=NetR5_1
Added Pin To Net: NetName=NetR6_1 Pin=R6-1
Added Pin To Net: NetName=NetR6_1 Pin=U1-2
Added Net: Name=NetR6_1
Added Pin To Net: NetName=NetR7_1 Pin=R7-1
Added Pin To Net: NetName=NetR7_1 Pin=U1-3
Added Net: Name=NetR7_1
Added Pin To Net: NetName=NetR8_1 Pin=R8-1
Added Pin To Net: NetName=NetR8_1 Pin=U1-4
Added Net: Name=NetR8_1
Added Pin To Net: NetName=NetR9_1 Pin=R9-1
Added Pin To Net: NetName=NetR9_1 Pin=U1-5
Added Net: Name=NetR9_1
Added Pin To Net: NetName=NetR11_1 Pin=R11-1
Added Pin To Net: NetName=NetR11_1 Pin=U1-6
Added Net: Name=NetR11_1
Added Pin To Net: NetName=NetR12_1 Pin=R12-1
Added Pin To Net: NetName=NetR12_1 Pin=U1-7
Added Net: Name=NetR12_1
Added Pin To Net: NetName=SCK Pin=P2-2
Added Pin To Net: NetName=SCK Pin=U1-11
Added Net: Name=SCK
Added Pin To Net: NetName=VCC Pin=P1-1
Added Pin To Net: NetName=VCC Pin=U1-10
Added Pin To Net: NetName=VCC Pin=U1-16
Added Net: Name=VCC
Added Class: Name=Led_with_595
Added Room: Name=Led_with_595
