Added Component: Designator=D1(C0805)
Added Component: Designator=D2(C0805)
Added Component: Designator=D3(C0805)
Added Component: Designator=D4(C0805)
Added Component: Designator=D5(C0805)
Added Component: Designator=D6(C0805)
Added Component: Designator=D7(C0805)
Added Component: Designator=D8(C0805)
Added Component: Designator=D9(C0805)
Added Component: Designator=D10(C0805)
Added Component: Designator=D11(C0805)
Added Component: Designator=D12(C0805)
Added Component: Designator=D13(C0805)
Added Component: Designator=D14(C0805)
Added Component: Designator=D15(C0805)
Added Component: Designator=D16(C0805)
Added Component: Designator=P1(Pin_header5_2.54)
Added Component: Designator=R1(C1206)
Added Component: Designator=R2(C1206)
Added Component: Designator=R3(C1206)
Added Component: Designator=R4(C1206)
Added Component: Designator=R5(C1206)
Added Component: Designator=R6(C1206)
Added Component: Designator=R7(C1206)
Added Component: Designator=R8(C1206)
Added Component: Designator=R9(C1206)
Added Component: Designator=R10(C1206)
Added Component: Designator=R11(C1206)
Added Component: Designator=R12(C1206)
Added Component: Designator=R13(C1206)
Added Component: Designator=R14(C1206)
Added Component: Designator=R15(C1206)
Added Component: Designator=R16(C1206)
Added Component: Designator=U1(SO-16_N)
Added Component: Designator=U2(SO-16_N)
Added Pin To Net: NetName=NetD1_1 Pin=D1-1
Added Pin To Net: NetName=GND Pin=D1-2
Added Pin To Net: NetName=NetD2_1 Pin=D2-1
Added Pin To Net: NetName=GND Pin=D2-2
Added Pin To Net: NetName=NetD3_1 Pin=D3-1
Added Pin To Net: NetName=GND Pin=D3-2
Added Pin To Net: NetName=NetD4_1 Pin=D4-1
Added Pin To Net: NetName=GND Pin=D4-2
Added Pin To Net: NetName=NetD5_1 Pin=D5-1
Added Pin To Net: NetName=GND Pin=D5-2
Added Pin To Net: NetName=NetD6_1 Pin=D6-1
Added Pin To Net: NetName=GND Pin=D6-2
Added Pin To Net: NetName=NetD7_1 Pin=D7-1
Added Pin To Net: NetName=GND Pin=D7-2
Added Pin To Net: NetName=NetD8_1 Pin=D8-1
Added Pin To Net: NetName=GND Pin=D8-2
Added Pin To Net: NetName=NetD9_1 Pin=D9-1
Added Pin To Net: NetName=GND Pin=D9-2
Added Pin To Net: NetName=NetD10_1 Pin=D10-1
Added Pin To Net: NetName=GND Pin=D10-2
Added Pin To Net: NetName=NetD11_1 Pin=D11-1
Added Pin To Net: NetName=GND Pin=D11-2
Added Pin To Net: NetName=NetD12_1 Pin=D12-1
Added Pin To Net: NetName=GND Pin=D12-2
Added Pin To Net: NetName=NetD13_1 Pin=D13-1
Added Pin To Net: NetName=GND Pin=D13-2
Added Pin To Net: NetName=NetD14_1 Pin=D14-1
Added Pin To Net: NetName=GND Pin=D14-2
Added Pin To Net: NetName=NetD15_1 Pin=D15-1
Added Pin To Net: NetName=GND Pin=D15-2
Added Pin To Net: NetName=NetD16_1 Pin=D16-1
Added Pin To Net: NetName=GND Pin=D16-2
Added Pin To Net: NetName=GND Pin=P1-1
Added Pin To Net: NetName=VCC Pin=P1-2
Added Pin To Net: NetName=SCK Pin=P1-3
Added Pin To Net: NetName=CS Pin=P1-4
Added Pin To Net: NetName=MOSI Pin=P1-5
Added Pin To Net: NetName=NetR1_1 Pin=R1-1
Added Pin To Net: NetName=NetD1_1 Pin=R1-2
Added Pin To Net: NetName=NetR2_1 Pin=R2-1
Added Pin To Net: NetName=NetD2_1 Pin=R2-2
Added Pin To Net: NetName=NetR3_1 Pin=R3-1
Added Pin To Net: NetName=NetD3_1 Pin=R3-2
Added Pin To Net: NetName=NetR4_1 Pin=R4-1
Added Pin To Net: NetName=NetD4_1 Pin=R4-2
Added Pin To Net: NetName=NetR5_1 Pin=R5-1
Added Pin To Net: NetName=NetD5_1 Pin=R5-2
Added Pin To Net: NetName=NetR6_1 Pin=R6-1
Added Pin To Net: NetName=NetD6_1 Pin=R6-2
Added Pin To Net: NetName=NetR7_1 Pin=R7-1
Added Pin To Net: NetName=NetD7_1 Pin=R7-2
Added Pin To Net: NetName=NetR8_1 Pin=R8-1
Added Pin To Net: NetName=NetD8_1 Pin=R8-2
Added Pin To Net: NetName=NetR9_1 Pin=R9-1
Added Pin To Net: NetName=NetD11_1 Pin=R9-2
Added Pin To Net: NetName=NetR10_1 Pin=R10-1
Added Pin To Net: NetName=NetD9_1 Pin=R10-2
Added Pin To Net: NetName=NetR11_1 Pin=R11-1
Added Pin To Net: NetName=NetD10_1 Pin=R11-2
Added Pin To Net: NetName=NetR12_1 Pin=R12-1
Added Pin To Net: NetName=NetD12_1 Pin=R12-2
Added Pin To Net: NetName=NetR13_1 Pin=R13-1
Added Pin To Net: NetName=NetD13_1 Pin=R13-2
Added Pin To Net: NetName=NetR14_1 Pin=R14-1
Added Pin To Net: NetName=NetD14_1 Pin=R14-2
Added Pin To Net: NetName=NetR15_1 Pin=R15-1
Added Pin To Net: NetName=NetD15_1 Pin=R15-2
Added Pin To Net: NetName=NetR16_1 Pin=R16-1
Added Pin To Net: NetName=NetD16_1 Pin=R16-2
Added Pin To Net: NetName=NetR2_1 Pin=U1-1
Added Pin To Net: NetName=NetR3_1 Pin=U1-2
Added Pin To Net: NetName=NetR4_1 Pin=U1-3
Added Pin To Net: NetName=NetR5_1 Pin=U1-4
Added Pin To Net: NetName=NetR6_1 Pin=U1-5
Added Pin To Net: NetName=NetR7_1 Pin=U1-6
Added Pin To Net: NetName=NetR8_1 Pin=U1-7
Added Pin To Net: NetName=GND Pin=U1-8
Added Pin To Net: NetName=NetU1_9 Pin=U1-9
Added Pin To Net: NetName=VCC Pin=U1-10
Added Pin To Net: NetName=SCK Pin=U1-11
Added Pin To Net: NetName=CS Pin=U1-12
Added Pin To Net: NetName=GND Pin=U1-13
Added Pin To Net: NetName=MOSI Pin=U1-14
Added Pin To Net: NetName=NetR1_1 Pin=U1-15
Added Pin To Net: NetName=VCC Pin=U1-16
Added Pin To Net: NetName=NetR10_1 Pin=U2-1
Added Pin To Net: NetName=NetR11_1 Pin=U2-2
Added Pin To Net: NetName=NetR12_1 Pin=U2-3
Added Pin To Net: NetName=NetR13_1 Pin=U2-4
Added Pin To Net: NetName=NetR14_1 Pin=U2-5
Added Pin To Net: NetName=NetR15_1 Pin=U2-6
Added Pin To Net: NetName=NetR16_1 Pin=U2-7
Added Pin To Net: NetName=GND Pin=U2-8
Added Pin To Net: NetName=VCC Pin=U2-10
Added Pin To Net: NetName=SCK Pin=U2-11
Added Pin To Net: NetName=CS Pin=U2-12
Added Pin To Net: NetName=GND Pin=U2-13
Added Pin To Net: NetName=NetU1_9 Pin=U2-14
Added Pin To Net: NetName=NetR9_1 Pin=U2-15
Added Pin To Net: NetName=VCC Pin=U2-16
Added Member To Class: ClassName=Sheet2 Member=Component D1 LED2
Added Member To Class: ClassName=Sheet2 Member=Component D2 LED2
Added Member To Class: ClassName=Sheet2 Member=Component D3 LED2
Added Member To Class: ClassName=Sheet2 Member=Component D4 LED2
Added Member To Class: ClassName=Sheet2 Member=Component D5 LED2
Added Member To Class: ClassName=Sheet2 Member=Component D6 LED2
Added Member To Class: ClassName=Sheet2 Member=Component D7 LED2
Added Member To Class: ClassName=Sheet2 Member=Component D8 LED2
Added Member To Class: ClassName=Sheet2 Member=Component D9 LED2
Added Member To Class: ClassName=Sheet2 Member=Component D10 LED2
Added Member To Class: ClassName=Sheet2 Member=Component D11 LED2
Added Member To Class: ClassName=Sheet2 Member=Component D12 LED2
Added Member To Class: ClassName=Sheet2 Member=Component D13 LED2
Added Member To Class: ClassName=Sheet2 Member=Component D14 LED2
Added Member To Class: ClassName=Sheet2 Member=Component D15 LED2
Added Member To Class: ClassName=Sheet2 Member=Component D16 LED2
Added Member To Class: ClassName=Sheet2 Member=Component P1 Pin header 5
Added Member To Class: ClassName=Sheet2 Member=Component R1 Res 220
Added Member To Class: ClassName=Sheet2 Member=Component R2 Res 220
Added Member To Class: ClassName=Sheet2 Member=Component R3 Res 220
Added Member To Class: ClassName=Sheet2 Member=Component R4 Res 220
Added Member To Class: ClassName=Sheet2 Member=Component R5 Res 220
Added Member To Class: ClassName=Sheet2 Member=Component R6 Res 220
Added Member To Class: ClassName=Sheet2 Member=Component R7 Res 220
Added Member To Class: ClassName=Sheet2 Member=Component R8 Res 220
Added Member To Class: ClassName=Sheet2 Member=Component R9 Res 220
Added Member To Class: ClassName=Sheet2 Member=Component R10 Res 220
Added Member To Class: ClassName=Sheet2 Member=Component R11 Res 220
Added Member To Class: ClassName=Sheet2 Member=Component R12 Res 220
Added Member To Class: ClassName=Sheet2 Member=Component R13 Res 220
Added Member To Class: ClassName=Sheet2 Member=Component R14 Res 220
Added Member To Class: ClassName=Sheet2 Member=Component R15 Res 220
Added Member To Class: ClassName=Sheet2 Member=Component R16 Res 220
Added Member To Class: ClassName=Sheet2 Member=Component U1 SN54LS595W
Added Member To Class: ClassName=Sheet2 Member=Component U2 SN54LS595W
Added Room: Name=Sheet2
