Added Component: Designator=P1(Pin_header2)
Added Component: Designator=P2(Pin_header2)
Added Component: Designator=P3(Pin_header3_2.54)
Added Component: Designator=P4(Pin_header2)
Added Component: Designator=Q1(TO-220-AB)
Added Component: Designator=Q2(TO-220-AB)
Added Component: Designator=R1(1206)
Added Component: Designator=R2(1206)
Added Pin To Net: NetName=+12 Pin=P1-1
Added Pin To Net: NetName=+12 Pin=P2-2
Added Pin To Net: NetName=+12 Pin=P4-2
Added Net: Name=+12
Added Pin To Net: NetName=GND Pin=P1-2
Added Pin To Net: NetName=GND Pin=P3-3
Added Pin To Net: NetName=GND Pin=Q1-3
Added Pin To Net: NetName=GND Pin=Q2-3
Added Net: Name=GND
Added Pin To Net: NetName=NetP2_1 Pin=P2-1
Added Pin To Net: NetName=NetP2_1 Pin=Q1-2
Added Net: Name=NetP2_1
Added Pin To Net: NetName=NetP3_1 Pin=P3-1
Added Pin To Net: NetName=NetP3_1 Pin=R1-1
Added Net: Name=NetP3_1
Added Pin To Net: NetName=NetP3_2 Pin=P3-2
Added Pin To Net: NetName=NetP3_2 Pin=R2-1
Added Net: Name=NetP3_2
Added Pin To Net: NetName=NetP4_1 Pin=P4-1
Added Pin To Net: NetName=NetP4_1 Pin=Q2-2
Added Net: Name=NetP4_1
Added Pin To Net: NetName=NetQ1_1 Pin=Q1-1
Added Pin To Net: NetName=NetQ1_1 Pin=R1-2
Added Net: Name=NetQ1_1
Added Pin To Net: NetName=NetQ2_1 Pin=Q2-1
Added Pin To Net: NetName=NetQ2_1 Pin=R2-2
Added Net: Name=NetQ2_1
Added Class: Name=mosfet
Added Room: Name=mosfet
