Added Component: Designator=fx-9501(Pin_header3_2.54)
Added Component: Designator=heatgun fan(Pin_header2)
Added Component: Designator=heatgun heater(Pin_header2)
Added Component: Designator=P1(Pin_header2)
Added Component: Designator=P2(Pin_header2)
Added Component: Designator=P?(Pin_header6_2.54)
Added Component: Designator=Q2(TO-220-AB)
Added Component: Designator=Q3(SOT23)
Added Component: Designator=Q?(D2PAK_large)
Added Component: Designator=R1(1206)
Added Component: Designator=R2(1206)
Added Component: Designator=R2(1206)
Added Component: Designator=R3(1206)
Added Pin To Net: NetName=24V Pin=P1-1
Added Pin To Net: NetName=24V Pin=Q?-3
Added Net: Name=24V
Added Pin To Net: NetName=28V Pin=heatgun fan-2
Added Pin To Net: NetName=28V Pin=P2-1
Added Net: Name=28V
Added Pin To Net: NetName=ADC Pin=P?-2
Added Pin To Net: NetName=ADC Pin=Q3-2
Added Net: Name=ADC
Added Pin To Net: NetName=GND Pin=fx-9501-3
Added Pin To Net: NetName=GND Pin=P1-2
Added Pin To Net: NetName=GND Pin=P2-2
Added Pin To Net: NetName=GND Pin=P?-1
Added Pin To Net: NetName=GND Pin=Q2-3
Added Pin To Net: NetName=GND Pin=R3-1
Added Net: Name=GND
Added Pin To Net: NetName=HEATGUN Pin=P?-6
Added Net: Name=HEATGUN
Added Pin To Net: NetName=LOAD Pin=heatgun heater-2
Added Net: Name=LOAD
Added Pin To Net: NetName=Netfx-9501_1 Pin=fx-9501-1
Added Pin To Net: NetName=Netfx-9501_1 Pin=R3-2
Added Net: Name=Netfx-9501_1
Added Pin To Net: NetName=Netheatgun fan_1 Pin=heatgun fan-1
Added Pin To Net: NetName=Netheatgun fan_1 Pin=Q2-2
Added Net: Name=Netheatgun fan_1
Added Pin To Net: NetName=NetP?_3 Pin=P?-3
Added Pin To Net: NetName=NetP?_3 Pin=R2-1
Added Net: Name=NetP?_3
Added Pin To Net: NetName=NetP?_4 Pin=P?-4
Added Pin To Net: NetName=NetP?_4 Pin=R1-1
Added Net: Name=NetP?_4
Added Pin To Net: NetName=NetP?_5 Pin=P?-5
Added Pin To Net: NetName=NetP?_5 Pin=R2-1
Added Net: Name=NetP?_5
Added Pin To Net: NetName=NetQ2_1 Pin=Q2-1
Added Pin To Net: NetName=NetQ2_1 Pin=R2-2
Added Net: Name=NetQ2_1
Added Pin To Net: NetName=NetQ3_1 Pin=Q3-1
Added Pin To Net: NetName=NetQ3_1 Pin=R2-2
Added Net: Name=NetQ3_1
Added Pin To Net: NetName=NetQ?_1 Pin=Q?-1
Added Pin To Net: NetName=NetQ?_1 Pin=R1-2
Added Net: Name=NetQ?_1
Added Pin To Net: NetName=NEUTRAL Pin=heatgun heater-1
Added Net: Name=NEUTRAL
Added Pin To Net: NetName=THERMOCOUPLE Pin=fx-9501-2
Added Pin To Net: NetName=THERMOCOUPLE Pin=Q3-3
Added Pin To Net: NetName=THERMOCOUPLE Pin=Q?-2
Added Net: Name=THERMOCOUPLE
Added Class: Name=mosfet
Added Room: Name=mosfet
