Added Component: Designator=1(Pin_header2)
Added Component: Designator=BUTTON1(Pin_header2_2.54)
Added Component: Designator=BUTTON2(Pin_header2_2.54)
Added Component: Designator=C1(0805_1)
Added Component: Designator=C2(0805_1)
Added Component: Designator=C3(0805_1)
Added Component: Designator=C4(0805_1)
Added Component: Designator=C5(0805_1)
Added Component: Designator=C6(0805_1)
Added Component: Designator=C7(0805_1)
Added Component: Designator=C8(1206)
Added Component: Designator=C9(0805_1)
Added Component: Designator=C10(0805_1)
Added Component: Designator=C11(0805_1)
Added Component: Designator=C12(0805_1)
Added Component: Designator=C14(RAD-0.4)
Added Component: Designator=C15(RB5-12)
Added Component: Designator=D2(DB-107)
Added Component: Designator=D3(DO-214)
Added Component: Designator=ENCODER1(Pin_header4_2.54)
Added Component: Designator=P1(Pin_header3_2.54)
Added Component: Designator=P2(Pin_header2)
Added Component: Designator=P3(Pin_header8_2.54)
Added Component: Designator=P4(Pin_header4_2.54)
Added Component: Designator=Q2(SOT23)
Added Component: Designator=Q3(SOT23)
Added Component: Designator=Q4(SOT23)
Added Component: Designator=Q5(TO-220-AB)
Added Component: Designator=R1(0805_1)
Added Component: Designator=R2(0805_1)
Added Component: Designator=R3(0805_1)
Added Component: Designator=R4(2512)
Added Component: Designator=R5(0805_1)
Added Component: Designator=R7(0805_1)
Added Component: Designator=R8(0805_1)
Added Component: Designator=R9(0805_1)
Added Component: Designator=R10(0805_1)
Added Component: Designator=R11(0805_1)
Added Component: Designator=R12(0805_1)
Added Component: Designator=R13(0805_1)
Added Component: Designator=R14(0805_1)
Added Component: Designator=R15(2512)
Added Component: Designator=R16(2512)
Added Component: Designator=S1(TAKT-KEY)
Added Component: Designator=U1(SO-16_M)
Added Component: Designator=U2(TSSOP20)
Added Component: Designator=U3(DIP-6)
Added Component: Designator=VR1(TO-220-AB)
Added Component: Designator=X1(CRISTAL 5MM)
Added Pin To Net: NetName=+5 Pin=C11-1
Added Pin To Net: NetName=+5 Pin=C15-1
Added Pin To Net: NetName=+5 Pin=D2-4
Added Pin To Net: NetName=+5 Pin=VR1-1
Added Net: Name=+5
Added Pin To Net: NetName=A Pin=P3-1
Added Pin To Net: NetName=A Pin=U1-15
Added Net: Name=A
Added Pin To Net: NetName=B Pin=P3-2
Added Pin To Net: NetName=B Pin=U1-1
Added Net: Name=B
Added Pin To Net: NetName=BUTTON Pin=BUTTON2-1
Added Pin To Net: NetName=BUTTON Pin=C1-2
Added Pin To Net: NetName=BUTTON Pin=R1-2
Added Pin To Net: NetName=BUTTON Pin=U2-2
Added Net: Name=BUTTON
Added Pin To Net: NetName=CS Pin=R2-1
Added Pin To Net: NetName=CS Pin=U1-12
Added Pin To Net: NetName=CS Pin=U2-10
Added Net: Name=CS
Added Pin To Net: NetName=C Pin=P3-3
Added Pin To Net: NetName=C Pin=U1-2
Added Net: Name=C
Added Pin To Net: NetName=D1 Pin=R7-1
Added Pin To Net: NetName=D1 Pin=U2-13
Added Net: Name=D1
Added Pin To Net: NetName=D2 Pin=R10-1
Added Pin To Net: NetName=D2 Pin=U2-14
Added Net: Name=D2
Added Pin To Net: NetName=D3 Pin=R13-1
Added Pin To Net: NetName=D3 Pin=U2-17
Added Net: Name=D3
Added Pin To Net: NetName=DIG1 Pin=P1-1
Added Pin To Net: NetName=DIG1 Pin=Q2-3
Added Net: Name=DIG1
Added Pin To Net: NetName=DIG2 Pin=P1-2
Added Pin To Net: NetName=DIG2 Pin=Q3-3
Added Net: Name=DIG2
Added Pin To Net: NetName=DIG3 Pin=P1-3
Added Pin To Net: NetName=DIG3 Pin=Q4-3
Added Net: Name=DIG3
Added Pin To Net: NetName=DP Pin=P3-8
Added Pin To Net: NetName=DP Pin=U1-7
Added Net: Name=DP
Added Pin To Net: NetName=D Pin=P3-4
Added Pin To Net: NetName=D Pin=U1-3
Added Net: Name=D
Added Pin To Net: NetName=ENC+ Pin=C3-2
Added Pin To Net: NetName=ENC+ Pin=ENCODER1-3
Added Pin To Net: NetName=ENC+ Pin=R11-1
Added Pin To Net: NetName=ENC+ Pin=U2-20
Added Net: Name=ENC+
Added Pin To Net: NetName=ENC- Pin=C4-2
Added Pin To Net: NetName=ENC- Pin=ENCODER1-4
Added Pin To Net: NetName=ENC- Pin=R9-1
Added Pin To Net: NetName=ENC- Pin=U2-19
Added Net: Name=ENC-
Added Pin To Net: NetName=ENC_BUTTON Pin=C2-1
Added Pin To Net: NetName=ENC_BUTTON Pin=ENCODER1-2
Added Pin To Net: NetName=ENC_BUTTON Pin=R12-1
Added Pin To Net: NetName=ENC_BUTTON Pin=U2-1
Added Net: Name=ENC_BUTTON
Added Pin To Net: NetName=E Pin=P3-5
Added Pin To Net: NetName=E Pin=U1-4
Added Net: Name=E
Added Pin To Net: NetName=F Pin=P3-6
Added Pin To Net: NetName=F Pin=U1-5
Added Net: Name=F
Added Pin To Net: NetName=GND Pin=BUTTON1-2
Added Pin To Net: NetName=GND Pin=BUTTON2-2
Added Pin To Net: NetName=GND Pin=C1-1
Added Pin To Net: NetName=GND Pin=C2-2
Added Pin To Net: NetName=GND Pin=C3-1
Added Pin To Net: NetName=GND Pin=C4-1
Added Pin To Net: NetName=GND Pin=C5-2
Added Pin To Net: NetName=GND Pin=C6-1
Added Pin To Net: NetName=GND Pin=C7-1
Added Pin To Net: NetName=GND Pin=C8-2
Added Pin To Net: NetName=GND Pin=C9-2
Added Pin To Net: NetName=GND Pin=C10-2
Added Pin To Net: NetName=GND Pin=C11-2
Added Pin To Net: NetName=GND Pin=C12-2
Added Pin To Net: NetName=GND Pin=C15-2
Added Pin To Net: NetName=GND Pin=D2-1
Added Pin To Net: NetName=GND Pin=ENCODER1-1
Added Pin To Net: NetName=GND Pin=P4-3
Added Pin To Net: NetName=GND Pin=Q2-2
Added Pin To Net: NetName=GND Pin=Q3-2
Added Pin To Net: NetName=GND Pin=Q4-2
Added Pin To Net: NetName=GND Pin=R3-2
Added Pin To Net: NetName=GND Pin=R5-2
Added Pin To Net: NetName=GND Pin=R14-1
Added Pin To Net: NetName=GND Pin=S1-2
Added Pin To Net: NetName=GND Pin=S1-2
Added Pin To Net: NetName=GND Pin=U1-8
Added Pin To Net: NetName=GND Pin=U1-13
Added Pin To Net: NetName=GND Pin=U2-7
Added Pin To Net: NetName=GND Pin=VR1-2
Added Net: Name=GND
Added Pin To Net: NetName=G Pin=P3-7
Added Pin To Net: NetName=G Pin=U1-6
Added Net: Name=G
Added Pin To Net: NetName=LOAD Pin=1-2
Added Pin To Net: NetName=LOAD Pin=C14-1
Added Pin To Net: NetName=LOAD Pin=Q5-1
Added Pin To Net: NetName=LOAD Pin=R16-1
Added Net: Name=LOAD
Added Pin To Net: NetName=L Pin=1-1
Added Pin To Net: NetName=L Pin=Q5-2
Added Pin To Net: NetName=L Pin=R4-2
Added Pin To Net: NetName=L Pin=R15-2
Added Net: Name=L
Added Pin To Net: NetName=MOSI Pin=U1-14
Added Pin To Net: NetName=MOSI Pin=U2-16
Added Net: Name=MOSI
Added Pin To Net: NetName=NetC5_1 Pin=C5-1
Added Pin To Net: NetName=NetC5_1 Pin=U2-8
Added Net: Name=NetC5_1
Added Pin To Net: NetName=NetC12_1 Pin=C12-1
Added Pin To Net: NetName=NetC12_1 Pin=D3-1
Added Pin To Net: NetName=NetC12_1 Pin=VR1-3
Added Net: Name=NetC12_1
Added Pin To Net: NetName=NetC14_2 Pin=C14-2
Added Pin To Net: NetName=NetC14_2 Pin=R15-1
Added Net: Name=NetC14_2
Added Pin To Net: NetName=NetD2_2 Pin=D2-2
Added Pin To Net: NetName=NetD2_2 Pin=P2-2
Added Net: Name=NetD2_2
Added Pin To Net: NetName=NetD2_3 Pin=D2-3
Added Pin To Net: NetName=NetD2_3 Pin=P2-1
Added Net: Name=NetD2_3
Added Pin To Net: NetName=NetQ2_1 Pin=Q2-1
Added Pin To Net: NetName=NetQ2_1 Pin=R7-2
Added Net: Name=NetQ2_1
Added Pin To Net: NetName=NetQ3_1 Pin=Q3-1
Added Pin To Net: NetName=NetQ3_1 Pin=R10-2
Added Net: Name=NetQ3_1
Added Pin To Net: NetName=NetQ4_1 Pin=Q4-1
Added Pin To Net: NetName=NetQ4_1 Pin=R13-2
Added Net: Name=NetQ4_1
Added Pin To Net: NetName=NetQ5_3 Pin=Q5-3
Added Pin To Net: NetName=NetQ5_3 Pin=R16-2
Added Pin To Net: NetName=NetQ5_3 Pin=U3-4
Added Net: Name=NetQ5_3
Added Pin To Net: NetName=NetR3_1 Pin=R3-1
Added Pin To Net: NetName=NetR3_1 Pin=U2-12
Added Net: Name=NetR3_1
Added Pin To Net: NetName=NetR4_1 Pin=R4-1
Added Pin To Net: NetName=NetR4_1 Pin=U3-6
Added Net: Name=NetR4_1
Added Pin To Net: NetName=NetR5_1 Pin=R5-1
Added Pin To Net: NetName=NetR5_1 Pin=U2-11
Added Net: Name=NetR5_1
Added Pin To Net: NetName=NetR14_2 Pin=R14-2
Added Pin To Net: NetName=NetR14_2 Pin=U3-2
Added Net: Name=NetR14_2
Added Pin To Net: NetName=OSC_IN Pin=C9-1
Added Pin To Net: NetName=OSC_IN Pin=U2-5
Added Pin To Net: NetName=OSC_IN Pin=X1-2
Added Net: Name=OSC_IN
Added Pin To Net: NetName=OSC_OUT Pin=C10-1
Added Pin To Net: NetName=OSC_OUT Pin=U2-6
Added Pin To Net: NetName=OSC_OUT Pin=X1-1
Added Net: Name=OSC_OUT
Added Pin To Net: NetName=RELAY Pin=U2-3
Added Pin To Net: NetName=RELAY Pin=U3-1
Added Net: Name=RELAY
Added Pin To Net: NetName=RESET Pin=C8-1
Added Pin To Net: NetName=RESET Pin=P4-1
Added Pin To Net: NetName=RESET Pin=R8-1
Added Pin To Net: NetName=RESET Pin=S1-1
Added Pin To Net: NetName=RESET Pin=S1-1
Added Pin To Net: NetName=RESET Pin=U2-4
Added Net: Name=RESET
Added Pin To Net: NetName=SCK Pin=U1-11
Added Pin To Net: NetName=SCK Pin=U2-15
Added Net: Name=SCK
Added Pin To Net: NetName=SWIM Pin=P4-2
Added Pin To Net: NetName=SWIM Pin=U2-18
Added Net: Name=SWIM
Added Pin To Net: NetName=VCC Pin=BUTTON1-1
Added Pin To Net: NetName=VCC Pin=C6-2
Added Pin To Net: NetName=VCC Pin=C7-2
Added Pin To Net: NetName=VCC Pin=D3-2
Added Pin To Net: NetName=VCC Pin=P4-4
Added Pin To Net: NetName=VCC Pin=R1-1
Added Pin To Net: NetName=VCC Pin=R2-2
Added Pin To Net: NetName=VCC Pin=R8-2
Added Pin To Net: NetName=VCC Pin=R9-2
Added Pin To Net: NetName=VCC Pin=R11-2
Added Pin To Net: NetName=VCC Pin=R12-2
Added Pin To Net: NetName=VCC Pin=U1-10
Added Pin To Net: NetName=VCC Pin=U1-16
Added Pin To Net: NetName=VCC Pin=U2-9
Added Net: Name=VCC
Added Class: Name=grinder_stm8V_1
Added Room: Name=grinder_stm8V_1
