Change Component Footprint: Designator=C1 Old Footprint=0603 New Footprint=0603_C
Change Component Footprint: Designator=C2 Old Footprint=0603 New Footprint=0603_C
Change Component Footprint: Designator=C3 Old Footprint=0603 New Footprint=0603_C
Change Component Footprint: Designator=C4 Old Footprint=0603 New Footprint=0603_C
Change Component Footprint: Designator=C6 Old Footprint=0603 New Footprint=0603_C
Change Component Footprint: Designator=C10 Old Footprint=0603 New Footprint=0603_C
Change Component Footprint: Designator=C12 Old Footprint=0603 New Footprint=0603_C
Change Component Footprint: Designator=C13 Old Footprint=0603 New Footprint=0603_C
Change Component Footprint: Designator=C15 Old Footprint=0603 New Footprint=0603_C
Change Component Footprint: Designator=C16 Old Footprint=0603 New Footprint=0603_C
Change Component Footprint: Designator=C17 Old Footprint=0603 New Footprint=0603_C
Change Component Footprint: Designator=R6 Old Footprint=0603 New Footprint=0603_C
Change Component Footprint: Designator=R7 Old Footprint=0603 New Footprint=0603_C
Change Component Footprint: Designator=R8 Old Footprint=0603 New Footprint=0603_C
Change Component Footprint: Designator=R16 Old Footprint=0603 New Footprint=0603_C
Change Component Footprint: Designator=R17 Old Footprint=0603 New Footprint=0603_C
Change Component Footprint: Designator=R18 Old Footprint=0603 New Footprint=0603_C
Change Component Footprint: Designator=C14 Old Footprint=0603 New Footprint=0805_C
Change Component Footprint: Designator=R24 Old Footprint=0603 New Footprint=0805_R
Change Component Footprint: Designator=R10 Old Footprint=0805_R New Footprint=1206_R
Added Component: Designator=P5(Pin_header_3P_2.54_M)
Added Pin To Net: NetName=GND Pin=P5-1
Added Pin To Net: NetName=VCC Pin=P5-3
Added Pin To Net: NetName=COMP Pin=P5-2
Added Pin To Net: NetName=COMP Pin=U1-22
Added Net: Name=COMP
Added Member To Class: ClassName=stm32f030pprSolderM Member=Component P5 Pin header 3
